{"C:\\Users\\bsrim\\OneDrive\\Desktop\\Agrochain_React\\frontend\\agrochain-client\\src\\App.js": {"path":"C:\\Users\\bsrim\\OneDrive\\Desktop\\Agrochain_React\\frontend\\agrochain-client\\src\\App.js","statementMap":{"0":{"start":{"line":21,"column":2},"end":{"line":66,"column":4}}},"fnMap":{"0":{"name":"App","decl":{"start":{"line":20,"column":9},"end":{"line":20,"column":12}},"loc":{"start":{"line":20,"column":15},"end":{"line":67,"column":1}},"line":20}},"branchMap":{},"s":{"0":0},"f":{"0":0},"b":{}}
,"C:\\Users\\bsrim\\OneDrive\\Desktop\\Agrochain_React\\frontend\\agrochain-client\\src\\index.js": {"path":"C:\\Users\\bsrim\\OneDrive\\Desktop\\Agrochain_React\\frontend\\agrochain-client\\src\\index.js","statementMap":{"0":{"start":{"line":10,"column":2},"end":{"line":11,"column":76}},"1":{"start":{"line":13,"column":13},"end":{"line":13,"column":65}},"2":{"start":{"line":14,"column":0},"end":{"line":22,"column":2}}},"fnMap":{},"branchMap":{"0":{"loc":{"start":{"line":10,"column":2},"end":{"line":11,"column":76}},"type":"binary-expr","locations":[{"start":{"line":10,"column":2},"end":{"line":10,"column":40}},{"start":{"line":11,"column":2},"end":{"line":11,"column":76}}],"line":10}},"s":{"0":0,"1":0,"2":0},"f":{},"b":{"0":[0,0]}}
,"C:\\Users\\bsrim\\OneDrive\\Desktop\\Agrochain_React\\frontend\\agrochain-client\\src\\components\\Footer.jsx": {"path":"C:\\Users\\bsrim\\OneDrive\\Desktop\\Agrochain_React\\frontend\\agrochain-client\\src\\components\\Footer.jsx","statementMap":{"0":{"start":{"line":8,"column":15},"end":{"line":58,"column":1}},"1":{"start":{"line":9,"column":2},"end":{"line":57,"column":4}}},"fnMap":{"0":{"name":"(anonymous_0)","decl":{"start":{"line":8,"column":15},"end":{"line":8,"column":16}},"loc":{"start":{"line":8,"column":21},"end":{"line":58,"column":1}},"line":8}},"branchMap":{},"s":{"0":0,"1":0},"f":{"0":0},"b":{}}
,"C:\\Users\\bsrim\\OneDrive\\Desktop\\Agrochain_React\\frontend\\agrochain-client\\src\\components\\Navbar.jsx": {"path":"C:\\Users\\bsrim\\OneDrive\\Desktop\\Agrochain_React\\frontend\\agrochain-client\\src\\components\\Navbar.jsx","statementMap":{"0":{"start":{"line":5,"column":15},"end":{"line":44,"column":1}},"1":{"start":{"line":6,"column":48},"end":{"line":6,"column":63}},"2":{"start":{"line":8,"column":20},"end":{"line":10,"column":3}},"3":{"start":{"line":9,"column":4},"end":{"line":9,"column":29}},"4":{"start":{"line":12,"column":2},"end":{"line":43,"column":4}},"5":{"start":{"line":23,"column":25},"end":{"line":23,"column":61}}},"fnMap":{"0":{"name":"(anonymous_0)","decl":{"start":{"line":5,"column":15},"end":{"line":5,"column":16}},"loc":{"start":{"line":5,"column":21},"end":{"line":44,"column":1}},"line":5},"1":{"name":"(anonymous_1)","decl":{"start":{"line":8,"column":20},"end":{"line":8,"column":21}},"loc":{"start":{"line":8,"column":26},"end":{"line":10,"column":3}},"line":8},"2":{"name":"(anonymous_2)","decl":{"start":{"line":23,"column":19},"end":{"line":23,"column":20}},"loc":{"start":{"line":23,"column":25},"end":{"line":23,"column":61}},"line":23}},"branchMap":{"0":{"loc":{"start":{"line":25,"column":24},"end":{"line":25,"column":73}},"type":"cond-expr","locations":[{"start":{"line":25,"column":43},"end":{"line":25,"column":57}},{"start":{"line":25,"column":60},"end":{"line":25,"column":73}}],"line":25},"1":{"loc":{"start":{"line":29,"column":39},"end":{"line":29,"column":71}},"type":"cond-expr","locations":[{"start":{"line":29,"column":58},"end":{"line":29,"column":66}},{"start":{"line":29,"column":69},"end":{"line":29,"column":71}}],"line":29}},"s":{"0":0,"1":0,"2":0,"3":0,"4":0,"5":0},"f":{"0":0,"1":0,"2":0},"b":{"0":[0,0],"1":[0,0]}}
,"C:\\Users\\bsrim\\OneDrive\\Desktop\\Agrochain_React\\frontend\\agrochain-client\\src\\components\\ProtectedRoute.jsx": {"path":"C:\\Users\\bsrim\\OneDrive\\Desktop\\Agrochain_React\\frontend\\agrochain-client\\src\\components\\ProtectedRoute.jsx","statementMap":{"0":{"start":{"line":5,"column":23},"end":{"line":34,"column":1}},"1":{"start":{"line":6,"column":35},"end":{"line":6,"column":44}},"2":{"start":{"line":8,"column":2},"end":{"line":10,"column":3}},"3":{"start":{"line":9,"column":4},"end":{"line":9,"column":70}},"4":{"start":{"line":12,"column":2},"end":{"line":14,"column":3}},"5":{"start":{"line":13,"column":4},"end":{"line":13,"column":44}},"6":{"start":{"line":17,"column":2},"end":{"line":19,"column":3}},"7":{"start":{"line":18,"column":4},"end":{"line":18,"column":90}},"8":{"start":{"line":22,"column":2},"end":{"line":31,"column":3}},"9":{"start":{"line":24,"column":22},"end":{"line":29,"column":5}},"10":{"start":{"line":30,"column":4},"end":{"line":30,"column":65}},"11":{"start":{"line":33,"column":2},"end":{"line":33,"column":20}}},"fnMap":{"0":{"name":"(anonymous_0)","decl":{"start":{"line":5,"column":23},"end":{"line":5,"column":24}},"loc":{"start":{"line":5,"column":45},"end":{"line":34,"column":1}},"line":5}},"branchMap":{"0":{"loc":{"start":{"line":8,"column":2},"end":{"line":10,"column":3}},"type":"if","locations":[{"start":{"line":8,"column":2},"end":{"line":10,"column":3}},{"start":{},"end":{}}],"line":8},"1":{"loc":{"start":{"line":12,"column":2},"end":{"line":14,"column":3}},"type":"if","locations":[{"start":{"line":12,"column":2},"end":{"line":14,"column":3}},{"start":{},"end":{}}],"line":12},"2":{"loc":{"start":{"line":12,"column":6},"end":{"line":12,"column":21}},"type":"binary-expr","locations":[{"start":{"line":12,"column":6},"end":{"line":12,"column":11}},{"start":{"line":12,"column":15},"end":{"line":12,"column":21}}],"line":12},"3":{"loc":{"start":{"line":17,"column":2},"end":{"line":19,"column":3}},"type":"if","locations":[{"start":{"line":17,"column":2},"end":{"line":19,"column":3}},{"start":{},"end":{}}],"line":17},"4":{"loc":{"start":{"line":18,"column":11},"end":{"line":18,"column":89}},"type":"cond-expr","locations":[{"start":{"line":18,"column":44},"end":{"line":18,"column":54}},{"start":{"line":18,"column":57},"end":{"line":18,"column":89}}],"line":18},"5":{"loc":{"start":{"line":22,"column":2},"end":{"line":31,"column":3}},"type":"if","locations":[{"start":{"line":22,"column":2},"end":{"line":31,"column":3}},{"start":{},"end":{}}],"line":22},"6":{"loc":{"start":{"line":22,"column":6},"end":{"line":22,"column":55}},"type":"binary-expr","locations":[{"start":{"line":22,"column":6},"end":{"line":22,"column":18}},{"start":{"line":22,"column":22},"end":{"line":22,"column":55}}],"line":22},"7":{"loc":{"start":{"line":30,"column":25},"end":{"line":30,"column":52}},"type":"binary-expr","locations":[{"start":{"line":30,"column":25},"end":{"line":30,"column":45}},{"start":{"line":30,"column":49},"end":{"line":30,"column":52}}],"line":30}},"s":{"0":0,"1":0,"2":0,"3":0,"4":0,"5":0,"6":0,"7":0,"8":0,"9":0,"10":0,"11":0},"f":{"0":0},"b":{"0":[0,0],"1":[0,0],"2":[0,0],"3":[0,0],"4":[0,0],"5":[0,0],"6":[0,0],"7":[0,0]}}
,"C:\\Users\\bsrim\\OneDrive\\Desktop\\Agrochain_React\\frontend\\agrochain-client\\src\\components\\PublicNavbar.jsx": {"path":"C:\\Users\\bsrim\\OneDrive\\Desktop\\Agrochain_React\\frontend\\agrochain-client\\src\\components\\PublicNavbar.jsx","statementMap":{"0":{"start":{"line":5,"column":21},"end":{"line":33,"column":1}},"1":{"start":{"line":8,"column":2},"end":{"line":32,"column":4}}},"fnMap":{"0":{"name":"(anonymous_0)","decl":{"start":{"line":5,"column":21},"end":{"line":5,"column":22}},"loc":{"start":{"line":5,"column":27},"end":{"line":33,"column":1}},"line":5}},"branchMap":{},"s":{"0":0,"1":0},"f":{"0":0},"b":{}}
,"C:\\Users\\bsrim\\OneDrive\\Desktop\\Agrochain_React\\frontend\\agrochain-client\\src\\components\\ReviewModal.jsx": {"path":"C:\\Users\\bsrim\\OneDrive\\Desktop\\Agrochain_React\\frontend\\agrochain-client\\src\\components\\ReviewModal.jsx","statementMap":{},"fnMap":{},"branchMap":{},"s":{},"f":{},"b":{}}
,"C:\\Users\\bsrim\\OneDrive\\Desktop\\Agrochain_React\\frontend\\agrochain-client\\src\\context\\AuthContext.jsx": {"path":"C:\\Users\\bsrim\\OneDrive\\Desktop\\Agrochain_React\\frontend\\agrochain-client\\src\\context\\AuthContext.jsx","statementMap":{"0":{"start":{"line":6,"column":27},"end":{"line":6,"column":46}},"1":{"start":{"line":9,"column":28},"end":{"line":102,"column":1}},"2":{"start":{"line":11,"column":19},"end":{"line":11,"column":32}},"3":{"start":{"line":12,"column":54},"end":{"line":12,"column":88}},"4":{"start":{"line":12,"column":77},"end":{"line":12,"column":87}},"5":{"start":{"line":15,"column":32},"end":{"line":15,"column":46}},"6":{"start":{"line":18,"column":2},"end":{"line":38,"column":28}},"7":{"start":{"line":19,"column":4},"end":{"line":36,"column":5}},"8":{"start":{"line":20,"column":25},"end":{"line":20,"column":62}},"9":{"start":{"line":21,"column":26},"end":{"line":21,"column":55}},"10":{"start":{"line":23,"column":6},"end":{"line":31,"column":7}},"11":{"start":{"line":25,"column":8},"end":{"line":30,"column":9}},"12":{"start":{"line":26,"column":10},"end":{"line":29,"column":14}},"13":{"start":{"line":33,"column":6},"end":{"line":33,"column":69}},"14":{"start":{"line":34,"column":6},"end":{"line":34,"column":47}},"15":{"start":{"line":35,"column":6},"end":{"line":35,"column":39}},"16":{"start":{"line":37,"column":4},"end":{"line":37,"column":22}},"17":{"start":{"line":42,"column":16},"end":{"line":57,"column":3}},"18":{"start":{"line":44,"column":18},"end":{"line":44,"column":60}},"19":{"start":{"line":46,"column":4},"end":{"line":49,"column":5}},"20":{"start":{"line":47,"column":6},"end":{"line":47,"column":61}},"21":{"start":{"line":48,"column":6},"end":{"line":48,"column":13}},"22":{"start":{"line":52,"column":4},"end":{"line":52,"column":68}},"23":{"start":{"line":53,"column":4},"end":{"line":53,"column":41}},"24":{"start":{"line":56,"column":4},"end":{"line":56,"column":54}},"25":{"start":{"line":60,"column":17},"end":{"line":70,"column":3}},"26":{"start":{"line":62,"column":4},"end":{"line":62,"column":45}},"27":{"start":{"line":63,"column":4},"end":{"line":63,"column":37}},"28":{"start":{"line":64,"column":4},"end":{"line":64,"column":42}},"29":{"start":{"line":65,"column":4},"end":{"line":65,"column":44}},"30":{"start":{"line":66,"column":4},"end":{"line":66,"column":44}},"31":{"start":{"line":69,"column":4},"end":{"line":69,"column":29}},"32":{"start":{"line":73,"column":28},"end":{"line":82,"column":3}},"33":{"start":{"line":75,"column":24},"end":{"line":75,"column":56}},"34":{"start":{"line":78,"column":4},"end":{"line":78,"column":71}},"35":{"start":{"line":81,"column":4},"end":{"line":81,"column":41}},"36":{"start":{"line":86,"column":16},"end":{"line":94,"column":3}},"37":{"start":{"line":97,"column":2},"end":{"line":101,"column":4}}},"fnMap":{"0":{"name":"(anonymous_0)","decl":{"start":{"line":9,"column":28},"end":{"line":9,"column":29}},"loc":{"start":{"line":9,"column":46},"end":{"line":102,"column":1}},"line":9},"1":{"name":"(anonymous_1)","decl":{"start":{"line":12,"column":66},"end":{"line":12,"column":67}},"loc":{"start":{"line":12,"column":77},"end":{"line":12,"column":87}},"line":12},"2":{"name":"(anonymous_2)","decl":{"start":{"line":18,"column":12},"end":{"line":18,"column":13}},"loc":{"start":{"line":18,"column":18},"end":{"line":38,"column":3}},"line":18},"3":{"name":"(anonymous_3)","decl":{"start":{"line":42,"column":16},"end":{"line":42,"column":17}},"loc":{"start":{"line":42,"column":48},"end":{"line":57,"column":3}},"line":42},"4":{"name":"(anonymous_4)","decl":{"start":{"line":60,"column":17},"end":{"line":60,"column":18}},"loc":{"start":{"line":60,"column":23},"end":{"line":70,"column":3}},"line":60},"5":{"name":"(anonymous_5)","decl":{"start":{"line":73,"column":28},"end":{"line":73,"column":29}},"loc":{"start":{"line":73,"column":45},"end":{"line":82,"column":3}},"line":73}},"branchMap":{"0":{"loc":{"start":{"line":23,"column":6},"end":{"line":31,"column":7}},"type":"if","locations":[{"start":{"line":23,"column":6},"end":{"line":31,"column":7}},{"start":{},"end":{}}],"line":23},"1":{"loc":{"start":{"line":23,"column":10},"end":{"line":23,"column":35}},"type":"binary-expr","locations":[{"start":{"line":23,"column":10},"end":{"line":23,"column":20}},{"start":{"line":23,"column":24},"end":{"line":23,"column":35}}],"line":23},"2":{"loc":{"start":{"line":25,"column":8},"end":{"line":30,"column":9}},"type":"if","locations":[{"start":{"line":25,"column":8},"end":{"line":30,"column":9}},{"start":{},"end":{}}],"line":25},"3":{"loc":{"start":{"line":42,"column":27},"end":{"line":42,"column":43}},"type":"default-arg","locations":[{"start":{"line":42,"column":39},"end":{"line":42,"column":43}}],"line":42},"4":{"loc":{"start":{"line":44,"column":18},"end":{"line":44,"column":60}},"type":"binary-expr","locations":[{"start":{"line":44,"column":18},"end":{"line":44,"column":27}},{"start":{"line":44,"column":31},"end":{"line":44,"column":60}}],"line":44},"5":{"loc":{"start":{"line":46,"column":4},"end":{"line":49,"column":5}},"type":"if","locations":[{"start":{"line":46,"column":4},"end":{"line":49,"column":5}},{"start":{},"end":{}}],"line":46},"6":{"loc":{"start":{"line":99,"column":7},"end":{"line":99,"column":27}},"type":"binary-expr","locations":[{"start":{"line":99,"column":7},"end":{"line":99,"column":15}},{"start":{"line":99,"column":19},"end":{"line":99,"column":27}}],"line":99}},"s":{"0":0,"1":0,"2":0,"3":0,"4":0,"5":0,"6":0,"7":0,"8":0,"9":0,"10":0,"11":0,"12":0,"13":0,"14":0,"15":0,"16":0,"17":0,"18":0,"19":0,"20":0,"21":0,"22":0,"23":0,"24":0,"25":0,"26":0,"27":0,"28":0,"29":0,"30":0,"31":0,"32":0,"33":0,"34":0,"35":0,"36":0,"37":0},"f":{"0":0,"1":0,"2":0,"3":0,"4":0,"5":0},"b":{"0":[0,0],"1":[0,0],"2":[0,0],"3":[0],"4":[0,0],"5":[0,0],"6":[0,0]}}
,"C:\\Users\\bsrim\\OneDrive\\Desktop\\Agrochain_React\\frontend\\agrochain-client\\src\\hooks\\useAuth.jsx": {"path":"C:\\Users\\bsrim\\OneDrive\\Desktop\\Agrochain_React\\frontend\\agrochain-client\\src\\hooks\\useAuth.jsx","statementMap":{"0":{"start":{"line":4,"column":23},"end":{"line":6,"column":1}},"1":{"start":{"line":5,"column":2},"end":{"line":5,"column":33}}},"fnMap":{"0":{"name":"(anonymous_0)","decl":{"start":{"line":4,"column":23},"end":{"line":4,"column":24}},"loc":{"start":{"line":4,"column":29},"end":{"line":6,"column":1}},"line":4}},"branchMap":{},"s":{"0":0,"1":0},"f":{"0":0},"b":{}}
,"C:\\Users\\bsrim\\OneDrive\\Desktop\\Agrochain_React\\frontend\\agrochain-client\\src\\pages\\About.jsx": {"path":"C:\\Users\\bsrim\\OneDrive\\Desktop\\Agrochain_React\\frontend\\agrochain-client\\src\\pages\\About.jsx","statementMap":{"0":{"start":{"line":7,"column":14},"end":{"line":147,"column":1}},"1":{"start":{"line":8,"column":2},"end":{"line":146,"column":4}}},"fnMap":{"0":{"name":"(anonymous_0)","decl":{"start":{"line":7,"column":14},"end":{"line":7,"column":15}},"loc":{"start":{"line":7,"column":20},"end":{"line":147,"column":1}},"line":7}},"branchMap":{},"s":{"0":0,"1":0},"f":{"0":0},"b":{}}
,"C:\\Users\\bsrim\\OneDrive\\Desktop\\Agrochain_React\\frontend\\agrochain-client\\src\\pages\\AdminDashboard.jsx": {"path":"C:\\Users\\bsrim\\OneDrive\\Desktop\\Agrochain_React\\frontend\\agrochain-client\\src\\pages\\AdminDashboard.jsx","statementMap":{"0":{"start":{"line":8,"column":23},"end":{"line":12,"column":1}},"1":{"start":{"line":9,"column":2},"end":{"line":9,"column":37}},"2":{"start":{"line":9,"column":14},"end":{"line":9,"column":37}},"3":{"start":{"line":10,"column":15},"end":{"line":10,"column":30}},"4":{"start":{"line":11,"column":2},"end":{"line":11,"column":80}},"5":{"start":{"line":14,"column":19},"end":{"line":18,"column":1}},"6":{"start":{"line":15,"column":2},"end":{"line":15,"column":37}},"7":{"start":{"line":15,"column":14},"end":{"line":15,"column":37}},"8":{"start":{"line":16,"column":15},"end":{"line":16,"column":30}},"9":{"start":{"line":17,"column":2},"end":{"line":17,"column":84}},"10":{"start":{"line":20,"column":20},"end":{"line":59,"column":1}},"11":{"start":{"line":21,"column":19},"end":{"line":21,"column":78}},"12":{"start":{"line":21,"column":28},"end":{"line":21,"column":78}},"13":{"start":{"line":23,"column":2},"end":{"line":58,"column":4}},"14":{"start":{"line":37,"column":65},"end":{"line":37,"column":88}},"15":{"start":{"line":40,"column":60},"end":{"line":40,"column":78}},"16":{"start":{"line":43,"column":64},"end":{"line":43,"column":86}},"17":{"start":{"line":46,"column":71},"end":{"line":46,"column":100}},"18":{"start":{"line":61,"column":23},"end":{"line":784,"column":1}},"19":{"start":{"line":62,"column":21},"end":{"line":62,"column":30}},"20":{"start":{"line":63,"column":19},"end":{"line":63,"column":32}},"21":{"start":{"line":65,"column":44},"end":{"line":65,"column":65}},"22":{"start":{"line":66,"column":28},"end":{"line":66,"column":40}},"23":{"start":{"line":67,"column":28},"end":{"line":67,"column":42}},"24":{"start":{"line":68,"column":48},"end":{"line":68,"column":60}},"25":{"start":{"line":70,"column":32},"end":{"line":70,"column":46}},"26":{"start":{"line":71,"column":28},"end":{"line":71,"column":40}},"27":{"start":{"line":73,"column":34},"end":{"line":73,"column":46}},"28":{"start":{"line":74,"column":32},"end":{"line":74,"column":44}},"29":{"start":{"line":75,"column":38},"end":{"line":75,"column":53}},"30":{"start":{"line":76,"column":36},"end":{"line":76,"column":67}},"31":{"start":{"line":78,"column":38},"end":{"line":78,"column":50}},"32":{"start":{"line":79,"column":38},"end":{"line":79,"column":53}},"33":{"start":{"line":81,"column":68},"end":{"line":81,"column":80}},"34":{"start":{"line":82,"column":50},"end":{"line":82,"column":62}},"35":{"start":{"line":83,"column":42},"end":{"line":83,"column":56}},"36":{"start":{"line":84,"column":48},"end":{"line":84,"column":63}},"37":{"start":{"line":85,"column":44},"end":{"line":85,"column":56}},"38":{"start":{"line":86,"column":54},"end":{"line":86,"column":66}},"39":{"start":{"line":87,"column":62},"end":{"line":87,"column":77}},"40":{"start":{"line":88,"column":54},"end":{"line":88,"column":69}},"41":{"start":{"line":89,"column":54},"end":{"line":89,"column":66}},"42":{"start":{"line":90,"column":50},"end":{"line":90,"column":62}},"43":{"start":{"line":91,"column":46},"end":{"line":91,"column":58}},"44":{"start":{"line":93,"column":22},"end":{"line":113,"column":8}},"45":{"start":{"line":94,"column":4},"end":{"line":94,"column":38}},"46":{"start":{"line":94,"column":21},"end":{"line":94,"column":38}},"47":{"start":{"line":95,"column":4},"end":{"line":112,"column":5}},"48":{"start":{"line":96,"column":44},"end":{"line":100,"column":8}},"49":{"start":{"line":102,"column":6},"end":{"line":102,"column":36}},"50":{"start":{"line":103,"column":6},"end":{"line":103,"column":45}},"51":{"start":{"line":104,"column":6},"end":{"line":104,"column":38}},"52":{"start":{"line":105,"column":6},"end":{"line":105,"column":19}},"53":{"start":{"line":107,"column":6},"end":{"line":109,"column":7}},"54":{"start":{"line":108,"column":8},"end":{"line":108,"column":88}},"55":{"start":{"line":111,"column":6},"end":{"line":111,"column":41}},"56":{"start":{"line":111,"column":23},"end":{"line":111,"column":41}},"57":{"start":{"line":115,"column":2},"end":{"line":123,"column":20}},"58":{"start":{"line":116,"column":4},"end":{"line":116,"column":22}},"59":{"start":{"line":118,"column":23},"end":{"line":120,"column":13}},"60":{"start":{"line":119,"column":6},"end":{"line":119,"column":25}},"61":{"start":{"line":122,"column":4},"end":{"line":122,"column":43}},"62":{"start":{"line":122,"column":17},"end":{"line":122,"column":42}},"63":{"start":{"line":125,"column":24},"end":{"line":135,"column":37}},"64":{"start":{"line":126,"column":4},"end":{"line":134,"column":7}},"65":{"start":{"line":127,"column":21},"end":{"line":127,"column":45}},"66":{"start":{"line":129,"column":8},"end":{"line":131,"column":50}},"67":{"start":{"line":132,"column":26},"end":{"line":132,"column":74}},"68":{"start":{"line":133,"column":6},"end":{"line":133,"column":42}},"69":{"start":{"line":137,"column":24},"end":{"line":147,"column":57}},"70":{"start":{"line":138,"column":4},"end":{"line":146,"column":7}},"71":{"start":{"line":139,"column":21},"end":{"line":139,"column":53}},"72":{"start":{"line":141,"column":8},"end":{"line":143,"column":50}},"73":{"start":{"line":144,"column":26},"end":{"line":144,"column":98}},"74":{"start":{"line":145,"column":6},"end":{"line":145,"column":42}},"75":{"start":{"line":149,"column":2},"end":{"line":159,"column":49}},"76":{"start":{"line":150,"column":4},"end":{"line":153,"column":5}},"77":{"start":{"line":151,"column":6},"end":{"line":151,"column":39}},"78":{"start":{"line":152,"column":6},"end":{"line":152,"column":13}},"79":{"start":{"line":155,"column":33},"end":{"line":155,"column":103}},"80":{"start":{"line":155,"column":62},"end":{"line":155,"column":102}},"81":{"start":{"line":156,"column":4},"end":{"line":158,"column":5}},"82":{"start":{"line":157,"column":6},"end":{"line":157,"column":59}},"83":{"start":{"line":161,"column":2},"end":{"line":206,"column":5}},"84":{"start":{"line":162,"column":4},"end":{"line":162,"column":75}},"85":{"start":{"line":162,"column":68},"end":{"line":162,"column":75}},"86":{"start":{"line":164,"column":20},"end":{"line":164,"column":25}},"87":{"start":{"line":166,"column":25},"end":{"line":192,"column":5}},"88":{"start":{"line":167,"column":6},"end":{"line":167,"column":31}},"89":{"start":{"line":168,"column":6},"end":{"line":168,"column":27}},"90":{"start":{"line":169,"column":6},"end":{"line":191,"column":7}},"91":{"start":{"line":170,"column":20},"end":{"line":177,"column":10}},"92":{"start":{"line":179,"column":8},"end":{"line":182,"column":9}},"93":{"start":{"line":180,"column":10},"end":{"line":180,"column":44}},"94":{"start":{"line":181,"column":10},"end":{"line":181,"column":58}},"95":{"start":{"line":184,"column":8},"end":{"line":188,"column":9}},"96":{"start":{"line":185,"column":10},"end":{"line":185,"column":32}},"97":{"start":{"line":186,"column":10},"end":{"line":186,"column":34}},"98":{"start":{"line":187,"column":10},"end":{"line":187,"column":86}},"99":{"start":{"line":190,"column":8},"end":{"line":190,"column":50}},"100":{"start":{"line":190,"column":24},"end":{"line":190,"column":50}},"101":{"start":{"line":194,"column":4},"end":{"line":194,"column":19}},"102":{"start":{"line":196,"column":4},"end":{"line":198,"column":6}},"103":{"start":{"line":197,"column":6},"end":{"line":197,"column":23}},"104":{"start":{"line":208,"column":31},"end":{"line":211,"column":3}},"105":{"start":{"line":209,"column":10},"end":{"line":209,"column":80}},"106":{"start":{"line":209,"column":31},"end":{"line":209,"column":71}},"107":{"start":{"line":213,"column":30},"end":{"line":213,"column":64}},"108":{"start":{"line":215,"column":24},"end":{"line":220,"column":3}},"109":{"start":{"line":216,"column":4},"end":{"line":219,"column":5}},"110":{"start":{"line":217,"column":6},"end":{"line":217,"column":15}},"111":{"start":{"line":218,"column":6},"end":{"line":218,"column":25}},"112":{"start":{"line":222,"column":27},"end":{"line":230,"column":3}},"113":{"start":{"line":223,"column":4},"end":{"line":223,"column":80}},"114":{"start":{"line":223,"column":73},"end":{"line":223,"column":80}},"115":{"start":{"line":224,"column":4},"end":{"line":229,"column":5}},"116":{"start":{"line":225,"column":6},"end":{"line":225,"column":49}},"117":{"start":{"line":226,"column":6},"end":{"line":226,"column":69}},"118":{"start":{"line":226,"column":25},"end":{"line":226,"column":67}},"119":{"start":{"line":226,"column":47},"end":{"line":226,"column":66}},"120":{"start":{"line":228,"column":6},"end":{"line":228,"column":64}},"121":{"start":{"line":232,"column":33},"end":{"line":241,"column":3}},"122":{"start":{"line":233,"column":4},"end":{"line":240,"column":5}},"123":{"start":{"line":234,"column":18},"end":{"line":234,"column":62}},"124":{"start":{"line":235,"column":6},"end":{"line":237,"column":8}},"125":{"start":{"line":236,"column":8},"end":{"line":236,"column":99}},"126":{"start":{"line":236,"column":28},"end":{"line":236,"column":97}},"127":{"start":{"line":239,"column":6},"end":{"line":239,"column":71}},"128":{"start":{"line":243,"column":34},"end":{"line":265,"column":3}},"129":{"start":{"line":244,"column":4},"end":{"line":244,"column":33}},"130":{"start":{"line":244,"column":26},"end":{"line":244,"column":33}},"131":{"start":{"line":246,"column":4},"end":{"line":246,"column":24}},"132":{"start":{"line":247,"column":4},"end":{"line":247,"column":40}},"133":{"start":{"line":248,"column":4},"end":{"line":264,"column":5}},"134":{"start":{"line":249,"column":18},"end":{"line":252,"column":8}},"135":{"start":{"line":253,"column":6},"end":{"line":253,"column":71}},"136":{"start":{"line":253,"column":35},"end":{"line":253,"column":69}},"137":{"start":{"line":254,"column":6},"end":{"line":254,"column":22}},"138":{"start":{"line":255,"column":6},"end":{"line":255,"column":21}},"139":{"start":{"line":256,"column":6},"end":{"line":256,"column":83}},"140":{"start":{"line":258,"column":6},"end":{"line":261,"column":9}},"141":{"start":{"line":263,"column":6},"end":{"line":263,"column":27}},"142":{"start":{"line":267,"column":37},"end":{"line":275,"column":3}},"143":{"start":{"line":268,"column":4},"end":{"line":268,"column":72}},"144":{"start":{"line":268,"column":65},"end":{"line":268,"column":72}},"145":{"start":{"line":269,"column":4},"end":{"line":274,"column":5}},"146":{"start":{"line":270,"column":6},"end":{"line":270,"column":58}},"147":{"start":{"line":271,"column":6},"end":{"line":271,"column":76}},"148":{"start":{"line":271,"column":35},"end":{"line":271,"column":74}},"149":{"start":{"line":271,"column":56},"end":{"line":271,"column":73}},"150":{"start":{"line":273,"column":6},"end":{"line":273,"column":74}},"151":{"start":{"line":277,"column":2},"end":{"line":783,"column":4}},"152":{"start":{"line":293,"column":61},"end":{"line":293,"column":78}},"153":{"start":{"line":419,"column":18},"end":{"line":434,"column":24}},"154":{"start":{"line":453,"column":31},"end":{"line":453,"column":60}},"155":{"start":{"line":455,"column":56},"end":{"line":455,"column":85}},"156":{"start":{"line":462,"column":59},"end":{"line":462,"column":76}},"157":{"start":{"line":485,"column":18},"end":{"line":502,"column":23}},"158":{"start":{"line":495,"column":79},"end":{"line":495,"column":111}},"159":{"start":{"line":498,"column":75},"end":{"line":498,"column":113}},"160":{"start":{"line":521,"column":59},"end":{"line":521,"column":76}},"161":{"start":{"line":538,"column":35},"end":{"line":538,"column":72}},"162":{"start":{"line":542,"column":35},"end":{"line":542,"column":76}},"163":{"start":{"line":558,"column":18},"end":{"line":573,"column":27}},"164":{"start":{"line":562,"column":35},"end":{"line":562,"column":75}},"165":{"start":{"line":614,"column":39},"end":{"line":614,"column":76}},"166":{"start":{"line":618,"column":39},"end":{"line":618,"column":76}},"167":{"start":{"line":622,"column":24},"end":{"line":624,"column":33}},"168":{"start":{"line":627,"column":81},"end":{"line":627,"column":116}},"169":{"start":{"line":628,"column":79},"end":{"line":628,"column":112}},"170":{"start":{"line":641,"column":24},"end":{"line":651,"column":30}},"171":{"start":{"line":680,"column":35},"end":{"line":680,"column":62}},"172":{"start":{"line":682,"column":36},"end":{"line":682,"column":82}},"173":{"start":{"line":692,"column":35},"end":{"line":692,"column":61}},"174":{"start":{"line":694,"column":36},"end":{"line":694,"column":82}},"175":{"start":{"line":738,"column":61},"end":{"line":738,"column":78}},"176":{"start":{"line":763,"column":20},"end":{"line":774,"column":25}},"177":{"start":{"line":770,"column":77},"end":{"line":770,"column":123}}},"fnMap":{"0":{"name":"(anonymous_0)","decl":{"start":{"line":8,"column":23},"end":{"line":8,"column":24}},"loc":{"start":{"line":8,"column":34},"end":{"line":12,"column":1}},"line":8},"1":{"name":"(anonymous_1)","decl":{"start":{"line":14,"column":19},"end":{"line":14,"column":20}},"loc":{"start":{"line":14,"column":30},"end":{"line":18,"column":1}},"line":14},"2":{"name":"(anonymous_2)","decl":{"start":{"line":20,"column":20},"end":{"line":20,"column":21}},"loc":{"start":{"line":20,"column":66},"end":{"line":59,"column":1}},"line":20},"3":{"name":"(anonymous_3)","decl":{"start":{"line":21,"column":19},"end":{"line":21,"column":20}},"loc":{"start":{"line":21,"column":28},"end":{"line":21,"column":78}},"line":21},"4":{"name":"(anonymous_4)","decl":{"start":{"line":37,"column":59},"end":{"line":37,"column":60}},"loc":{"start":{"line":37,"column":65},"end":{"line":37,"column":88}},"line":37},"5":{"name":"(anonymous_5)","decl":{"start":{"line":40,"column":54},"end":{"line":40,"column":55}},"loc":{"start":{"line":40,"column":60},"end":{"line":40,"column":78}},"line":40},"6":{"name":"(anonymous_6)","decl":{"start":{"line":43,"column":58},"end":{"line":43,"column":59}},"loc":{"start":{"line":43,"column":64},"end":{"line":43,"column":86}},"line":43},"7":{"name":"(anonymous_7)","decl":{"start":{"line":46,"column":65},"end":{"line":46,"column":66}},"loc":{"start":{"line":46,"column":71},"end":{"line":46,"column":100}},"line":46},"8":{"name":"(anonymous_8)","decl":{"start":{"line":61,"column":23},"end":{"line":61,"column":24}},"loc":{"start":{"line":61,"column":29},"end":{"line":784,"column":1}},"line":61},"9":{"name":"(anonymous_9)","decl":{"start":{"line":93,"column":34},"end":{"line":93,"column":35}},"loc":{"start":{"line":93,"column":65},"end":{"line":113,"column":3}},"line":93},"10":{"name":"(anonymous_10)","decl":{"start":{"line":115,"column":12},"end":{"line":115,"column":13}},"loc":{"start":{"line":115,"column":18},"end":{"line":123,"column":3}},"line":115},"11":{"name":"(anonymous_11)","decl":{"start":{"line":118,"column":35},"end":{"line":118,"column":36}},"loc":{"start":{"line":118,"column":41},"end":{"line":120,"column":5}},"line":118},"12":{"name":"(anonymous_12)","decl":{"start":{"line":122,"column":11},"end":{"line":122,"column":12}},"loc":{"start":{"line":122,"column":17},"end":{"line":122,"column":42}},"line":122},"13":{"name":"(anonymous_13)","decl":{"start":{"line":125,"column":32},"end":{"line":125,"column":33}},"loc":{"start":{"line":125,"column":38},"end":{"line":135,"column":3}},"line":125},"14":{"name":"(anonymous_14)","decl":{"start":{"line":126,"column":24},"end":{"line":126,"column":25}},"loc":{"start":{"line":126,"column":34},"end":{"line":134,"column":5}},"line":126},"15":{"name":"(anonymous_15)","decl":{"start":{"line":137,"column":32},"end":{"line":137,"column":33}},"loc":{"start":{"line":137,"column":38},"end":{"line":147,"column":3}},"line":137},"16":{"name":"(anonymous_16)","decl":{"start":{"line":138,"column":24},"end":{"line":138,"column":25}},"loc":{"start":{"line":138,"column":34},"end":{"line":146,"column":5}},"line":138},"17":{"name":"(anonymous_17)","decl":{"start":{"line":149,"column":12},"end":{"line":149,"column":13}},"loc":{"start":{"line":149,"column":18},"end":{"line":159,"column":3}},"line":149},"18":{"name":"(anonymous_18)","decl":{"start":{"line":155,"column":52},"end":{"line":155,"column":53}},"loc":{"start":{"line":155,"column":62},"end":{"line":155,"column":102}},"line":155},"19":{"name":"(anonymous_19)","decl":{"start":{"line":161,"column":12},"end":{"line":161,"column":13}},"loc":{"start":{"line":161,"column":18},"end":{"line":199,"column":3}},"line":161},"20":{"name":"(anonymous_20)","decl":{"start":{"line":166,"column":25},"end":{"line":166,"column":26}},"loc":{"start":{"line":166,"column":37},"end":{"line":192,"column":5}},"line":166},"21":{"name":"(anonymous_21)","decl":{"start":{"line":196,"column":11},"end":{"line":196,"column":12}},"loc":{"start":{"line":196,"column":17},"end":{"line":198,"column":5}},"line":196},"22":{"name":"(anonymous_22)","decl":{"start":{"line":209,"column":4},"end":{"line":209,"column":5}},"loc":{"start":{"line":209,"column":10},"end":{"line":209,"column":80}},"line":209},"23":{"name":"(anonymous_23)","decl":{"start":{"line":209,"column":21},"end":{"line":209,"column":22}},"loc":{"start":{"line":209,"column":31},"end":{"line":209,"column":71}},"line":209},"24":{"name":"(anonymous_24)","decl":{"start":{"line":215,"column":24},"end":{"line":215,"column":25}},"loc":{"start":{"line":215,"column":30},"end":{"line":220,"column":3}},"line":215},"25":{"name":"(anonymous_25)","decl":{"start":{"line":222,"column":27},"end":{"line":222,"column":28}},"loc":{"start":{"line":222,"column":52},"end":{"line":230,"column":3}},"line":222},"26":{"name":"(anonymous_26)","decl":{"start":{"line":226,"column":15},"end":{"line":226,"column":16}},"loc":{"start":{"line":226,"column":25},"end":{"line":226,"column":67}},"line":226},"27":{"name":"(anonymous_27)","decl":{"start":{"line":226,"column":37},"end":{"line":226,"column":38}},"loc":{"start":{"line":226,"column":47},"end":{"line":226,"column":66}},"line":226},"28":{"name":"(anonymous_28)","decl":{"start":{"line":232,"column":33},"end":{"line":232,"column":34}},"loc":{"start":{"line":232,"column":51},"end":{"line":241,"column":3}},"line":232},"29":{"name":"(anonymous_29)","decl":{"start":{"line":235,"column":15},"end":{"line":235,"column":16}},"loc":{"start":{"line":236,"column":8},"end":{"line":236,"column":99}},"line":236},"30":{"name":"(anonymous_30)","decl":{"start":{"line":236,"column":17},"end":{"line":236,"column":18}},"loc":{"start":{"line":236,"column":28},"end":{"line":236,"column":97}},"line":236},"31":{"name":"(anonymous_31)","decl":{"start":{"line":243,"column":34},"end":{"line":243,"column":35}},"loc":{"start":{"line":243,"column":46},"end":{"line":265,"column":3}},"line":243},"32":{"name":"(anonymous_32)","decl":{"start":{"line":253,"column":25},"end":{"line":253,"column":26}},"loc":{"start":{"line":253,"column":35},"end":{"line":253,"column":69}},"line":253},"33":{"name":"(anonymous_33)","decl":{"start":{"line":267,"column":37},"end":{"line":267,"column":38}},"loc":{"start":{"line":267,"column":61},"end":{"line":275,"column":3}},"line":267},"34":{"name":"(anonymous_34)","decl":{"start":{"line":271,"column":25},"end":{"line":271,"column":26}},"loc":{"start":{"line":271,"column":35},"end":{"line":271,"column":74}},"line":271},"35":{"name":"(anonymous_35)","decl":{"start":{"line":271,"column":47},"end":{"line":271,"column":48}},"loc":{"start":{"line":271,"column":56},"end":{"line":271,"column":73}},"line":271},"36":{"name":"(anonymous_36)","decl":{"start":{"line":293,"column":55},"end":{"line":293,"column":56}},"loc":{"start":{"line":293,"column":61},"end":{"line":293,"column":78}},"line":293},"37":{"name":"(anonymous_37)","decl":{"start":{"line":418,"column":47},"end":{"line":418,"column":48}},"loc":{"start":{"line":419,"column":18},"end":{"line":434,"column":24}},"line":419},"38":{"name":"(anonymous_38)","decl":{"start":{"line":453,"column":24},"end":{"line":453,"column":25}},"loc":{"start":{"line":453,"column":31},"end":{"line":453,"column":60}},"line":453},"39":{"name":"(anonymous_39)","decl":{"start":{"line":455,"column":49},"end":{"line":455,"column":50}},"loc":{"start":{"line":455,"column":56},"end":{"line":455,"column":85}},"line":455},"40":{"name":"(anonymous_40)","decl":{"start":{"line":462,"column":53},"end":{"line":462,"column":54}},"loc":{"start":{"line":462,"column":59},"end":{"line":462,"column":76}},"line":462},"41":{"name":"(anonymous_41)","decl":{"start":{"line":484,"column":35},"end":{"line":484,"column":36}},"loc":{"start":{"line":485,"column":18},"end":{"line":502,"column":23}},"line":485},"42":{"name":"(anonymous_42)","decl":{"start":{"line":495,"column":73},"end":{"line":495,"column":74}},"loc":{"start":{"line":495,"column":79},"end":{"line":495,"column":111}},"line":495},"43":{"name":"(anonymous_43)","decl":{"start":{"line":498,"column":69},"end":{"line":498,"column":70}},"loc":{"start":{"line":498,"column":75},"end":{"line":498,"column":113}},"line":498},"44":{"name":"(anonymous_44)","decl":{"start":{"line":521,"column":53},"end":{"line":521,"column":54}},"loc":{"start":{"line":521,"column":59},"end":{"line":521,"column":76}},"line":521},"45":{"name":"(anonymous_45)","decl":{"start":{"line":538,"column":28},"end":{"line":538,"column":29}},"loc":{"start":{"line":538,"column":35},"end":{"line":538,"column":72}},"line":538},"46":{"name":"(anonymous_46)","decl":{"start":{"line":542,"column":28},"end":{"line":542,"column":29}},"loc":{"start":{"line":542,"column":35},"end":{"line":542,"column":76}},"line":542},"47":{"name":"(anonymous_47)","decl":{"start":{"line":557,"column":35},"end":{"line":557,"column":36}},"loc":{"start":{"line":558,"column":18},"end":{"line":573,"column":27}},"line":558},"48":{"name":"(anonymous_48)","decl":{"start":{"line":562,"column":29},"end":{"line":562,"column":30}},"loc":{"start":{"line":562,"column":35},"end":{"line":562,"column":75}},"line":562},"49":{"name":"(anonymous_49)","decl":{"start":{"line":614,"column":32},"end":{"line":614,"column":33}},"loc":{"start":{"line":614,"column":39},"end":{"line":614,"column":76}},"line":614},"50":{"name":"(anonymous_50)","decl":{"start":{"line":618,"column":32},"end":{"line":618,"column":33}},"loc":{"start":{"line":618,"column":39},"end":{"line":618,"column":76}},"line":618},"51":{"name":"(anonymous_51)","decl":{"start":{"line":621,"column":47},"end":{"line":621,"column":48}},"loc":{"start":{"line":622,"column":24},"end":{"line":624,"column":33}},"line":622},"52":{"name":"(anonymous_52)","decl":{"start":{"line":627,"column":74},"end":{"line":627,"column":75}},"loc":{"start":{"line":627,"column":81},"end":{"line":627,"column":116}},"line":627},"53":{"name":"(anonymous_53)","decl":{"start":{"line":628,"column":72},"end":{"line":628,"column":73}},"loc":{"start":{"line":628,"column":79},"end":{"line":628,"column":112}},"line":628},"54":{"name":"(anonymous_54)","decl":{"start":{"line":640,"column":44},"end":{"line":640,"column":45}},"loc":{"start":{"line":641,"column":24},"end":{"line":651,"column":30}},"line":641},"55":{"name":"(anonymous_55)","decl":{"start":{"line":680,"column":28},"end":{"line":680,"column":29}},"loc":{"start":{"line":680,"column":35},"end":{"line":680,"column":62}},"line":680},"56":{"name":"(anonymous_56)","decl":{"start":{"line":682,"column":29},"end":{"line":682,"column":30}},"loc":{"start":{"line":682,"column":36},"end":{"line":682,"column":82}},"line":682},"57":{"name":"(anonymous_57)","decl":{"start":{"line":692,"column":28},"end":{"line":692,"column":29}},"loc":{"start":{"line":692,"column":35},"end":{"line":692,"column":61}},"line":692},"58":{"name":"(anonymous_58)","decl":{"start":{"line":694,"column":29},"end":{"line":694,"column":30}},"loc":{"start":{"line":694,"column":36},"end":{"line":694,"column":82}},"line":694},"59":{"name":"(anonymous_59)","decl":{"start":{"line":738,"column":55},"end":{"line":738,"column":56}},"loc":{"start":{"line":738,"column":61},"end":{"line":738,"column":78}},"line":738},"60":{"name":"(anonymous_60)","decl":{"start":{"line":762,"column":39},"end":{"line":762,"column":40}},"loc":{"start":{"line":763,"column":20},"end":{"line":774,"column":25}},"line":763},"61":{"name":"(anonymous_61)","decl":{"start":{"line":770,"column":71},"end":{"line":770,"column":72}},"loc":{"start":{"line":770,"column":77},"end":{"line":770,"column":123}},"line":770}},"branchMap":{"0":{"loc":{"start":{"line":9,"column":2},"end":{"line":9,"column":37}},"type":"if","locations":[{"start":{"line":9,"column":2},"end":{"line":9,"column":37}},{"start":{},"end":{}}],"line":9},"1":{"loc":{"start":{"line":11,"column":9},"end":{"line":11,"column":79}},"type":"cond-expr","locations":[{"start":{"line":11,"column":40},"end":{"line":11,"column":55}},{"start":{"line":11,"column":58},"end":{"line":11,"column":79}}],"line":11},"2":{"loc":{"start":{"line":15,"column":2},"end":{"line":15,"column":37}},"type":"if","locations":[{"start":{"line":15,"column":2},"end":{"line":15,"column":37}},{"start":{},"end":{}}],"line":15},"3":{"loc":{"start":{"line":17,"column":9},"end":{"line":17,"column":83}},"type":"cond-expr","locations":[{"start":{"line":17,"column":40},"end":{"line":17,"column":55}},{"start":{"line":17,"column":58},"end":{"line":17,"column":83}}],"line":17},"4":{"loc":{"start":{"line":21,"column":39},"end":{"line":21,"column":76}},"type":"cond-expr","locations":[{"start":{"line":21,"column":63},"end":{"line":21,"column":71}},{"start":{"line":21,"column":74},"end":{"line":21,"column":76}}],"line":21},"5":{"loc":{"start":{"line":93,"column":41},"end":{"line":93,"column":60}},"type":"default-arg","locations":[{"start":{"line":93,"column":55},"end":{"line":93,"column":60}}],"line":93},"6":{"loc":{"start":{"line":94,"column":4},"end":{"line":94,"column":38}},"type":"if","locations":[{"start":{"line":94,"column":4},"end":{"line":94,"column":38}},{"start":{},"end":{}}],"line":94},"7":{"loc":{"start":{"line":102,"column":15},"end":{"line":102,"column":34}},"type":"binary-expr","locations":[{"start":{"line":102,"column":15},"end":{"line":102,"column":28}},{"start":{"line":102,"column":32},"end":{"line":102,"column":34}}],"line":102},"8":{"loc":{"start":{"line":103,"column":25},"end":{"line":103,"column":43}},"type":"binary-expr","locations":[{"start":{"line":103,"column":25},"end":{"line":103,"column":37}},{"start":{"line":103,"column":41},"end":{"line":103,"column":43}}],"line":103},"9":{"loc":{"start":{"line":104,"column":15},"end":{"line":104,"column":36}},"type":"binary-expr","locations":[{"start":{"line":104,"column":15},"end":{"line":104,"column":28}},{"start":{"line":104,"column":32},"end":{"line":104,"column":36}}],"line":104},"10":{"loc":{"start":{"line":107,"column":6},"end":{"line":109,"column":7}},"type":"if","locations":[{"start":{"line":107,"column":6},"end":{"line":109,"column":7}},{"start":{},"end":{}}],"line":107},"11":{"loc":{"start":{"line":108,"column":17},"end":{"line":108,"column":86}},"type":"binary-expr","locations":[{"start":{"line":108,"column":17},"end":{"line":108,"column":40}},{"start":{"line":108,"column":44},"end":{"line":108,"column":55}},{"start":{"line":108,"column":59},"end":{"line":108,"column":86}}],"line":108},"12":{"loc":{"start":{"line":111,"column":6},"end":{"line":111,"column":41}},"type":"if","locations":[{"start":{"line":111,"column":6},"end":{"line":111,"column":41}},{"start":{},"end":{}}],"line":111},"13":{"loc":{"start":{"line":129,"column":8},"end":{"line":131,"column":50}},"type":"binary-expr","locations":[{"start":{"line":129,"column":8},"end":{"line":129,"column":19}},{"start":{"line":130,"column":8},"end":{"line":130,"column":87}},{"start":{"line":131,"column":8},"end":{"line":131,"column":50}}],"line":129},"14":{"loc":{"start":{"line":130,"column":11},"end":{"line":130,"column":31}},"type":"binary-expr","locations":[{"start":{"line":130,"column":11},"end":{"line":130,"column":25}},{"start":{"line":130,"column":29},"end":{"line":130,"column":31}}],"line":130},"15":{"loc":{"start":{"line":130,"column":35},"end":{"line":130,"column":54}},"type":"binary-expr","locations":[{"start":{"line":130,"column":35},"end":{"line":130,"column":48}},{"start":{"line":130,"column":52},"end":{"line":130,"column":54}}],"line":130},"16":{"loc":{"start":{"line":132,"column":26},"end":{"line":132,"column":74}},"type":"binary-expr","locations":[{"start":{"line":132,"column":26},"end":{"line":132,"column":46}},{"start":{"line":132,"column":50},"end":{"line":132,"column":74}}],"line":132},"17":{"loc":{"start":{"line":133,"column":13},"end":{"line":133,"column":41}},"type":"binary-expr","locations":[{"start":{"line":133,"column":13},"end":{"line":133,"column":26}},{"start":{"line":133,"column":30},"end":{"line":133,"column":41}}],"line":133},"18":{"loc":{"start":{"line":141,"column":8},"end":{"line":143,"column":50}},"type":"binary-expr","locations":[{"start":{"line":141,"column":8},"end":{"line":141,"column":27}},{"start":{"line":142,"column":8},"end":{"line":142,"column":87}},{"start":{"line":143,"column":8},"end":{"line":143,"column":50}}],"line":141},"19":{"loc":{"start":{"line":142,"column":11},"end":{"line":142,"column":31}},"type":"binary-expr","locations":[{"start":{"line":142,"column":11},"end":{"line":142,"column":25}},{"start":{"line":142,"column":29},"end":{"line":142,"column":31}}],"line":142},"20":{"loc":{"start":{"line":142,"column":35},"end":{"line":142,"column":54}},"type":"binary-expr","locations":[{"start":{"line":142,"column":35},"end":{"line":142,"column":48}},{"start":{"line":142,"column":52},"end":{"line":142,"column":54}}],"line":142},"21":{"loc":{"start":{"line":144,"column":26},"end":{"line":144,"column":98}},"type":"binary-expr","locations":[{"start":{"line":144,"column":26},"end":{"line":144,"column":58}},{"start":{"line":144,"column":62},"end":{"line":144,"column":98}}],"line":144},"22":{"loc":{"start":{"line":145,"column":13},"end":{"line":145,"column":41}},"type":"binary-expr","locations":[{"start":{"line":145,"column":13},"end":{"line":145,"column":26}},{"start":{"line":145,"column":30},"end":{"line":145,"column":41}}],"line":145},"23":{"loc":{"start":{"line":150,"column":4},"end":{"line":153,"column":5}},"type":"if","locations":[{"start":{"line":150,"column":4},"end":{"line":153,"column":5}},{"start":{},"end":{}}],"line":150},"24":{"loc":{"start":{"line":156,"column":4},"end":{"line":158,"column":5}},"type":"if","locations":[{"start":{"line":156,"column":4},"end":{"line":158,"column":5}},{"start":{},"end":{}}],"line":156},"25":{"loc":{"start":{"line":156,"column":8},"end":{"line":156,"column":59}},"type":"binary-expr","locations":[{"start":{"line":156,"column":8},"end":{"line":156,"column":34}},{"start":{"line":156,"column":38},"end":{"line":156,"column":59}}],"line":156},"26":{"loc":{"start":{"line":162,"column":4},"end":{"line":162,"column":75}},"type":"if","locations":[{"start":{"line":162,"column":4},"end":{"line":162,"column":75}},{"start":{},"end":{}}],"line":162},"27":{"loc":{"start":{"line":162,"column":8},"end":{"line":162,"column":66}},"type":"binary-expr","locations":[{"start":{"line":162,"column":8},"end":{"line":162,"column":36}},{"start":{"line":162,"column":40},"end":{"line":162,"column":66}}],"line":162},"28":{"loc":{"start":{"line":179,"column":8},"end":{"line":182,"column":9}},"type":"if","locations":[{"start":{"line":179,"column":8},"end":{"line":182,"column":9}},{"start":{},"end":{}}],"line":179},"29":{"loc":{"start":{"line":180,"column":26},"end":{"line":180,"column":42}},"type":"binary-expr","locations":[{"start":{"line":180,"column":26},"end":{"line":180,"column":34}},{"start":{"line":180,"column":38},"end":{"line":180,"column":42}}],"line":180},"30":{"loc":{"start":{"line":181,"column":30},"end":{"line":181,"column":56}},"type":"binary-expr","locations":[{"start":{"line":181,"column":30},"end":{"line":181,"column":50}},{"start":{"line":181,"column":54},"end":{"line":181,"column":56}}],"line":181},"31":{"loc":{"start":{"line":184,"column":8},"end":{"line":188,"column":9}},"type":"if","locations":[{"start":{"line":184,"column":8},"end":{"line":188,"column":9}},{"start":{},"end":{}}],"line":184},"32":{"loc":{"start":{"line":187,"column":27},"end":{"line":187,"column":84}},"type":"binary-expr","locations":[{"start":{"line":187,"column":27},"end":{"line":187,"column":50}},{"start":{"line":187,"column":54},"end":{"line":187,"column":84}}],"line":187},"33":{"loc":{"start":{"line":190,"column":8},"end":{"line":190,"column":50}},"type":"if","locations":[{"start":{"line":190,"column":8},"end":{"line":190,"column":50}},{"start":{},"end":{}}],"line":190},"34":{"loc":{"start":{"line":209,"column":10},"end":{"line":209,"column":80}},"type":"binary-expr","locations":[{"start":{"line":209,"column":10},"end":{"line":209,"column":72}},{"start":{"line":209,"column":76},"end":{"line":209,"column":80}}],"line":209},"35":{"loc":{"start":{"line":213,"column":30},"end":{"line":213,"column":64}},"type":"binary-expr","locations":[{"start":{"line":213,"column":30},"end":{"line":213,"column":58}},{"start":{"line":213,"column":62},"end":{"line":213,"column":64}}],"line":213},"36":{"loc":{"start":{"line":216,"column":4},"end":{"line":219,"column":5}},"type":"if","locations":[{"start":{"line":216,"column":4},"end":{"line":219,"column":5}},{"start":{},"end":{}}],"line":216},"37":{"loc":{"start":{"line":223,"column":4},"end":{"line":223,"column":80}},"type":"if","locations":[{"start":{"line":223,"column":4},"end":{"line":223,"column":80}},{"start":{},"end":{}}],"line":223},"38":{"loc":{"start":{"line":228,"column":12},"end":{"line":228,"column":62}},"type":"binary-expr","locations":[{"start":{"line":228,"column":12},"end":{"line":228,"column":35}},{"start":{"line":228,"column":39},"end":{"line":228,"column":62}}],"line":228},"39":{"loc":{"start":{"line":236,"column":28},"end":{"line":236,"column":97}},"type":"cond-expr","locations":[{"start":{"line":236,"column":50},"end":{"line":236,"column":90}},{"start":{"line":236,"column":93},"end":{"line":236,"column":97}}],"line":236},"40":{"loc":{"start":{"line":239,"column":12},"end":{"line":239,"column":69}},"type":"binary-expr","locations":[{"start":{"line":239,"column":12},"end":{"line":239,"column":35}},{"start":{"line":239,"column":39},"end":{"line":239,"column":69}}],"line":239},"41":{"loc":{"start":{"line":244,"column":4},"end":{"line":244,"column":33}},"type":"if","locations":[{"start":{"line":244,"column":4},"end":{"line":244,"column":33}},{"start":{},"end":{}}],"line":244},"42":{"loc":{"start":{"line":259,"column":13},"end":{"line":259,"column":70}},"type":"binary-expr","locations":[{"start":{"line":259,"column":13},"end":{"line":259,"column":36}},{"start":{"line":259,"column":40},"end":{"line":259,"column":70}}],"line":259},"43":{"loc":{"start":{"line":268,"column":4},"end":{"line":268,"column":72}},"type":"if","locations":[{"start":{"line":268,"column":4},"end":{"line":268,"column":72}},{"start":{},"end":{}}],"line":268},"44":{"loc":{"start":{"line":273,"column":12},"end":{"line":273,"column":72}},"type":"binary-expr","locations":[{"start":{"line":273,"column":12},"end":{"line":273,"column":35}},{"start":{"line":273,"column":39},"end":{"line":273,"column":72}}],"line":273},"45":{"loc":{"start":{"line":286,"column":9},"end":{"line":286,"column":73}},"type":"binary-expr","locations":[{"start":{"line":286,"column":9},"end":{"line":286,"column":16}},{"start":{"line":286,"column":20},"end":{"line":286,"column":73}}],"line":286},"46":{"loc":{"start":{"line":287,"column":9},"end":{"line":287,"column":79}},"type":"binary-expr","locations":[{"start":{"line":287,"column":9},"end":{"line":287,"column":14}},{"start":{"line":287,"column":18},"end":{"line":287,"column":79}}],"line":287},"47":{"loc":{"start":{"line":289,"column":9},"end":{"line":439,"column":9}},"type":"binary-expr","locations":[{"start":{"line":289,"column":9},"end":{"line":289,"column":38}},{"start":{"line":289,"column":42},"end":{"line":289,"column":47}},{"start":{"line":290,"column":10},"end":{"line":438,"column":16}}],"line":289},"48":{"loc":{"start":{"line":299,"column":85},"end":{"line":299,"column":107}},"type":"binary-expr","locations":[{"start":{"line":299,"column":85},"end":{"line":299,"column":102}},{"start":{"line":299,"column":106},"end":{"line":299,"column":107}}],"line":299},"49":{"loc":{"start":{"line":305,"column":81},"end":{"line":305,"column":98}},"type":"binary-expr","locations":[{"start":{"line":305,"column":81},"end":{"line":305,"column":93}},{"start":{"line":305,"column":97},"end":{"line":305,"column":98}}],"line":305},"50":{"loc":{"start":{"line":307,"column":54},"end":{"line":307,"column":80}},"type":"binary-expr","locations":[{"start":{"line":307,"column":54},"end":{"line":307,"column":75}},{"start":{"line":307,"column":79},"end":{"line":307,"column":80}}],"line":307},"51":{"loc":{"start":{"line":308,"column":54},"end":{"line":308,"column":78}},"type":"binary-expr","locations":[{"start":{"line":308,"column":54},"end":{"line":308,"column":73}},{"start":{"line":308,"column":77},"end":{"line":308,"column":78}}],"line":308},"52":{"loc":{"start":{"line":314,"column":81},"end":{"line":314,"column":103}},"type":"binary-expr","locations":[{"start":{"line":314,"column":81},"end":{"line":314,"column":98}},{"start":{"line":314,"column":102},"end":{"line":314,"column":103}}],"line":314},"53":{"loc":{"start":{"line":316,"column":103},"end":{"line":316,"column":121}},"type":"binary-expr","locations":[{"start":{"line":316,"column":103},"end":{"line":316,"column":116}},{"start":{"line":316,"column":120},"end":{"line":316,"column":121}}],"line":316},"54":{"loc":{"start":{"line":317,"column":103},"end":{"line":317,"column":121}},"type":"binary-expr","locations":[{"start":{"line":317,"column":103},"end":{"line":317,"column":116}},{"start":{"line":317,"column":120},"end":{"line":317,"column":121}}],"line":317},"55":{"loc":{"start":{"line":318,"column":105},"end":{"line":318,"column":125}},"type":"binary-expr","locations":[{"start":{"line":318,"column":105},"end":{"line":318,"column":120}},{"start":{"line":318,"column":124},"end":{"line":318,"column":125}}],"line":318},"56":{"loc":{"start":{"line":324,"column":81},"end":{"line":324,"column":100}},"type":"binary-expr","locations":[{"start":{"line":324,"column":81},"end":{"line":324,"column":95}},{"start":{"line":324,"column":99},"end":{"line":324,"column":100}}],"line":324},"57":{"loc":{"start":{"line":336,"column":85},"end":{"line":336,"column":109}},"type":"binary-expr","locations":[{"start":{"line":336,"column":85},"end":{"line":336,"column":104}},{"start":{"line":336,"column":108},"end":{"line":336,"column":109}}],"line":336},"58":{"loc":{"start":{"line":342,"column":81},"end":{"line":342,"column":109}},"type":"binary-expr","locations":[{"start":{"line":342,"column":81},"end":{"line":342,"column":104}},{"start":{"line":342,"column":108},"end":{"line":342,"column":109}}],"line":342},"59":{"loc":{"start":{"line":344,"column":44},"end":{"line":344,"column":72}},"type":"binary-expr","locations":[{"start":{"line":344,"column":44},"end":{"line":344,"column":67}},{"start":{"line":344,"column":71},"end":{"line":344,"column":72}}],"line":344},"60":{"loc":{"start":{"line":346,"column":88},"end":{"line":346,"column":110}},"type":"binary-expr","locations":[{"start":{"line":346,"column":88},"end":{"line":346,"column":105}},{"start":{"line":346,"column":109},"end":{"line":346,"column":110}}],"line":346},"61":{"loc":{"start":{"line":346,"column":124},"end":{"line":346,"column":146}},"type":"binary-expr","locations":[{"start":{"line":346,"column":124},"end":{"line":346,"column":141}},{"start":{"line":346,"column":145},"end":{"line":346,"column":146}}],"line":346},"62":{"loc":{"start":{"line":351,"column":85},"end":{"line":351,"column":115}},"type":"binary-expr","locations":[{"start":{"line":351,"column":85},"end":{"line":351,"column":110}},{"start":{"line":351,"column":114},"end":{"line":351,"column":115}}],"line":351},"63":{"loc":{"start":{"line":357,"column":81},"end":{"line":357,"column":107}},"type":"binary-expr","locations":[{"start":{"line":357,"column":81},"end":{"line":357,"column":102}},{"start":{"line":357,"column":106},"end":{"line":357,"column":107}}],"line":357},"64":{"loc":{"start":{"line":363,"column":81},"end":{"line":363,"column":105}},"type":"binary-expr","locations":[{"start":{"line":363,"column":81},"end":{"line":363,"column":100}},{"start":{"line":363,"column":104},"end":{"line":363,"column":105}}],"line":363},"65":{"loc":{"start":{"line":365,"column":44},"end":{"line":365,"column":68}},"type":"binary-expr","locations":[{"start":{"line":365,"column":44},"end":{"line":365,"column":63}},{"start":{"line":365,"column":67},"end":{"line":365,"column":68}}],"line":365},"66":{"loc":{"start":{"line":367,"column":88},"end":{"line":367,"column":114}},"type":"binary-expr","locations":[{"start":{"line":367,"column":88},"end":{"line":367,"column":109}},{"start":{"line":367,"column":113},"end":{"line":367,"column":114}}],"line":367},"67":{"loc":{"start":{"line":379,"column":81},"end":{"line":379,"column":105}},"type":"binary-expr","locations":[{"start":{"line":379,"column":81},"end":{"line":379,"column":100}},{"start":{"line":379,"column":104},"end":{"line":379,"column":105}}],"line":379},"68":{"loc":{"start":{"line":385,"column":81},"end":{"line":385,"column":108}},"type":"binary-expr","locations":[{"start":{"line":385,"column":81},"end":{"line":385,"column":103}},{"start":{"line":385,"column":107},"end":{"line":385,"column":108}}],"line":385},"69":{"loc":{"start":{"line":391,"column":81},"end":{"line":391,"column":105}},"type":"binary-expr","locations":[{"start":{"line":391,"column":81},"end":{"line":391,"column":100}},{"start":{"line":391,"column":104},"end":{"line":391,"column":105}}],"line":391},"70":{"loc":{"start":{"line":397,"column":81},"end":{"line":397,"column":113}},"type":"binary-expr","locations":[{"start":{"line":397,"column":81},"end":{"line":397,"column":108}},{"start":{"line":397,"column":112},"end":{"line":397,"column":113}}],"line":397},"71":{"loc":{"start":{"line":399,"column":44},"end":{"line":399,"column":76}},"type":"binary-expr","locations":[{"start":{"line":399,"column":44},"end":{"line":399,"column":71}},{"start":{"line":399,"column":75},"end":{"line":399,"column":76}}],"line":399},"72":{"loc":{"start":{"line":401,"column":88},"end":{"line":401,"column":117}},"type":"binary-expr","locations":[{"start":{"line":401,"column":88},"end":{"line":401,"column":112}},{"start":{"line":401,"column":116},"end":{"line":401,"column":117}}],"line":401},"73":{"loc":{"start":{"line":401,"column":123},"end":{"line":401,"column":144}},"type":"binary-expr","locations":[{"start":{"line":401,"column":123},"end":{"line":401,"column":139}},{"start":{"line":401,"column":143},"end":{"line":401,"column":144}}],"line":401},"74":{"loc":{"start":{"line":406,"column":81},"end":{"line":406,"column":107}},"type":"binary-expr","locations":[{"start":{"line":406,"column":81},"end":{"line":406,"column":102}},{"start":{"line":406,"column":106},"end":{"line":406,"column":107}}],"line":406},"75":{"loc":{"start":{"line":415,"column":17},"end":{"line":417,"column":17}},"type":"binary-expr","locations":[{"start":{"line":415,"column":17},"end":{"line":415,"column":55}},{"start":{"line":416,"column":18},"end":{"line":416,"column":102}}],"line":415},"76":{"loc":{"start":{"line":415,"column":18},"end":{"line":415,"column":41}},"type":"binary-expr","locations":[{"start":{"line":415,"column":18},"end":{"line":415,"column":35}},{"start":{"line":415,"column":39},"end":{"line":415,"column":41}}],"line":415},"77":{"loc":{"start":{"line":418,"column":18},"end":{"line":418,"column":41}},"type":"binary-expr","locations":[{"start":{"line":418,"column":18},"end":{"line":418,"column":35}},{"start":{"line":418,"column":39},"end":{"line":418,"column":41}}],"line":418},"78":{"loc":{"start":{"line":443,"column":21},"end":{"line":443,"column":76}},"type":"cond-expr","locations":[{"start":{"line":443,"column":48},"end":{"line":443,"column":64}},{"start":{"line":443,"column":67},"end":{"line":443,"column":76}}],"line":443},"79":{"loc":{"start":{"line":479,"column":17},"end":{"line":483,"column":17}},"type":"binary-expr","locations":[{"start":{"line":479,"column":17},"end":{"line":479,"column":43}},{"start":{"line":480,"column":18},"end":{"line":482,"column":23}}],"line":479},"80":{"loc":{"start":{"line":486,"column":50},"end":{"line":486,"column":69}},"type":"binary-expr","locations":[{"start":{"line":486,"column":50},"end":{"line":486,"column":63}},{"start":{"line":486,"column":67},"end":{"line":486,"column":69}}],"line":486},"81":{"loc":{"start":{"line":488,"column":60},"end":{"line":488,"column":80}},"type":"binary-expr","locations":[{"start":{"line":488,"column":60},"end":{"line":488,"column":69}},{"start":{"line":488,"column":73},"end":{"line":488,"column":80}}],"line":488},"82":{"loc":{"start":{"line":490,"column":55},"end":{"line":490,"column":116}},"type":"cond-expr","locations":[{"start":{"line":490,"column":81},"end":{"line":490,"column":98}},{"start":{"line":490,"column":101},"end":{"line":490,"column":116}}],"line":490},"83":{"loc":{"start":{"line":491,"column":25},"end":{"line":491,"column":72}},"type":"cond-expr","locations":[{"start":{"line":491,"column":51},"end":{"line":491,"column":61}},{"start":{"line":491,"column":64},"end":{"line":491,"column":72}}],"line":491},"84":{"loc":{"start":{"line":496,"column":25},"end":{"line":496,"column":76}},"type":"cond-expr","locations":[{"start":{"line":496,"column":51},"end":{"line":496,"column":61}},{"start":{"line":496,"column":64},"end":{"line":496,"column":76}}],"line":496},"85":{"loc":{"start":{"line":511,"column":21},"end":{"line":511,"column":80}},"type":"cond-expr","locations":[{"start":{"line":511,"column":52},"end":{"line":511,"column":68}},{"start":{"line":511,"column":71},"end":{"line":511,"column":80}}],"line":511},"86":{"loc":{"start":{"line":553,"column":17},"end":{"line":555,"column":17}},"type":"binary-expr","locations":[{"start":{"line":553,"column":17},"end":{"line":553,"column":43}},{"start":{"line":554,"column":18},"end":{"line":554,"column":97}}],"line":553},"87":{"loc":{"start":{"line":561,"column":53},"end":{"line":561,"column":111}},"type":"cond-expr","locations":[{"start":{"line":561,"column":96},"end":{"line":561,"column":106}},{"start":{"line":561,"column":109},"end":{"line":561,"column":111}}],"line":561},"88":{"loc":{"start":{"line":565,"column":48},"end":{"line":565,"column":67}},"type":"binary-expr","locations":[{"start":{"line":565,"column":48},"end":{"line":565,"column":61}},{"start":{"line":565,"column":65},"end":{"line":565,"column":67}}],"line":565},"89":{"loc":{"start":{"line":566,"column":58},"end":{"line":566,"column":78}},"type":"binary-expr","locations":[{"start":{"line":566,"column":58},"end":{"line":566,"column":67}},{"start":{"line":566,"column":71},"end":{"line":566,"column":78}}],"line":566},"90":{"loc":{"start":{"line":570,"column":29},"end":{"line":570,"column":76}},"type":"cond-expr","locations":[{"start":{"line":570,"column":55},"end":{"line":570,"column":65}},{"start":{"line":570,"column":68},"end":{"line":570,"column":76}}],"line":570},"91":{"loc":{"start":{"line":579,"column":15},"end":{"line":581,"column":15}},"type":"binary-expr","locations":[{"start":{"line":579,"column":15},"end":{"line":579,"column":36}},{"start":{"line":580,"column":16},"end":{"line":580,"column":91}}],"line":579},"92":{"loc":{"start":{"line":583,"column":15},"end":{"line":656,"column":15}},"type":"binary-expr","locations":[{"start":{"line":583,"column":15},"end":{"line":583,"column":35}},{"start":{"line":584,"column":16},"end":{"line":655,"column":19}}],"line":583},"93":{"loc":{"start":{"line":587,"column":60},"end":{"line":587,"column":95}},"type":"binary-expr","locations":[{"start":{"line":587,"column":60},"end":{"line":587,"column":89}},{"start":{"line":587,"column":93},"end":{"line":587,"column":95}}],"line":587},"94":{"loc":{"start":{"line":591,"column":58},"end":{"line":591,"column":94}},"type":"binary-expr","locations":[{"start":{"line":591,"column":58},"end":{"line":591,"column":83}},{"start":{"line":591,"column":87},"end":{"line":591,"column":94}}],"line":591},"95":{"loc":{"start":{"line":592,"column":55},"end":{"line":592,"column":132}},"type":"cond-expr","locations":[{"start":{"line":592,"column":97},"end":{"line":592,"column":114}},{"start":{"line":592,"column":117},"end":{"line":592,"column":132}}],"line":592},"96":{"loc":{"start":{"line":593,"column":25},"end":{"line":593,"column":88}},"type":"cond-expr","locations":[{"start":{"line":593,"column":67},"end":{"line":593,"column":77}},{"start":{"line":593,"column":80},"end":{"line":593,"column":88}}],"line":593},"97":{"loc":{"start":{"line":601,"column":31},"end":{"line":601,"column":65}},"type":"binary-expr","locations":[{"start":{"line":601,"column":31},"end":{"line":601,"column":60}},{"start":{"line":601,"column":64},"end":{"line":601,"column":65}}],"line":601},"98":{"loc":{"start":{"line":631,"column":19},"end":{"line":631,"column":94}},"type":"binary-expr","locations":[{"start":{"line":631,"column":19},"end":{"line":631,"column":34}},{"start":{"line":631,"column":38},"end":{"line":631,"column":94}}],"line":631},"99":{"loc":{"start":{"line":632,"column":19},"end":{"line":632,"column":109}},"type":"binary-expr","locations":[{"start":{"line":632,"column":19},"end":{"line":632,"column":32}},{"start":{"line":632,"column":36},"end":{"line":632,"column":109}}],"line":632},"100":{"loc":{"start":{"line":634,"column":19},"end":{"line":636,"column":19}},"type":"binary-expr","locations":[{"start":{"line":634,"column":19},"end":{"line":634,"column":35}},{"start":{"line":634,"column":39},"end":{"line":634,"column":53}},{"start":{"line":634,"column":57},"end":{"line":634,"column":86}},{"start":{"line":635,"column":20},"end":{"line":635,"column":107}}],"line":634},"101":{"loc":{"start":{"line":638,"column":19},"end":{"line":654,"column":19}},"type":"binary-expr","locations":[{"start":{"line":638,"column":19},"end":{"line":638,"column":35}},{"start":{"line":638,"column":39},"end":{"line":638,"column":53}},{"start":{"line":638,"column":57},"end":{"line":638,"column":84}},{"start":{"line":639,"column":20},"end":{"line":653,"column":26}}],"line":638},"102":{"loc":{"start":{"line":663,"column":21},"end":{"line":663,"column":87}},"type":"cond-expr","locations":[{"start":{"line":663,"column":59},"end":{"line":663,"column":75}},{"start":{"line":663,"column":78},"end":{"line":663,"column":87}}],"line":663},"103":{"loc":{"start":{"line":682,"column":36},"end":{"line":682,"column":82}},"type":"binary-expr","locations":[{"start":{"line":682,"column":36},"end":{"line":682,"column":53}},{"start":{"line":682,"column":57},"end":{"line":682,"column":82}}],"line":682},"104":{"loc":{"start":{"line":694,"column":36},"end":{"line":694,"column":82}},"type":"binary-expr","locations":[{"start":{"line":694,"column":36},"end":{"line":694,"column":53}},{"start":{"line":694,"column":57},"end":{"line":694,"column":82}}],"line":694},"105":{"loc":{"start":{"line":700,"column":26},"end":{"line":700,"column":56}},"type":"binary-expr","locations":[{"start":{"line":700,"column":26},"end":{"line":700,"column":36}},{"start":{"line":700,"column":40},"end":{"line":700,"column":56}}],"line":700},"106":{"loc":{"start":{"line":704,"column":30},"end":{"line":704,"column":84}},"type":"cond-expr","locations":[{"start":{"line":704,"column":63},"end":{"line":704,"column":72}},{"start":{"line":704,"column":75},"end":{"line":704,"column":84}}],"line":704},"107":{"loc":{"start":{"line":704,"column":30},"end":{"line":704,"column":60}},"type":"binary-expr","locations":[{"start":{"line":704,"column":30},"end":{"line":704,"column":40}},{"start":{"line":704,"column":44},"end":{"line":704,"column":60}}],"line":704},"108":{"loc":{"start":{"line":709,"column":26},"end":{"line":709,"column":84}},"type":"cond-expr","locations":[{"start":{"line":709,"column":59},"end":{"line":709,"column":72}},{"start":{"line":709,"column":75},"end":{"line":709,"column":84}}],"line":709},"109":{"loc":{"start":{"line":709,"column":26},"end":{"line":709,"column":56}},"type":"binary-expr","locations":[{"start":{"line":709,"column":26},"end":{"line":709,"column":36}},{"start":{"line":709,"column":40},"end":{"line":709,"column":56}}],"line":709},"110":{"loc":{"start":{"line":714,"column":17},"end":{"line":714,"column":64}},"type":"cond-expr","locations":[{"start":{"line":714,"column":30},"end":{"line":714,"column":41}},{"start":{"line":714,"column":44},"end":{"line":714,"column":64}}],"line":714},"111":{"loc":{"start":{"line":718,"column":13},"end":{"line":732,"column":13}},"type":"binary-expr","locations":[{"start":{"line":718,"column":13},"end":{"line":718,"column":26}},{"start":{"line":719,"column":14},"end":{"line":731,"column":20}}],"line":718},"112":{"loc":{"start":{"line":724,"column":30},"end":{"line":724,"column":82}},"type":"cond-expr","locations":[{"start":{"line":724,"column":61},"end":{"line":724,"column":70}},{"start":{"line":724,"column":73},"end":{"line":724,"column":82}}],"line":724},"113":{"loc":{"start":{"line":725,"column":25},"end":{"line":725,"column":77}},"type":"cond-expr","locations":[{"start":{"line":725,"column":56},"end":{"line":725,"column":65}},{"start":{"line":725,"column":68},"end":{"line":725,"column":77}}],"line":725},"114":{"loc":{"start":{"line":754,"column":19},"end":{"line":760,"column":19}},"type":"binary-expr","locations":[{"start":{"line":754,"column":19},"end":{"line":754,"column":47}},{"start":{"line":755,"column":20},"end":{"line":759,"column":25}}],"line":754},"115":{"loc":{"start":{"line":766,"column":64},"end":{"line":766,"column":94}},"type":"cond-expr","locations":[{"start":{"line":766,"column":75},"end":{"line":766,"column":83}},{"start":{"line":766,"column":86},"end":{"line":766,"column":94}}],"line":766},"116":{"loc":{"start":{"line":766,"column":99},"end":{"line":766,"column":114}},"type":"binary-expr","locations":[{"start":{"line":766,"column":99},"end":{"line":766,"column":107}},{"start":{"line":766,"column":111},"end":{"line":766,"column":114}}],"line":766}},"s":{"0":0,"1":0,"2":0,"3":0,"4":0,"5":0,"6":0,"7":0,"8":0,"9":0,"10":0,"11":0,"12":0,"13":0,"14":0,"15":0,"16":0,"17":0,"18":0,"19":0,"20":0,"21":0,"22":0,"23":0,"24":0,"25":0,"26":0,"27":0,"28":0,"29":0,"30":0,"31":0,"32":0,"33":0,"34":0,"35":0,"36":0,"37":0,"38":0,"39":0,"40":0,"41":0,"42":0,"43":0,"44":0,"45":0,"46":0,"47":0,"48":0,"49":0,"50":0,"51":0,"52":0,"53":0,"54":0,"55":0,"56":0,"57":0,"58":0,"59":0,"60":0,"61":0,"62":0,"63":0,"64":0,"65":0,"66":0,"67":0,"68":0,"69":0,"70":0,"71":0,"72":0,"73":0,"74":0,"75":0,"76":0,"77":0,"78":0,"79":0,"80":0,"81":0,"82":0,"83":0,"84":0,"85":0,"86":0,"87":0,"88":0,"89":0,"90":0,"91":0,"92":0,"93":0,"94":0,"95":0,"96":0,"97":0,"98":0,"99":0,"100":0,"101":0,"102":0,"103":0,"104":0,"105":0,"106":0,"107":0,"108":0,"109":0,"110":0,"111":0,"112":0,"113":0,"114":0,"115":0,"116":0,"117":0,"118":0,"119":0,"120":0,"121":0,"122":0,"123":0,"124":0,"125":0,"126":0,"127":0,"128":0,"129":0,"130":0,"131":0,"132":0,"133":0,"134":0,"135":0,"136":0,"137":0,"138":0,"139":0,"140":0,"141":0,"142":0,"143":0,"144":0,"145":0,"146":0,"147":0,"148":0,"149":0,"150":0,"151":0,"152":0,"153":0,"154":0,"155":0,"156":0,"157":0,"158":0,"159":0,"160":0,"161":0,"162":0,"163":0,"164":0,"165":0,"166":0,"167":0,"168":0,"169":0,"170":0,"171":0,"172":0,"173":0,"174":0,"175":0,"176":0,"177":0},"f":{"0":0,"1":0,"2":0,"3":0,"4":0,"5":0,"6":0,"7":0,"8":0,"9":0,"10":0,"11":0,"12":0,"13":0,"14":0,"15":0,"16":0,"17":0,"18":0,"19":0,"20":0,"21":0,"22":0,"23":0,"24":0,"25":0,"26":0,"27":0,"28":0,"29":0,"30":0,"31":0,"32":0,"33":0,"34":0,"35":0,"36":0,"37":0,"38":0,"39":0,"40":0,"41":0,"42":0,"43":0,"44":0,"45":0,"46":0,"47":0,"48":0,"49":0,"50":0,"51":0,"52":0,"53":0,"54":0,"55":0,"56":0,"57":0,"58":0,"59":0,"60":0,"61":0},"b":{"0":[0,0],"1":[0,0],"2":[0,0],"3":[0,0],"4":[0,0],"5":[0],"6":[0,0],"7":[0,0],"8":[0,0],"9":[0,0],"10":[0,0],"11":[0,0,0],"12":[0,0],"13":[0,0,0],"14":[0,0],"15":[0,0],"16":[0,0],"17":[0,0],"18":[0,0,0],"19":[0,0],"20":[0,0],"21":[0,0],"22":[0,0],"23":[0,0],"24":[0,0],"25":[0,0],"26":[0,0],"27":[0,0],"28":[0,0],"29":[0,0],"30":[0,0],"31":[0,0],"32":[0,0],"33":[0,0],"34":[0,0],"35":[0,0],"36":[0,0],"37":[0,0],"38":[0,0],"39":[0,0],"40":[0,0],"41":[0,0],"42":[0,0],"43":[0,0],"44":[0,0],"45":[0,0],"46":[0,0],"47":[0,0,0],"48":[0,0],"49":[0,0],"50":[0,0],"51":[0,0],"52":[0,0],"53":[0,0],"54":[0,0],"55":[0,0],"56":[0,0],"57":[0,0],"58":[0,0],"59":[0,0],"60":[0,0],"61":[0,0],"62":[0,0],"63":[0,0],"64":[0,0],"65":[0,0],"66":[0,0],"67":[0,0],"68":[0,0],"69":[0,0],"70":[0,0],"71":[0,0],"72":[0,0],"73":[0,0],"74":[0,0],"75":[0,0],"76":[0,0],"77":[0,0],"78":[0,0],"79":[0,0],"80":[0,0],"81":[0,0],"82":[0,0],"83":[0,0],"84":[0,0],"85":[0,0],"86":[0,0],"87":[0,0],"88":[0,0],"89":[0,0],"90":[0,0],"91":[0,0],"92":[0,0],"93":[0,0],"94":[0,0],"95":[0,0],"96":[0,0],"97":[0,0],"98":[0,0],"99":[0,0],"100":[0,0,0,0],"101":[0,0,0,0],"102":[0,0],"103":[0,0],"104":[0,0],"105":[0,0],"106":[0,0],"107":[0,0],"108":[0,0],"109":[0,0],"110":[0,0],"111":[0,0],"112":[0,0],"113":[0,0],"114":[0,0],"115":[0,0],"116":[0,0]}}
,"C:\\Users\\bsrim\\OneDrive\\Desktop\\Agrochain_React\\frontend\\agrochain-client\\src\\pages\\DealerDashboard.jsx": {"path":"C:\\Users\\bsrim\\OneDrive\\Desktop\\Agrochain_React\\frontend\\agrochain-client\\src\\pages\\DealerDashboard.jsx","statementMap":{"0":{"start":{"line":10,"column":21},"end":{"line":115,"column":1}},"1":{"start":{"line":11,"column":42},"end":{"line":11,"column":57}},"2":{"start":{"line":12,"column":48},"end":{"line":12,"column":63}},"3":{"start":{"line":14,"column":22},"end":{"line":18,"column":5}},"4":{"start":{"line":15,"column":8},"end":{"line":15,"column":28}},"5":{"start":{"line":16,"column":8},"end":{"line":16,"column":30}},"6":{"start":{"line":17,"column":8},"end":{"line":17,"column":33}},"7":{"start":{"line":20,"column":4},"end":{"line":28,"column":22}},"8":{"start":{"line":21,"column":35},"end":{"line":25,"column":9}},"9":{"start":{"line":22,"column":12},"end":{"line":24,"column":13}},"10":{"start":{"line":23,"column":16},"end":{"line":23,"column":38}},"11":{"start":{"line":26,"column":8},"end":{"line":26,"column":63}},"12":{"start":{"line":27,"column":8},"end":{"line":27,"column":79}},"13":{"start":{"line":27,"column":21},"end":{"line":27,"column":78}},"14":{"start":{"line":30,"column":4},"end":{"line":114,"column":6}},"15":{"start":{"line":33,"column":67},"end":{"line":33,"column":101}},"16":{"start":{"line":41,"column":43},"end":{"line":41,"column":62}},"17":{"start":{"line":44,"column":43},"end":{"line":44,"column":64}},"18":{"start":{"line":47,"column":43},"end":{"line":47,"column":62}},"19":{"start":{"line":50,"column":43},"end":{"line":50,"column":65}},"20":{"start":{"line":53,"column":43},"end":{"line":53,"column":70}},"21":{"start":{"line":58,"column":64},"end":{"line":58,"column":81}},"22":{"start":{"line":62,"column":74},"end":{"line":62,"column":94}},"23":{"start":{"line":62,"column":95},"end":{"line":62,"column":124}},"24":{"start":{"line":68,"column":51},"end":{"line":68,"column":71}},"25":{"start":{"line":69,"column":51},"end":{"line":69,"column":69}},"26":{"start":{"line":77,"column":97},"end":{"line":77,"column":121}},"27":{"start":{"line":82,"column":70},"end":{"line":82,"column":94}},"28":{"start":{"line":84,"column":39},"end":{"line":84,"column":58}},"29":{"start":{"line":87,"column":39},"end":{"line":87,"column":60}},"30":{"start":{"line":90,"column":39},"end":{"line":90,"column":58}},"31":{"start":{"line":93,"column":39},"end":{"line":93,"column":61}},"32":{"start":{"line":96,"column":39},"end":{"line":96,"column":66}},"33":{"start":{"line":99,"column":39},"end":{"line":99,"column":56}},"34":{"start":{"line":103,"column":39},"end":{"line":103,"column":59}},"35":{"start":{"line":106,"column":39},"end":{"line":106,"column":57}},"36":{"start":{"line":118,"column":24},"end":{"line":866,"column":1}},"37":{"start":{"line":119,"column":29},"end":{"line":119,"column":38}},"38":{"start":{"line":120,"column":21},"end":{"line":120,"column":34}},"39":{"start":{"line":123,"column":46},"end":{"line":123,"column":64}},"40":{"start":{"line":126,"column":42},"end":{"line":126,"column":54}},"41":{"start":{"line":127,"column":42},"end":{"line":127,"column":54}},"42":{"start":{"line":128,"column":38},"end":{"line":128,"column":50}},"43":{"start":{"line":129,"column":48},"end":{"line":129,"column":60}},"44":{"start":{"line":130,"column":34},"end":{"line":130,"column":48}},"45":{"start":{"line":131,"column":34},"end":{"line":131,"column":48}},"46":{"start":{"line":134,"column":21},"end":{"line":134,"column":34}},"47":{"start":{"line":135,"column":40},"end":{"line":135,"column":74}},"48":{"start":{"line":135,"column":63},"end":{"line":135,"column":73}},"49":{"start":{"line":136,"column":32},"end":{"line":136,"column":102}},"50":{"start":{"line":136,"column":47},"end":{"line":136,"column":101}},"51":{"start":{"line":139,"column":34},"end":{"line":139,"column":105}},"52":{"start":{"line":140,"column":54},"end":{"line":140,"column":66}},"53":{"start":{"line":141,"column":30},"end":{"line":150,"column":6}},"54":{"start":{"line":151,"column":44},"end":{"line":151,"column":58}},"55":{"start":{"line":154,"column":50},"end":{"line":154,"column":119}},"56":{"start":{"line":155,"column":36},"end":{"line":155,"column":47}},"57":{"start":{"line":158,"column":24},"end":{"line":178,"column":14}},"58":{"start":{"line":159,"column":8},"end":{"line":159,"column":26}},"59":{"start":{"line":159,"column":19},"end":{"line":159,"column":26}},"60":{"start":{"line":160,"column":8},"end":{"line":160,"column":25}},"61":{"start":{"line":161,"column":8},"end":{"line":177,"column":9}},"62":{"start":{"line":162,"column":58},"end":{"line":167,"column":14}},"63":{"start":{"line":168,"column":12},"end":{"line":168,"column":41}},"64":{"start":{"line":169,"column":12},"end":{"line":169,"column":40}},"65":{"start":{"line":170,"column":12},"end":{"line":170,"column":37}},"66":{"start":{"line":171,"column":12},"end":{"line":171,"column":55}},"67":{"start":{"line":172,"column":12},"end":{"line":172,"column":46}},"68":{"start":{"line":174,"column":12},"end":{"line":174,"column":54}},"69":{"start":{"line":176,"column":12},"end":{"line":176,"column":30}},"70":{"start":{"line":181,"column":4},"end":{"line":181,"column":55}},"71":{"start":{"line":181,"column":22},"end":{"line":181,"column":36}},"72":{"start":{"line":184,"column":4},"end":{"line":184,"column":73}},"73":{"start":{"line":184,"column":22},"end":{"line":184,"column":57}},"74":{"start":{"line":185,"column":4},"end":{"line":185,"column":97}},"75":{"start":{"line":185,"column":22},"end":{"line":185,"column":83}},"76":{"start":{"line":188,"column":4},"end":{"line":282,"column":42}},"77":{"start":{"line":189,"column":8},"end":{"line":189,"column":26}},"78":{"start":{"line":189,"column":19},"end":{"line":189,"column":26}},"79":{"start":{"line":191,"column":29},"end":{"line":276,"column":9}},"80":{"start":{"line":192,"column":13},"end":{"line":275,"column":63}},"81":{"start":{"line":194,"column":34},"end":{"line":194,"column":79}},"82":{"start":{"line":195,"column":37},"end":{"line":195,"column":51}},"83":{"start":{"line":197,"column":16},"end":{"line":253,"column":19}},"84":{"start":{"line":198,"column":38},"end":{"line":198,"column":53}},"85":{"start":{"line":199,"column":37},"end":{"line":199,"column":42}},"86":{"start":{"line":201,"column":20},"end":{"line":250,"column":23}},"87":{"start":{"line":202,"column":46},"end":{"line":202,"column":107}},"88":{"start":{"line":202,"column":71},"end":{"line":202,"column":106}},"89":{"start":{"line":204,"column":24},"end":{"line":249,"column":25}},"90":{"start":{"line":205,"column":47},"end":{"line":205,"column":71}},"91":{"start":{"line":206,"column":28},"end":{"line":222,"column":29}},"92":{"start":{"line":209,"column":32},"end":{"line":209,"column":50}},"93":{"start":{"line":210,"column":32},"end":{"line":221,"column":34}},"94":{"start":{"line":224,"column":28},"end":{"line":224,"column":46}},"95":{"start":{"line":225,"column":28},"end":{"line":248,"column":31}},"96":{"start":{"line":252,"column":20},"end":{"line":252,"column":63}},"97":{"start":{"line":256,"column":69},"end":{"line":260,"column":18}},"98":{"start":{"line":263,"column":16},"end":{"line":263,"column":49}},"99":{"start":{"line":266,"column":16},"end":{"line":268,"column":17}},"100":{"start":{"line":267,"column":20},"end":{"line":267,"column":66}},"101":{"start":{"line":271,"column":16},"end":{"line":273,"column":17}},"102":{"start":{"line":272,"column":20},"end":{"line":272,"column":62}},"103":{"start":{"line":275,"column":26},"end":{"line":275,"column":61}},"104":{"start":{"line":278,"column":25},"end":{"line":278,"column":56}},"105":{"start":{"line":279,"column":8},"end":{"line":279,"column":23}},"106":{"start":{"line":281,"column":8},"end":{"line":281,"column":45}},"107":{"start":{"line":281,"column":21},"end":{"line":281,"column":44}},"108":{"start":{"line":285,"column":27},"end":{"line":361,"column":5}},"109":{"start":{"line":286,"column":31},"end":{"line":286,"column":32}},"110":{"start":{"line":287,"column":27},"end":{"line":287,"column":28}},"111":{"start":{"line":28
[...]
column":18},"end":{"line":60,"column":2}},"10":{"start":{"line":32,"column":6},"end":{"line":32,"column":27}},"11":{"start":{"line":33,"column":6},"end":{"line":33,"column":25}},"12":{"start":{"line":36,"column":6},"end":{"line":36,"column":28}},"13":{"start":{"line":37,"column":6},"end":{"line":37,"column":35}},"14":{"start":{"line":38,"column":6},"end":{"line":38,"column":39}},"15":{"start":{"line":39,"column":6},"end":{"line":39,"column":41}},"16":{"start":{"line":40,"column":6},"end":{"line":40,"column":25}},"17":{"start":{"line":41,"column":6},"end":{"line":41,"column":72}},"18":{"start":{"line":42,"column":6},"end":{"line":42,"column":58}},"19":{"start":{"line":45,"column":6},"end":{"line":45,"column":28}},"20":{"start":{"line":46,"column":6},"end":{"line":46,"column":35}},"21":{"start":{"line":49,"column":6},"end":{"line":49,"column":24}},"22":{"start":{"line":50,"column":6},"end":{"line":50,"column":25}},"23":{"start":{"line":51,"column":6},"end":{"line":51,"column":36}},"24":{"start":{"line":52,"column":6},"end":{"line":52,"column":38}},"25":{"start":{"line":53,"column":6},"end":{"line":53,"column":39}},"26":{"start":{"line":56,"column":6},"end":{"line":56,"column":56}},"27":{"start":{"line":57,"column":6},"end":{"line":57,"column":63}},"28":{"start":{"line":62,"column":81},"end":{"line":62,"column":98}}},"fnMap":{"0":{"name":"(anonymous_0)","decl":{"start":{"line":4,"column":21},"end":{"line":4,"column":22}},"loc":{"start":{"line":4,"column":30},"end":{"line":17,"column":1}},"line":4},"1":{"name":"(anonymous_1)","decl":{"start":{"line":31,"column":16},"end":{"line":31,"column":17}},"loc":{"start":{"line":31,"column":27},"end":{"line":34,"column":5}},"line":31},"2":{"name":"(anonymous_2)","decl":{"start":{"line":35,"column":18},"end":{"line":35,"column":19}},"loc":{"start":{"line":35,"column":37},"end":{"line":43,"column":5}},"line":35},"3":{"name":"(anonymous_3)","decl":{"start":{"line":44,"column":18},"end":{"line":44,"column":19}},"loc":{"start":{"line":44,"column":37},"end":{"line":47,"column":5}},"line":44},"4":{"name":"(anonymous_4)","decl":{"start":{"line":48,"column":12},"end":{"line":48,"column":13}},"loc":{"start":{"line":48,"column":23},"end":{"line":54,"column":5}},"line":48},"5":{"name":"(anonymous_5)","decl":{"start":{"line":55,"column":19},"end":{"line":55,"column":20}},"loc":{"start":{"line":55,"column":38},"end":{"line":58,"column":5}},"line":55}},"branchMap":{"0":{"loc":{"start":{"line":7,"column":2},"end":{"line":9,"column":3}},"type":"if","locations":[{"start":{"line":7,"column":2},"end":{"line":9,"column":3}},{"start":{},"end":{}}],"line":7},"1":{"loc":{"start":{"line":21,"column":9},"end":{"line":21,"column":46}},"type":"binary-expr","locations":[{"start":{"line":21,"column":9},"end":{"line":21,"column":38}},{"start":{"line":21,"column":42},"end":{"line":21,"column":46}}],"line":21}},"s":{"0":5,"1":5,"2":5,"3":2,"4":3,"5":3,"6":1,"7":1,"8":5,"9":5,"10":1,"11":1,"12":1,"13":1,"14":1,"15":1,"16":1,"17":1,"18":1,"19":0,"20":0,"21":1,"22":1,"23":1,"24":1,"25":1,"26":1,"27":1,"28":5},"f":{"0":5,"1":1,"2":1,"3":0,"4":1,"5":1},"b":{"0":[2,3],"1":[5,2]},"_coverageSchema":"1a1c01bbd47fc00a2c39e90264f33305004495a9","hash":"d062ff8444fab3878f95dc047e6f4994c7c14b72"}
,"C:\\Users\\bsrim\\OneDrive\\Desktop\\Agrochain_React\\frontend\\agrochain-client\\src\\redux\\slices\\cartSlice.js": {"path":"C:\\Users\\bsrim\\OneDrive\\Desktop\\Agrochain_React\\frontend\\agrochain-client\\src\\redux\\slices\\cartSlice.js","statementMap":{"0":{"start":{"line":4,"column":21},"end":{"line":17,"column":1}},"1":{"start":{"line":5,"column":16},"end":{"line":5,"column":41}},"2":{"start":{"line":7,"column":2},"end":{"line":9,"column":3}},"3":{"start":{"line":8,"column":4},"end":{"line":8,"column":14}},"4":{"start":{"line":11,"column":2},"end":{"line":16,"column":3}},"5":{"start":{"line":12,"column":4},"end":{"line":12,"column":29}},"6":{"start":{"line":14,"column":4},"end":{"line":14,"column":33}},"7":{"start":{"line":15,"column":4},"end":{"line":15,"column":14}},"8":{"start":{"line":19,"column":23},"end":{"line":22,"column":1}},"9":{"start":{"line":20,"column":18},"end":{"line":20,"column":35}},"10":{"start":{"line":21,"column":2},"end":{"line":21,"column":31}},"11":{"start":{"line":24,"column":21},"end":{"line":28,"column":1}},"12":{"start":{"line":30,"column":18},"end":{"line":85,"column":2}},"13":{"start":{"line":35,"column":23},"end":{"line":35,"column":37}},"14":{"start":{"line":36,"column":6},"end":{"line":36,"column":45}},"15":{"start":{"line":37,"column":6},"end":{"line":37,"column":83}},"16":{"start":{"line":37,"column":59},"end":{"line":37,"column":78}},"17":{"start":{"line":38,"column":6},"end":{"line":38,"column":130}},"18":{"start":{"line":38,"column":60},"end":{"line":38,"column":125}},"19":{"start":{"line":41,"column":33},"end":{"line":41,"column":47}},"20":{"start":{"line":42,"column":27},"end":{"line":42,"column":68}},"21":{"start":{"line":42,"column":49},"end":{"line":42,"column":67}},"22":{"start":{"line":44,"column":6},"end":{"line":48,"column":7}},"23":{"start":{"line":45,"column":8},"end":{"line":45,"column":47}},"24":{"start":{"line":47,"column":8},"end":{"line":47,"column":31}},"25":{"start":{"line":50,"column":6},"end":{"line":50,"column":83}},"26":{"start":{"line":50,"column":59},"end":{"line":50,"column":78}},"27":{"start":{"line":51,"column":6},"end":{"line":51,"column":130}},"28":{"start":{"line":51,"column":60},"end":{"line":51,"column":125}},"29":{"start":{"line":53,"column":6},"end":{"line":53,"column":75}},"30":{"start":{"line":56,"column":35},"end":{"line":56,"column":49}},"31":{"start":{"line":57,"column":6},"end":{"line":57,"column":68}},"32":{"start":{"line":57,"column":47},"end":{"line":57,"column":66}},"33":{"start":{"line":59,"column":6},"end":{"line":59,"column":83}},"34":{"start":{"line":59,"column":59},"end":{"line":59,"column":78}},"35":{"start":{"line":60,"column":6},"end":{"line":60,"column":130}},"36":{"start":{"line":60,"column":60},"end":{"line":60,"column":125}},"37":{"start":{"line":62,"column":6},"end":{"line":62,"column":75}},"38":{"start":{"line":65,"column":45},"end":{"line":65,"column":59}},"39":{"start":{"line":66,"column":19},"end":{"line":66,"column":58}},"40":{"start":{"line":66,"column":41},"end":{"line":66,"column":57}},"41":{"start":{"line":68,"column":6},"end":{"line":70,"column":7}},"42":{"start":{"line":69,"column":8},"end":{"line":69,"column":33}},"43":{"start":{"line":72,"column":6},"end":{"line":72,"column":83}},"44":{"start":{"line":72,"column":59},"end":{"line":72,"column":78}},"45":{"start":{"line":73,"column":6},"end":{"line":73,"column":130}},"46":{"start":{"line":73,"column":60},"end":{"line":73,"column":125}},"47":{"start":{"line":75,"column":6},"end":{"line":75,"column":75}},"48":{"start":{"line":78,"column":23},"end":{"line":78,"column":37}},"49":{"start":{"line":79,"column":6},"end":{"line":79,"column":23}},"50":{"start":{"line":80,"column":6},"end":{"line":80,"column":27}},"51":{"start":{"line":81,"column":6},"end":{"line":81,"column":28}},"52":{"start":{"line":82,"column":6},"end":{"line":82,"column":49}},"53":{"start":{"line":87,"column":92},"end":{"line":87,"column":109}}},"fnMap":{"0":{"name":"(anonymous_0)","decl":{"start":{"line":4,"column":21},"end":{"line":4,"column":22}},"loc":{"start":{"line":4,"column":30},"end":{"line":17,"column":1}},"line":4},"1":{"name":"(anonymous_1)","decl":{"start":{"line":19,"column":23},"end":{"line":19,"column":24}},"loc":{"start":{"line":19,"column":37},"end":{"line":22,"column":1}},"line":19},"2":{"name":"(anonymous_2)","decl":{"start":{"line":34,"column":20},"end":{"line":34,"column":21}},"loc":{"start":{"line":34,"column":39},"end":{"line":39,"column":5}},"line":34},"3":{"name":"(anonymous_3)","decl":{"start":{"line":37,"column":44},"end":{"line":37,"column":45}},"loc":{"start":{"line":37,"column":59},"end":{"line":37,"column":78}},"line":37},"4":{"name":"(anonymous_4)","decl":{"start":{"line":38,"column":45},"end":{"line":38,"column":46}},"loc":{"start":{"line":38,"column":60},"end":{"line":38,"column":125}},"line":38},"5":{"name":"(anonymous_5)","decl":{"start":{"line":40,"column":15},"end":{"line":40,"column":16}},"loc":{"start":{"line":40,"column":34},"end":{"line":54,"column":5}},"line":40},"6":{"name":"(anonymous_6)","decl":{"start":{"line":42,"column":44},"end":{"line":42,"column":45}},"loc":{"start":{"line":42,"column":49},"end":{"line":42,"column":67}},"line":42},"7":{"name":"(anonymous_7)","decl":{"start":{"line":50,"column":44},"end":{"line":50,"column":45}},"loc":{"start":{"line":50,"column":59},"end":{"line":50,"column":78}},"line":50},"8":{"name":"(anonymous_8)","decl":{"start":{"line":51,"column":45},"end":{"line":51,"column":46}},"loc":{"start":{"line":51,"column":60},"end":{"line":51,"column":125}},"line":51},"9":{"name":"(anonymous_9)","decl":{"start":{"line":55,"column":20},"end":{"line":55,"column":21}},"loc":{"start":{"line":55,"column":39},"end":{"line":63,"column":5}},"line":55},"10":{"name":"(anonymous_10)","decl":{"start":{"line":57,"column":39},"end":{"line":57,"column":40}},"loc":{"start":{"line":57,"column":47},"end":{"line":57,"column":66}},"line":57},"11":{"name":"(anonymous_11)","decl":{"start":{"line":59,"column":44},"end":{"line":59,"column":45}},"loc":{"start":{"line":59,"column":59},"end":{"line":59,"column":78}},"line":59},"12":{"name":"(anonymous_12)","decl":{"start":{"line":60,"column":45},"end":{"line":60,"column":46}},"loc":{"start":{"line":60,"column":60},"end":{"line":60,"column":125}},"line":60},"13":{"name":"(anonymous_13)","decl":{"start":{"line":64,"column":24},"end":{"line":64,"column":25}},"loc":{"start":{"line":64,"column":43},"end":{"line":76,"column":5}},"line":64},"14":{"name":"(anonymous_14)","decl":{"start":{"line":66,"column":36},"end":{"line":66,"column":37}},"loc":{"start":{"line":66,"column":41},"end":{"line":66,"column":57}},"line":66},"15":{"name":"(anonymous_15)","decl":{"start":{"line":72,"column":44},"end":{"line":72,"column":45}},"loc":{"start":{"line":72,"column":59},"end":{"line":72,"column":78}},"line":72},"16":{"name":"(anonymous_16)","decl":{"start":{"line":73,"column":45},"end":{"line":73,"column":46}},"loc":{"start":{"line":73,"column":60},"end":{"line":73,"column":125}},"line":73},"17":{"name":"(anonymous_17)","decl":{"start":{"line":77,"column":15},"end":{"line":77,"column":16}},"loc":{"start":{"line":77,"column":34},"end":{"line":83,"column":5}},"line":77}},"branchMap":{"0":{"loc":{"start":{"line":7,"column":2},"end":{"line":9,"column":3}},"type":"if","locations":[{"start":{"line":7,"column":2},"end":{"line":9,"column":3}},{"start":{},"end":{}}],"line":7},"1":{"loc":{"start":{"line":38,"column":84},"end":{"line":38,"column":123}},"type":"binary-expr","locations":[{"start":{"line":38,"column":84},"end":{"line":38,"column":100}},{"start":{"line":38,"column":104},"end":{"line":38,"column":118}},{"start":{"line":38,"column":122},"end":{"line":38,"column":123}}],"line":38},"2":{"loc":{"start":{"line":44,"column":6},"end":{"line":48,"column":7}},"type":"if","locations":[{"start":{"line":44,"column":6},"end":{"line":48,"column":7}},{"start":{"line":46,"column":13},"end":{"line":48,"column":7}}],"line":44},"3":{"loc":{"start":{"line":51,"column":84},"end":{"line":51,"column":123}},"type":"binary-expr","locations":[{"start":{"line":51,"column":84},"end":{"line":51,"column":100}},{"start":{"line":51,"column":104},"end":{"line":51,"column":118}},{"start":{"line":51,"column":122},"end":{"line":51,"column":123}}],"line":51},"4":{"loc":{"start":{"line":60,"column":84},"end":{"line":60,"column":123}},"type":"binary-expr","locations":[{"start":{"line":60,"column":84},"end":{"line":60,"column":100}},{"start":{"line":60,"column":104},"end":{"line":60,"column":118}},{"start":{"line":60,"column":122},"end":{"line":60,"column":123}}],"line":60},"5":{"loc":{"start":{"line":68,"column":6},"end":{"line":70,"column":7}},"type":"if","locations":[{"start":{"line":68,"column":6},"end":{"line":70,"column":7}},{"start":{},"end":{}}],"line":68},"6":{"loc":{"start":{"line":73,"column":84},"end":{"line":73,"column":123}},"type":"binary-expr","locations":[{"start":{"line":73,"column":84},"end":{"line":73,"column":100}},{"start":{"line":73,"column":104},"end":{"line":73,"column":118}},{"start":{"line":73,"column":122},"end":{"line":73,"column":123}}],"line":73}},"s":{"0":1,"1":2,"2":2,"3":0,"4":2,"5":2,"6":1,"7":1,"8":1,"9":2,"10":2,"11":1,"12":1,"13":2,"14":2,"15":2,"16":2,"17":2,"18":2,"19":1,"20":1,"21":1,"22":1,"23":1,"24":0,"25":1,"26":1,"27":1,"28":1,"29":1,"30":0,"31":0,"32":0,"33":0,"34":0,"35":0,"36":0,"37":0,"38":1,"39":1,"40":2,"41":1,"42":1,"43":1,"44":2,"45":1,"46":2,"47":1,"48":1,"49":1,"50":1,"51":1,"52":1,"53":1},"f":{"0":2,"1":2,"2":2,"3":2,"4":2,"5":1,"6":1,"7":1,"8":1,"9":0,"10":0,"11":0,"12":0,"13":1,"14":2,"15":2,"16":2,"17":1},"b":{"0":[0,2],"1":[2,1,0],"2":[1,0],"3":[1,1,0],"4":[0,0,0],"5":[1,0],"6":[2,1,0]},"_coverageSchema":"1a1c01bbd47fc00a2c39e90264f33305004495a9","hash":"98d6c68569b763fb475736f0d92ca3f9c2b6d484"}
,"C:\\Users\\bsrim\\OneDrive\\Desktop\\Agrochain_React\\frontend\\agrochain-client\\src\\redux\\slices\\notificationSlice.js": {"path":"C:\\Users\\bsrim\\OneDrive\\Desktop\\Agrochain_React\\frontend\\agrochain-client\\src\\redux\\slices\\notificationSlice.js","statementMap":{"0":{"start":{"line":4,"column":21},"end":{"line":9,"column":1}},"1":{"start":{"line":11,"column":26},"end":{"line":41,"column":2}},"2":{"start":{"line":16,"column":6},"end":{"line":16,"column":43}},"3":{"start":{"line":17,"column":6},"end":{"line":17,"column":69}},"4":{"start":{"line":17,"column":53},"end":{"line":17,"column":60}},"5":{"start":{"line":20,"column":6},"end":{"line":20,"column":50}},"6":{"start":{"line":21,"column":6},"end":{"line":23,"column":7}},"7":{"start":{"line":22,"column":8},"end":{"line":22,"column":31}},"8":{"start":{"line":26,"column":27},"end":{"line":26,"column":81}},"9":{"start":{"line":26,"column":57},"end":{"line":26,"column":80}},"10":{"start":{"line":27,"column":6},"end":{"line":30,"column":7}},"11":{"start":{"line":28,"column":8},"end":{"line":28,"column":33}},"12":{"start":{"line":29,"column":8},"end":{"line":29,"column":31}},"13":{"start":{"line":33,"column":6},"end":{"line":33,"column":54}},"14":{"start":{"line":33,"column":39},"end":{"line":33,"column":52}},"15":{"start":{"line":34,"column":6},"end":{"line":34,"column":28}},"16":{"start":{"line":37,"column":6},"end":{"line":37,"column":31}},"17":{"start":{"line":38,"column":6},"end":{"line":38,"column":28}},"18":{"start":{"line":43,"column":100},"end":{"line":43,"column":125}}},"fnMap":{"0":{"name":"(anonymous_0)","decl":{"start":{"line":15,"column":22},"end":{"line":15,"column":23}},"loc":{"start":{"line":15,"column":41},"end":{"line":18,"column":5}},"line":15},"1":{"name":"(anonymous_1)","decl":{"start":{"line":17,"column":48},"end":{"line":17,"column":49}},"loc":{"start":{"line":17,"column":53},"end":{"line":17,"column":60}},"line":17},"2":{"name":"(anonymous_2)","decl":{"start":{"line":19,"column":21},"end":{"line":19,"column":22}},"loc":{"start":{"line":19,"column":40},"end":{"line":24,"column":5}},"line":19},"3":{"name":"(anonymous_3)","decl":{"start":{"line":25,"column":16},"end":{"line":25,"column":17}},"loc":{"start":{"line":25,"column":35},"end":{"line":31,"column":5}},"line":25},"4":{"name":"(anonymous_4)","decl":{"start":{"line":26,"column":52},"end":{"line":26,"column":53}},"loc":{"start":{"line":26,"column":57},"end":{"line":26,"column":80}},"line":26},"5":{"name":"(anonymous_5)","decl":{"start":{"line":32,"column":19},"end":{"line":32,"column":20}},"loc":{"start":{"line":32,"column":30},"end":{"line":35,"column":5}},"line":32},"6":{"name":"(anonymous_6)","decl":{"start":{"line":33,"column":34},"end":{"line":33,"column":35}},"loc":{"start":{"line":33,"column":39},"end":{"line":33,"column":52}},"line":33},"7":{"name":"(anonymous_7)","decl":{"start":{"line":36,"column":24},"end":{"line":36,"column":25}},"loc":{"start":{"line":36,"column":35},"end":{"line":39,"column":5}},"line":36}},"branchMap":{"0":{"loc":{"start":{"line":21,"column":6},"end":{"line":23,"column":7}},"type":"if","locations":[{"start":{"line":21,"column":6},"end":{"line":23,"column":7}},{"start":{},"end":{}}],"line":21},"1":{"loc":{"start":{"line":27,"column":6},"end":{"line":30,"column":7}},"type":"if","locations":[{"start":{"line":27,"column":6},"end":{"line":30,"column":7}},{"start":{},"end":{}}],"line":27},"2":{"loc":{"start":{"line":27,"column":10},"end":{"line":27,"column":44}},"type":"binary-expr","locations":[{"start":{"line":27,"column":10},"end":{"line":27,"column":22}},{"start":{"line":27,"column":26},"end":{"line":27,"column":44}}],"line":27}},"s":{"0":1,"1":1,"2":1,"3":1,"4":3,"5":1,"6":1,"7":1,"8":2,"9":2,"10":2,"11":1,"12":1,"13":1,"14":2,"15":1,"16":1,"17":1,"18":1},"f":{"0":1,"1":3,"2":1,"3":2,"4":2,"5":1,"6":2,"7":1},"b":{"0":[1,0],"1":[1,1],"2":[2,2]},"_coverageSchema":"1a1c01bbd47fc00a2c39e90264f33305004495a9","hash":"3c8dfd8f14ff5e6c1064527bf7a178b914d1a44b"}
,"C:\\Users\\bsrim\\OneDrive\\Desktop\\Agrochain_React\\frontend\\agrochain-client\\src\\services\\api.jsx": {"path":"C:\\Users\\bsrim\\OneDrive\\Desktop\\Agrochain_React\\frontend\\agrochain-client\\src\\services\\api.jsx","statementMap":{"0":{"start":{"line":3,"column":19},"end":{"line":3,"column":101}},"1":{"start":{"line":5,"column":12},"end":{"line":10,"column":2}},"2":{"start":{"line":13,"column":0},"end":{"line":24,"column":2}},"3":{"start":{"line":15,"column":18},"end":{"line":15,"column":47}},"4":{"start":{"line":16,"column":4},"end":{"line":18,"column":5}},"5":{"start":{"line":17,"column":6},"end":{"line":17,"column":55}},"6":{"start":{"line":19,"column":4},"end":{"line":19,"column":18}},"7":{"start":{"line":22,"column":4},"end":{"line":22,"column":33}},"8":{"start":{"line":27,"column":0},"end":{"line":36,"column":2}},"9":{"start":{"line":28,"column":16},"end":{"line":28,"column":24}},"10":{"start":{"line":30,"column":4},"end":{"line":33,"column":5}},"11":{"start":{"line":31,"column":6},"end":{"line":31,"column":39}},"12":{"start":{"line":32,"column":6},"end":{"line":32,"column":38}},"13":{"start":{"line":34,"column":4},"end":{"line":34,"column":33}}},"fnMap":{"0":{"name":"(anonymous_0)","decl":{"start":{"line":14,"column":2},"end":{"line":14,"column":3}},"loc":{"start":{"line":14,"column":14},"end":{"line":20,"column":3}},"line":14},"1":{"name":"(anonymous_1)","decl":{"start":{"line":21,"column":2},"end":{"line":21,"column":3}},"loc":{"start":{"line":21,"column":13},"end":{"line":23,"column":3}},"line":21},"2":{"name":"(anonymous_2)","decl":{"start":{"line":28,"column":2},"end":{"line":28,"column":3}},"loc":{"start":{"line":28,"column":16},"end":{"line":28,"column":24}},"line":28},"3":{"name":"(anonymous_3)","decl":{"start":{"line":29,"column":2},"end":{"line":29,"column":3}},"loc":{"start":{"line":29,"column":13},"end":{"line":35,"column":3}},"line":29}},"branchMap":{"0":{"loc":{"start":{"line":3,"column":19},"end":{"line":3,"column":101}},"type":"binary-expr","locations":[{"start":{"line":3,"column":19},"end":{"line":3,"column":48}},{"start":{"line":3,"column":52},"end":{"line":3,"column":101}}],"line":3},"1":{"loc":{"start":{"line":16,"column":4},"end":{"line":18,"column":5}},"type":"if","locations":[{"start":{"line":16,"column":4},"end":{"line":18,"column":5}},{"start":{},"end":{}}],"line":16},"2":{"loc":{"start":{"line":30,"column":4},"end":{"line":33,"column":5}},"type":"if","locations":[{"start":{"line":30,"column":4},"end":{"line":33,"column":5}},{"start":{},"end":{}}],"line":30},"3":{"loc":{"start":{"line":30,"column":8},"end":{"line":30,"column":55}},"type":"binary-expr","locations":[{"start":{"line":30,"column":8},"end":{"line":30,"column":22}},{"start":{"line":30,"column":26},"end":{"line":30,"column":55}}],"line":30}},"s":{"0":0,"1":0,"2":0,"3":0,"4":0,"5":0,"6":0,"7":0,"8":0,"9":0,"10":0,"11":0,"12":0,"13":0},"f":{"0":0,"1":0,"2":0,"3":0},"b":{"0":[0,0],"1":[0,0],"2":[0,0],"3":[0,0]}}
}
