{"C:\\Users\\bsrim\\OneDrive\\Desktop\\Agrochain_React\\frontend\\agrochain-client\\src\\App.js": {"path":"C:\\Users\\bsrim\\OneDrive\\Desktop\\Agrochain_React\\frontend\\agrochain-client\\src\\App.js","statementMap":{"0":{"start":{"line":21,"column":2},"end":{"line":66,"column":4}}},"fnMap":{"0":{"name":"App","decl":{"start":{"line":20,"column":9},"end":{"line":20,"column":12}},"loc":{"start":{"line":20,"column":15},"end":{"line":67,"column":1}},"line":20}},"branchMap":{},"s":{"0":0},"f":{"0":0},"b":{}}
,"C:\\Users\\bsrim\\OneDrive\\Desktop\\Agrochain_React\\frontend\\agrochain-client\\src\\index.js": {"path":"C:\\Users\\bsrim\\OneDrive\\Desktop\\Agrochain_React\\frontend\\agrochain-client\\src\\index.js","statementMap":{"0":{"start":{"line":9,"column":25},"end":{"line":9,"column":99}},"1":{"start":{"line":11,"column":13},"end":{"line":11,"column":65}},"2":{"start":{"line":12,"column":0},"end":{"line":20,"column":2}}},"fnMap":{},"branchMap":{},"s":{"0":0,"1":0,"2":0},"f":{},"b":{}}
,"C:\\Users\\bsrim\\OneDrive\\Desktop\\Agrochain_React\\frontend\\agrochain-client\\src\\components\\Footer.jsx": {"path":"C:\\Users\\bsrim\\OneDrive\\Desktop\\Agrochain_React\\frontend\\agrochain-client\\src\\components\\Footer.jsx","statementMap":{"0":{"start":{"line":8,"column":15},"end":{"line":58,"column":1}},"1":{"start":{"line":9,"column":2},"end":{"line":57,"column":4}}},"fnMap":{"0":{"name":"(anonymous_0)","decl":{"start":{"line":8,"column":15},"end":{"line":8,"column":16}},"loc":{"start":{"line":8,"column":21},"end":{"line":58,"column":1}},"line":8}},"branchMap":{},"s":{"0":0,"1":0},"f":{"0":0},"b":{}}
,"C:\\Users\\bsrim\\OneDrive\\Desktop\\Agrochain_React\\frontend\\agrochain-client\\src\\components\\Navbar.jsx": {"path":"C:\\Users\\bsrim\\OneDrive\\Desktop\\Agrochain_React\\frontend\\agrochain-client\\src\\components\\Navbar.jsx","statementMap":{"0":{"start":{"line":6,"column":15},"end":{"line":55,"column":1}},"1":{"start":{"line":7,"column":48},"end":{"line":7,"column":63}},"2":{"start":{"line":10,"column":2},"end":{"line":19,"column":25}},"3":{"start":{"line":11,"column":22},"end":{"line":11,"column":59}},"4":{"start":{"line":12,"column":4},"end":{"line":12,"column":27}},"5":{"start":{"line":12,"column":20},"end":{"line":12,"column":27}},"6":{"start":{"line":14,"column":4},"end":{"line":18,"column":5}},"7":{"start":{"line":15,"column":6},"end":{"line":15,"column":40}},"8":{"start":{"line":17,"column":6},"end":{"line":17,"column":43}},"9":{"start":{"line":22,"column":20},"end":{"line":24,"column":3}},"10":{"start":{"line":23,"column":4},"end":{"line":23,"column":29}},"11":{"start":{"line":26,"column":2},"end":{"line":54,"column":4}},"12":{"start":{"line":36,"column":23},"end":{"line":36,"column":59}}},"fnMap":{"0":{"name":"(anonymous_0)","decl":{"start":{"line":6,"column":15},"end":{"line":6,"column":16}},"loc":{"start":{"line":6,"column":21},"end":{"line":55,"column":1}},"line":6},"1":{"name":"(anonymous_1)","decl":{"start":{"line":10,"column":12},"end":{"line":10,"column":13}},"loc":{"start":{"line":10,"column":18},"end":{"line":19,"column":3}},"line":10},"2":{"name":"(anonymous_2)","decl":{"start":{"line":22,"column":20},"end":{"line":22,"column":21}},"loc":{"start":{"line":22,"column":26},"end":{"line":24,"column":3}},"line":22},"3":{"name":"(anonymous_3)","decl":{"start":{"line":36,"column":17},"end":{"line":36,"column":18}},"loc":{"start":{"line":36,"column":23},"end":{"line":36,"column":59}},"line":36}},"branchMap":{"0":{"loc":{"start":{"line":12,"column":4},"end":{"line":12,"column":27}},"type":"if","locations":[{"start":{"line":12,"column":4},"end":{"line":12,"column":27}},{"start":{},"end":{}}],"line":12},"1":{"loc":{"start":{"line":14,"column":4},"end":{"line":18,"column":5}},"type":"if","locations":[{"start":{"line":14,"column":4},"end":{"line":18,"column":5}},{"start":{"line":16,"column":11},"end":{"line":18,"column":5}}],"line":14},"2":{"loc":{"start":{"line":38,"column":22},"end":{"line":38,"column":71}},"type":"cond-expr","locations":[{"start":{"line":38,"column":41},"end":{"line":38,"column":55}},{"start":{"line":38,"column":58},"end":{"line":38,"column":71}}],"line":38}},"s":{"0":0,"1":0,"2":0,"3":0,"4":0,"5":0,"6":0,"7":0,"8":0,"9":0,"10":0,"11":0,"12":0},"f":{"0":0,"1":0,"2":0,"3":0},"b":{"0":[0,0],"1":[0,0],"2":[0,0]}}
,"C:\\Users\\bsrim\\OneDrive\\Desktop\\Agrochain_React\\frontend\\agrochain-client\\src\\components\\ProtectedRoute.jsx": {"path":"C:\\Users\\bsrim\\OneDrive\\Desktop\\Agrochain_React\\frontend\\agrochain-client\\src\\components\\ProtectedRoute.jsx","statementMap":{"0":{"start":{"line":5,"column":23},"end":{"line":34,"column":1}},"1":{"start":{"line":6,"column":35},"end":{"line":6,"column":44}},"2":{"start":{"line":8,"column":2},"end":{"line":10,"column":3}},"3":{"start":{"line":9,"column":4},"end":{"line":9,"column":70}},"4":{"start":{"line":12,"column":2},"end":{"line":14,"column":3}},"5":{"start":{"line":13,"column":4},"end":{"line":13,"column":44}},"6":{"start":{"line":17,"column":2},"end":{"line":19,"column":3}},"7":{"start":{"line":18,"column":4},"end":{"line":18,"column":90}},"8":{"start":{"line":22,"column":2},"end":{"line":31,"column":3}},"9":{"start":{"line":24,"column":22},"end":{"line":29,"column":5}},"10":{"start":{"line":30,"column":4},"end":{"line":30,"column":65}},"11":{"start":{"line":33,"column":2},"end":{"line":33,"column":20}}},"fnMap":{"0":{"name":"(anonymous_0)","decl":{"start":{"line":5,"column":23},"end":{"line":5,"column":24}},"loc":{"start":{"line":5,"column":45},"end":{"line":34,"column":1}},"line":5}},"branchMap":{"0":{"loc":{"start":{"line":8,"column":2},"end":{"line":10,"column":3}},"type":"if","locations":[{"start":{"line":8,"column":2},"end":{"line":10,"column":3}},{"start":{},"end":{}}],"line":8},"1":{"loc":{"start":{"line":12,"column":2},"end":{"line":14,"column":3}},"type":"if","locations":[{"start":{"line":12,"column":2},"end":{"line":14,"column":3}},{"start":{},"end":{}}],"line":12},"2":{"loc":{"start":{"line":12,"column":6},"end":{"line":12,"column":21}},"type":"binary-expr","locations":[{"start":{"line":12,"column":6},"end":{"line":12,"column":11}},{"start":{"line":12,"column":15},"end":{"line":12,"column":21}}],"line":12},"3":{"loc":{"start":{"line":17,"column":2},"end":{"line":19,"column":3}},"type":"if","locations":[{"start":{"line":17,"column":2},"end":{"line":19,"column":3}},{"start":{},"end":{}}],"line":17},"4":{"loc":{"start":{"line":18,"column":11},"end":{"line":18,"column":89}},"type":"cond-expr","locations":[{"start":{"line":18,"column":44},"end":{"line":18,"column":54}},{"start":{"line":18,"column":57},"end":{"line":18,"column":89}}],"line":18},"5":{"loc":{"start":{"line":22,"column":2},"end":{"line":31,"column":3}},"type":"if","locations":[{"start":{"line":22,"column":2},"end":{"line":31,"column":3}},{"start":{},"end":{}}],"line":22},"6":{"loc":{"start":{"line":22,"column":6},"end":{"line":22,"column":55}},"type":"binary-expr","locations":[{"start":{"line":22,"column":6},"end":{"line":22,"column":18}},{"start":{"line":22,"column":22},"end":{"line":22,"column":55}}],"line":22},"7":{"loc":{"start":{"line":30,"column":25},"end":{"line":30,"column":52}},"type":"binary-expr","locations":[{"start":{"line":30,"column":25},"end":{"line":30,"column":45}},{"start":{"line":30,"column":49},"end":{"line":30,"column":52}}],"line":30}},"s":{"0":0,"1":0,"2":0,"3":0,"4":0,"5":0,"6":0,"7":0,"8":0,"9":0,"10":0,"11":0},"f":{"0":0},"b":{"0":[0,0],"1":[0,0],"2":[0,0],"3":[0,0],"4":[0,0],"5":[0,0],"6":[0,0],"7":[0,0]}}
,"C:\\Users\\bsrim\\OneDrive\\Desktop\\Agrochain_React\\frontend\\agrochain-client\\src\\components\\PublicNavbar.jsx": {"path":"C:\\Users\\bsrim\\OneDrive\\Desktop\\Agrochain_React\\frontend\\agrochain-client\\src\\components\\PublicNavbar.jsx","statementMap":{"0":{"start":{"line":5,"column":21},"end":{"line":33,"column":1}},"1":{"start":{"line":8,"column":2},"end":{"line":32,"column":4}}},"fnMap":{"0":{"name":"(anonymous_0)","decl":{"start":{"line":5,"column":21},"end":{"line":5,"column":22}},"loc":{"start":{"line":5,"column":27},"end":{"line":33,"column":1}},"line":5}},"branchMap":{},"s":{"0":0,"1":0},"f":{"0":0},"b":{}}
,"C:\\Users\\bsrim\\OneDrive\\Desktop\\Agrochain_React\\frontend\\agrochain-client\\src\\components\\ReviewModal.jsx": {"path":"C:\\Users\\bsrim\\OneDrive\\Desktop\\Agrochain_React\\frontend\\agrochain-client\\src\\components\\ReviewModal.jsx","statementMap":{},"fnMap":{},"branchMap":{},"s":{},"f":{},"b":{}}
,"C:\\Users\\bsrim\\OneDrive\\Desktop\\Agrochain_React\\frontend\\agrochain-client\\src\\context\\AuthContext.jsx": {"path":"C:\\Users\\bsrim\\OneDrive\\Desktop\\Agrochain_React\\frontend\\agrochain-client\\src\\context\\AuthContext.jsx","statementMap":{"0":{"start":{"line":6,"column":27},"end":{"line":6,"column":46}},"1":{"start":{"line":9,"column":28},"end":{"line":102,"column":1}},"2":{"start":{"line":11,"column":19},"end":{"line":11,"column":32}},"3":{"start":{"line":12,"column":54},"end":{"line":12,"column":88}},"4":{"start":{"line":12,"column":77},"end":{"line":12,"column":87}},"5":{"start":{"line":15,"column":32},"end":{"line":15,"column":46}},"6":{"start":{"line":18,"column":2},"end":{"line":38,"column":28}},"7":{"start":{"line":19,"column":4},"end":{"line":36,"column":5}},"8":{"start":{"line":20,"column":25},"end":{"line":20,"column":62}},"9":{"start":{"line":21,"column":26},"end":{"line":21,"column":55}},"10":{"start":{"line":23,"column":6},"end":{"line":31,"column":7}},"11":{"start":{"line":25,"column":8},"end":{"line":30,"column":9}},"12":{"start":{"line":26,"column":10},"end":{"line":29,"column":14}},"13":{"start":{"line":33,"column":6},"end":{"line":33,"column":69}},"14":{"start":{"line":34,"column":6},"end":{"line":34,"column":47}},"15":{"start":{"line":35,"column":6},"end":{"line":35,"column":39}},"16":{"start":{"line":37,"column":4},"end":{"line":37,"column":22}},"17":{"start":{"line":42,"column":16},"end":{"line":57,"column":3}},"18":{"start":{"line":44,"column":18},"end":{"line":44,"column":60}},"19":{"start":{"line":46,"column":4},"end":{"line":49,"column":5}},"20":{"start":{"line":47,"column":6},"end":{"line":47,"column":61}},"21":{"start":{"line":48,"column":6},"end":{"line":48,"column":13}},"22":{"start":{"line":52,"column":4},"end":{"line":52,"column":68}},"23":{"start":{"line":53,"column":4},"end":{"line":53,"column":41}},"24":{"start":{"line":56,"column":4},"end":{"line":56,"column":54}},"25":{"start":{"line":60,"column":17},"end":{"line":70,"column":3}},"26":{"start":{"line":62,"column":4},"end":{"line":62,"column":45}},"27":{"start":{"line":63,"column":4},"end":{"line":63,"column":37}},"28":{"start":{"line":64,"column":4},"end":{"line":64,"column":42}},"29":{"start":{"line":65,"column":4},"end":{"line":65,"column":44}},"30":{"start":{"line":66,"column":4},"end":{"line":66,"column":44}},"31":{"start":{"line":69,"column":4},"end":{"line":69,"column":29}},"32":{"start":{"line":73,"column":28},"end":{"line":82,"column":3}},"33":{"start":{"line":75,"column":24},"end":{"line":75,"column":56}},"34":{"start":{"line":78,"column":4},"end":{"line":78,"column":71}},"35":{"start":{"line":81,"column":4},"end":{"line":81,"column":41}},"36":{"start":{"line":86,"column":16},"end":{"line":94,"column":3}},"37":{"start":{"line":97,"column":2},"end":{"line":101,"column":4}}},"fnMap":{"0":{"name":"(anonymous_0)","decl":{"start":{"line":9,"column":28},"end":{"line":9,"column":29}},"loc":{"start":{"line":9,"column":46},"end":{"line":102,"column":1}},"line":9},"1":{"name":"(anonymous_1)","decl":{"start":{"line":12,"column":66},"end":{"line":12,"column":67}},"loc":{"start":{"line":12,"column":77},"end":{"line":12,"column":87}},"line":12},"2":{"name":"(anonymous_2)","decl":{"start":{"line":18,"column":12},"end":{"line":18,"column":13}},"loc":{"start":{"line":18,"column":18},"end":{"line":38,"column":3}},"line":18},"3":{"name":"(anonymous_3)","decl":{"start":{"line":42,"column":16},"end":{"line":42,"column":17}},"loc":{"start":{"line":42,"column":48},"end":{"line":57,"column":3}},"line":42},"4":{"name":"(anonymous_4)","decl":{"start":{"line":60,"column":17},"end":{"line":60,"column":18}},"loc":{"start":{"line":60,"column":23},"end":{"line":70,"column":3}},"line":60},"5":{"name":"(anonymous_5)","decl":{"start":{"line":73,"column":28},"end":{"line":73,"column":29}},"loc":{"start":{"line":73,"column":45},"end":{"line":82,"column":3}},"line":73}},"branchMap":{"0":{"loc":{"start":{"line":23,"column":6},"end":{"line":31,"column":7}},"type":"if","locations":[{"start":{"line":23,"column":6},"end":{"line":31,"column":7}},{"start":{},"end":{}}],"line":23},"1":{"loc":{"start":{"line":23,"column":10},"end":{"line":23,"column":35}},"type":"binary-expr","locations":[{"start":{"line":23,"column":10},"end":{"line":23,"column":20}},{"start":{"line":23,"column":24},"end":{"line":23,"column":35}}],"line":23},"2":{"loc":{"start":{"line":25,"column":8},"end":{"line":30,"column":9}},"type":"if","locations":[{"start":{"line":25,"column":8},"end":{"line":30,"column":9}},{"start":{},"end":{}}],"line":25},"3":{"loc":{"start":{"line":42,"column":27},"end":{"line":42,"column":43}},"type":"default-arg","locations":[{"start":{"line":42,"column":39},"end":{"line":42,"column":43}}],"line":42},"4":{"loc":{"start":{"line":44,"column":18},"end":{"line":44,"column":60}},"type":"binary-expr","locations":[{"start":{"line":44,"column":18},"end":{"line":44,"column":27}},{"start":{"line":44,"column":31},"end":{"line":44,"column":60}}],"line":44},"5":{"loc":{"start":{"line":46,"column":4},"end":{"line":49,"column":5}},"type":"if","locations":[{"start":{"line":46,"column":4},"end":{"line":49,"column":5}},{"start":{},"end":{}}],"line":46},"6":{"loc":{"start":{"line":99,"column":7},"end":{"line":99,"column":27}},"type":"binary-expr","locations":[{"start":{"line":99,"column":7},"end":{"line":99,"column":15}},{"start":{"line":99,"column":19},"end":{"line":99,"column":27}}],"line":99}},"s":{"0":0,"1":0,"2":0,"3":0,"4":0,"5":0,"6":0,"7":0,"8":0,"9":0,"10":0,"11":0,"12":0,"13":0,"14":0,"15":0,"16":0,"17":0,"18":0,"19":0,"20":0,"21":0,"22":0,"23":0,"24":0,"25":0,"26":0,"27":0,"28":0,"29":0,"30":0,"31":0,"32":0,"33":0,"34":0,"35":0,"36":0,"37":0},"f":{"0":0,"1":0,"2":0,"3":0,"4":0,"5":0},"b":{"0":[0,0],"1":[0,0],"2":[0,0],"3":[0],"4":[0,0],"5":[0,0],"6":[0,0]}}
,"C:\\Users\\bsrim\\OneDrive\\Desktop\\Agrochain_React\\frontend\\agrochain-client\\src\\hooks\\useAuth.jsx": {"path":"C:\\Users\\bsrim\\OneDrive\\Desktop\\Agrochain_React\\frontend\\agrochain-client\\src\\hooks\\useAuth.jsx","statementMap":{"0":{"start":{"line":4,"column":23},"end":{"line":6,"column":1}},"1":{"start":{"line":5,"column":2},"end":{"line":5,"column":33}}},"fnMap":{"0":{"name":"(anonymous_0)","decl":{"start":{"line":4,"column":23},"end":{"line":4,"column":24}},"loc":{"start":{"line":4,"column":29},"end":{"line":6,"column":1}},"line":4}},"branchMap":{},"s":{"0":0,"1":0},"f":{"0":0},"b":{}}
,"C:\\Users\\bsrim\\OneDrive\\Desktop\\Agrochain_React\\frontend\\agrochain-client\\src\\pages\\About.jsx": {"path":"C:\\Users\\bsrim\\OneDrive\\Desktop\\Agrochain_React\\frontend\\agrochain-client\\src\\pages\\About.jsx","statementMap":{"0":{"start":{"line":7,"column":14},"end":{"line":147,"column":1}},"1":{"start":{"line":8,"column":2},"end":{"line":146,"column":4}}},"fnMap":{"0":{"name":"(anonymous_0)","decl":{"start":{"line":7,"column":14},"end":{"line":7,"column":15}},"loc":{"start":{"line":7,"column":20},"end":{"line":147,"column":1}},"line":7}},"branchMap":{},"s":{"0":0,"1":0},"f":{"0":0},"b":{}}
,"C:\\Users\\bsrim\\OneDrive\\Desktop\\Agrochain_React\\frontend\\agrochain-client\\src\\pages\\AdminDashboard.jsx": {"path":"C:\\Users\\bsrim\\OneDrive\\Desktop\\Agrochain_React\\frontend\\agrochain-client\\src\\pages\\AdminDashboard.jsx","statementMap":{"0":{"start":{"line":8,"column":20},"end":{"line":67,"column":1}},"1":{"start":{"line":9,"column":19},"end":{"line":10,"column":54}},"2":{"start":{"line":10,"column":4},"end":{"line":10,"column":54}},"3":{"start":{"line":12,"column":2},"end":{"line":66,"column":4}},"4":{"start":{"line":28,"column":25},"end":{"line":28,"column":48}},"5":{"start":{"line":35,"column":25},"end":{"line":35,"column":43}},"6":{"start":{"line":42,"column":25},"end":{"line":42,"column":47}},"7":{"start":{"line":49,"column":25},"end":{"line":49,"column":54}},"8":{"start":{"line":70,"column":23},"end":{"line":744,"column":1}},"9":{"start":{"line":71,"column":21},"end":{"line":71,"column":30}},"10":{"start":{"line":72,"column":19},"end":{"line":72,"column":32}},"11":{"start":{"line":74,"column":44},"end":{"line":74,"column":65}},"12":{"start":{"line":75,"column":28},"end":{"line":75,"column":40}},"13":{"start":{"line":76,"column":26},"end":{"line":76,"column":38}},"14":{"start":{"line":77,"column":28},"end":{"line":77,"column":42}},"15":{"start":{"line":79,"column":32},"end":{"line":79,"column":46}},"16":{"start":{"line":80,"column":28},"end":{"line":80,"column":42}},"17":{"start":{"line":82,"column":48},"end":{"line":82,"column":60}},"18":{"start":{"line":83,"column":34},"end":{"line":83,"column":46}},"19":{"start":{"line":84,"column":32},"end":{"line":84,"column":44}},"20":{"start":{"line":85,"column":38},"end":{"line":85,"column":53}},"21":{"start":{"line":86,"column":36},"end":{"line":86,"column":67}},"22":{"start":{"line":88,"column":38},"end":{"line":88,"column":50}},"23":{"start":{"line":89,"column":38},"end":{"line":89,"column":53}},"24":{"start":{"line":91,"column":44},"end":{"line":91,"column":56}},"25":{"start":{"line":92,"column":48},"end":{"line":92,"column":63}},"26":{"start":{"line":93,"column":44},"end":{"line":93,"column":56}},"27":{"start":{"line":96,"column":22},"end":{"line":119,"column":8}},"28":{"start":{"line":97,"column":4},"end":{"line":97,"column":38}},"29":{"start":{"line":97,"column":21},"end":{"line":97,"column":38}},"30":{"start":{"line":98,"column":4},"end":{"line":118,"column":5}},"31":{"start":{"line":99,"column":53},"end":{"line":104,"column":8}},"32":{"start":{"line":106,"column":6},"end":{"line":106,"column":30}},"33":{"start":{"line":107,"column":6},"end":{"line":107,"column":28}},"34":{"start":{"line":108,"column":6},"end":{"line":108,"column":39}},"35":{"start":{"line":109,"column":6},"end":{"line":109,"column":30}},"36":{"start":{"line":110,"column":6},"end":{"line":110,"column":21}},"37":{"start":{"line":112,"column":6},"end":{"line":112,"column":55}},"38":{"start":{"line":113,"column":6},"end":{"line":115,"column":7}},"39":{"start":{"line":114,"column":8},"end":{"line":114,"column":82}},"40":{"start":{"line":117,"column":6},"end":{"line":117,"column":41}},"41":{"start":{"line":117,"column":23},"end":{"line":117,"column":41}},"42":{"start":{"line":121,"column":2},"end":{"line":129,"column":20}},"43":{"start":{"line":122,"column":4},"end":{"line":122,"column":22}},"44":{"start":{"line":124,"column":23},"end":{"line":126,"column":13}},"45":{"start":{"line":125,"column":6},"end":{"line":125,"column":25}},"46":{"start":{"line":128,"column":4},"end":{"line":128,"column":43}},"47":{"start":{"line":128,"column":17},"end":{"line":128,"column":42}},"48":{"start":{"line":131,"column":24},"end":{"line":136,"column":3}},"49":{"start":{"line":132,"column":4},"end":{"line":135,"column":5}},"50":{"start":{"line":133,"column":6},"end":{"line":133,"column":15}},"51":{"start":{"line":134,"column":6},"end":{"line":134,"column":25}},"52":{"start":{"line":138,"column":25},"end":{"line":140,"column":3}},"53":{"start":{"line":139,"column":4},"end":{"line":139,"column":30}},"54":{"start":{"line":142,"column":27},"end":{"line":152,"column":3}},"55":{"start":{"line":143,"column":4},"end":{"line":145,"column":5}},"56":{"start":{"line":144,"column":6},"end":{"line":144,"column":13}},"57":{"start":{"line":146,"column":4},"end":{"line":151,"column":5}},"58":{"start":{"line":147,"column":6},"end":{"line":147,"column":49}},"59":{"start":{"line":148,"column":6},"end":{"line":148,"column":63}},"60":{"start":{"line":148,"column":25},"end":{"line":148,"column":61}},"61":{"start":{"line":148,"column":44},"end":{"line":148,"column":60}},"62":{"start":{"line":150,"column":6},"end":{"line":150,"column":64}},"63":{"start":{"line":154,"column":33},"end":{"line":166,"column":3}},"64":{"start":{"line":155,"column":4},"end":{"line":165,"column":5}},"65":{"start":{"line":156,"column":18},"end":{"line":156,"column":62}},"66":{"start":{"line":157,"column":27},"end":{"line":157,"column":35}},"67":{"start":{"line":158,"column":6},"end":{"line":162,"column":8}},"68":{"start":{"line":159,"column":8},"end":{"line":161,"column":9}},"69":{"start":{"line":160,"column":10},"end":{"line":160,"column":51}},"70":{"start":{"line":164,"column":6},"end":{"line":164,"column":71}},"71":{"start":{"line":168,"column":34},"end":{"line":182,"column":3}},"72":{"start":{"line":169,"column":4},"end":{"line":169,"column":33}},"73":{"start":{"line":169,"column":26},"end":{"line":169,"column":33}},"74":{"start":{"line":170,"column":4},"end":{"line":170,"column":24}},"75":{"start":{"line":171,"column":4},"end":{"line":171,"column":40}},"76":{"start":{"line":172,"column":4},"end":{"line":180,"column":5}},"77":{"start":{"line":173,"column":18},"end":{"line":173,"column":108}},"78":{"start":{"line":174,"column":6},"end":{"line":174,"column":71}},"79":{"start":{"line":174,"column":35},"end":{"line":174,"column":69}},"80":{"start":{"line":175,"column":6},"end":{"line":175,"column":22}},"81":{"start":{"line":176,"column":6},"end":{"line":176,"column":21}},"82":{"start":{"line":177,"column":6},"end":{"line":177,"column":85}},"83":{"start":{"line":179,"column":6},"end":{"line":179,"column":102}},"84":{"start":{"line":181,"column":4},"end":{"line":181,"column":25}},"85":{"start":{"line":184,"column":37},"end":{"line":192,"column":3}},"86":{"start":{"line":185,"column":4},"end":{"line":185,"column":72}},"87":{"start":{"line":185,"column":65},"end":{"line":185,"column":72}},"88":{"start":{"line":186,"column":4},"end":{"line":191,"column":5}},"89":{"start":{"line":187,"column":6},"end":{"line":187,"column":58}},"90":{"start":{"line":188,"column":6},"end":{"line":188,"column":72}},"91":{"start":{"line":188,"column":35},"end":{"line":188,"column":70}},"92":{"start":{"line":188,"column":54},"end":{"line":188,"column":69}},"93":{"start":{"line":190,"column":6},"end":{"line":190,"column":74}},"94":{"start":{"line":194,"column":24},"end":{"line":196,"column":3}},"95":{"start":{"line":195,"column":4},"end":{"line":195,"column":22}},"96":{"start":{"line":198,"column":24},"end":{"line":209,"column":37}},"97":{"start":{"line":199,"column":4},"end":{"line":208,"column":7}},"98":{"start":{"line":201,"column":8},"end":{"line":204,"column":65}},"99":{"start":{"line":206,"column":8},"end":{"line":206,"column":53}},"100":{"start":{"line":207,"column":6},"end":{"line":207,"column":42}},"101":{"start":{"line":211,"column":23},"end":{"line":227,"column":59}},"102":{"start":{"line":212,"column":4},"end":{"line":226,"column":7}},"103":{"start":{"line":214,"column":8},"end":{"line":217,"column":48}},"104":{"start":{"line":219,"column":8},"end":{"line":220,"column":42}},"105":{"start":{"line":222,"column":8},"end":{"line":224,"column":23}},"106":{"start":{"line":225,"column":6},"end":{"line":225,"column":57}},"107":{"start":{"line":230,"column":2},"end":{"line":743,"column":4}},"108":{"start":{"line":247,"column":62},"end":{"line":247,"column":79}},"109":{"start":{"line":411,"column":18},"end":{"line":423,"column":24}},"110":{"start":{"line":443,"column":31},"end":{"line":443,"column":60}},"111":{"start":{"line":447,"column":31},"end":{"line":447,"column":60}},"112":{"start":{"line":479,"column":18},"end":{"line":520,"column":23}},"113":{"start":{"line":507,"column":39},"end":{"line":507,"column":68}},"114":{"start":{"line":514,"column":26},"end":{"line":514,"column":58}},"115":{"start":{"line":540,"column":31},"end":{"line":540,"column":63}},"116":{"start":{"line":544,"column":31},"end":{"line":544,"column":65}},"117":{"start":{"line":557,"column":31},"end":{"line":557,"column":63}},"118":{"start":{"line":580,"column":18},"end":{"line":595,"column":23}},"119":{"start":{"line":622,"column":35},"end":{"line":622,"column":62}},"120":{"start":{"line":624,"column":36},"end":{"line":624,"column":82}},"121":{"start":{"line":640,"column":35},"end":{"line":640,"column":61}},"122":{"start":{"line":642,"column":36},"end":{"line":642,"column":82}},"123":{"start":{"line":715,"column":20},"end":{"line":733,"column":25}},"124":{"start":{"line":728,"column":41},"end":{"line":728,"column":87}}},"fnMap":{"0":{"name":"(anonymous_0)","decl":{"start":{"line":8,"column":20},"end":{"line":8,"column":21}},"loc":{"start":{"line":8,"column":66},"end":{"line":67,"column":1}},"line":8},"1":{"name":"(anonymous_1)","decl":{"start":{"line":9,"column":19},"end":{"line":9,"column":20}},"loc":{"start":{"line":10,"column":4},"end":{"line":10,"column":54}},"line":10},"2":{"name":"(anonymous_2)","decl":{"start":{"line":28,"column":19},"end":{"line":28,"column":20}},"loc":{"start":{"line":28,"column":25},"end":{"line":28,"column":48}},"line":28},"3":{"name":"(anonymous_3)","decl":{"start":{"line":35,"column":19},"end":{"line":35,"column":20}},"loc":{"start":{"line":35,"column":25},"end":{"line":35,"column":43}},"line":35},"4":{"name":"(anonymous_4)","decl":{"start":{"line":42,"column":19},"end":{"line":42,"column":20}},"loc":{"start":{"line":42,"column":25},"end":{"line":42,"column":47}},"line":42},"5":{"name":"(anonymous_5)","decl":{"start":{"line":49,"column":19},"end":{"line":49,"column":20}},"loc":{"start":{"line":49,"column":25},"end":{"line":49,"column":54}},"line":49},"6":{"name":"(anonymous_6)","decl":{"start":{"line":70,"column":23},"end":{"line":70,"column":24}},"loc":{"start":{"line":70,"column":29},"end":{"line":744,"column":1}},"line":70},"7":{"name":"(anonymous_7)","decl":{"start":{"line":96,"column":34},"end":{"line":96,"column":35}},"loc":{"start":{"line":96,"column":65},"end":{"line":119,"column":3}},"line":96},"8":{"name":"(anonymous_8)","decl":{"start":{"line":121,"column":12},"end":{"line":121,"column":13}},"loc":{"start":{"line":121,"column":18},"end":{"line":129,"column":3}},"line":121},"9":{"name":"(anonymous_9)","decl":{"start":{"line":124,"column":35},"end":{"line":124,"column":36}},"loc":{"start":{"line":124,"column":41},"end":{"line":126,"column":5}},"line":124},"10":{"name":"(anonymous_10)","decl":{"start":{"line":128,"column":11},"end":{"line":128,"column":12}},"loc":{"start":{"line":128,"column":17},"end":{"line":128,"column":42}},"line":128},"11":{"name":"(anonymous_11)","decl":{"start":{"line":131,"column":24},"end":{"line":131,"column":25}},"loc":{"start":{"line":131,"column":30},"end":{"line":136,"column":3}},"line":131},"12":{"name":"(anonymous_12)","decl":{"start":{"line":138,"column":25},"end":{"line":138,"column":26}},"loc":{"start":{"line":138,"column":38},"end":{"line":140,"column":3}},"line":138},"13":{"name":"(anonymous_13)","decl":{"start":{"line":142,"column":27},"end":{"line":142,"column":28}},"loc":{"start":{"line":142,"column":52},"end":{"line":152,"column":3}},"line":142},"14":{"name":"(anonymous_14)","decl":{"start":{"line":148,"column":15},"end":{"line":148,"column":16}},"loc":{"start":{"line":148,"column":25},"end":{"line":148,"column":61}},"line":148},"15":{"name":"(anonymous_15)","decl":{"start":{"line":148,"column":37},"end":{"line":148,"column":38}},"loc":{"start":{"line":148,"column":44},"end":{"line":148,"column":60}},"line":148},"16":{"name":"(anonymous_16)","decl":{"start":{"line":154,"column":33},"end":{"line":154,"column":34}},"loc":{"start":{"line":154,"column":51},"end":{"line":166,"column":3}},"line":154},"17":{"name":"(anonymous_17)","decl":{"start":{"line":158,"column":15},"end":{"line":158,"column":16}},"loc":{"start":{"line":159,"column":8},"end":{"line":161,"column":9}},"line":159},"18":{"name":"(anonymous_18)","decl":{"start":{"line":159,"column":17},"end":{"line":159,"column":18}},"loc":{"start":{"line":160,"column":10},"end":{"line":160,"column":51}},"line":160},"19":{"name":"(anonymous_19)","decl":{"start":{"line":168,"column":34},"end":{"line":168,"column":35}},"loc":{"start":{"line":168,"column":46},"end":{"line":182,"column":3}},"line":168},"20":{"name":"(anonymous_20)","decl":{"start":{"line":174,"column":25},"end":{"line":174,"column":26}},"loc":{"start":{"line":174,"column":35},"end":{"line":174,"column":69}},"line":174},"21":{"name":"(anonymous_21)","decl":{"start":{"line":184,"column":37},"end":{"line":184,"column":38}},"loc":{"start":{"line":184,"column":61},"end":{"line":192,"column":3}},"line":184},"22":{"name":"(anonymous_22)","decl":{"start":{"line":188,"column":25},"end":{"line":188,"column":26}},"loc":{"start":{"line":188,"column":35},"end":{"line":188,"column":70}},"line":188},"23":{"name":"(anonymous_23)","decl":{"start":{"line":188,"column":47},"end":{"line":188,"column":48}},"loc":{"start":{"line":188,"column":54},"end":{"line":188,"column":69}},"line":188},"24":{"name":"(anonymous_24)","decl":{"start":{"line":194,"column":24},"end":{"line":194,"column":25}},"loc":{"start":{"line":194,"column":30},"end":{"line":196,"column":3}},"line":194},"25":{"name":"(anonymous_25)","decl":{"start":{"line":198,"column":32},"end":{"line":198,"column":33}},"loc":{"start":{"line":198,"column":38},"end":{"line":209,"column":3}},"line":198},"26":{"name":"(anonymous_26)","decl":{"start":{"line":199,"column":24},"end":{"line":199,"column":25}},"loc":{"start":{"line":199,"column":31},"end":{"line":208,"column":5}},"line":199},"27":{"name":"(anonymous_27)","decl":{"start":{"line":211,"column":31},"end":{"line":211,"column":32}},"loc":{"start":{"line":211,"column":37},"end":{"line":227,"column":3}},"line":211},"28":{"name":"(anonymous_28)","decl":{"start":{"line":212,"column":23},"end":{"line":212,"column":24}},"loc":{"start":{"line":212,"column":32},"end":{"line":226,"column":5}},"line":212},"29":{"name":"(anonymous_29)","decl":{"start":{"line":247,"column":56},"end":{"line":247,"column":57}},"loc":{"start":{"line":247,"column":62},"end":{"line":247,"column":79}},"line":247},"30":{"name":"(anonymous_30)","decl":{"start":{"line":410,"column":47},"end":{"line":410,"column":48}},"loc":{"start":{"line":411,"column":18},"end":{"line":423,"column":24}},"line":411},"31":{"name":"(anonymous_31)","decl":{"start":{"line":443,"column":24},"end":{"line":443,"column":25}},"loc":{"start":{"line":443,"column":31},"end":{"line":443,"column":60}},"line":443},"32":{"name":"(anonymous_32)","decl":{"start":{"line":447,"column":24},"end":{"line":447,"column":25}},"loc":{"start":{"line":447,"column":31},"end":{"line":447,"column":60}},"line":447},"33":{"name":"(anonymous_33)","decl":{"start":{"line":478,"column":35},"end":{"line":478,"column":36}},"loc":{"start":{"line":479,"column":18},"end":{"line":520,"column":23}},"line":479},"34":{"name":"(anonymous_34)","decl":{"start":{"line":507,"column":33},"end":{"line":507,"column":34}},"loc":{"start":{"line":507,"column":39},"end":{"line":507,"column":68}},"line":507},"35":{"name":"(anonymous_35)","decl":{"start":{"line":513,"column":33},"end":{"line":513,"column":34}},"loc":{"start":{"line":514,"column":26},"end":{"line":514,"column":58}},"line":514},"36":{"name":"(anonymous_36)","decl":{"start":{"line":540,"column":24},"end":{"line":540,"column":25}},"loc":{"start":{"line":540,"column":31},"end":{"line":540,"column":63}},"line":540},"37":{"name":"(anonymous_37)","decl":{"start":{"line":544,"column":24},"end":{"line":544,"column":25}},"loc":{"start":{"line":544,"column":31},"end":{"line":544,"column":65}},"line":544},"38":{"name":"(anonymous_38)","decl":{"start":{"line":557,"column":24},"end":{"line":557,"column":25}},"loc":{"start":{"line":557,"column":31},"end":{"line":557,"column":63}},"line":557},"39":{"name":"(anonymous_39)","decl":{"start":{"line":579,"column":34},"end":{"line":579,"column":35}},"loc":{"start":{"line":580,"column":18},"end":{"line":595,"column":23}},"line":580},"40":{"name":"(anonymous_40)","decl":{"start":{"line":622,"column":28},"end":{"line":622,"column":29}},"loc":{"start":{"line":622,"column":35},"end":{"line":622,"column":62}},"line":622},"41":{"name":"(anonymous_41)","decl":{"start":{"line":624,"column":29},"end":{"line":624,"column":30}},"loc":{"start":{"line":624,"column":36},"end":{"line":624,"column":82}},"line":624},"42":{"name":"(anonymous_42)","decl":{"start":{"line":640,"column":28},"end":{"line":640,"column":29}},"loc":{"start":{"line":640,"column":35},"end":{"line":640,"column":61}},"line":640},"43":{"name":"(anonymous_43)","decl":{"start":{"line":642,"column":29},"end":{"line":642,"column":30}},"loc":{"start":{"line":642,"column":36},"end":{"line":642,"column":82}},"line":642},"44":{"name":"(anonymous_44)","decl":{"start":{"line":714,"column":39},"end":{"line":714,"column":40}},"loc":{"start":{"line":715,"column":20},"end":{"line":733,"column":25}},"line":715},"45":{"name":"(anonymous_45)","decl":{"start":{"line":728,"column":35},"end":{"line":728,"column":36}},"loc":{"start":{"line":728,"column":41},"end":{"line":728,"column":87}},"line":728}},"branchMap":{"0":{"loc":{"start":{"line":10,"column":15},"end":{"line":10,"column":52}},"type":"cond-expr","locations":[{"start":{"line":10,"column":39},"end":{"line":10,"column":47}},{"start":{"line":10,"column":50},"end":{"line":10,"column":52}}],"line":10},"1":{"loc":{"start":{"line":96,"column":41},"end":{"line":96,"column":60}},"type":"default-arg","locations":[{"start":{"line":96,"column":55},"end":{"line":96,"column":60}}],"line":96},"2":{"loc":{"start":{"line":97,"column":4},"end":{"line":97,"column":38}},"type":"if","locations":[{"start":{"line":97,"column":4},"end":{"line":97,"column":38}},{"start":{},"end":{}}],"line":97},"3":{"loc":{"start":{"line":113,"column":6},"end":{"line":115,"column":7}},"type":"if","locations":[{"start":{"line":113,"column":6},"end":{"line":115,"column":7}},{"start":{},"end":{}}],"line":113},"4":{"loc":{"start":{"line":114,"column":17},"end":{"line":114,"column":80}},"type":"binary-expr","locations":[{"start":{"line":114,"column":17},"end":{"line":114,"column":40}},{"start":{"line":114,"column":44},"end":{"line":114,"column":55}},{"start":{"line":114,"column":59},"end":{"line":114,"column":80}}],"line":114},"5":{"loc":{"start":{"line":117,"column":6},"end":{"line":117,"column":41}},"type":"if","locations":[{"start":{"line":117,"column":6},"end":{"line":117,"column":41}},{"start":{},"end":{}}],"line":117},"6":{"loc":{"start":{"line":132,"column":4},"end":{"line":135,"column":5}},"type":"if","locations":[{"start":{"line":132,"column":4},"end":{"line":135,"column":5}},{"start":{},"end":{}}],"line":132},"7":{"loc":{"start":{"line":143,"column":4},"end":{"line":145,"column":5}},"type":"if","locations":[{"start":{"line":143,"column":4},"end":{"line":145,"column":5}},{"start":{},"end":{}}],"line":143},"8":{"loc":{"start":{"line":150,"column":12},"end":{"line":150,"column":62}},"type":"binary-expr","locations":[{"start":{"line":150,"column":12},"end":{"line":150,"column":35}},{"start":{"line":150,"column":39},"end":{"line":150,"column":62}}],"line":150},"9":{"loc":{"start":{"line":160,"column":10},"end":{"line":160,"column":51}},"type":"cond-expr","locations":[{"start":{"line":160,"column":29},"end":{"line":160,"column":47}},{"start":{"line":160,"column":50},"end":{"line":160,"column":51}}],"line":160},"10":{"loc":{"start":{"line":164,"column":12},"end":{"line":164,"column":69}},"type":"binary-expr","locations":[{"start":{"line":164,"column":12},"end":{"line":164,"column":35}},{"start":{"line":164,"column":39},"end":{"line":164,"column":69}}],"line":164},"11":{"loc":{"start":{"line":169,"column":4},"end":{"line":169,"column":33}},"type":"if","locations":[{"start":{"line":169,"column":4},"end":{"line":169,"column":33}},{"start":{},"end":{}}],"line":169},"12":{"loc":{"start":{"line":179,"column":26},"end":{"line":179,"column":83}},"type":"binary-expr","locations":[{"start":{"line":179,"column":26},"end":{"line":179,"column":49}},{"start":{"line":179,"column":53},"end":{"line":179,"column":83}}],"line":179},"13":{"loc":{"start":{"line":185,"column":4},"end":{"line":185,"column":72}},"type":"if","locations":[{"start":{"line":185,"column":4},"end":{"line":185,"column":72}},{"start":{},"end":{}}],"line":185},"14":{"loc":{"start":{"line":190,"column":12},"end":{"line":190,"column":72}},"type":"binary-expr","locations":[{"start":{"line":190,"column":12},"end":{"line":190,"column":35}},{"start":{"line":190,"column":39},"end":{"line":190,"column":72}}],"line":190},"15":{"loc":{"start":{"line":201,"column":8},"end":{"line":204,"column":65}},"type":"binary-expr","locations":[{"start":{"line":201,"column":8},"end":{"line":201,"column":19}},{"start":{"line":202,"column":8},"end":{"line":202,"column":69}},{"start":{"line":203,"column":8},"end":{"line":203,"column":68}},{"start":{"line":204,"column":8},"end":{"line":204,"column":65}}],"line":201},"16":{"loc":{"start":{"line":206,"column":8},"end":{"line":206,"column":53}},"type":"binary-expr","locations":[{"start":{"line":206,"column":8},"end":{"line":206,"column":28}},{"start":{"line":206,"column":32},"end":{"line":206,"column":53}}],"line":206},"17":{"loc":{"start":{"line":207,"column":13},"end":{"line":207,"column":41}},"type":"binary-expr","locations":[{"start":{"line":207,"column":13},"end":{"line":207,"column":26}},{"start":{"line":207,"column":30},"end":{"line":207,"column":41}}],"line":207},"18":{"loc":{"start":{"line":214,"column":8},"end":{"line":217,"column":48}},"type":"binary-expr","locations":[{"start":{"line":214,"column":8},"end":{"line":214,"column":22}},{"start":{"line":215,"column":8},"end":{"line":217,"column":48}}],"line":214},"19":{"loc":{"start":{"line":219,"column":8},"end":{"line":220,"column":42}},"type":"binary-expr","locations":[{"start":{"line":219,"column":8},"end":{"line":219,"column":33}},{"start":{"line":220,"column":8},"end":{"line":220,"column":42}}],"line":219},"20":{"loc":{"start":{"line":222,"column":8},"end":{"line":224,"column":23}},"type":"binary-expr","locations":[{"start":{"line":222,"column":8},"end":{"line":222,"column":22}},{"start":{"line":223,"column":8},"end":{"line":224,"column":23}}],"line":222},"21":{"loc":{"start":{"line":225,"column":13},"end":{"line":225,"column":56}},"type":"binary-expr","locations":[{"start":{"line":225,"column":13},"end":{"line":225,"column":24}},{"start":{"line":225,"column":28},"end":{"line":225,"column":41}},{"start":{"line":225,"column":45},"end":{"line":225,"column":56}}],"line":225},"22":{"loc":{"start":{"line":239,"column":9},"end":{"line":239,"column":73}},"type":"binary-expr","locations":[{"start":{"line":239,"column":9},"end":{"line":239,"column":16}},{"start":{"line":239,"column":20},"end":{"line":239,"column":73}}],"line":239},"23":{"loc":{"start":{"line":240,"column":9},"end":{"line":240,"column":79}},"type":"binary-expr","locations":[{"start":{"line":240,"column":9},"end":{"line":240,"column":14}},{"start":{"line":240,"column":18},"end":{"line":240,"column":79}}],"line":240},"24":{"loc":{"start":{"line":243,"column":9},"end":{"line":428,"column":9}},"type":"binary-expr","locations":[{"start":{"line":243,"column":9},"end":{"line":243,"column":38}},{"start":{"line":243,"column":42},"end":{"line":243,"column":47}},{"start":{"line":244,"column":10},"end":{"line":427,"column":16}}],"line":243},"25":{"loc":{"start":{"line":254,"column":83},"end":{"line":254,"column":105}},"type":"binary-expr","locations":[{"start":{"line":254,"column":83},"end":{"line":254,"column":100}},{"start":{"line":254,"column":104},"end":{"line":254,"column":105}}],"line":254},"26":{"loc":{"start":{"line":260,"column":81},"end":{"line":260,"column":98}},"type":"binary-expr","locations":[{"start":{"line":260,"column":81},"end":{"line":260,"column":93}},{"start":{"line":260,"column":97},"end":{"line":260,"column":98}}],"line":260},"27":{"loc":{"start":{"line":262,"column":55},"end":{"line":262,"column":81}},"type":"binary-expr","locations":[{"start":{"line":262,"column":55},"end":{"line":262,"column":76}},{"start":{"line":262,"column":80},"end":{"line":262,"column":81}}],"line":262},"28":{"loc":{"start":{"line":263,"column":55},"end":{"line":263,"column":79}},"type":"binary-expr","locations":[{"start":{"line":263,"column":55},"end":{"line":263,"column":74}},{"start":{"line":263,"column":78},"end":{"line":263,"column":79}}],"line":263},"29":{"loc":{"start":{"line":269,"column":81},"end":{"line":269,"column":103}},"type":"binary-expr","locations":[{"start":{"line":269,"column":81},"end":{"line":269,"column":98}},{"start":{"line":269,"column":102},"end":{"line":269,"column":103}}],"line":269},"30":{"loc":{"start":{"line":271,"column":97},"end":{"line":271,"column":115}},"type":"binary-expr","locations":[{"start":{"line":271,"column":97},"end":{"line":271,"column":110}},{"start":{"line":271,"column":114},"end":{"line":271,"column":115}}],"line":271},"31":{"loc":{"start":{"line":272,"column":97},"end":{"line":272,"column":115}},"type":"binary-expr","locations":[{"start":{"line":272,"column":97},"end":{"line":272,"column":110}},{"start":{"line":272,"column":114},"end":{"line":272,"column":115}}],"line":272},"32":{"loc":{"start":{"line":273,"column":97},"end":{"line":273,"column":117}},"type":"binary-expr","locations":[{"start":{"line":273,"column":97},"end":{"line":273,"column":112}},{"start":{"line":273,"column":116},"end":{"line":273,"column":117}}],"line":273},"33":{"loc":{"start":{"line":279,"column":81},"end":{"line":279,"column":100}},"type":"binary-expr","locations":[{"start":{"line":279,"column":81},"end":{"line":279,"column":95}},{"start":{"line":279,"column":99},"end":{"line":279,"column":100}}],"line":279},"34":{"loc":{"start":{"line":296,"column":83},"end":{"line":296,"column":107}},"type":"binary-expr","locations":[{"start":{"line":296,"column":83},"end":{"line":296,"column":102}},{"start":{"line":296,"column":106},"end":{"line":296,"column":107}}],"line":296},"35":{"loc":{"start":{"line":305,"column":81},"end":{"line":305,"column":109}},"type":"binary-expr","locations":[{"start":{"line":305,"column":81},"end":{"line":305,"column":104}},{"start":{"line":305,"column":108},"end":{"line":305,"column":109}}],"line":305},"36":{"loc":{"start":{"line":309,"column":90},"end":{"line":309,"column":112}},"type":"binary-expr","locations":[{"start":{"line":309,"column":90},"end":{"line":309,"column":107}},{"start":{"line":309,"column":111},"end":{"line":309,"column":112}}],"line":309},"37":{"loc":{"start":{"line":309,"column":128},"end":{"line":309,"column":150}},"type":"binary-expr","locations":[{"start":{"line":309,"column":128},"end":{"line":309,"column":145}},{"start":{"line":309,"column":149},"end":{"line":309,"column":150}}],"line":309},"38":{"loc":{"start":{"line":317,"column":83},"end":{"line":317,"column":113}},"type":"binary-expr","locations":[{"start":{"line":317,"column":83},"end":{"line":317,"column":108}},{"start":{"line":317,"column":112},"end":{"line":317,"column":113}}],"line":317},"39":{"loc":{"start":{"line":326,"column":81},"end":{"line":326,"column":107}},"type":"binary-expr","locations":[{"start":{"line":326,"column":81},"end":{"line":326,"column":102}},{"start":{"line":326,"column":106},"end":{"line":326,"column":107}}],"line":326},"40":{"loc":{"start":{"line":335,"column":81},"end":{"line":335,"column":105}},"type":"binary-expr","locations":[{"start":{"line":335,"column":81},"end":{"line":335,"column":100}},{"start":{"line":335,"column":104},"end":{"line":335,"column":105}}],"line":335},"41":{"loc":{"start":{"line":339,"column":88},"end":{"line":339,"column":114}},"type":"binary-expr","locations":[{"start":{"line":339,"column":88},"end":{"line":339,"column":109}},{"start":{"line":339,"column":113},"end":{"line":339,"column":114}}],"line":339},"42":{"loc":{"start":{"line":357,"column":81},"end":{"line":357,"column":105}},"type":"binary-expr","locations":[{"start":{"line":357,"column":81},"end":{"line":357,"column":100}},{"start":{"line":357,"column":104},"end":{"line":357,"column":105}}],"line":357},"43":{"loc":{"start":{"line":366,"column":81},"end":{"line":366,"column":108}},"type":"binary-expr","locations":[{"start":{"line":366,"column":81},"end":{"line":366,"column":103}},{"start":{"line":366,"column":107},"end":{"line":366,"column":108}}],"line":366},"44":{"loc":{"start":{"line":375,"column":81},"end":{"line":375,"column":105}},"type":"binary-expr","locations":[{"start":{"line":375,"column":81},"end":{"line":375,"column":100}},{"start":{"line":375,"column":104},"end":{"line":375,"column":105}}],"line":375},"45":{"loc":{"start":{"line":384,"column":81},"end":{"line":384,"column":113}},"type":"binary-expr","locations":[{"start":{"line":384,"column":81},"end":{"line":384,"column":108}},{"start":{"line":384,"column":112},"end":{"line":384,"column":113}}],"line":384},"46":{"loc":{"start":{"line":388,"column":88},"end":{"line":388,"column":117}},"type":"binary-expr","locations":[{"start":{"line":388,"column":88},"end":{"line":388,"column":112}},{"start":{"line":388,"column":116},"end":{"line":388,"column":117}}],"line":388},"47":{"loc":{"start":{"line":388,"column":123},"end":{"line":388,"column":144}},"type":"binary-expr","locations":[{"start":{"line":388,"column":123},"end":{"line":388,"column":139}},{"start":{"line":388,"column":143},"end":{"line":388,"column":144}}],"line":388},"48":{"loc":{"start":{"line":396,"column":81},"end":{"line":396,"column":107}},"type":"binary-expr","locations":[{"start":{"line":396,"column":81},"end":{"line":396,"column":102}},{"start":{"line":396,"column":106},"end":{"line":396,"column":107}}],"line":396},"49":{"loc":{"start":{"line":407,"column":17},"end":{"line":409,"column":17}},"type":"binary-expr","locations":[{"start":{"line":407,"column":17},"end":{"line":407,"column":55}},{"start":{"line":408,"column":18},"end":{"line":408,"column":102}}],"line":407},"50":{"loc":{"start":{"line":407,"column":18},"end":{"line":407,"column":41}},"type":"binary-expr","locations":[{"start":{"line":407,"column":18},"end":{"line":407,"column":35}},{"start":{"line":407,"column":39},"end":{"line":407,"column":41}}],"line":407},"51":{"loc":{"start":{"line":410,"column":18},"end":{"line":410,"column":41}},"type":"binary-expr","locations":[{"start":{"line":410,"column":18},"end":{"line":410,"column":35}},{"start":{"line":410,"column":39},"end":{"line":410,"column":41}}],"line":410},"52":{"loc":{"start":{"line":433,"column":21},"end":{"line":433,"column":76}},"type":"cond-expr","locations":[{"start":{"line":433,"column":48},"end":{"line":433,"column":64}},{"start":{"line":433,"column":67},"end":{"line":433,"column":76}}],"line":433},"53":{"loc":{"start":{"line":471,"column":17},"end":{"line":477,"column":17}},"type":"binary-expr","locations":[{"start":{"line":471,"column":17},"end":{"line":471,"column":43}},{"start":{"line":472,"column":18},"end":{"line":476,"column":23}}],"line":471},"54":{"loc":{"start":{"line":482,"column":39},"end":{"line":482,"column":55}},"type":"binary-expr","locations":[{"start":{"line":482,"column":39},"end":{"line":482,"column":49}},{"start":{"line":482,"column":53},"end":{"line":482,"column":55}}],"line":482},"55":{"loc":{"start":{"line":488,"column":54},"end":{"line":488,"column":71}},"type":"binary-expr","locations":[{"start":{"line":488,"column":54},"end":{"line":488,"column":60}},{"start":{"line":488,"column":64},"end":{"line":488,"column":71}}],"line":488},"56":{"loc":{"start":{"line":496,"column":26},"end":{"line":498,"column":45}},"type":"cond-expr","locations":[{"start":{"line":497,"column":30},"end":{"line":497,"column":47}},{"start":{"line":498,"column":30},"end":{"line":498,"column":45}}],"line":496},"57":{"loc":{"start":{"line":501,"column":25},"end":{"line":501,"column":69}},"type":"cond-expr","locations":[{"start":{"line":501,"column":48},"end":{"line":501,"column":58}},{"start":{"line":501,"column":61},"end":{"line":501,"column":69}}],"line":501},"58":{"loc":{"start":{"line":509,"column":25},"end":{"line":509,"column":73}},"type":"cond-expr","locations":[{"start":{"line":509,"column":48},"end":{"line":509,"column":58}},{"start":{"line":509,"column":61},"end":{"line":509,"column":73}}],"line":509},"59":{"loc":{"start":{"line":530,"column":21},"end":{"line":530,"column":80}},"type":"cond-expr","locations":[{"start":{"line":530,"column":52},"end":{"line":530,"column":68}},{"start":{"line":530,"column":71},"end":{"line":530,"column":80}}],"line":530},"60":{"loc":{"start":{"line":572,"column":17},"end":{"line":578,"column":17}},"type":"binary-expr","locations":[{"start":{"line":572,"column":17},"end":{"line":572,"column":42}},{"start":{"line":573,"column":18},"end":{"line":577,"column":23}}],"line":572},"61":{"loc":{"start":{"line":605,"column":21},"end":{"line":605,"column":87}},"type":"cond-expr","locations":[{"start":{"line":605,"column":59},"end":{"line":605,"column":75}},{"start":{"line":605,"column":78},"end":{"line":605,"column":87}}],"line":605},"62":{"loc":{"start":{"line":624,"column":36},"end":{"line":624,"column":82}},"type":"binary-expr","locations":[{"start":{"line":624,"column":36},"end":{"line":624,"column":53}},{"start":{"line":624,"column":57},"end":{"line":624,"column":82}}],"line":624},"63":{"loc":{"start":{"line":642,"column":36},"end":{"line":642,"column":82}},"type":"binary-expr","locations":[{"start":{"line":642,"column":36},"end":{"line":642,"column":53}},{"start":{"line":642,"column":57},"end":{"line":642,"column":82}}],"line":642},"64":{"loc":{"start":{"line":654,"column":26},"end":{"line":654,"column":56}},"type":"binary-expr","locations":[{"start":{"line":654,"column":26},"end":{"line":654,"column":36}},{"start":{"line":654,"column":40},"end":{"line":654,"column":56}}],"line":654},"65":{"loc":{"start":{"line":658,"column":30},"end":{"line":658,"column":84}},"type":"cond-expr","locations":[{"start":{"line":658,"column":63},"end":{"line":658,"column":72}},{"start":{"line":658,"column":75},"end":{"line":658,"column":84}}],"line":658},"66":{"loc":{"start":{"line":658,"column":30},"end":{"line":658,"column":60}},"type":"binary-expr","locations":[{"start":{"line":658,"column":30},"end":{"line":658,"column":40}},{"start":{"line":658,"column":44},"end":{"line":658,"column":60}}],"line":658},"67":{"loc":{"start":{"line":663,"column":26},"end":{"line":663,"column":84}},"type":"cond-expr","locations":[{"start":{"line":663,"column":59},"end":{"line":663,"column":72}},{"start":{"line":663,"column":75},"end":{"line":663,"column":84}}],"line":663},"68":{"loc":{"start":{"line":663,"column":26},"end":{"line":663,"column":56}},"type":"binary-expr","locations":[{"start":{"line":663,"column":26},"end":{"line":663,"column":36}},{"start":{"line":663,"column":40},"end":{"line":663,"column":56}}],"line":663},"69":{"loc":{"start":{"line":669,"column":17},"end":{"line":669,"column":66}},"type":"cond-expr","locations":[{"start":{"line":669,"column":30},"end":{"line":669,"column":41}},{"start":{"line":669,"column":44},"end":{"line":669,"column":66}}],"line":669},"70":{"loc":{"start":{"line":673,"column":13},"end":{"line":685,"column":13}},"type":"binary-expr","locations":[{"start":{"line":673,"column":13},"end":{"line":673,"column":26}},{"start":{"line":674,"column":14},"end":{"line":684,"column":20}}],"line":673},"71":{"loc":{"start":{"line":678,"column":28},"end":{"line":678,"column":80}},"type":"cond-expr","locations":[{"start":{"line":678,"column":59},"end":{"line":678,"column":68}},{"start":{"line":678,"column":71},"end":{"line":678,"column":80}}],"line":678},"72":{"loc":{"start":{"line":679,"column":23},"end":{"line":679,"column":75}},"type":"cond-expr","locations":[{"start":{"line":679,"column":54},"end":{"line":679,"column":63}},{"start":{"line":679,"column":66},"end":{"line":679,"column":75}}],"line":679},"73":{"loc":{"start":{"line":707,"column":19},"end":{"line":713,"column":19}},"type":"binary-expr","locations":[{"start":{"line":707,"column":19},"end":{"line":707,"column":47}},{"start":{"line":708,"column":20},"end":{"line":712,"column":25}}],"line":707},"74":{"loc":{"start":{"line":720,"column":64},"end":{"line":720,"column":94}},"type":"cond-expr","locations":[{"start":{"line":720,"column":75},"end":{"line":720,"column":83}},{"start":{"line":720,"column":86},"end":{"line":720,"column":94}}],"line":720},"75":{"loc":{"start":{"line":721,"column":25},"end":{"line":721,"column":40}},"type":"binary-expr","locations":[{"start":{"line":721,"column":25},"end":{"line":721,"column":33}},{"start":{"line":721,"column":37},"end":{"line":721,"column":40}}],"line":721}},"s":{"0":0,"1":0,"2":0,"3":0,"4":0,"5":0,"6":0,"7":0,"8":0,"9":0,"10":0,"11":0,"12":0,"13":0,"14":0,"15":0,"16":0,"17":0,"18":0,"19":0,"20":0,"21":0,"22":0,"23":0,"24":0,"25":0,"26":0,"27":0,"28":0,"29":0,"30":0,"31":0,"32":0,"33":0,"34":0,"35":0,"36":0,"37":0,"38":0,"39":0,"40":0,"41":0,"42":0,"43":0,"44":0,"45":0,"46":0,"47":0,"48":0,"49":0,"50":0,"51":0,"52":0,"53":0,"54":0,"55":0,"56":0,"57":0,"58":0,"59":0,"60":0,"61":0,"62":0,"63":0,"64":0,"65":0,"66":0,"67":0,"68":0,"69":0,"70":0,"71":0,"72":0,"73":0,"74":0,"75":0,"76":0,"77":0,"78":0,"79":0,"80":0,"81":0,"82":0,"83":0,"84":0,"85":0,"86":0,"87":0,"88":0,"89":0,"90":0,"91":0,"92":0,"93":0,"94":0,"95":0,"96":0,"97":0,"98":0,"99":0,"100":0,"101":0,"102":0,"103":0,"104":0,"105":0,"106":0,"107":0,"108":0,"109":0,"110":0,"111":0,"112":0,"113":0,"114":0,"115":0,"116":0,"117":0,"118":0,"119":0,"120":0,"121":0,"122":0,"123":0,"124":0},"f":{"0":0,"1":0,"2":0,"3":0,"4":0,"5":0,"6":0,"7":0,"8":0,"9":0,"10":0,"11":0,"12":0,"13":0,"14":0,"15":0,"16":0,"17":0,"18":0,"19":0,"20":0,"21":0,"22":0,"23":0,"24":0,"25":0,"26":0,"27":0,"28":0,"29":0,"30":0,"31":0,"32":0,"33":0,"34":0,"35":0,"36":0,"37":0,"38":0,"39":0,"40":0,"41":0,"42":0,"43":0,"44":0,"45":0},"b":{"0":[0,0],"1":[0],"2":[0,0],"3":[0,0],"4":[0,0,0],"5":[0,0],"6":[0,0],"7":[0,0],"8":[0,0],"9":[0,0],"10":[0,0],"11":[0,0],"12":[0,0],"13":[0,0],"14":[0,0],"15":[0,0,0,0],"16":[0,0],"17":[0,0],"18":[0,0],"19":[0,0],"20":[0,0],"21":[0,0,0],"22":[0,0],"23":[0,0],"24":[0,0,0],"25":[0,0],"26":[0,0],"27":[0,0],"28":[0,0],"29":[0,0],"30":[0,0],"31":[0,0],"32":[0,0],"33":[0,0],"34":[0,0],"35":[0,0],"36":[0,0],"37":[0,0],"38":[0,0],"39":[0,0],"40":[0,0],"41":[0,0],"42":[0,0],"43":[0,0],"44":[0,0],"45":[0,0],"46":[0,0],"47":[0,0],"48":[0,0],"49":[0,0],"50":[0,0],"51":[0,0],"52":[0,0],"53":[0,0],"54":[0,0],"55":[0,0],"56":[0,0],"57":[0,0],"58":[0,0],"59":[0,0],"60":[0,0],"61":[0,0],"62":[0,0],"63":[0,0],"64":[0,0],"65":[0,0],"66":[0,0],"67":[0,0],"68":[0,0],"69":[0,0],"70":[0,0],"71":[0,0],"72":[0,0],"73":[0,0],"74":[0,0],"75":[0,0]}}
,"C:\\Users\\bsrim\\OneDrive\\Desktop\\Agrochain_React\\frontend\\agrochain-client\\src\\pages\\DealerDashboard.jsx": {"path":"C:\\Users\\bsrim\\OneDrive\\Desktop\\Agrochain_React\\frontend\\agrochain-client\\src\\pages\\DealerDashboard.jsx","statementMap":{"0":{"start":{"line":10,"column":21},"end":{"line":115,"column":1}},"1":{"start":{"line":11,"column":42},"end":{"line":11,"column":57}},"2":{"start":{"line":12,"column":48},"end":{"line":12,"column":63}},"3":{"start":{"line":14,"column":22},"end":{"line":18,"column":5}},"4":{"start":{"line":15,"column":8},"end":{"line":15,"column":28}},"5":{"start":{"line":16,"column":8},"end":{"line":16,"column":30}},"6":{"start":{"line":17,"column":8},"end":{"line":17,"column":33}},"7":{"start":{"line":20,"column":4},"end":{"line":28,"column":22}},"8":{"start":{"line":21,"column":35},"end":{"line":25,"column":9}},"9":{"start":{"line":22,"column":12},"end":{"line":24,"column":13}},"10":{"start":{"line":23,"column":16},"end":{"line":23,"column":38}},"11":{"start":{"line":26,"column":8},"end":{"line":26,"column":63}},"12":{"start":{"line":27,"column":8},"end":{"line":27,"column":79}},"13":{"start":{"line":27,"column":21},"end":{"line":27,"column":78}},"14":{"start":{"line":30,"column":4},"end":{"line":114,"column":6}},"15":{"start":{"line":33,"column":67},"end":{"line":33,"column":101}},"16":{"start":{"line":41,"column":43},"end":{"line":41,"column":62}},"17":{"start":{"line":44,"column":43},"end":{"line":44,"column":64}},"18":{"start":{"line":47,"column":43},"end":{"line":47,"column":62}},"19":{"start":{"line":50,"column":43},"end":{"line":50,"column":65}},"20":{"start":{"line":53,"column":43},"end":{"line":53,"column":70}},"21":{"start":{"line":58,"column":64},"end":{"line":58,"column":81}},"22":{"start":{"line":62,"column":74},"end":{"line":62,"column":94}},"23":{"start":{"line":62,"column":95},"end":{"line":62,"column":124}},"24":{"start":{"line":68,"column":51},"end":{"line":68,"column":71}},"25":{"start":{"line":69,"column":51},"end":{"line":69,"column":69}},"26":{"start":{"line":77,"column":97},"end":{"line":77,"column":121}},"27":{"start":{"line":82,"column":70},"end":{"line":82,"column":94}},"28":{"start":{"line":84,"column":39},"end":{"line":84,"column":58}},"29":{"start":{"line":87,"column":39},"end":{"line":87,"column":60}},"30":{"start":{"line":90,"column":39},"end":{"line":90,"column":58}},"31":{"start":{"line":93,"column":39},"end":{"line":93,"column":61}},"32":{"start":{"line":96,"column":39},"end":{"line":96,"column":66}},"33":{"start":{"line":99,"column":39},"end":{"line":99,"column":56}},"34":{"start":{"line":103,"column":39},"end":{"line":103,"column":59}},"35":{"start":{"line":106,"column":39},"end":{"line":106,"column":57}},"36":{"start":{"line":118,"column":24},"end":{"line":866,"column":1}},"37":{"start":{"line":119,"column":29},"end":{"line":119,"column":38}},"38":{"start":{"line":120,"column":21},"end":{"line":120,"column":34}},"39":{"start":{"line":123,"column":46},"end":{"line":123,"column":64}},"40":{"start":{"line":126,"column":42},"end":{"line":126,"column":54}},"41":{"start":{"line":127,"column":42},"end":{"line":127,"column":54}},"42":{"start":{"line":128,"column":38},"end":{"line":128,"column":50}},"43":{"start":{"line":129,"column":48},"end":{"line":129,"column":60}},"44":{"start":{"line":130,"column":34},"end":{"line":130,"column":48}},"45":{"start":{"line":131,"column":34},"end":{"line":131,"column":48}},"46":{"start":{"line":134,"column":21},"end":{"line":134,"column":34}},"47":{"start":{"line":135,"column":40},"end":{"line":135,"column":74}},"48":{"start":{"line":135,"column":63},"end":{"line":135,"column":73}},"49":{"start":{"line":136,"column":32},"end":{"line":136,"column":102}},"50":{"start":{"line":136,"column":47},"end":{"line":136,"column":101}},"51":{"start":{"line":139,"column":34},"end":{"line":139,"column":105}},"52":{"start":{"line":140,"column":54},"end":{"line":140,"column":66}},"53":{"start":{"line":141,"column":30},"end":{"line":150,"column":6}},"54":{"start":{"line":151,"column":44},"end":{"line":151,"column":58}},"55":{"start":{"line":154,"column":50},"end":{"line":154,"column":119}},"56":{"start":{"line":155,"column":36},"end":{"line":155,"column":47}},"57":{"start":{"line":158,"column":24},"end":{"line":178,"column":14}},"58":{"start":{"line":159,"column":8},"end":{"line":159,"column":26}},"59":{"start":{"line":159,"column":19},"end":{"line":159,"column":26}},"60":{"start":{"line":160,"column":8},"end":{"line":160,"column":25}},"61":{"start":{"line":161,"column":8},"end":{"line":177,"column":9}},"62":{"start":{"line":162,"column":58},"end":{"line":167,"column":14}},"63":{"start":{"line":168,"column":12},"end":{"line":168,"column":41}},"64":{"start":{"line":169,"column":12},"end":{"line":169,"column":40}},"65":{"start":{"line":170,"column":12},"end":{"line":170,"column":37}},"66":{"start":{"line":171,"column":12},"end":{"line":171,"column":55}},"67":{"start":{"line":172,"column":12},"end":{"line":172,"column":46}},"68":{"start":{"line":174,"column":12},"end":{"line":174,"column":54}},"69":{"start":{"line":176,"column":12},"end":{"line":176,"column":30}},"70":{"start":{"line":181,"column":4},"end":{"line":181,"column":55}},"71":{"start":{"line":181,"column":22},"end":{"line":181,"column":36}},"72":{"start":{"line":184,"column":4},"end":{"line":184,"column":73}},"73":{"start":{"line":184,"column":22},"end":{"line":184,"column":57}},"74":{"start":{"line":185,"column":4},"end":{"line":185,"column":97}},"75":{"start":{"line":185,"column":22},"end":{"line":185,"column":83}},"76":{"start":{"line":188,"column":4},"end":{"line":282,"column":42}},"77":{"start":{"line":189,"column":8},"end":{"line":189,"column":26}},"78":{"start":{"line":189,"column":19},"end":{"line":189,"column":26}},"79":{"start":{"line":191,"column":29},"end":{"line":276,"column":9}},"80":{"start":{"line":192,"column":13},"end":{"line":275,"column":63}},"81":{"start":{"line":194,"column":34},"end":{"line":194,"column":79}},"82":{"start":{"line":195,"column":37},"end":{"line":195,"column":51}},"83":{"start":{"line":197,"column":16},"end":{"line":253,"column":19}},"84":{"start":{"line":198,"column":38},"end":{"line":198,"column":53}},"85":{"start":{"line":199,"column":37},"end":{"line":199,"column":42}},"86":{"start":{"line":201,"column":20},"end":{"line":250,"column":23}},"87":{"start":{"line":202,"column":46},"end":{"line":202,"column":107}},"88":{"start":{"line":202,"column":71},"end":{"line":202,"column":106}},"89":{"start":{"line":204,"column":24},"end":{"line":249,"column":25}},"90":{"start":{"line":205,"column":47},"end":{"line":205,"column":71}},"91":{"start":{"line":206,"column":28},"end":{"line":222,"column":29}},"92":{"start":{"line":209,"column":32},"end":{"line":209,"column":50}},"93":{"start":{"line":210,"column":32},"end":{"line":221,"column":34}},"94":{"start":{"line":224,"column":28},"end":{"line":224,"column":46}},"95":{"start":{"line":225,"column":28},"end":{"line":248,"column":31}},"96":{"start":{"line":252,"column":20},"end":{"line":252,"column":63}},"97":{"start":{"line":256,"column":69},"end":{"line":260,"column":18}},"98":{"start":{"line":263,"column":16},"end":{"line":263,"column":49}},"99":{"start":{"line":266,"column":16},"end":{"line":268,"column":17}},"100":{"start":{"line":267,"column":20},"end":{"line":267,"column":66}},"101":{"start":{"line":271,"column":16},"end":{"line":273,"column":17}},"102":{"start":{"line":272,"column":20},"end":{"line":272,"column":62}},"103":{"start":{"line":275,"column":26},"end":{"line":275,"column":61}},"104":{"start":{"line":278,"column":25},"end":{"line":278,"column":56}},"105":{"start":{"line":279,"column":8},"end":{"line":279,"column":23}},"106":{"start":{"line":281,"column":8},"end":{"line":281,"column":45}},"107":{"start":{"line":281,"column":21},"end":{"line":281,"column":44}},"108":{"start":{"line":285,"column":27},"end":{"line":361,"column":5}},"109":{"start":{"line":286,"column":31},"end":{"line":286,"column":32}},"110":{"start":{"line":287,"column":27},"end":{"line":287,"column":28}},"111":{"start":{"line":289,"column":29},"end":{"line":289,"column":31}},"112":{"start":{"line":291,"column":30},"end":{"line":294,"column":9}},"113":{"start":{"line":292,"column":12},"end":{"line":292,"column":48}},"114":{"start":{"line":292,"column":23},"end":{"line":292,"column":48}},"115":{"start":{"line":293,"column":12},"end":{"line":293,"column":31}},"116":{"start":{"line":297,"column":8},"end":{"line":309,"column":11}},"117":{"start":{"line":298,"column":12},"end":{"line":308,"column":13}},"118":{"start":{"line":299,"column":31},"end":{"line":299,"column":131}},"119":{"start":{"line":300,"column":16},"end":{"line":300,"column":43}},"120":{"start":{"line":302,"column":29},"end":{"line":302,"column":113}},"121":{"start":{"line":304,"column":16},"end":{"line":304,"column":122}},"122":{"start":{"line":304,"column":41},"end":{"line":304,"column":122}},"123":{"start":{"line":306,"column":16},"end":{"line":306,"column":76}},"124":{"start":{"line":307,"column":16},"end":{"line":307,"column":56}},"125":{"start":{"line":312,"column":8},"end":{"line":324,"column":11}},"126":{"start":{"line":313,"column":12},"end":{"line":323,"column":15}},"127":{"start":{"line":314,"column":31},"end":{"line":314,"column":89}},"128":{"start":{"line":315,"column":16},"end":{"line":315,"column":39}},"129":{"start":{"line":317,"column":29},"end":{"line":317,"column":77}},"130":{"start":{"line":319,"column":16},"end":{"line":319,"column":122}},"131":{"start":{"line":319,"column":41},"end":{"line":319,"column":122}},"132":{"start":{"line":321,"column":16},"end":{"line":321,"column":74}},"133":{"start":{"line":322,"column":16},"end":{"line":322,"column":57}},"134":{"start":{"line":327,"column":30},"end":{"line":340,"column":46}},"135":{"start":{"line":328,"column":25},"end":{"line":328,"column":43}},"136":{"start":{"line":329,"column":27},"end":{"line":329,"column":61}},"137":{"start":{"line":330,"column":27},"end":{"line":330,"column":86}},"138":{"start":{"line":331,"column":28},"end":{"line":331,"column":84}},"139":{"start":{"line":333,"column":12},"end":{"line":339,"column":14}},"140":{"start":{"line":340,"column":26},"end":{"line":340,"column":45}},"141":{"start":{"line":343,"column":25},"end":{"line":343,"column":48}},"142":{"start":{"line":344,"column":23},"end":{"line":344,"column":46}},"143":{"start":{"line":346,"column":8},"end":{"line":349,"column":11}},"144":{"start":{"line":347,"column":12},"end":{"line":347,"column":103}},"145":{"start":{"line":347,"column":49},"end":{"line":347,"column":103}},"146":{"start":{"line":348,"column":12},"end":{"line":348,"column":95}},"147":{"start":{"line":348,"column":45},"end":{"line":348,"column":95}},"148":{"start":{"line":351,"column":8},"end":{"line":360,"column":10}},"149":{"start":{"line":363,"column":18},"end":{"line":363,"column":34}},"150":{"start":{"line":366,"column":27},"end":{"line":369,"column":5}},"151":{"start":{"line":367,"column":8},"end":{"line":367,"column":34}},"152":{"start":{"line":368,"column":8},"end":{"line":368,"column":30}},"153":{"start":{"line":371,"column":26},"end":{"line":378,"column":5}},"154":{"start":{"line":372,"column":8},"end":{"line":377,"column":9}},"155":{"start":{"line":373,"column":12},"end":{"line":373,"column":21}},"156":{"start":{"line":374,"column":12},"end":{"line":374,"column":50}},"157":{"start":{"line":375,"column":12},"end":{"line":375,"column":52}},"158":{"start":{"line":376,"column":12},"end":{"line":376,"column":31}},"159":{"start":{"line":380,"column":31},"end":{"line":380,"column":95}},"160":{"start":{"line":380,"column":38},"end":{"line":380,"column":95}},"161":{"start":{"line":383,"column":34},"end":{"line":383,"column":90}},"162":{"start":{"line":383,"column":67},"end":{"line":383,"column":80}},"163":{"start":{"line":385,"column":32},"end":{"line":392,"column":5}},"164":{"start":{"line":386,"column":8},"end":{"line":391,"column":11}},"165":{"start":{"line":387,"column":12},"end":{"line":387,"column":53}},"166":{"start":{"line":387,"column":40},"end":{"line":387,"column":53}},"167":{"start":{"line":388,"column":12},"end":{"line":390,"column":94}},"168":{"start":{"line":394,"column":28},"end":{"line":394,"column":98}},"169":{"start":{"line":394,"column":41},"end":{"line":394,"column":98}},"170":{"start":{"line":396,"column":28},"end":{"line":407,"column":5}},"171":{"start":{"line":397,"column":20},"end":{"line":397,"column":62}},"172":{"start":{"line":398,"column":8},"end":{"line":398,"column":74}},"173":{"start":{"line":398,"column":30},"end":{"line":398,"column":74}},"174":{"start":{"line":399,"column":8},"end":{"line":399,"column":83}},"175":{"start":{"line":399,"column":43},"end":{"line":399,"column":83}},"176":{"start":{"line":401,"column":8},"end":{"line":404,"column":12}},"177":{"start":{"line":405,"column":8},"end":{"line":405,"column":74}},"178":{"start":{"line":406,"column":8},"end":{"line":406,"column":31}},"179":{"start":{"line":409,"column":33},"end":{"line":411,"column":5}},"180":{"start":{"line":410,"column":8},"end":{"line":410,"column":69}},"181":{"start":{"line":413,"column":32},"end":{"line":429,"column":5}},"182":{"start":{"line":414,"column":24},"end":{"line":414,"column":65}},"183":{"start":{"line":414,"column":46},"end":{"line":414,"column":64}},"184":{"start":{"line":415,"column":8},"end":{"line":418,"column":9}},"185":{"start":{"line":416,"column":13},"end":{"line":416,"column":57}},"186":{"start":{"line":417,"column":13},"end":{"line":417,"column":20}},"187":{"start":{"line":419,"column":8},"end":{"line":425,"column":12}},"188":{"start":{"line":419,"column":26},"end":{"line":425,"column":10}},"189":{"start":{"line":426,"column":8},"end":{"line":426,"column":39}},"190":{"start":{"line":427,"column":8},"end":{"line":427,"column":54}},"191":{"start":{"line":428,"column":8},"end":{"line":428,"column":33}},"192":{"start":{"line":432,"column":36},"end":{"line":432,"column":116}},"193":{"start":{"line":432,"column":43},"end":{"line":432,"column":116}},"194":{"start":{"line":433,"column":29},"end":{"line":440,"column":5}},"195":{"start":{"line":434,"column":8},"end":{"line":434,"column":27}},"196":{"start":{"line":435,"column":8},"end":{"line":439,"column":56}},"197":{"start":{"line":436,"column":12},"end":{"line":436,"column":110}},"198":{"start":{"line":437,"column":12},"end":{"line":437,"column":92}},"199":{"start":{"line":438,"column":12},"end":{"line":438,"column":26}},"200":{"start":{"line":439,"column":24},"end":{"line":439,"column":54}},"201":{"start":{"line":441,"column":32},"end":{"line":446,"column":5}},"202":{"start":{"line":442,"column":8},"end":{"line":445,"column":9}},"203":{"start":{"line":443,"column":12},"end":{"line":443,"column":69}},"204":{"start":{"line":444,"column":12},"end":{"line":444,"column":26}},"205":{"start":{"line":447,"column":30},"end":{"line":453,"column":5}},"206":{"start":{"line":448,"column":8},"end":{"line":452,"column":9}},"207":{"start":{"line":449,"column":12},"end":{"line":449,"column":72}},"208":{"start":{"line":450,"column":12},"end":{"line":450,"column":26}},"209":{"start":{"line":451,"column":12},"end":{"line":451,"column":98}},"210":{"start":{"line":451,"column":30},"end":{"line":451,"column":96}},"211":{"start":{"line":451,"column":47},"end":{"line":451,"column":95}},"212":{"start":{"line":456,"column":22},"end":{"line":460,"column":5}},"213":{"start":{"line":457,"column":8},"end":{"line":457,"column":30}},"214":{"start":{"line":458,"column":8},"end":{"line":458,"column":42}},"215":{"start":{"line":458,"column":27},"end":{"line":458,"column":42}},"216":{"start":{"line":459,"column":8},"end":{"line":459,"column":45}},"217":{"start":{"line":461,"column":23},"end":{"line":461,"column":98}},"218":{"start":{"line":461,"column":35},"end":{"line":461,"column":73}},"219":{"start":{"line":461,"column":74},"end":{"line":461,"column":96}},"220":{"start":{"line":463,"column":32},"end":{"line":484,"column":5}},"221":{"start":{"line":464,"column":8},"end":{"line":464,"column":27}},"222":{"start":{"line":465,"column":8},"end":{"line":483,"column":68}},"223":{"start":{"line":466,"column":24},"end":{"line":473,"column":14}},"224":{"start":{"line":474,"column":12},"end":{"line":479,"column":20}},"225":{"start":{"line":474,"column":30},"end":{"line":479,"column":18}},"226":{"start":{"line":474,"column":44},"end":{"line":479,"column":17}},"227":{"start":{"line":480,"column":12},"end":{"line":480,"column":40}},"228":{"start":{"line":481,"column":12},"end":{"line":481,"column":26}},"229":{"start":{"line":482,"column":12},"end":{"line":482,"column":39}},"230":{"start":{"line":483,"column":24},"end":{"line":483,"column":66}},"231":{"start":{"line":486,"column":27},"end":{"line":494,"column":5}},"232":{"start":{"line":487,"column":8},"end":{"line":487,"column":27}},"233":{"start":{"line":488,"column":8},"end":{"line":493,"column":53}},"234":{"start":{"line":489,"column":13},"end":{"line":489,"column":100}},"235":{"start":{"line":490,"column":13},"end":{"line":490,"column":146}},"236":{"start":{"line":490,"column":31},"end":{"line":490,"column":144}},"237":{"start":{"line":490,"column":45},"end":{"line":490,"column":143}},"238":{"start":{"line":491,"column":13},"end":{"line":491,"column":31}},"239":{"start":{"line":492,"column":13},"end":{"line":492,"column":34}},"240":{"start":{"line":493,"column":24},"end":{"line":493,"column":51}},"241":{"start":{"line":496,"column":32},"end":{"line":511,"column":5}},"242":{"start":{"line":497,"column":8},"end":{"line":510,"column":9}},"243":{"start":{"line":498,"column":24},"end":{"line":501,"column":14}},"244":{"start":{"line":502,"column":12},"end":{"line":506,"column":13}},"245":{"start":{"line":503,"column":16},"end":{"line":503,"column":52}},"246":{"start":{"line":505,"column":16},"end":{"line":505,"column":57}},"247":{"start":{"line":508,"column":12},"end":{"line":508,"column":56}},"248":{"start":{"line":509,"column":12},"end":{"line":509,"column":117}},"249":{"start":{"line":513,"column":32},"end":{"line":522,"column":5}},"250":{"start":{"line":514,"column":8},"end":{"line":521,"column":9}},"251":{"start":{"line":515,"column":24},"end":{"line":515,"column":83}},"252":{"start":{"line":516,"column":12},"end":{"line":516,"column":33}},"253":{"start":{"line":517,"column":12},"end":{"line":517,"column":38}},"254":{"start":{"line":518,"column":12},"end":{"line":518,"column":51}},"255":{"start":{"line":520,"column":12},"end":{"line":520,"column":72}},"256":{"start":{"line":524,"column":39},"end":{"line":530,"column":5}},"257":{"start":{"line":525,"column":22},"end":{"line":525,"column":58}},"258":{"start":{"line":526,"column":8},"end":{"line":529,"column":9}},"259":{"start":{"line":527,"column":12},"end":{"line":527,"column":129}},"260":{"start":{"line":528,"column":12},"end":{"line":528,"column":26}},"261":{"start":{"line":533,"column":42},"end":{"line":547,"column":5}},"262":{"start":{"line":534,"column":24},"end":{"line":534,"column":132}},"263":{"start":{"line":535,"column":9},"end":{"line":535,"column":37}},"264":{"start":{"line":535,"column":30},"end":{"line":535,"column":37}},"265":{"start":{"line":536,"column":24},"end":{"line":536,"column":42}},"266":{"start":{"line":537,"column":9},"end":{"line":537,"column":87}},"267":{"start":{"line":537,"column":42},"end":{"line":537,"column":87}},"268":{"start":{"line":538,"column":9},"end":{"line":538,"column":104}},"269":{"start":{"line":538,"column":37},"end":{"line":538,"column":104}},"270":{"start":{"line":539,"column":9},"end":{"line":539,"column":46}},"271":{"start":{"line":539,"column":39},"end":{"line":539,"column":46}},"272":{"start":{"line":541,"column":9},"end":{"line":546,"column":10}},"273":{"start":{"line":542,"column":12},"end":{"line":542,"column":136}},"274":{"start":{"line":543,"column":12},"end":{"line":543,"column":26}},"275":{"start":{"line":545,"column":13},"end":{"line":545,"column":73}},"276":{"start":{"line":549,"column":38},"end":{"line":554,"column":5}},"277":{"start":{"line":550,"column":8},"end":{"line":553,"column":9}},"278":{"start":{"line":551,"column":12},"end":{"line":551,"column":119}},"279":{"start":{"line":552,"column":12},"end":{"line":552,"column":26}},"280":{"start":{"line":556,"column":4},"end":{"line":556,"column":105}},"281":{"start":{"line":556,"column":29},"end":{"line":556,"column":105}},"282":{"start":{"line":557,"column":4},"end":{"line":557,"column":59}},"283":{"start":{"line":557,"column":18},"end":{"line":557,"column":59}},"284":{"start":{"line":559,"column":26},"end":{"line":559,"column":82}},"285":{"start":{"line":559,"column":55},"end":{"line":559,"column":78}},"286":{"start":{"line":560,"column":26},"end":{"line":560,"column":114}},"287":{"start":{"line":560,"column":55},"end":{"line":560,"column":110}},"288":{"start":{"line":562,"column":4},"end":{"line":865,"column":6}},"289":{"start":{"line":582,"column":36},"end":{"line":582,"column":83}},"290":{"start":{"line":603,"column":32},"end":{"line":611,"column":34}},"291":{"start":{"line":622,"column":32},"end":{"line":634,"column":38}},"292":{"start":{"line":630,"column":91},"end":{"line":630,"column":116}},"293":{"start":{"line":631,"column":110},"end":{"line":631,"column":140}},"294":{"start":{"line":645,"column":32},"end":{"line":652,"column":34}},"295":{"start":{"line":666,"column":32},"end":{"line":666,"column":226}},"296":{"start":{"line":707,"column":36},"end":{"line":707,"column":133}},"297":{"start":{"line":719,"column":32},"end":{"line":719,"column":109}},"298":{"start":{"line":803,"column":48},"end":{"line":814,"column":53}},"299":{"start":{"line":803,"column":159},"end":{"line":803,"column":203}},"300":{"start":{"line":803,"column":222},"end":{"line":803,"column":270}},"301":{"start":{"line":833,"column":88},"end":{"line":833,"column":121}},"302":{"start":{"line":856,"column":60},"end":{"line":856,"column":80}},"303":{"start":{"line":857,"column":74},"end":{"line":857,"column":101}},"304":{"start":{"line":857,"column":168},"end":{"line":857,"column":199}},"305":{"start":{"line":858,"column":54},"end":{"line":858,"column":71}},"306":{"start":{"line":859,"column":62},"end":{"line":859,"column":83}},"307":{"start":{"line":860,"column":70},"end":{"line":860,"column":95}},"308":{"start":{"line":861,"column":70},"end":{"line":861,"column":95}},"309":{"start":{"line":862,"column":78},"end":{"line":862,"column":107}},"310":{"start":{"line":863,"column":74},"end":{"line":863,"column":101}},"311":{"start":{"line":869,"column":22},"end":{"line":878,"column":1}},"312":{"start":{"line":879,"column":25},"end":{"line":888,"column":1}},"313":{"start":{"line":889,"column":25},"end":{"line":893,"column":1}},"314":{"start":{"line":894,"column":23},"end":{"line":901,"column":1}},"315":{"start":{"line":902,"column":23},"end":{"line":910,"column":1}},"316":{"start":{"line":911,"column":25},"end":{"line":915,"column":1}},"317":{"start":{"line":916,"column":16},"end":{"line":923,"column":1}},"318":{"start":{"line":924,"column":16},"end":{"line":928,"column":1}},"319":{"start":{"line":932,"column":20},"end":{"line":968,"column":1}},"320":{"start":{"line":933,"column":4},"end":{"line":967,"column":10}},"321":{"start":{"line":944,"column":67},"end":{"line":944,"column":98}},"322":{"start":{"line":948,"column":72},"end":{"line":948,"column":117}},"323":{"start":{"line":958,"column":37},"end":{"line":958,"column":77}},"324":{"start":{"line":962,"column":64},"end":{"line":962,"column":84}},"325":{"start":{"line":970,"column":20},"end":{"line":1015,"column":1}},"326":{"start":{"line":971,"column":20},"end":{"line":971,"column":71}},"327":{"start":{"line":972,"column":24},"end":{"line":972,"column":59}},"328":{"start":{"line":974,"column":4},"end":{"line":1014,"column":6}},"329":{"start":{"line":1005,"column":43},"end":{"line":1005,"column":62}},"330":{"start":{"line":1009,"column":39},"end":{"line":1009,"column":60}},"331":{"start":{"line":1018,"column":22},"end":{"line":1066,"column":1}},"332":{"start":{"line":1019,"column":23},"end":{"line":1019,"column":41}},"333":{"start":{"line":1020,"column":23},"end":{"line":1020,"column":79}},"334":{"start":{"line":1022,"column":4},"end":{"line":1065,"column":6}},"335":{"start":{"line":1053,"column":70},"end":{"line":1053,"column":87}},"336":{"start":{"line":1054,"column":70},"end":{"line":1054,"column":89}},"337":{"start":{"line":1055,"column":77},"end":{"line":1055,"column":91}},"338":{"start":{"line":1059,"column":73},"end":{"line":1059,"column":107}},"339":{"start":{"line":1068,"column":29},"end":{"line":1128,"column":1}},"340":{"start":{"line":1069,"column":4},"end":{"line":1069,"column":37}},"341":{"start":{"line":1069,"column":25},"end":{"line":1069,"column":37}},"342":{"start":{"line":1071,"column":4},"end":{"line":1127,"column":6}},"343":{"start":{"line":1073,"column":57},"end":{"line":1073,"column":76}},"344":{"start":{"line":1105,"column":24},"end":{"line":1108,"column":30}},"345":{"start":{"line":1122,"column":86},"end":{"line":1122,"column":100}},"346":{"start":{"line":1130,"column":24},"end":{"line":1237,"column":1}},"347":{"start":{"line":1131,"column":22},"end":{"line":1131,"column":26}},"348":{"start":{"line":1132,"column":17},"end":{"line":1132,"column":21}},"349":{"start":{"line":1134,"column":4},"end":{"line":1174,"column":5}},"350":{"start":{"line":1135,"column":8},"end":{"line":1135,"column":89}},"351":{"start":{"line":1136,"column":8},"end":{"line":1140,"column":10}},"352":{"start":{"line":1137,"column":66},"end":{"line":1137,"column":96}},"35
[...]
7,"column":18},"end":{"line":60,"column":2}},"10":{"start":{"line":32,"column":6},"end":{"line":32,"column":27}},"11":{"start":{"line":33,"column":6},"end":{"line":33,"column":25}},"12":{"start":{"line":36,"column":6},"end":{"line":36,"column":28}},"13":{"start":{"line":37,"column":6},"end":{"line":37,"column":35}},"14":{"start":{"line":38,"column":6},"end":{"line":38,"column":39}},"15":{"start":{"line":39,"column":6},"end":{"line":39,"column":41}},"16":{"start":{"line":40,"column":6},"end":{"line":40,"column":25}},"17":{"start":{"line":41,"column":6},"end":{"line":41,"column":72}},"18":{"start":{"line":42,"column":6},"end":{"line":42,"column":58}},"19":{"start":{"line":45,"column":6},"end":{"line":45,"column":28}},"20":{"start":{"line":46,"column":6},"end":{"line":46,"column":35}},"21":{"start":{"line":49,"column":6},"end":{"line":49,"column":24}},"22":{"start":{"line":50,"column":6},"end":{"line":50,"column":25}},"23":{"start":{"line":51,"column":6},"end":{"line":51,"column":36}},"24":{"start":{"line":52,"column":6},"end":{"line":52,"column":38}},"25":{"start":{"line":53,"column":6},"end":{"line":53,"column":39}},"26":{"start":{"line":56,"column":6},"end":{"line":56,"column":56}},"27":{"start":{"line":57,"column":6},"end":{"line":57,"column":63}},"28":{"start":{"line":62,"column":81},"end":{"line":62,"column":98}}},"fnMap":{"0":{"name":"(anonymous_0)","decl":{"start":{"line":4,"column":21},"end":{"line":4,"column":22}},"loc":{"start":{"line":4,"column":30},"end":{"line":17,"column":1}},"line":4},"1":{"name":"(anonymous_1)","decl":{"start":{"line":31,"column":16},"end":{"line":31,"column":17}},"loc":{"start":{"line":31,"column":27},"end":{"line":34,"column":5}},"line":31},"2":{"name":"(anonymous_2)","decl":{"start":{"line":35,"column":18},"end":{"line":35,"column":19}},"loc":{"start":{"line":35,"column":37},"end":{"line":43,"column":5}},"line":35},"3":{"name":"(anonymous_3)","decl":{"start":{"line":44,"column":18},"end":{"line":44,"column":19}},"loc":{"start":{"line":44,"column":37},"end":{"line":47,"column":5}},"line":44},"4":{"name":"(anonymous_4)","decl":{"start":{"line":48,"column":12},"end":{"line":48,"column":13}},"loc":{"start":{"line":48,"column":23},"end":{"line":54,"column":5}},"line":48},"5":{"name":"(anonymous_5)","decl":{"start":{"line":55,"column":19},"end":{"line":55,"column":20}},"loc":{"start":{"line":55,"column":38},"end":{"line":58,"column":5}},"line":55}},"branchMap":{"0":{"loc":{"start":{"line":7,"column":2},"end":{"line":9,"column":3}},"type":"if","locations":[{"start":{"line":7,"column":2},"end":{"line":9,"column":3}},{"start":{},"end":{}}],"line":7},"1":{"loc":{"start":{"line":21,"column":9},"end":{"line":21,"column":46}},"type":"binary-expr","locations":[{"start":{"line":21,"column":9},"end":{"line":21,"column":38}},{"start":{"line":21,"column":42},"end":{"line":21,"column":46}}],"line":21}},"s":{"0":5,"1":5,"2":5,"3":2,"4":3,"5":3,"6":1,"7":1,"8":5,"9":5,"10":1,"11":1,"12":1,"13":1,"14":1,"15":1,"16":1,"17":1,"18":1,"19":0,"20":0,"21":1,"22":1,"23":1,"24":1,"25":1,"26":1,"27":1,"28":5},"f":{"0":5,"1":1,"2":1,"3":0,"4":1,"5":1},"b":{"0":[2,3],"1":[5,2]},"_coverageSchema":"1a1c01bbd47fc00a2c39e90264f33305004495a9","hash":"d062ff8444fab3878f95dc047e6f4994c7c14b72"}
,"C:\\Users\\bsrim\\OneDrive\\Desktop\\Agrochain_React\\frontend\\agrochain-client\\src\\redux\\slices\\cartSlice.js": {"path":"C:\\Users\\bsrim\\OneDrive\\Desktop\\Agrochain_React\\frontend\\agrochain-client\\src\\redux\\slices\\cartSlice.js","statementMap":{"0":{"start":{"line":4,"column":21},"end":{"line":17,"column":1}},"1":{"start":{"line":5,"column":16},"end":{"line":5,"column":41}},"2":{"start":{"line":7,"column":2},"end":{"line":9,"column":3}},"3":{"start":{"line":8,"column":4},"end":{"line":8,"column":14}},"4":{"start":{"line":11,"column":2},"end":{"line":16,"column":3}},"5":{"start":{"line":12,"column":4},"end":{"line":12,"column":29}},"6":{"start":{"line":14,"column":4},"end":{"line":14,"column":33}},"7":{"start":{"line":15,"column":4},"end":{"line":15,"column":14}},"8":{"start":{"line":19,"column":23},"end":{"line":22,"column":1}},"9":{"start":{"line":20,"column":18},"end":{"line":20,"column":35}},"10":{"start":{"line":21,"column":2},"end":{"line":21,"column":31}},"11":{"start":{"line":24,"column":21},"end":{"line":28,"column":1}},"12":{"start":{"line":30,"column":18},"end":{"line":85,"column":2}},"13":{"start":{"line":35,"column":23},"end":{"line":35,"column":37}},"14":{"start":{"line":36,"column":6},"end":{"line":36,"column":45}},"15":{"start":{"line":37,"column":6},"end":{"line":37,"column":83}},"16":{"start":{"line":37,"column":59},"end":{"line":37,"column":78}},"17":{"start":{"line":38,"column":6},"end":{"line":38,"column":130}},"18":{"start":{"line":38,"column":60},"end":{"line":38,"column":125}},"19":{"start":{"line":41,"column":33},"end":{"line":41,"column":47}},"20":{"start":{"line":42,"column":27},"end":{"line":42,"column":68}},"21":{"start":{"line":42,"column":49},"end":{"line":42,"column":67}},"22":{"start":{"line":44,"column":6},"end":{"line":48,"column":7}},"23":{"start":{"line":45,"column":8},"end":{"line":45,"column":47}},"24":{"start":{"line":47,"column":8},"end":{"line":47,"column":31}},"25":{"start":{"line":50,"column":6},"end":{"line":50,"column":83}},"26":{"start":{"line":50,"column":59},"end":{"line":50,"column":78}},"27":{"start":{"line":51,"column":6},"end":{"line":51,"column":130}},"28":{"start":{"line":51,"column":60},"end":{"line":51,"column":125}},"29":{"start":{"line":53,"column":6},"end":{"line":53,"column":75}},"30":{"start":{"line":56,"column":35},"end":{"line":56,"column":49}},"31":{"start":{"line":57,"column":6},"end":{"line":57,"column":68}},"32":{"start":{"line":57,"column":47},"end":{"line":57,"column":66}},"33":{"start":{"line":59,"column":6},"end":{"line":59,"column":83}},"34":{"start":{"line":59,"column":59},"end":{"line":59,"column":78}},"35":{"start":{"line":60,"column":6},"end":{"line":60,"column":130}},"36":{"start":{"line":60,"column":60},"end":{"line":60,"column":125}},"37":{"start":{"line":62,"column":6},"end":{"line":62,"column":75}},"38":{"start":{"line":65,"column":45},"end":{"line":65,"column":59}},"39":{"start":{"line":66,"column":19},"end":{"line":66,"column":58}},"40":{"start":{"line":66,"column":41},"end":{"line":66,"column":57}},"41":{"start":{"line":68,"column":6},"end":{"line":70,"column":7}},"42":{"start":{"line":69,"column":8},"end":{"line":69,"column":33}},"43":{"start":{"line":72,"column":6},"end":{"line":72,"column":83}},"44":{"start":{"line":72,"column":59},"end":{"line":72,"column":78}},"45":{"start":{"line":73,"column":6},"end":{"line":73,"column":130}},"46":{"start":{"line":73,"column":60},"end":{"line":73,"column":125}},"47":{"start":{"line":75,"column":6},"end":{"line":75,"column":75}},"48":{"start":{"line":78,"column":23},"end":{"line":78,"column":37}},"49":{"start":{"line":79,"column":6},"end":{"line":79,"column":23}},"50":{"start":{"line":80,"column":6},"end":{"line":80,"column":27}},"51":{"start":{"line":81,"column":6},"end":{"line":81,"column":28}},"52":{"start":{"line":82,"column":6},"end":{"line":82,"column":49}},"53":{"start":{"line":87,"column":92},"end":{"line":87,"column":109}}},"fnMap":{"0":{"name":"(anonymous_0)","decl":{"start":{"line":4,"column":21},"end":{"line":4,"column":22}},"loc":{"start":{"line":4,"column":30},"end":{"line":17,"column":1}},"line":4},"1":{"name":"(anonymous_1)","decl":{"start":{"line":19,"column":23},"end":{"line":19,"column":24}},"loc":{"start":{"line":19,"column":37},"end":{"line":22,"column":1}},"line":19},"2":{"name":"(anonymous_2)","decl":{"start":{"line":34,"column":20},"end":{"line":34,"column":21}},"loc":{"start":{"line":34,"column":39},"end":{"line":39,"column":5}},"line":34},"3":{"name":"(anonymous_3)","decl":{"start":{"line":37,"column":44},"end":{"line":37,"column":45}},"loc":{"start":{"line":37,"column":59},"end":{"line":37,"column":78}},"line":37},"4":{"name":"(anonymous_4)","decl":{"start":{"line":38,"column":45},"end":{"line":38,"column":46}},"loc":{"start":{"line":38,"column":60},"end":{"line":38,"column":125}},"line":38},"5":{"name":"(anonymous_5)","decl":{"start":{"line":40,"column":15},"end":{"line":40,"column":16}},"loc":{"start":{"line":40,"column":34},"end":{"line":54,"column":5}},"line":40},"6":{"name":"(anonymous_6)","decl":{"start":{"line":42,"column":44},"end":{"line":42,"column":45}},"loc":{"start":{"line":42,"column":49},"end":{"line":42,"column":67}},"line":42},"7":{"name":"(anonymous_7)","decl":{"start":{"line":50,"column":44},"end":{"line":50,"column":45}},"loc":{"start":{"line":50,"column":59},"end":{"line":50,"column":78}},"line":50},"8":{"name":"(anonymous_8)","decl":{"start":{"line":51,"column":45},"end":{"line":51,"column":46}},"loc":{"start":{"line":51,"column":60},"end":{"line":51,"column":125}},"line":51},"9":{"name":"(anonymous_9)","decl":{"start":{"line":55,"column":20},"end":{"line":55,"column":21}},"loc":{"start":{"line":55,"column":39},"end":{"line":63,"column":5}},"line":55},"10":{"name":"(anonymous_10)","decl":{"start":{"line":57,"column":39},"end":{"line":57,"column":40}},"loc":{"start":{"line":57,"column":47},"end":{"line":57,"column":66}},"line":57},"11":{"name":"(anonymous_11)","decl":{"start":{"line":59,"column":44},"end":{"line":59,"column":45}},"loc":{"start":{"line":59,"column":59},"end":{"line":59,"column":78}},"line":59},"12":{"name":"(anonymous_12)","decl":{"start":{"line":60,"column":45},"end":{"line":60,"column":46}},"loc":{"start":{"line":60,"column":60},"end":{"line":60,"column":125}},"line":60},"13":{"name":"(anonymous_13)","decl":{"start":{"line":64,"column":24},"end":{"line":64,"column":25}},"loc":{"start":{"line":64,"column":43},"end":{"line":76,"column":5}},"line":64},"14":{"name":"(anonymous_14)","decl":{"start":{"line":66,"column":36},"end":{"line":66,"column":37}},"loc":{"start":{"line":66,"column":41},"end":{"line":66,"column":57}},"line":66},"15":{"name":"(anonymous_15)","decl":{"start":{"line":72,"column":44},"end":{"line":72,"column":45}},"loc":{"start":{"line":72,"column":59},"end":{"line":72,"column":78}},"line":72},"16":{"name":"(anonymous_16)","decl":{"start":{"line":73,"column":45},"end":{"line":73,"column":46}},"loc":{"start":{"line":73,"column":60},"end":{"line":73,"column":125}},"line":73},"17":{"name":"(anonymous_17)","decl":{"start":{"line":77,"column":15},"end":{"line":77,"column":16}},"loc":{"start":{"line":77,"column":34},"end":{"line":83,"column":5}},"line":77}},"branchMap":{"0":{"loc":{"start":{"line":7,"column":2},"end":{"line":9,"column":3}},"type":"if","locations":[{"start":{"line":7,"column":2},"end":{"line":9,"column":3}},{"start":{},"end":{}}],"line":7},"1":{"loc":{"start":{"line":38,"column":84},"end":{"line":38,"column":123}},"type":"binary-expr","locations":[{"start":{"line":38,"column":84},"end":{"line":38,"column":100}},{"start":{"line":38,"column":104},"end":{"line":38,"column":118}},{"start":{"line":38,"column":122},"end":{"line":38,"column":123}}],"line":38},"2":{"loc":{"start":{"line":44,"column":6},"end":{"line":48,"column":7}},"type":"if","locations":[{"start":{"line":44,"column":6},"end":{"line":48,"column":7}},{"start":{"line":46,"column":13},"end":{"line":48,"column":7}}],"line":44},"3":{"loc":{"start":{"line":51,"column":84},"end":{"line":51,"column":123}},"type":"binary-expr","locations":[{"start":{"line":51,"column":84},"end":{"line":51,"column":100}},{"start":{"line":51,"column":104},"end":{"line":51,"column":118}},{"start":{"line":51,"column":122},"end":{"line":51,"column":123}}],"line":51},"4":{"loc":{"start":{"line":60,"column":84},"end":{"line":60,"column":123}},"type":"binary-expr","locations":[{"start":{"line":60,"column":84},"end":{"line":60,"column":100}},{"start":{"line":60,"column":104},"end":{"line":60,"column":118}},{"start":{"line":60,"column":122},"end":{"line":60,"column":123}}],"line":60},"5":{"loc":{"start":{"line":68,"column":6},"end":{"line":70,"column":7}},"type":"if","locations":[{"start":{"line":68,"column":6},"end":{"line":70,"column":7}},{"start":{},"end":{}}],"line":68},"6":{"loc":{"start":{"line":73,"column":84},"end":{"line":73,"column":123}},"type":"binary-expr","locations":[{"start":{"line":73,"column":84},"end":{"line":73,"column":100}},{"start":{"line":73,"column":104},"end":{"line":73,"column":118}},{"start":{"line":73,"column":122},"end":{"line":73,"column":123}}],"line":73}},"s":{"0":1,"1":2,"2":2,"3":0,"4":2,"5":2,"6":1,"7":1,"8":1,"9":2,"10":2,"11":1,"12":1,"13":2,"14":2,"15":2,"16":2,"17":2,"18":2,"19":1,"20":1,"21":1,"22":1,"23":1,"24":0,"25":1,"26":1,"27":1,"28":1,"29":1,"30":0,"31":0,"32":0,"33":0,"34":0,"35":0,"36":0,"37":0,"38":1,"39":1,"40":2,"41":1,"42":1,"43":1,"44":2,"45":1,"46":2,"47":1,"48":1,"49":1,"50":1,"51":1,"52":1,"53":1},"f":{"0":2,"1":2,"2":2,"3":2,"4":2,"5":1,"6":1,"7":1,"8":1,"9":0,"10":0,"11":0,"12":0,"13":1,"14":2,"15":2,"16":2,"17":1},"b":{"0":[0,2],"1":[2,1,0],"2":[1,0],"3":[1,1,0],"4":[0,0,0],"5":[1,0],"6":[2,1,0]},"_coverageSchema":"1a1c01bbd47fc00a2c39e90264f33305004495a9","hash":"98d6c68569b763fb475736f0d92ca3f9c2b6d484"}
,"C:\\Users\\bsrim\\OneDrive\\Desktop\\Agrochain_React\\frontend\\agrochain-client\\src\\redux\\slices\\notificationSlice.js": {"path":"C:\\Users\\bsrim\\OneDrive\\Desktop\\Agrochain_React\\frontend\\agrochain-client\\src\\redux\\slices\\notificationSlice.js","statementMap":{"0":{"start":{"line":4,"column":21},"end":{"line":9,"column":1}},"1":{"start":{"line":11,"column":26},"end":{"line":41,"column":2}},"2":{"start":{"line":16,"column":6},"end":{"line":16,"column":43}},"3":{"start":{"line":17,"column":6},"end":{"line":17,"column":69}},"4":{"start":{"line":17,"column":53},"end":{"line":17,"column":60}},"5":{"start":{"line":20,"column":6},"end":{"line":20,"column":50}},"6":{"start":{"line":21,"column":6},"end":{"line":23,"column":7}},"7":{"start":{"line":22,"column":8},"end":{"line":22,"column":31}},"8":{"start":{"line":26,"column":27},"end":{"line":26,"column":81}},"9":{"start":{"line":26,"column":57},"end":{"line":26,"column":80}},"10":{"start":{"line":27,"column":6},"end":{"line":30,"column":7}},"11":{"start":{"line":28,"column":8},"end":{"line":28,"column":33}},"12":{"start":{"line":29,"column":8},"end":{"line":29,"column":31}},"13":{"start":{"line":33,"column":6},"end":{"line":33,"column":54}},"14":{"start":{"line":33,"column":39},"end":{"line":33,"column":52}},"15":{"start":{"line":34,"column":6},"end":{"line":34,"column":28}},"16":{"start":{"line":37,"column":6},"end":{"line":37,"column":31}},"17":{"start":{"line":38,"column":6},"end":{"line":38,"column":28}},"18":{"start":{"line":43,"column":100},"end":{"line":43,"column":125}}},"fnMap":{"0":{"name":"(anonymous_0)","decl":{"start":{"line":15,"column":22},"end":{"line":15,"column":23}},"loc":{"start":{"line":15,"column":41},"end":{"line":18,"column":5}},"line":15},"1":{"name":"(anonymous_1)","decl":{"start":{"line":17,"column":48},"end":{"line":17,"column":49}},"loc":{"start":{"line":17,"column":53},"end":{"line":17,"column":60}},"line":17},"2":{"name":"(anonymous_2)","decl":{"start":{"line":19,"column":21},"end":{"line":19,"column":22}},"loc":{"start":{"line":19,"column":40},"end":{"line":24,"column":5}},"line":19},"3":{"name":"(anonymous_3)","decl":{"start":{"line":25,"column":16},"end":{"line":25,"column":17}},"loc":{"start":{"line":25,"column":35},"end":{"line":31,"column":5}},"line":25},"4":{"name":"(anonymous_4)","decl":{"start":{"line":26,"column":52},"end":{"line":26,"column":53}},"loc":{"start":{"line":26,"column":57},"end":{"line":26,"column":80}},"line":26},"5":{"name":"(anonymous_5)","decl":{"start":{"line":32,"column":19},"end":{"line":32,"column":20}},"loc":{"start":{"line":32,"column":30},"end":{"line":35,"column":5}},"line":32},"6":{"name":"(anonymous_6)","decl":{"start":{"line":33,"column":34},"end":{"line":33,"column":35}},"loc":{"start":{"line":33,"column":39},"end":{"line":33,"column":52}},"line":33},"7":{"name":"(anonymous_7)","decl":{"start":{"line":36,"column":24},"end":{"line":36,"column":25}},"loc":{"start":{"line":36,"column":35},"end":{"line":39,"column":5}},"line":36}},"branchMap":{"0":{"loc":{"start":{"line":21,"column":6},"end":{"line":23,"column":7}},"type":"if","locations":[{"start":{"line":21,"column":6},"end":{"line":23,"column":7}},{"start":{},"end":{}}],"line":21},"1":{"loc":{"start":{"line":27,"column":6},"end":{"line":30,"column":7}},"type":"if","locations":[{"start":{"line":27,"column":6},"end":{"line":30,"column":7}},{"start":{},"end":{}}],"line":27},"2":{"loc":{"start":{"line":27,"column":10},"end":{"line":27,"column":44}},"type":"binary-expr","locations":[{"start":{"line":27,"column":10},"end":{"line":27,"column":22}},{"start":{"line":27,"column":26},"end":{"line":27,"column":44}}],"line":27}},"s":{"0":1,"1":1,"2":1,"3":1,"4":3,"5":1,"6":1,"7":1,"8":2,"9":2,"10":2,"11":1,"12":1,"13":1,"14":2,"15":1,"16":1,"17":1,"18":1},"f":{"0":1,"1":3,"2":1,"3":2,"4":2,"5":1,"6":2,"7":1},"b":{"0":[1,0],"1":[1,1],"2":[2,2]},"_coverageSchema":"1a1c01bbd47fc00a2c39e90264f33305004495a9","hash":"3c8dfd8f14ff5e6c1064527bf7a178b914d1a44b"}
,"C:\\Users\\bsrim\\OneDrive\\Desktop\\Agrochain_React\\frontend\\agrochain-client\\src\\services\\api.jsx": {"path":"C:\\Users\\bsrim\\OneDrive\\Desktop\\Agrochain_React\\frontend\\agrochain-client\\src\\services\\api.jsx","statementMap":{"0":{"start":{"line":3,"column":19},"end":{"line":3,"column":79}},"1":{"start":{"line":5,"column":12},"end":{"line":10,"column":2}},"2":{"start":{"line":13,"column":0},"end":{"line":24,"column":2}},"3":{"start":{"line":15,"column":18},"end":{"line":15,"column":47}},"4":{"start":{"line":16,"column":4},"end":{"line":18,"column":5}},"5":{"start":{"line":17,"column":6},"end":{"line":17,"column":55}},"6":{"start":{"line":19,"column":4},"end":{"line":19,"column":18}},"7":{"start":{"line":22,"column":4},"end":{"line":22,"column":33}},"8":{"start":{"line":27,"column":0},"end":{"line":36,"column":2}},"9":{"start":{"line":28,"column":16},"end":{"line":28,"column":24}},"10":{"start":{"line":30,"column":4},"end":{"line":33,"column":5}},"11":{"start":{"line":31,"column":6},"end":{"line":31,"column":39}},"12":{"start":{"line":32,"column":6},"end":{"line":32,"column":38}},"13":{"start":{"line":34,"column":4},"end":{"line":34,"column":33}}},"fnMap":{"0":{"name":"(anonymous_0)","decl":{"start":{"line":14,"column":2},"end":{"line":14,"column":3}},"loc":{"start":{"line":14,"column":14},"end":{"line":20,"column":3}},"line":14},"1":{"name":"(anonymous_1)","decl":{"start":{"line":21,"column":2},"end":{"line":21,"column":3}},"loc":{"start":{"line":21,"column":13},"end":{"line":23,"column":3}},"line":21},"2":{"name":"(anonymous_2)","decl":{"start":{"line":28,"column":2},"end":{"line":28,"column":3}},"loc":{"start":{"line":28,"column":16},"end":{"line":28,"column":24}},"line":28},"3":{"name":"(anonymous_3)","decl":{"start":{"line":29,"column":2},"end":{"line":29,"column":3}},"loc":{"start":{"line":29,"column":13},"end":{"line":35,"column":3}},"line":29}},"branchMap":{"0":{"loc":{"start":{"line":3,"column":19},"end":{"line":3,"column":79}},"type":"binary-expr","locations":[{"start":{"line":3,"column":19},"end":{"line":3,"column":48}},{"start":{"line":3,"column":52},"end":{"line":3,"column":79}}],"line":3},"1":{"loc":{"start":{"line":16,"column":4},"end":{"line":18,"column":5}},"type":"if","locations":[{"start":{"line":16,"column":4},"end":{"line":18,"column":5}},{"start":{},"end":{}}],"line":16},"2":{"loc":{"start":{"line":30,"column":4},"end":{"line":33,"column":5}},"type":"if","locations":[{"start":{"line":30,"column":4},"end":{"line":33,"column":5}},{"start":{},"end":{}}],"line":30},"3":{"loc":{"start":{"line":30,"column":8},"end":{"line":30,"column":55}},"type":"binary-expr","locations":[{"start":{"line":30,"column":8},"end":{"line":30,"column":22}},{"start":{"line":30,"column":26},"end":{"line":30,"column":55}}],"line":30}},"s":{"0":0,"1":0,"2":0,"3":0,"4":0,"5":0,"6":0,"7":0,"8":0,"9":0,"10":0,"11":0,"12":0,"13":0},"f":{"0":0,"1":0,"2":0,"3":0},"b":{"0":[0,0],"1":[0,0],"2":[0,0],"3":[0,0]}}
}
