TN:
SF:src\App.js
FN:20,App
FNF:1
FNH:0
FNDA:0,App
DA:21,0
LF:1
LH:0
BRF:0
BRH:0
end_of_record
TN:
SF:src\index.js
FNF:0
FNH:0
DA:9,0
DA:11,0
DA:12,0
LF:3
LH:0
BRF:0
BRH:0
end_of_record
TN:
SF:src\components\Footer.jsx
FN:8,(anonymous_0)
FNF:1
FNH:0
FNDA:0,(anonymous_0)
DA:8,0
DA:9,0
LF:2
LH:0
BRF:0
BRH:0
end_of_record
TN:
SF:src\components\Navbar.jsx
FN:6,(anonymous_0)
FN:10,(anonymous_1)
FN:22,(anonymous_2)
FN:36,(anonymous_3)
FNF:4
FNH:0
FNDA:0,(anonymous_0)
FNDA:0,(anonymous_1)
FNDA:0,(anonymous_2)
FNDA:0,(anonymous_3)
DA:6,0
DA:7,0
DA:10,0
DA:11,0
DA:12,0
DA:14,0
DA:15,0
DA:17,0
DA:22,0
DA:23,0
DA:26,0
DA:36,0
LF:12
LH:0
BRDA:12,0,0,0
BRDA:12,0,1,0
BRDA:14,1,0,0
BRDA:14,1,1,0
BRDA:38,2,0,0
BRDA:38,2,1,0
BRF:6
BRH:0
end_of_record
TN:
SF:src\components\ProtectedRoute.jsx
FN:5,(anonymous_0)
FNF:1
FNH:0
FNDA:0,(anonymous_0)
DA:5,0
DA:6,0
DA:8,0
DA:9,0
DA:12,0
DA:13,0
DA:17,0
DA:18,0
DA:22,0
DA:24,0
DA:30,0
DA:33,0
LF:12
LH:0
BRDA:8,0,0,0
BRDA:8,0,1,0
BRDA:12,1,0,0
BRDA:12,1,1,0
BRDA:12,2,0,0
BRDA:12,2,1,0
BRDA:17,3,0,0
BRDA:17,3,1,0
BRDA:18,4,0,0
BRDA:18,4,1,0
BRDA:22,5,0,0
BRDA:22,5,1,0
BRDA:22,6,0,0
BRDA:22,6,1,0
BRDA:30,7,0,0
BRDA:30,7,1,0
BRF:16
BRH:0
end_of_record
TN:
SF:src\components\PublicNavbar.jsx
FN:5,(anonymous_0)
FNF:1
FNH:0
FNDA:0,(anonymous_0)
DA:5,0
DA:8,0
LF:2
LH:0
BRF:0
BRH:0
end_of_record
TN:
SF:src\components\ReviewModal.jsx
FNF:0
FNH:0
LF:0
LH:0
BRF:0
BRH:0
end_of_record
TN:
SF:src\context\AuthContext.jsx
FN:9,(anonymous_0)
FN:12,(anonymous_1)
FN:18,(anonymous_2)
FN:42,(anonymous_3)
FN:60,(anonymous_4)
FN:73,(anonymous_5)
FNF:6
FNH:0
FNDA:0,(anonymous_0)
FNDA:0,(anonymous_1)
FNDA:0,(anonymous_2)
FNDA:0,(anonymous_3)
FNDA:0,(anonymous_4)
FNDA:0,(anonymous_5)
DA:6,0
DA:9,0
DA:11,0
DA:12,0
DA:15,0
DA:18,0
DA:19,0
DA:20,0
DA:21,0
DA:23,0
DA:25,0
DA:26,0
DA:33,0
DA:34,0
DA:35,0
DA:37,0
DA:42,0
DA:44,0
DA:46,0
DA:47,0
DA:48,0
DA:52,0
DA:53,0
DA:56,0
DA:60,0
DA:62,0
DA:63,0
DA:64,0
DA:65,0
DA:66,0
DA:69,0
DA:73,0
DA:75,0
DA:78,0
DA:81,0
DA:86,0
DA:97,0
LF:37
LH:0
BRDA:23,0,0,0
BRDA:23,0,1,0
BRDA:23,1,0,0
BRDA:23,1,1,0
BRDA:25,2,0,0
BRDA:25,2,1,0
BRDA:42,3,0,0
BRDA:44,4,0,0
BRDA:44,4,1,0
BRDA:46,5,0,0
BRDA:46,5,1,0
BRDA:99,6,0,0
BRDA:99,6,1,0
BRF:13
BRH:0
end_of_record
TN:
SF:src\hooks\useAuth.jsx
FN:4,(anonymous_0)
FNF:1
FNH:0
FNDA:0,(anonymous_0)
DA:4,0
DA:5,0
LF:2
LH:0
BRF:0
BRH:0
end_of_record
TN:
SF:src\pages\About.jsx
FN:7,(anonymous_0)
FNF:1
FNH:0
FNDA:0,(anonymous_0)
DA:7,0
DA:8,0
LF:2
LH:0
BRF:0
BRH:0
end_of_record
TN:
SF:src\pages\AdminDashboard.jsx
FN:8,(anonymous_0)
FN:9,(anonymous_1)
FN:28,(anonymous_2)
FN:35,(anonymous_3)
FN:42,(anonymous_4)
FN:49,(anonymous_5)
FN:70,(anonymous_6)
FN:96,(anonymous_7)
FN:121,(anonymous_8)
FN:124,(anonymous_9)
FN:128,(anonymous_10)
FN:131,(anonymous_11)
FN:138,(anonymous_12)
FN:142,(anonymous_13)
FN:148,(anonymous_14)
FN:148,(anonymous_15)
FN:154,(anonymous_16)
FN:158,(anonymous_17)
FN:159,(anonymous_18)
FN:168,(anonymous_19)
FN:174,(anonymous_20)
FN:184,(anonymous_21)
FN:188,(anonymous_22)
FN:188,(anonymous_23)
FN:194,(anonymous_24)
FN:198,(anonymous_25)
FN:199,(anonymous_26)
FN:211,(anonymous_27)
FN:212,(anonymous_28)
FN:247,(anonymous_29)
FN:410,(anonymous_30)
FN:443,(anonymous_31)
FN:447,(anonymous_32)
FN:478,(anonymous_33)
FN:507,(anonymous_34)
FN:513,(anonymous_35)
FN:540,(anonymous_36)
FN:544,(anonymous_37)
FN:557,(anonymous_38)
FN:579,(anonymous_39)
FN:622,(anonymous_40)
FN:624,(anonymous_41)
FN:640,(anonymous_42)
FN:642,(anonymous_43)
FN:714,(anonymous_44)
FN:728,(anonymous_45)
FNF:46
FNH:0
FNDA:0,(anonymous_0)
FNDA:0,(anonymous_1)
FNDA:0,(anonymous_2)
FNDA:0,(anonymous_3)
FNDA:0,(anonymous_4)
FNDA:0,(anonymous_5)
FNDA:0,(anonymous_6)
FNDA:0,(anonymous_7)
FNDA:0,(anonymous_8)
FNDA:0,(anonymous_9)
FNDA:0,(anonymous_10)
FNDA:0,(anonymous_11)
FNDA:0,(anonymous_12)
FNDA:0,(anonymous_13)
FNDA:0,(anonymous_14)
FNDA:0,(anonymous_15)
FNDA:0,(anonymous_16)
FNDA:0,(anonymous_17)
FNDA:0,(anonymous_18)
FNDA:0,(anonymous_19)
FNDA:0,(anonymous_20)
FNDA:0,(anonymous_21)
FNDA:0,(anonymous_22)
FNDA:0,(anonymous_23)
FNDA:0,(anonymous_24)
FNDA:0,(anonymous_25)
FNDA:0,(anonymous_26)
FNDA:0,(anonymous_27)
FNDA:0,(anonymous_28)
FNDA:0,(anonymous_29)
FNDA:0,(anonymous_30)
FNDA:0,(anonymous_31)
FNDA:0,(anonymous_32)
FNDA:0,(anonymous_33)
FNDA:0,(anonymous_34)
FNDA:0,(anonymous_35)
FNDA:0,(anonymous_36)
FNDA:0,(anonymous_37)
FNDA:0,(anonymous_38)
FNDA:0,(anonymous_39)
FNDA:0,(anonymous_40)
FNDA:0,(anonymous_41)
FNDA:0,(anonymous_42)
FNDA:0,(anonymous_43)
FNDA:0,(anonymous_44)
FNDA:0,(anonymous_45)
DA:8,0
DA:9,0
DA:10,0
DA:12,0
DA:28,0
DA:35,0
DA:42,0
DA:49,0
DA:70,0
DA:71,0
DA:72,0
DA:74,0
DA:75,0
DA:76,0
DA:77,0
DA:79,0
DA:80,0
DA:82,0
DA:83,0
DA:84,0
DA:85,0
DA:86,0
DA:88,0
DA:89,0
DA:91,0
DA:92,0
DA:93,0
DA:96,0
DA:97,0
DA:98,0
DA:99,0
DA:106,0
DA:107,0
DA:108,0
DA:109,0
DA:110,0
DA:112,0
DA:113,0
DA:114,0
DA:117,0
DA:121,0
DA:122,0
DA:124,0
DA:125,0
DA:128,0
DA:131,0
DA:132,0
DA:133,0
DA:134,0
DA:138,0
DA:139,0
DA:142,0
DA:143,0
DA:144,0
DA:146,0
DA:147,0
DA:148,0
DA:150,0
DA:154,0
DA:155,0
DA:156,0
DA:157,0
DA:158,0
DA:159,0
DA:160,0
DA:164,0
DA:168,0
DA:169,0
DA:170,0
DA:171,0
DA:172,0
DA:173,0
DA:174,0
DA:175,0
DA:176,0
DA:177,0
DA:179,0
DA:181,0
DA:184,0
DA:185,0
DA:186,0
DA:187,0
DA:188,0
DA:190,0
DA:194,0
DA:195,0
DA:198,0
DA:199,0
DA:201,0
DA:206,0
DA:207,0
DA:211,0
DA:212,0
DA:214,0
DA:219,0
DA:222,0
DA:225,0
DA:230,0
DA:247,0
DA:411,0
DA:443,0
DA:447,0
DA:479,0
DA:507,0
DA:514,0
DA:540,0
DA:544,0
DA:557,0
DA:580,0
DA:622,0
DA:624,0
DA:640,0
DA:642,0
DA:715,0
DA:728,0
LF:115
LH:0
BRDA:10,0,0,0
BRDA:10,0,1,0
BRDA:96,1,0,0
BRDA:97,2,0,0
BRDA:97,2,1,0
BRDA:113,3,0,0
BRDA:113,3,1,0
BRDA:114,4,0,0
BRDA:114,4,1,0
BRDA:114,4,2,0
BRDA:117,5,0,0
BRDA:117,5,1,0
BRDA:132,6,0,0
BRDA:132,6,1,0
BRDA:143,7,0,0
BRDA:143,7,1,0
BRDA:150,8,0,0
BRDA:150,8,1,0
BRDA:160,9,0,0
BRDA:160,9,1,0
BRDA:164,10,0,0
BRDA:164,10,1,0
BRDA:169,11,0,0
BRDA:169,11,1,0
BRDA:179,12,0,0
BRDA:179,12,1,0
BRDA:185,13,0,0
BRDA:185,13,1,0
BRDA:190,14,0,0
BRDA:190,14,1,0
BRDA:201,15,0,0
BRDA:201,15,1,0
BRDA:201,15,2,0
BRDA:201,15,3,0
BRDA:206,16,0,0
BRDA:206,16,1,0
BRDA:207,17,0,0
BRDA:207,17,1,0
BRDA:214,18,0,0
BRDA:214,18,1,0
BRDA:219,19,0,0
BRDA:219,19,1,0
BRDA:222,20,0,0
BRDA:222,20,1,0
BRDA:225,21,0,0
BRDA:225,21,1,0
BRDA:225,21,2,0
BRDA:239,22,0,0
BRDA:239,22,1,0
BRDA:240,23,0,0
BRDA:240,23,1,0
BRDA:243,24,0,0
BRDA:243,24,1,0
BRDA:243,24,2,0
BRDA:254,25,0,0
BRDA:254,25,1,0
BRDA:260,26,0,0
BRDA:260,26,1,0
BRDA:262,27,0,0
BRDA:262,27,1,0
BRDA:263,28,0,0
BRDA:263,28,1,0
BRDA:269,29,0,0
BRDA:269,29,1,0
BRDA:271,30,0,0
BRDA:271,30,1,0
BRDA:272,31,0,0
BRDA:272,31,1,0
BRDA:273,32,0,0
BRDA:273,32,1,0
BRDA:279,33,0,0
BRDA:279,33,1,0
BRDA:296,34,0,0
BRDA:296,34,1,0
BRDA:305,35,0,0
BRDA:305,35,1,0
BRDA:309,36,0,0
BRDA:309,36,1,0
BRDA:309,37,0,0
BRDA:309,37,1,0
BRDA:317,38,0,0
BRDA:317,38,1,0
BRDA:326,39,0,0
BRDA:326,39,1,0
BRDA:335,40,0,0
BRDA:335,40,1,0
BRDA:339,41,0,0
BRDA:339,41,1,0
BRDA:357,42,0,0
BRDA:357,42,1,0
BRDA:366,43,0,0
BRDA:366,43,1,0
BRDA:375,44,0,0
BRDA:375,44,1,0
BRDA:384,45,0,0
BRDA:384,45,1,0
BRDA:388,46,0,0
BRDA:388,46,1,0
BRDA:388,47,0,0
BRDA:388,47,1,0
BRDA:396,48,0,0
BRDA:396,48,1,0
BRDA:407,49,0,0
BRDA:407,49,1,0
BRDA:407,50,0,0
BRDA:407,50,1,0
BRDA:410,51,0,0
BRDA:410,51,1,0
BRDA:433,52,0,0
BRDA:433,52,1,0
BRDA:471,53,0,0
BRDA:471,53,1,0
BRDA:482,54,0,0
BRDA:482,54,1,0
BRDA:488,55,0,0
BRDA:488,55,1,0
BRDA:496,56,0,0
BRDA:496,56,1,0
BRDA:501,57,0,0
BRDA:501,57,1,0
BRDA:509,58,0,0
BRDA:509,58,1,0
BRDA:530,59,0,0
BRDA:530,59,1,0
BRDA:572,60,0,0
BRDA:572,60,1,0
BRDA:605,61,0,0
BRDA:605,61,1,0
BRDA:624,62,0,0
BRDA:624,62,1,0
BRDA:642,63,0,0
BRDA:642,63,1,0
BRDA:654,64,0,0
BRDA:654,64,1,0
BRDA:658,65,0,0
BRDA:658,65,1,0
BRDA:658,66,0,0
BRDA:658,66,1,0
BRDA:663,67,0,0
BRDA:663,67,1,0
BRDA:663,68,0,0
BRDA:663,68,1,0
BRDA:669,69,0,0
BRDA:669,69,1,0
BRDA:673,70,0,0
BRDA:673,70,1,0
BRDA:678,71,0,0
BRDA:678,71,1,0
BRDA:679,72,0,0
BRDA:679,72,1,0
BRDA:707,73,0,0
BRDA:707,73,1,0
BRDA:720,74,0,0
BRDA:720,74,1,0
BRDA:721,75,0,0
BRDA:721,75,1,0
BRF:156
BRH:0
end_of_record
TN:
SF:src\pages\DealerDashboard.jsx
FN:10,(anonymous_0)
FN:14,(anonymous_1)
FN:20,(anonymous_2)
FN:21,(anonymous_3)
FN:27,(anonymous_4)
FN:33,(anonymous_5)
FN:41,(anonymous_6)
FN:44,(anonymous_7)
FN:47,(anonymous_8)
FN:50,(anonymous_9)
FN:53,(anonymous_10)
FN:58,(anonymous_11)
FN:62,(anonymous_12)
FN:68,(anonymous_13)
FN:69,(anonymous_14)
FN:77,(anonymous_15)
FN:82,(anonymous_16)
FN:84,(anonymous_17)
FN:87,(anonymous_18)
FN:90,(anonymous_19)
FN:93,(anonymous_20)
FN:96,(anonymous_21)
FN:99,(anonymous_22)
FN:103,(anonymous_23)
FN:106,(anonymous_24)
FN:118,(anonymous_25)
FN:135,(anonymous_26)
FN:136,(anonymous_27)
FN:158,(anonymous_28)
FN:181,(anonymous_29)
FN:184,(anonymous_30)
FN:185,(anonymous_31)
FN:188,(anonymous_32)
FN:191,(anonymous_33)
FN:197,(anonymous_34)
FN:201,(anonymous_35)
FN:202,(anonymous_36)
FN:281,(anonymous_37)
FN:285,(anonymous_38)
FN:291,(anonymous_39)
FN:297,(anonymous_40)
FN:312,(anonymous_41)
FN:313,(anonymous_42)
FN:327,(anonymous_43)
FN:340,(anonymous_44)
FN:346,(anonymous_45)
FN:366,(anonymous_46)
FN:371,(anonymous_47)
FN:380,(anonymous_48)
FN:383,(anonymous_49)
FN:385,(anonymous_50)
FN:386,(anonymous_51)
FN:394,(anonymous_52)
FN:396,(anonymous_53)
FN:409,(anonymous_54)
FN:413,(anonymous_55)
FN:414,(anonymous_56)
FN:419,(anonymous_57)
FN:432,(anonymous_58)
FN:433,(anonymous_59)
FN:441,(anonymous_60)
FN:447,(anonymous_61)
FN:451,(anonymous_62)
FN:451,(anonymous_63)
FN:456,(anonymous_64)
FN:461,(anonymous_65)
FN:463,(anonymous_66)
FN:474,(anonymous_67)
FN:474,(anonymous_68)
FN:486,(anonymous_69)
FN:490,(anonymous_70)
FN:490,(anonymous_71)
FN:496,(anonymous_72)
FN:513,(anonymous_73)
FN:524,(anonymous_74)
FN:533,(anonymous_75)
FN:549,(anonymous_76)
FN:559,(anonymous_77)
FN:560,(anonymous_78)
FN:581,(anonymous_79)
FN:602,(anonymous_80)
FN:621,(anonymous_81)
FN:630,(anonymous_82)
FN:631,(anonymous_83)
FN:644,(anonymous_84)
FN:665,(anonymous_85)
FN:706,(anonymous_86)
FN:718,(anonymous_87)
FN:802,(anonymous_88)
FN:803,(anonymous_89)
FN:803,(anonymous_90)
FN:833,(anonymous_91)
FN:856,(anonymous_92)
FN:857,(anonymous_93)
FN:857,(anonymous_94)
FN:858,(anonymous_95)
FN:859,(anonymous_96)
FN:860,(anonymous_97)
FN:861,(anonymous_98)
FN:862,(anonymous_99)
FN:863,(anonymous_100)
FN:932,(anonymous_101)
FN:944,(anonymous_102)
FN:948,(anonymous_103)
FN:958,(anonymous_104)
FN:962,(anonymous_105)
FN:970,(anonymous_106)
FN:1005,(anonymous_107)
FN:1009,(anonymous_108)
FN:1018,(anonymous_109)
FN:1053,(anonymous_110)
FN:1054,(anonymous_111)
FN:1055,(anonymous_112)
FN:1059,(anonymous_113)
FN:1068,(anonymous_114)
FN:1073,(anonymous_115)
FN:1104,(anonymous_116)
FN:1122,(anonymous_117)
FN:1130,(anonymous_118)
FN:1137,(anonymous_119)
FN:1147,(anonymous_120)
FN:1151,(anonymous_121)
FN:1163,(anonymous_122)
FN:1170,(anonymous_123)
FN:1239,(anonymous_124)
FN:1240,(anonymous_125)
FN:1267,(anonymous_126)
FN:1284,(anonymous_127)
FN:1292,(anonymous_128)
FN:1294,(anonymous_129)
FN:1298,(anonymous_130)
FN:1299,(anonymous_131)
FN:1306,(anonymous_132)
FN:1322,(anonymous_133)
FN:1326,(anonymous_134)
FN:1333,(anonymous_135)
FN:1344,(anonymous_136)
FN:1348,(anonymous_137)
FN:1352,(anonymous_138)
FN:1359,(anonymous_139)
FN:1365,(anonymous_140)
FN:1372,(anonymous_141)
FN:1393,(anonymous_142)
FN:1401,(anonymous_143)
FN:1450,(anonymous_144)
FN:1456,(anonymous_145)
FN:1473,(anonymous_146)
FN:1480,(anonymous_147)
FN:1509,(anonymous_148)
FN:1517,(anonymous_149)
FN:1524,(anonymous_150)
FN:1580,(anonymous_151)
FN:1585,(anonymous_152)
FN:1636,(anonymous_153)
FNF:154
FNH:0
FNDA:0,(anonymous_0)
FNDA:0,(anonymous_1)
FNDA:0,(anonymous_2)
FNDA:0,(anonymous_3)
FNDA:0,(anonymous_4)
FNDA:0,(anonymous_5)
FNDA:0,(anonymous_6)
FNDA:0,(anonymous_7)
FNDA:0,(anonymous_8)
FNDA:0,(anonymous_9)
FNDA:0,(anonymous_10)
FNDA:0,(anonymous_11)
FNDA:0,(anonymous_12)
FNDA:0,(anonymous_13)
FNDA:0,(anonymous_14)
FNDA:0,(anonymous_15)
FNDA:0,(anonymous_16)
FNDA:0,(anonymous_17)
FNDA:0,(anonymous_18)
FNDA:0,(anonymous_19)
FNDA:0,(anonymous_20)
FNDA:0,(anonymous_21)
FNDA:0,(anonymous_22)
FNDA:0,(anonymous_23)
FNDA:0,(anonymous_24)
FNDA:0,(anonymous_25)
FNDA:0,(anonymous_26)
FNDA:0,(anonymous_27)
FNDA:0,(anonymous_28)
FNDA:0,(anonymous_29)
FNDA:0,(anonymous_30)
FNDA:0,(anonymous_31)
FNDA:0,(anonymous_32)
FNDA:0,(anonymous_33)
FNDA:0,(anonymous_34)
FNDA:0,(anonymous_35)
FNDA:0,(anonymous_36)
FNDA:0,(anonymous_37)
FNDA:0,(anonymous_38)
FNDA:0,(anonymous_39)
FNDA:0,(anonymous_40)
FNDA:0,(anonymous_41)
FNDA:0,(anonymous_42)
FNDA:0,(anonymous_43)
FNDA:0,(anonymous_44)
FNDA:0,(anonymous_45)
FNDA:0,(anonymous_46)
FNDA:0,(anonymous_47)
FNDA:0,(anonymous_48)
FNDA:0,(anonymous_49)
FNDA:0,(anonymous_50)
FNDA:0,(anonymous_51)
FNDA:0,(anonymous_52)
FNDA:0,(anonymous_53)
FNDA:0,(anonymous_54)
FNDA:0,(anonymous_55)
FNDA:0,(anonymous_56)
FNDA:0,(anonymous_57)
FNDA:0,(anonymous_58)
FNDA:0,(anonymous_59)
FNDA:0,(anonymous_60)
FNDA:0,(anonymous_61)
FNDA:0,(anonymous_62)
FNDA:0,(anonymous_63)
FNDA:0,(anonymous_64)
FNDA:0,(anonymous_65)
FNDA:0,(anonymous_66)
FNDA:0,(anonymous_67)
FNDA:0,(anonymous_68)
FNDA:0,(anonymous_69)
FNDA:0,(anonymous_70)
FNDA:0,(anonymous_71)
FNDA:0,(anonymous_72)
FNDA:0,(anonymous_73)
FNDA:0,(anonymous_74)
FNDA:0,(anonymous_75)
FNDA:0,(anonymous_76)
FNDA:0,(anonymous_77)
FNDA:0,(anonymous_78)
FNDA:0,(anonymous_79)
FNDA:0,(anonymous_80)
FNDA:0,(anonymous_81)
FNDA:0,(anonymous_82)
FNDA:0,(anonymous_83)
FNDA:0,(anonymous_84)
FNDA:0,(anonymous_85)
FNDA:0,(anonymous_86)
FNDA:0,(anonymous_87)
FNDA:0,(anonymous_88)
FNDA:0,(anonymous_89)
FNDA:0,(anonymous_90)
FNDA:0,(anonymous_91)
FNDA:0,(anonymous_92)
FNDA:0,(anonymous_93)
FNDA:0,(anonymous_94)
FNDA:0,(anonymous_95)
FNDA:0,(anonymous_96)
FNDA:0,(anonymous_97)
FNDA:0,(anonymous_98)
FNDA:0,(anonymous_99)
FNDA:0,(anonymous_100)
FNDA:0,(anonymous_101)
FNDA:0,(anonymous_102)
FNDA:0,(anonymous_103)
FNDA:0,(anonymous_104)
FNDA:0,(anonymous_105)
FNDA:0,(anonymous_106)
FNDA:0,(anonymous_107)
FNDA:0,(anonymous_108)
FNDA:0,(anonymous_109)
FNDA:0,(anonymous_110)
FNDA:0,(anonymous_111)
FNDA:0,(anonymous_112)
FNDA:0,(anonymous_113)
FNDA:0,(anonymous_114)
FNDA:0,(anonymous_115)
FNDA:0,(anonymous_116)
FNDA:0,(anonymous_117)
FNDA:0,(anonymous_118)
FNDA:0,(anonymous_119)
FNDA:0,(anonymous_120)
FNDA:0,(anonymous_121)
FNDA:0,(anonymous_122)
FNDA:0,(anonymous_123)
FNDA:0,(anonymous_124)
FNDA:0,(anonymous_125)
FNDA:0,(anonymous_126)
FNDA:0,(anonymous_127)
FNDA:0,(anonymous_128)
FNDA:0,(anonymous_129)
FNDA:0,(anonymous_130)
FNDA:0,(anonymous_131)
FNDA:0,(anonymous_132)
FNDA:0,(anonymous_133)
FNDA:0,(anonymous_134)
FNDA:0,(anonymous_135)
FNDA:0,(anonymous_136)
FNDA:0,(anonymous_137)
FNDA:0,(anonymous_138)
FNDA:0,(anonymous_139)
FNDA:0,(anonymous_140)
FNDA:0,(anonymous_141)
FNDA:0,(anonymous_142)
FNDA:0,(anonymous_143)
FNDA:0,(anonymous_144)
FNDA:0,(anonymous_145)
FNDA:0,(anonymous_146)
FNDA:0,(anonymous_147)
FNDA:0,(anonymous_148)
FNDA:0,(anonymous_149)
FNDA:0,(anonymous_150)
FNDA:0,(anonymous_151)
FNDA:0,(anonymous_152)
FNDA:0,(anonymous_153)
DA:10,0
DA:11,0
DA:12,0
DA:14,0
DA:15,0
DA:16,0
DA:17,0
DA:20,0
DA:21,0
DA:22,0
DA:23,0
DA:26,0
DA:27,0
DA:30,0
DA:33,0
DA:41,0
DA:44,0
DA:47,0
DA:50,0
DA:53,0
DA:58,0
DA:62,0
DA:68,0
DA:69,0
DA:77,0
DA:82,0
DA:84,0
DA:87,0
DA:90,0
DA:93,0
DA:96,0
DA:99,0
DA:103,0
DA:106,0
DA:118,0
DA:119,0
DA:120,0
DA:123,0
DA:126,0
DA:127,0
DA:128,0
DA:129,0
DA:130,0
DA:131,0
DA:134,0
DA:135,0
DA:136,0
DA:139,0
DA:140,0
DA:141,0
DA:151,0
DA:154,0
DA:155,0
DA:158,0
DA:159,0
DA:160,0
DA:161,0
DA:162,0
DA:168,0
DA:169,0
DA:170,0
DA:171,0
DA:172,0
DA:174,0
DA:176,0
DA:181,0
DA:184,0
DA:185,0
DA:188,0
DA:189,0
DA:191,0
DA:192,0
DA:194,0
DA:195,0
DA:197,0
DA:198,0
DA:199,0
DA:201,0
DA:202,0
DA:204,0
DA:205,0
DA:206,0
DA:209,0
DA:210,0
DA:224,0
DA:225,0
DA:252,0
DA:256,0
DA:263,0
DA:266,0
DA:267,0
DA:271,0
DA:272,0
DA:275,0
DA:278,0
DA:279,0
DA:281,0
DA:285,0
DA:286,0
DA:287,0
DA:289,0
DA:291,0
DA:292,0
DA:293,0
DA:297,0
DA:298,0
DA:299,0
DA:300,0
DA:302,0
DA:304,0
DA:306,0
DA:307,0
DA:312,0
DA:313,0
DA:314,0
DA:315,0
DA:317,0
DA:319,0
DA:321,0
DA:322,0
DA:327,0
DA:328,0
DA:329,0
DA:330,0
DA:331,0
DA:333,0
DA:340,0
DA:343,0
DA:344,0
DA:346,0
DA:347,0
DA:348,0
DA:351,0
DA:363,0
DA:366,0
DA:367,0
DA:368,0
DA:371,0
DA:372,0
DA:373,0
DA:374,0
DA:375,0
DA:376,0
DA:380,0
DA:383,0
DA:385,0
DA:386,0
DA:387,0
DA:388,0
DA:394,0
DA:396,0
DA:397,0
DA:398,0
DA:399,0
DA:401,0
DA:405,0
DA:406,0
DA:409,0
DA:410,0
DA:413,0
DA:414,0
DA:415,0
DA:416,0
DA:417,0
DA:419,0
DA:426,0
DA:427,0
DA:428,0
DA:432,0
DA:433,0
DA:434,0
DA:435,0
DA:436,0
DA:437,0
DA:438,0
DA:439,0
DA:441,0
DA:442,0
DA:443,0
DA:444,0
DA:447,0
DA:448,0
DA:449,0
DA:450,0
DA:451,0
DA:456,0
DA:457,0
DA:458,0
DA:459,0
DA:461,0
DA:463,0
DA:464,0
DA:465,0
DA:466,0
DA:474,0
DA:480,0
DA:481,0
DA:482,0
DA:483,0
DA:486,0
DA:487,0
DA:488,0
DA:489,0
DA:490,0
DA:491,0
DA:492,0
DA:493,0
DA:496,0
DA:497,0
DA:498,0
DA:502,0
DA:503,0
DA:505,0
DA:508,0
DA:509,0
DA:513,0
DA:514,0
DA:515,0
DA:516,0
DA:517,0
DA:518,0
DA:520,0
DA:524,0
DA:525,0
DA:526,0
DA:527,0
DA:528,0
DA:533,0
DA:534,0
DA:535,0
DA:536,0
DA:537,0
DA:538,0
DA:539,0
DA:541,0
DA:542,0
DA:543,0
DA:545,0
DA:549,0
DA:550,0
DA:551,0
DA:552,0
DA:556,0
DA:557,0
DA:559,0
DA:560,0
DA:562,0
DA:582,0
DA:603,0
DA:622,0
DA:630,0
DA:631,0
DA:645,0
DA:666,0
DA:707,0
DA:719,0
DA:803,0
DA:833,0
DA:856,0
DA:857,0
DA:858,0
DA:859,0
DA:860,0
DA:861,0
DA:862,0
DA:863,0
DA:869,0
DA:879,0
DA:889,0
DA:894,0
DA:902,0
DA:911,0
DA:916,0
DA:924,0
DA:932,0
DA:933,0
DA:944,0
DA:948,0
DA:958,0
DA:962,0
DA:970,0
DA:971,0
DA:972,0
DA:974,0
DA:1005,0
DA:1009,0
DA:1018,0
DA:1019,0
DA:1020,0
DA:1022,0
DA:1053,0
DA:1054,0
DA:1055,0
DA:1059,0
DA:1068,0
DA:1069,0
DA:1071,0
DA:1073,0
DA:1105,0
DA:1122,0
DA:1130,0
DA:1131,0
DA:1132,0
DA:1134,0
DA:1135,0
DA:1136,0
DA:1137,0
DA:1141,0
DA:1142,0
DA:1143,0
DA:1147,0
DA:1151,0
DA:1156,0
DA:1157,0
DA:1158,0
DA:1159,0
DA:1160,0
DA:1161,0
DA:1162,0
DA:1163,0
DA:1168,0
DA:1169,0
DA:1170,0
DA:1176,0
DA:1180,0
DA:1239,0
DA:1240,0
DA:1241,0
DA:1242,0
DA:1243,0
DA:1244,0
DA:1245,0
DA:1248,0
DA:1250,0
DA:1268,0
DA:1284,0
DA:1292,0
DA:1293,0
DA:1294,0
DA:1295,0
DA:1296,0
DA:1297,0
DA:1298,0
DA:1299,0
DA:1303,0
DA:1304,0
DA:1306,0
DA:1322,0
DA:1323,0
DA:1324,0
DA:1326,0
DA:1333,0
DA:1344,0
DA:1345,0
DA:1346,0
DA:1348,0
DA:1352,0
DA:1359,0
DA:1360,0
DA:1361,0
DA:1363,0
DA:1365,0
DA:1373,0
DA:1393,0
DA:1394,0
DA:1395,0
DA:1397,0
DA:1399,0
DA:1401,0
DA:1450,0
DA:1451,0
DA:1452,0
DA:1454,0
DA:1456,0
DA:1457,0
DA:1458,0
DA:1467,0
DA:1471,0
DA:1473,0
DA:1474,0
DA:1475,0
DA:1476,0
DA:1480,0
DA:1481,0
DA:1482,0
DA:1483,0
DA:1485,0
DA:1486,0
DA:1487,0
DA:1489,0
DA:1490,0
DA:1491,0
DA:1493,0
DA:1494,0
DA:1495,0
DA:1496,0
DA:1497,0
DA:1498,0
DA:1500,0
DA:1501,0
DA:1502,0
DA:1505,0
DA:1506,0
DA:1509,0
DA:1510,0
DA:1511,0
DA:1512,0
DA:1513,0
DA:1515,0
DA:1517,0
DA:1519,0
DA:1522,0
DA:1524,0
DA:1580,0
DA:1581,0
DA:1583,0
DA:1585,0
DA:1636,0
LF:418
LH:0
BRDA:22,0,0,0
BRDA:22,0,1,0
BRDA:22,1,0,0
BRDA:22,1,1,0
BRDA:41,2,0,0
BRDA:41,2,1,0
BRDA:44,3,0,0
BRDA:44,3,1,0
BRDA:47,4,0,0
BRDA:47,4,1,0
BRDA:50,5,0,0
BRDA:50,5,1,0
BRDA:53,6,0,0
BRDA:53,6,1,0
BRDA:59,7,0,0
BRDA:59,7,1,0
BRDA:64,8,0,0
BRDA:64,8,1,0
BRDA:67,9,0,0
BRDA:67,9,1,0
BRDA:77,10,0,0
BRDA:77,10,1,0
BRDA:79,11,0,0
BRDA:79,11,1,0
BRDA:84,12,0,0
BRDA:84,12,1,0
BRDA:87,13,0,0
BRDA:87,13,1,0
BRDA:90,14,0,0
BRDA:90,14,1,0
BRDA:93,15,0,0
BRDA:93,15,1,0
BRDA:96,16,0,0
BRDA:96,16,1,0
BRDA:99,17,0,0
BRDA:99,17,1,0
BRDA:103,18,0,0
BRDA:103,18,1,0
BRDA:106,19,0,0
BRDA:106,19,1,0
BRDA:136,20,0,0
BRDA:136,20,1,0
BRDA:159,21,0,0
BRDA:159,21,1,0
BRDA:171,22,0,0
BRDA:171,22,1,0
BRDA:189,23,0,0
BRDA:189,23,1,0
BRDA:204,24,0,0
BRDA:204,24,1,0
BRDA:206,25,0,0
BRDA:206,25,1,0
BRDA:206,26,0,0
BRDA:206,26,1,0
BRDA:206,26,2,0
BRDA:216,27,0,0
BRDA:216,27,1,0
BRDA:234,28,0,0
BRDA:234,28,1,0
BRDA:234,29,0,0
BRDA:234,29,1,0
BRDA:239,30,0,0
BRDA:239,30,1,0
BRDA:241,31,0,0
BRDA:241,31,1,0
BRDA:242,32,0,0
BRDA:242,32,1,0
BRDA:243,33,0,0
BRDA:243,33,1,0
BRDA:244,34,0,0
BRDA:244,34,1,0
BRDA:252,35,0,0
BRDA:252,35,1,0
BRDA:266,36,0,0
BRDA:266,36,1,0
BRDA:266,37,0,0
BRDA:266,37,1,0
BRDA:267,38,0,0
BRDA:267,38,1,0
BRDA:271,39,0,0
BRDA:271,39,1,0
BRDA:292,40,0,0
BRDA:292,40,1,0
BRDA:298,41,0,0
BRDA:298,41,1,0
BRDA:298,42,0,0
BRDA:298,42,1,0
BRDA:298,42,2,0
BRDA:298,42,3,0
BRDA:299,43,0,0
BRDA:299,43,1,0
BRDA:299,44,0,0
BRDA:299,44,1,0
BRDA:299,44,2,0
BRDA:302,45,0,0
BRDA:302,45,1,0
BRDA:302,45,2,0
BRDA:304,46,0,0
BRDA:304,46,1,0
BRDA:306,47,0,0
BRDA:306,47,1,0
BRDA:314,48,0,0
BRDA:314,48,1,0
BRDA:314,49,0,0
BRDA:314,49,1,0
BRDA:317,50,0,0
BRDA:317,50,1,0
BRDA:319,51,0,0
BRDA:319,51,1,0
BRDA:321,52,0,0
BRDA:321,52,1,0
BRDA:330,53,0,0
BRDA:330,53,1,0
BRDA:331,54,0,0
BRDA:331,54,1,0
BRDA:347,55,0,0
BRDA:347,55,1,0
BRDA:348,56,0,0
BRDA:348,56,1,0
BRDA:372,57,0,0
BRDA:372,57,1,0
BRDA:387,58,0,0
BRDA:387,58,1,0
BRDA:388,59,0,0
BRDA:388,59,1,0
BRDA:388,59,2,0
BRDA:388,59,3,0
BRDA:388,59,4,0
BRDA:388,59,5,0
BRDA:398,60,0,0
BRDA:398,60,1,0
BRDA:398,61,0,0
BRDA:398,61,1,0
BRDA:399,62,0,0
BRDA:399,62,1,0
BRDA:415,63,0,0
BRDA:415,63,1,0
BRDA:415,64,0,0
BRDA:415,64,1,0
BRDA:442,65,0,0
BRDA:442,65,1,0
BRDA:448,66,0,0
BRDA:448,66,1,0
BRDA:451,67,0,0
BRDA:451,67,1,0
BRDA:458,68,0,0
BRDA:458,68,1,0
BRDA:474,69,0,0
BRDA:474,69,1,0
BRDA:483,70,0,0
BRDA:483,70,1,0
BRDA:490,71,0,0
BRDA:490,71,1,0
BRDA:500,72,0,0
BRDA:500,72,1,0
BRDA:502,73,0,0
BRDA:502,73,1,0
BRDA:509,74,0,0
BRDA:509,74,1,0
BRDA:509,74,2,0
BRDA:509,74,3,0
BRDA:520,75,0,0
BRDA:520,75,1,0
BRDA:526,76,0,0
BRDA:526,76,1,0
BRDA:535,77,0,0
BRDA:535,77,1,0
BRDA:537,78,0,0
BRDA:537,78,1,0
BRDA:537,79,0,0
BRDA:537,79,1,0
BRDA:538,80,0,0
BRDA:538,80,1,0
BRDA:539,81,0,0
BRDA:539,81,1,0
BRDA:545,82,0,0
BRDA:545,82,1,0
BRDA:550,83,0,0
BRDA:550,83,1,0
BRDA:556,84,0,0
BRDA:556,84,1,0
BRDA:556,85,0,0
BRDA:556,85,1,0
BRDA:557,86,0,0
BRDA:557,86,1,0
BRDA:559,87,0,0
BRDA:559,87,1,0
BRDA:560,88,0,0
BRDA:560,88,1,0
BRDA:560,88,2,0
BRDA:573,89,0,0
BRDA:573,89,1,0
BRDA:599,90,0,0
BRDA:599,90,1,0
BRDA:601,91,0,0
BRDA:601,91,1,0
BRDA:610,92,0,0
BRDA:610,92,1,0
BRDA:617,93,0,0
BRDA:617,93,1,0
BRDA:620,94,0,0
BRDA:620,94,1,0
BRDA:640,95,0,0
BRDA:640,95,1,0
BRDA:643,96,0,0
BRDA:643,96,1,0
BRDA:646,97,0,0
BRDA:646,97,1,0
BRDA:658,98,0,0
BRDA:658,98,1,0
BRDA:672,99,0,0
BRDA:672,99,1,0
BRDA:703,100,0,0
BRDA:703,100,1,0
BRDA:714,101,0,0
BRDA:714,101,1,0
BRDA:717,102,0,0
BRDA:717,102,1,0
BRDA:725,103,0,0
BRDA:725,103,1,0
BRDA:752,104,0,0
BRDA:752,104,1,0
BRDA:752,105,0,0
BRDA:752,105,1,0
BRDA:755,106,0,0
BRDA:755,106,1,0
BRDA:756,107,0,0
BRDA:756,107,1,0
BRDA:795,108,0,0
BRDA:795,108,1,0
BRDA:811,109,0,0
BRDA:811,109,1,0
BRDA:812,110,0,0
BRDA:812,110,1,0
BRDA:824,111,0,0
BRDA:824,111,1,0
BRDA:832,112,0,0
BRDA:832,112,1,0
BRDA:839,113,0,0
BRDA:839,113,1,0
BRDA:840,114,0,0
BRDA:840,114,1,0
BRDA:841,115,0,0
BRDA:841,115,1,0
BRDA:847,116,0,0
BRDA:847,116,1,0
BRDA:947,117,0,0
BRDA:947,117,1,0
BRDA:947,117,2,0
BRDA:994,118,0,0
BRDA:994,118,1,0
BRDA:1004,119,0,0
BRDA:1004,119,1,0
BRDA:1026,120,0,0
BRDA:1026,120,1,0
BRDA:1027,121,0,0
BRDA:1027,121,1,0
BRDA:1058,122,0,0
BRDA:1058,122,1,0
BRDA:1058,122,2,0
BRDA:1069,123,0,0
BRDA:1069,123,1,0
BRDA:1069,124,0,0
BRDA:1069,124,1,0
BRDA:1090,125,0,0
BRDA:1090,125,1,0
BRDA:1134,126,0,0
BRDA:1134,126,1,0
BRDA:1134,127,0,0
BRDA:1134,127,1,0
BRDA:1141,128,0,0
BRDA:1141,128,1,0
BRDA:1156,129,0,0
BRDA:1156,129,1,0
BRDA:1158,130,0,0
BRDA:1158,130,1,0
BRDA:1158,131,0,0
BRDA:1158,131,1,0
BRDA:1160,132,0,0
BRDA:1160,132,1,0
BRDA:1176,133,0,0
BRDA:1176,133,1,0
BRDA:1176,134,0,0
BRDA:1176,134,1,0
BRDA:1185,135,0,0
BRDA:1185,135,1,0
BRDA:1185,136,0,0
BRDA:1185,136,1,0
BRDA:1204,137,0,0
BRDA:1204,137,1,0
BRDA:1204,137,2,0
BRDA:1215,138,0,0
BRDA:1215,138,1,0
BRDA:1218,139,0,0
BRDA:1218,139,1,0
BRDA:1241,140,0,0
BRDA:1241,140,1,0
BRDA:1242,141,0,0
BRDA:1242,141,1,0
BRDA:1242,142,0,0
BRDA:1242,142,1,0
BRDA:1243,143,0,0
BRDA:1243,143,1,0
BRDA:1244,144,0,0
BRDA:1244,144,1,0
BRDA:1248,145,0,0
BRDA:1248,145,1,0
BRDA:1295,146,0,0
BRDA:1295,146,1,0
BRDA:1295,147,0,0
BRDA:1295,147,1,0
BRDA:1303,148,0,0
BRDA:1303,148,1,0
BRDA:1309,149,0,0
BRDA:1309,149,1,0
BRDA:1313,150,0,0
BRDA:1313,150,1,0
BRDA:1314,151,0,0
BRDA:1314,151,1,0
BRDA:1323,152,0,0
BRDA:1323,152,1,0
BRDA:1345,153,0,0
BRDA:1345,153,1,0
BRDA:1360,154,0,0
BRDA:1360,154,1,0
BRDA:1360,155,0,0
BRDA:1360,155,1,0
BRDA:1361,156,0,0
BRDA:1361,156,1,0
BRDA:1361,156,2,0
BRDA:1367,157,0,0
BRDA:1367,157,1,0
BRDA:1369,158,0,0
BRDA:1369,158,1,0
BRDA:1380,159,0,0
BRDA:1380,159,1,0
BRDA:1380,159,2,0
BRDA:1381,160,0,0
BRDA:1381,160,1,0
BRDA:1394,161,0,0
BRDA:1394,161,1,0
BRDA:1394,162,0,0
BRDA:1394,162,1,0
BRDA:1394,162,2,0
BRDA:1397,163,0,0
BRDA:1397,163,1,0
BRDA:1397,164,0,0
BRDA:1397,164,1,0
BRDA:1397,165,0,0
BRDA:1397,165,1,0
BRDA:1410,166,0,0
BRDA:1410,166,1,0
BRDA:1415,167,0,0
BRDA:1415,167,1,0
BRDA:1422,168,0,0
BRDA:1422,168,1,0
BRDA:1425,169,0,0
BRDA:1425,169,1,0
BRDA:1428,170,0,0
BRDA:1428,170,1,0
BRDA:1430,171,0,0
BRDA:1430,171,1,0
BRDA:1441,172,0,0
BRDA:1441,172,1,0
BRDA:1442,173,0,0
BRDA:1442,173,1,0
BRDA:1457,174,0,0
BRDA:1457,174,1,0
BRDA:1457,175,0,0
BRDA:1457,175,1,0
BRDA:1459,176,0,0
BRDA:1459,176,1,0
BRDA:1460,177,0,0
BRDA:1460,177,1,0
BRDA:1461,178,0,0
BRDA:1461,178,1,0
BRDA:1462,179,0,0
BRDA:1462,179,1,0
BRDA:1463,180,0,0
BRDA:1463,180,1,0
BRDA:1464,181,0,0
BRDA:1464,181,1,0
BRDA:1465,182,0,0
BRDA:1465,182,1,0
BRDA:1471,183,0,0
BRDA:1471,183,1,0
BRDA:1475,184,0,0
BRDA:1475,184,1,0
BRDA:1485,185,0,0
BRDA:1485,185,1,0
BRDA:1485,186,0,0
BRDA:1485,186,1,0
BRDA:1485,186,2,0
BRDA:1489,187,0,0
BRDA:1489,187,1,0
BRDA:1489,188,0,0
BRDA:1489,188,1,0
BRDA:1489,188,2,0
BRDA:1493,189,0,0
BRDA:1493,189,1,0
BRDA:1493,190,0,0
BRDA:1493,190,1,0
BRDA:1493,190,2,0
BRDA:1496,191,0,0
BRDA:1496,191,1,0
BRDA:1500,192,0,0
BRDA:1500,192,1,0
BRDA:1500,193,0,0
BRDA:1500,193,1,0
BRDA:1500,193,2,0
BRDA:1511,194,0,0
BRDA:1511,194,1,0
BRDA:1517,195,0,0
BRDA:1517,195,1,0
BRDA:1533,196,0,0
BRDA:1533,196,1,0
BRDA:1534,197,0,0
BRDA:1534,197,1,0
BRDA:1538,198,0,0
BRDA:1538,198,1,0
BRDA:1539,199,0,0
BRDA:1539,199,1,0
BRDA:1543,200,0,0
BRDA:1543,200,1,0
BRDA:1544,201,0,0
BRDA:1544,201,1,0
BRDA:1553,202,0,0
BRDA:1553,202,1,0
BRDA:1557,203,0,0
BRDA:1557,203,1,0
BRDA:1558,204,0,0
BRDA:1558,204,1,0
BRDA:1562,205,0,0
BRDA:1562,205,1,0
BRDA:1566,206,0,0
BRDA:1566,206,1,0
BRDA:1581,207,0,0
BRDA:1581,207,1,0
BRDA:1581,208,0,0
BRDA:1581,208,1,0
BRDA:1594,209,0,0
BRDA:1594,209,1,0
BRDA:1603,210,0,0
BRDA:1603,210,1,0
BRDA:1627,211,0,0
BRDA:1627,211,1,0
BRF:446
BRH:0
end_of_record
TN:
SF:src\pages\Error.jsx
FN:8,(anonymous_0)
FN:25,(anonymous_1)
FNF:2
FNH:0
FNDA:0,(anonymous_0)
FNDA:0,(anonymous_1)
DA:8,0
DA:9,0
DA:11,0
DA:25,0
LF:4
LH:0
BRF:0
BRH:0
end_of_record
TN:
SF:src\pages\FarmerDashboard.jsx
FN:11,(anonymous_0)
FN:16,(anonymous_1)
FN:17,(anonymous_2)
FN:23,(anonymous_3)
FN:33,(anonymous_4)
FN:39,(anonymous_5)
FN:42,(anonymous_6)
FN:48,(anonymous_7)
FN:55,(anonymous_8)
FN:61,(anonymous_9)
FN:77,(anonymous_10)
FN:99,(anonymous_11)
FN:107,(anonymous_12)
FN:118,(anonymous_13)
FN:133,(anonymous_14)
FN:134,(anonymous_15)
FN:136,(anonymous_16)
FN:165,(anonymous_17)
FN:170,(anonymous_18)
FN:173,(anonymous_19)
FN:178,(anonymous_20)
FN:182,(anonymous_21)
FN:189,(anonymous_22)
FN:193,(anonymous_23)
FN:195,(anonymous_24)
FN:199,(anonymous_25)
FN:207,(anonymous_26)
FN:226,(anonymous_27)
FN:257,(anonymous_28)
FN:257,(anonymous_29)
FN:257,(anonymous_30)
FN:258,(anonymous_31)
FN:258,(anonymous_32)
FN:259,(anonymous_33)
FN:259,(anonymous_34)
FN:259,(anonymous_35)
FN:261,(anonymous_36)
FN:282,(anonymous_37)
FN:284,(anonymous_38)
FN:315,(anonymous_39)
FN:337,(anonymous_40)
FN:348,(anonymous_41)
FN:350,(anonymous_42)
FN:353,(anonymous_43)
FN:365,(anonymous_44)
FN:368,(anonymous_45)
FN:369,(anonymous_46)
FN:376,(anonymous_47)
FN:399,(anonymous_48)
FN:418,(anonymous_49)
FN:422,(anonymous_50)
FN:489,(anonymous_51)
FN:493,(anonymous_52)
FN:505,(anonymous_53)
FN:508,(anonymous_54)
FN:511,(anonymous_55)
FN:520,(anonymous_56)
FN:523,(anonymous_57)
FN:552,(anonymous_58)
FN:566,(anonymous_59)
FN:666,(anonymous_60)
FN:683,(anonymous_61)
FN:685,(anonymous_62)
FN:701,(anonymous_63)
FN:706,(anonymous_64)
FN:739,(anonymous_65)
FN:763,(anonymous_66)
FN:764,(anonymous_67)
FN:778,(anonymous_68)
FN:799,(anonymous_69)
FN:822,(anonymous_70)
FN:845,(anonymous_71)
FN:862,(anonymous_72)
FN:872,(anonymous_73)
FN:885,(anonymous_74)
FN:888,(anonymous_75)
FN:894,(anonymous_76)
FNF:77
FNH:0
FNDA:0,(anonymous_0)
FNDA:0,(anonymous_1)
FNDA:0,(anonymous_2)
FNDA:0,(anonymous_3)
FNDA:0,(anonymous_4)
FNDA:0,(anonymous_5)
FNDA:0,(anonymous_6)
FNDA:0,(anonymous_7)
FNDA:0,(anonymous_8)
FNDA:0,(anonymous_9)
FNDA:0,(anonymous_10)
FNDA:0,(anonymous_11)
FNDA:0,(anonymous_12)
FNDA:0,(anonymous_13)
FNDA:0,(anonymous_14)
FNDA:0,(anonymous_15)
FNDA:0,(anonymous_16)
FNDA:0,(anonymous_17)
FNDA:0,(anonymous_18)
FNDA:0,(anonymous_19)
FNDA:0,(anonymous_20)
FNDA:0,(anonymous_21)
FNDA:0,(anonymous_22)
FNDA:0,(anonymous_23)
FNDA:0,(anonymous_24)
FNDA:0,(anonymous_25)
FNDA:0,(anonymous_26)
FNDA:0,(anonymous_27)
FNDA:0,(anonymous_28)
FNDA:0,(anonymous_29)
FNDA:0,(anonymous_30)
FNDA:0,(anonymous_31)
FNDA:0,(anonymous_32)
FNDA:0,(anonymous_33)
FNDA:0,(anonymous_34)
FNDA:0,(anonymous_35)
FNDA:0,(anonymous_36)
FNDA:0,(anonymous_37)
FNDA:0,(anonymous_38)
FNDA:0,(anonymous_39)
FNDA:0,(anonymous_40)
FNDA:0,(anonymous_41)
FNDA:0,(anonymous_42)
FNDA:0,(anonymous_43)
FNDA:0,(anonymous_44)
FNDA:0,(anonymous_45)
FNDA:0,(anonymous_46)
FNDA:0,(anonymous_47)
FNDA:0,(anonymous_48)
FNDA:0,(anonymous_49)
FNDA:0,(anonymous_50)
FNDA:0,(anonymous_51)
FNDA:0,(anonymous_52)
FNDA:0,(anonymous_53)
FNDA:0,(anonymous_54)
FNDA:0,(anonymous_55)
FNDA:0,(anonymous_56)
FNDA:0,(anonymous_57)
FNDA:0,(anonymous_58)
FNDA:0,(anonymous_59)
FNDA:0,(anonymous_60)
FNDA:0,(anonymous_61)
FNDA:0,(anonymous_62)
FNDA:0,(anonymous_63)
FNDA:0,(anonymous_64)
FNDA:0,(anonymous_65)
FNDA:0,(anonymous_66)
FNDA:0,(anonymous_67)
FNDA:0,(anonymous_68)
FNDA:0,(anonymous_69)
FNDA:0,(anonymous_70)
FNDA:0,(anonymous_71)
FNDA:0,(anonymous_72)
FNDA:0,(anonymous_73)
FNDA:0,(anonymous_74)
FNDA:0,(anonymous_75)
FNDA:0,(anonymous_76)
DA:11,0
DA:12,0
DA:13,0
DA:16,0
DA:17,0
DA:18,0
DA:19,0
DA:22,0
DA:23,0
DA:26,0
DA:33,0
DA:39,0
DA:42,0
DA:48,0
DA:55,0
DA:61,0
DA:77,0
DA:78,0
DA:79,0
DA:81,0
DA:82,0
DA:83,0
DA:85,0
DA:96,0
DA:98,0
DA:99,0
DA:100,0
DA:101,0
DA:102,0
DA:104,0
DA:105,0
DA:106,0
DA:107,0
DA:108,0
DA:109,0
DA:114,0
DA:115,0
DA:118,0
DA:119,0
DA:120,0
DA:121,0
DA:124,0
DA:132,0
DA:133,0
DA:135,0
DA:136,0
DA:140,0
DA:141,0
DA:142,0
DA:143,0
DA:145,0
DA:149,0
DA:150,0
DA:151,0
DA:152,0
DA:159,0
DA:161,0
DA:165,0
DA:166,0
DA:170,0
DA:171,0
DA:173,0
DA:174,0
DA:175,0
DA:178,0
DA:182,0
DA:183,0
DA:184,0
DA:185,0
DA:189,0
DA:190,0
DA:193,0
DA:194,0
DA:195,0
DA:199,0
DA:200,0
DA:201,0
DA:202,0
DA:203,0
DA:204,0
DA:207,0
DA:208,0
DA:209,0
DA:210,0
DA:211,0
DA:212,0
DA:214,0
DA:224,0
DA:225,0
DA:226,0
DA:227,0
DA:228,0
DA:234,0
DA:236,0
DA:246,0
DA:248,0
DA:249,0
DA:251,0
DA:253,0
DA:257,0
DA:258,0
DA:259,0
DA:261,0
DA:262,0
DA:263,0
DA:264,0
DA:265,0
DA:267,0
DA:268,0
DA:278,0
DA:279,0
DA:282,0
DA:284,0
DA:285,0
DA:286,0
DA:287,0
DA:288,0
DA:289,0
DA:292,0
DA:293,0
DA:294,0
DA:295,0
DA:298,0
DA:301,0
DA:302,0
DA:303,0
DA:304,0
DA:306,0
DA:309,0
DA:315,0
DA:316,0
DA:318,0
DA:319,0
DA:320,0
DA:322,0
DA:323,0
DA:326,0
DA:332,0
DA:333,0
DA:337,0
DA:338,0
DA:339,0
DA:340,0
DA:341,0
DA:342,0
DA:344,0
DA:348,0
DA:349,0
DA:350,0
DA:353,0
DA:354,0
DA:355,0
DA:356,0
DA:357,0
DA:358,0
DA:359,0
DA:361,0
DA:365,0
DA:366,0
DA:367,0
DA:369,0
DA:374,0
DA:376,0
DA:382,0
DA:399,0
DA:418,0
DA:422,0
DA:490,0
DA:493,0
DA:505,0
DA:508,0
DA:511,0
DA:520,0
DA:523,0
DA:552,0
DA:567,0
DA:568,0
DA:569,0
DA:570,0
DA:571,0
DA:572,0
DA:573,0
DA:574,0
DA:577,0
DA:584,0
DA:586,0
DA:667,0
DA:683,0
DA:686,0
DA:701,0
DA:706,0
DA:740,0
DA:763,0
DA:764,0
DA:779,0
DA:780,0
DA:800,0
DA:801,0
DA:823,0
DA:845,0
DA:862,0
DA:873,0
DA:874,0
DA:885,0
DA:886,0
DA:888,0
DA:889,0
DA:892,0
DA:894,0
LF:209
LH:0
BRDA:18,0,0,0
BRDA:18,0,1,0
BRDA:34,1,0,0
BRDA:34,1,1,0
BRDA:37,2,0,0
BRDA:37,2,1,0
BRDA:39,3,0,0
BRDA:39,3,1,0
BRDA:42,4,0,0
BRDA:42,4,1,0
BRDA:48,5,0,0
BRDA:48,5,1,0
BRDA:50,6,0,0
BRDA:50,6,1,0
BRDA:57,7,0,0
BRDA:57,7,1,0
BRDA:60,8,0,0
BRDA:60,8,1,0
BRDA:119,9,0,0
BRDA:119,9,1,0
BRDA:140,10,0,0
BRDA:140,10,1,0
BRDA:153,11,0,0
BRDA:153,11,1,0
BRDA:154,12,0,0
BRDA:154,12,1,0
BRDA:155,13,0,0
BRDA:155,13,1,0
BRDA:156,14,0,0
BRDA:156,14,1,0
BRDA:159,15,0,0
BRDA:159,15,1,0
BRDA:171,16,0,0
BRDA:171,16,1,0
BRDA:183,17,0,0
BRDA:183,17,1,0
BRDA:212,18,0,0
BRDA:212,18,1,0
BRDA:225,19,0,0
BRDA:225,19,1,0
BRDA:226,20,0,0
BRDA:226,20,1,0
BRDA:226,20,2,0
BRDA:226,20,3,0
BRDA:227,21,0,0
BRDA:227,21,1,0
BRDA:251,22,0,0
BRDA:251,22,1,0
BRDA:257,23,0,0
BRDA:257,23,1,0
BRDA:259,24,0,0
BRDA:259,24,1,0
BRDA:263,25,0,0
BRDA:263,25,1,0
BRDA:263,26,0,0
BRDA:263,26,1,0
BRDA:263,26,2,0
BRDA:274,27,0,0
BRDA:274,27,1,0
BRDA:275,28,0,0
BRDA:275,28,1,0
BRDA:276,29,0,0
BRDA:276,29,1,0
BRDA:285,30,0,0
BRDA:285,30,1,0
BRDA:287,31,0,0
BRDA:287,31,1,0
BRDA:287,32,0,0
BRDA:287,32,1,0
BRDA:287,32,2,0
BRDA:301,33,0,0
BRDA:301,33,1,0
BRDA:301,34,0,0
BRDA:301,34,1,0
BRDA:309,35,0,0
BRDA:309,35,1,0
BRDA:316,36,0,0
BRDA:316,36,1,0
BRDA:322,37,0,0
BRDA:322,37,1,0
BRDA:322,38,0,0
BRDA:322,38,1,0
BRDA:332,39,0,0
BRDA:332,39,1,0
BRDA:338,40,0,0
BRDA:338,40,1,0
BRDA:344,41,0,0
BRDA:344,41,1,0
BRDA:361,42,0,0
BRDA:361,42,1,0
BRDA:366,43,0,0
BRDA:366,43,1,0
BRDA:393,44,0,0
BRDA:393,44,1,0
BRDA:394,45,0,0
BRDA:394,45,1,0
BRDA:394,46,0,0
BRDA:394,46,1,0
BRDA:396,47,0,0
BRDA:396,47,1,0
BRDA:400,48,0,0
BRDA:400,48,1,0
BRDA:405,49,0,0
BRDA:405,49,1,0
BRDA:409,50,0,0
BRDA:409,50,1,0
BRDA:416,51,0,0
BRDA:416,51,1,0
BRDA:419,52,0,0
BRDA:419,52,1,0
BRDA:419,53,0,0
BRDA:419,53,1,0
BRDA:423,54,0,0
BRDA:423,54,1,0
BRDA:423,55,0,0
BRDA:423,55,1,0
BRDA:430,56,0,0
BRDA:430,56,1,0
BRDA:430,56,2,0
BRDA:474,57,0,0
BRDA:474,57,1,0
BRDA:474,57,2,0
BRDA:552,58,0,0
BRDA:552,58,1,0
BRDA:552,59,0,0
BRDA:552,59,1,0
BRDA:552,60,0,0
BRDA:552,60,1,0
BRDA:552,61,0,0
BRDA:552,61,1,0
BRDA:559,62,0,0
BRDA:559,62,1,0
BRDA:559,62,2,0
BRDA:567,63,0,0
BRDA:567,63,1,0
BRDA:567,63,2,0
BRDA:573,64,0,0
BRDA:573,64,1,0
BRDA:574,65,0,0
BRDA:574,65,1,0
BRDA:584,66,0,0
BRDA:584,66,1,0
BRDA:587,67,0,0
BRDA:587,67,1,0
BRDA:595,68,0,0
BRDA:595,68,1,0
BRDA:595,69,0,0
BRDA:595,69,1,0
BRDA:597,70,0,0
BRDA:597,70,1,0
BRDA:601,71,0,0
BRDA:601,71,1,0
BRDA:601,72,0,0
BRDA:601,72,1,0
BRDA:601,73,0,0
BRDA:601,73,1,0
BRDA:625,74,0,0
BRDA:625,74,1,0
BRDA:634,75,0,0
BRDA:634,75,1,0
BRDA:634,75,2,0
BRDA:634,75,3,0
BRDA:637,76,0,0
BRDA:637,76,1,0
BRDA:642,77,0,0
BRDA:642,77,1,0
BRDA:642,77,2,0
BRDA:649,78,0,0
BRDA:649,78,1,0
BRDA:650,79,0,0
BRDA:650,79,1,0
BRDA:651,80,0,0
BRDA:651,80,1,0
BRDA:652,81,0,0
BRDA:652,81,1,0
BRDA:653,82,0,0
BRDA:653,82,1,0
BRDA:655,83,0,0
BRDA:655,83,1,0
BRDA:657,84,0,0
BRDA:657,84,1,0
BRDA:664,85,0,0
BRDA:664,85,1,0
BRDA:664,85,2,0
BRDA:673,86,0,0
BRDA:673,86,1,0
BRDA:673,86,2,0
BRDA:680,87,0,0
BRDA:680,87,1,0
BRDA:680,87,2,0
BRDA:680,87,3,0
BRDA:694,88,0,0
BRDA:694,88,1,0
BRDA:700,89,0,0
BRDA:700,89,1,0
BRDA:705,90,0,0
BRDA:705,90,1,0
BRDA:710,91,0,0
BRDA:710,91,1,0
BRDA:710,91,2,0
BRDA:712,92,0,0
BRDA:712,92,1,0
BRDA:712,93,0,0
BRDA:712,93,1,0
BRDA:715,94,0,0
BRDA:715,94,1,0
BRDA:729,95,0,0
BRDA:729,95,1,0
BRDA:733,96,0,0
BRDA:733,96,1,0
BRDA:733,96,2,0
BRDA:753,97,0,0
BRDA:753,97,1,0
BRDA:757,98,0,0
BRDA:757,98,1,0
BRDA:757,98,2,0
BRDA:768,99,0,0
BRDA:768,99,1,0
BRDA:768,99,2,0
BRDA:789,100,0,0
BRDA:789,100,1,0
BRDA:789,100,2,0
BRDA:815,101,0,0
BRDA:815,101,1,0
BRDA:819,102,0,0
BRDA:819,102,1,0
BRDA:819,102,2,0
BRDA:823,103,0,0
BRDA:823,103,1,0
BRDA:823,104,0,0
BRDA:823,104,1,0
BRDA:833,105,0,0
BRDA:833,105,1,0
BRDA:837,106,0,0
BRDA:837,106,1,0
BRDA:837,107,0,0
BRDA:837,107,1,0
BRDA:839,108,0,0
BRDA:839,108,1,0
BRDA:842,109,0,0
BRDA:842,109,1,0
BRDA:843,110,0,0
BRDA:843,110,1,0
BRDA:844,111,0,0
BRDA:844,111,1,0
BRDA:848,112,0,0
BRDA:848,112,1,0
BRDA:886,113,0,0
BRDA:886,113,1,0
BRDA:886,114,0,0
BRDA:886,114,1,0
BRDA:911,115,0,0
BRDA:911,115,1,0
BRDA:919,116,0,0
BRDA:919,116,1,0
BRDA:932,117,0,0
BRDA:932,117,1,0
BRDA:947,118,0,0
BRDA:947,118,1,0
BRF:259
BRH:0
end_of_record
TN:
SF:src\pages\Home.jsx
FN:7,(anonymous_0)
FNF:1
FNH:0
FNDA:0,(anonymous_0)
DA:7,0
DA:8,0
LF:2
LH:0
BRF:0
BRH:0
end_of_record
TN:
SF:src\pages\Login.jsx
FN:17,(anonymous_0)
FN:20,(anonymous_1)
FN:34,(anonymous_2)
FN:37,(anonymous_3)
FN:38,(anonymous_4)
FN:44,(anonymous_5)
FN:48,(anonymous_6)
FN:78,(anonymous_7)
FN:100,(anonymous_8)
FN:114,(anonymous_9)
FN:130,(anonymous_10)
FN:183,(anonymous_11)
FN:204,(anonymous_12)
FN:210,(anonymous_13)
FN:225,(anonymous_14)
FN:247,(anonymous_15)
FNF:16
FNH:0
FNDA:0,(anonymous_0)
FNDA:0,(anonymous_1)
FNDA:0,(anonymous_2)
FNDA:0,(anonymous_3)
FNDA:0,(anonymous_4)
FNDA:0,(anonymous_5)
FNDA:0,(anonymous_6)
FNDA:0,(anonymous_7)
FNDA:0,(anonymous_8)
FNDA:0,(anonymous_9)
FNDA:0,(anonymous_10)
FNDA:0,(anonymous_11)
FNDA:0,(anonymous_12)
FNDA:0,(anonymous_13)
FNDA:0,(anonymous_14)
FNDA:0,(anonymous_15)
DA:17,0
DA:19,0
DA:20,0
DA:23,0
DA:24,0
DA:25,0
DA:26,0
DA:27,0
DA:28,0
DA:30,0
DA:31,0
DA:34,0
DA:36,0
DA:37,0
DA:38,0
DA:40,0
DA:41,0
DA:42,0
DA:44,0
DA:48,0
DA:50,0
DA:51,0
DA:52,0
DA:56,0
DA:57,0
DA:58,0
DA:59,0
DA:60,0
DA:64,0
DA:68,0
DA:69,0
DA:70,0
DA:71,0
DA:72,0
DA:73,0
DA:78,0
DA:79,0
DA:80,0
DA:81,0
DA:83,0
DA:85,0
DA:86,0
DA:87,0
DA:90,0
DA:91,0
DA:94,0
DA:95,0
DA:97,0
DA:100,0
DA:101,0
DA:104,0
DA:107,0
DA:108,0
DA:110,0
DA:114,0
DA:115,0
DA:116,0
DA:118,0
DA:119,0
DA:120,0
DA:121,0
DA:122,0
DA:124,0
DA:126,0
DA:130,0
DA:131,0
DA:132,0
DA:133,0
DA:135,0
DA:136,0
DA:137,0
DA:140,0
DA:144,0
DA:146,0
DA:147,0
DA:149,0
DA:152,0
DA:153,0
DA:155,0
DA:158,0
DA:184,0
DA:185,0
DA:204,0
DA:210,0
DA:225,0
DA:247,0
LF:86
LH:0
BRDA:36,0,0,0
BRDA:36,0,1,0
BRDA:36,1,0,0
BRDA:36,1,1,0
BRDA:40,2,0,0
BRDA:40,2,1,0
BRDA:50,3,0,0
BRDA:50,3,1,0
BRDA:58,4,0,0
BRDA:58,4,1,0
BRDA:68,5,0,0
BRDA:68,5,1,0
BRDA:70,6,0,0
BRDA:70,6,1,0
BRDA:72,7,0,0
BRDA:72,7,1,0
BRDA:104,8,0,0
BRDA:104,8,1,0
BRDA:114,9,0,0
BRDA:124,10,0,0
BRDA:124,10,1,0
BRDA:149,11,0,0
BRDA:149,11,1,0
BRDA:165,12,0,0
BRDA:165,12,1,0
BRDA:171,13,0,0
BRDA:171,13,1,0
BRDA:171,14,0,0
BRDA:171,14,1,0
BRDA:171,14,2,0
BRDA:172,15,0,0
BRDA:172,15,1,0
BRDA:172,16,0,0
BRDA:172,16,1,0
BRDA:172,16,2,0
BRDA:205,17,0,0
BRDA:205,17,1,0
BRDA:211,18,0,0
BRDA:211,18,1,0
BRDA:213,19,0,0
BRDA:213,19,1,0
BRDA:216,20,0,0
BRDA:216,20,1,0
BRDA:232,21,0,0
BRDA:232,21,1,0
BRDA:234,22,0,0
BRDA:234,22,1,0
BRDA:238,23,0,0
BRDA:238,23,1,0
BRDA:243,24,0,0
BRDA:243,24,1,0
BRF:51
BRH:0
end_of_record
TN:
SF:src\pages\PaymentCancel.jsx
FN:5,(anonymous_0)
FN:12,(anonymous_1)
FN:18,(anonymous_2)
FN:59,(anonymous_3)
FN:65,(anonymous_4)
FNF:5
FNH:0
FNDA:0,(anonymous_0)
FNDA:0,(anonymous_1)
FNDA:0,(anonymous_2)
FNDA:0,(anonymous_3)
FNDA:0,(anonymous_4)
DA:5,0
DA:6,0
DA:7,0
DA:9,0
DA:10,0
DA:12,0
DA:13,0
DA:14,0
DA:15,0
DA:18,0
DA:19,0
DA:20,0
DA:21,0
DA:24,0
DA:59,0
DA:65,0
LF:16
LH:0
BRDA:13,0,0,0
BRDA:13,0,1,0
BRDA:14,1,0,0
BRDA:14,1,1,0
BRDA:19,2,0,0
BRDA:19,2,1,0
BRDA:20,3,0,0
BRDA:20,3,1,0
BRDA:39,4,0,0
BRDA:39,4,1,0
BRF:10
BRH:0
end_of_record
TN:
SF:src\pages\PaymentSuccess.jsx
FN:6,(anonymous_0)
FN:15,(anonymous_1)
FN:16,(anonymous_2)
FN:51,(anonymous_3)
FN:58,(anonymous_4)
FN:83,(anonymous_5)
FN:135,(anonymous_6)
FNF:7
FNH:0
FNDA:0,(anonymous_0)
FNDA:0,(anonymous_1)
FNDA:0,(anonymous_2)
FNDA:0,(anonymous_3)
FNDA:0,(anonymous_4)
FNDA:0,(anonymous_5)
FNDA:0,(anonymous_6)
DA:6,0
DA:7,0
DA:8,0
DA:9,0
DA:10,0
DA:11,0
DA:13,0
DA:15,0
DA:16,0
DA:17,0
DA:18,0
DA:19,0
DA:20,0
DA:23,0
DA:25,0
DA:26,0
DA:30,0
DA:31,0
DA:32,0
DA:34,0
DA:35,0
DA:37,0
DA:41,0
DA:42,0
DA:44,0
DA:48,0
DA:51,0
DA:52,0
DA:53,0
DA:54,0
DA:55,0
DA:58,0
DA:59,0
DA:60,0
DA:61,0
DA:62,0
DA:65,0
DA:83,0
DA:135,0
LF:39
LH:0
BRDA:17,0,0,0
BRDA:17,0,1,0
BRDA:30,1,0,0
BRDA:30,1,1,0
BRDA:30,2,0,0
BRDA:30,2,1,0
BRDA:52,3,0,0
BRDA:52,3,1,0
BRDA:53,4,0,0
BRDA:53,4,1,0
BRDA:54,5,0,0
BRDA:54,5,1,0
BRDA:59,6,0,0
BRDA:59,6,1,0
BRDA:60,7,0,0
BRDA:60,7,1,0
BRDA:61,8,0,0
BRDA:61,8,1,0
BRDA:68,9,0,0
BRDA:68,9,1,0
BRDA:73,10,0,0
BRDA:73,10,1,0
BRDA:101,11,0,0
BRDA:101,11,1,0
BRDA:112,12,0,0
BRDA:112,12,1,0
BRDA:118,13,0,0
BRDA:118,13,1,0
BRF:28
BRH:0
end_of_record
TN:
SF:src\pages\RepresentativeDashboard.jsx
FN:15,(anonymous_0)
FN:16,(anonymous_1)
FN:17,(anonymous_2)
FN:19,(anonymous_3)
FN:31,(anonymous_4)
FN:37,(anonymous_5)
FN:41,(anonymous_6)
FN:43,(anonymous_7)
FN:49,(anonymous_8)
FN:56,(anonymous_9)
FN:66,(anonymous_10)
FN:68,(anonymous_11)
FN:72,(anonymous_12)
FN:77,(anonymous_13)
FN:86,(anonymous_14)
FN:91,(anonymous_15)
FN:91,(anonymous_16)
FN:92,(anonymous_17)
FN:92,(anonymous_18)
FN:93,(anonymous_19)
FN:93,(anonymous_20)
FN:95,(anonymous_21)
FN:102,(anonymous_22)
FN:103,(anonymous_23)
FN:104,(anonymous_24)
FN:129,(anonymous_25)
FN:140,(anonymous_26)
FN:146,(anonymous_27)
FN:150,(anonymous_28)
FN:155,(anonymous_29)
FN:159,(anonymous_30)
FN:163,(anonymous_31)
FN:178,(anonymous_32)
FN:180,(anonymous_33)
FN:191,(anonymous_34)
FN:205,(anonymous_35)
FN:212,(anonymous_36)
FN:212,(anonymous_37)
FN:213,(anonymous_38)
FN:229,(anonymous_39)
FN:233,(anonymous_40)
FN:236,(anonymous_41)
FN:251,(anonymous_42)
FN:253,(anonymous_43)
FN:277,(anonymous_44)
FN:300,(anonymous_45)
FN:305,(anonymous_46)
FN:313,(anonymous_47)
FN:326,(anonymous_48)
FN:344,(anonymous_49)
FN:345,(anonymous_50)
FN:354,(anonymous_51)
FN:354,(anonymous_52)
FN:355,(anonymous_53)
FN:355,(anonymous_54)
FN:361,(anonymous_55)
FN:387,(anonymous_56)
FN:390,(anonymous_57)
FN:394,(anonymous_58)
FN:400,(anonymous_59)
FN:412,(anonymous_60)
FN:427,(anonymous_61)
FN:428,(anonymous_62)
FN:429,(anonymous_63)
FN:430,(anonymous_64)
FN:433,(anonymous_65)
FN:436,(anonymous_66)
FN:437,(anonymous_67)
FN:442,(anonymous_68)
FN:453,(anonymous_69)
FN:463,(anonymous_70)
FN:464,(anonymous_71)
FN:467,(anonymous_72)
FN:477,(anonymous_73)
FN:478,(anonymous_74)
FN:497,(anonymous_75)
FN:511,(anonymous_76)
FN:524,(anonymous_77)
FN:530,(anonymous_78)
FN:541,(anonymous_79)
FNF:80
FNH:0
FNDA:0,(anonymous_0)
FNDA:0,(anonymous_1)
FNDA:0,(anonymous_2)
FNDA:0,(anonymous_3)
FNDA:0,(anonymous_4)
FNDA:0,(anonymous_5)
FNDA:0,(anonymous_6)
FNDA:0,(anonymous_7)
FNDA:0,(anonymous_8)
FNDA:0,(anonymous_9)
FNDA:0,(anonymous_10)
FNDA:0,(anonymous_11)
FNDA:0,(anonymous_12)
FNDA:0,(anonymous_13)
FNDA:0,(anonymous_14)
FNDA:0,(anonymous_15)
FNDA:0,(anonymous_16)
FNDA:0,(anonymous_17)
FNDA:0,(anonymous_18)
FNDA:0,(anonymous_19)
FNDA:0,(anonymous_20)
FNDA:0,(anonymous_21)
FNDA:0,(anonymous_22)
FNDA:0,(anonymous_23)
FNDA:0,(anonymous_24)
FNDA:0,(anonymous_25)
FNDA:0,(anonymous_26)
FNDA:0,(anonymous_27)
FNDA:0,(anonymous_28)
FNDA:0,(anonymous_29)
FNDA:0,(anonymous_30)
FNDA:0,(anonymous_31)
FNDA:0,(anonymous_32)
FNDA:0,(anonymous_33)
FNDA:0,(anonymous_34)
FNDA:0,(anonymous_35)
FNDA:0,(anonymous_36)
FNDA:0,(anonymous_37)
FNDA:0,(anonymous_38)
FNDA:0,(anonymous_39)
FNDA:0,(anonymous_40)
FNDA:0,(anonymous_41)
FNDA:0,(anonymous_42)
FNDA:0,(anonymous_43)
FNDA:0,(anonymous_44)
FNDA:0,(anonymous_45)
FNDA:0,(anonymous_46)
FNDA:0,(anonymous_47)
FNDA:0,(anonymous_48)
FNDA:0,(anonymous_49)
FNDA:0,(anonymous_50)
FNDA:0,(anonymous_51)
FNDA:0,(anonymous_52)
FNDA:0,(anonymous_53)
FNDA:0,(anonymous_54)
FNDA:0,(anonymous_55)
FNDA:0,(anonymous_56)
FNDA:0,(anonymous_57)
FNDA:0,(anonymous_58)
FNDA:0,(anonymous_59)
FNDA:0,(anonymous_60)
FNDA:0,(anonymous_61)
FNDA:0,(anonymous_62)
FNDA:0,(anonymous_63)
FNDA:0,(anonymous_64)
FNDA:0,(anonymous_65)
FNDA:0,(anonymous_66)
FNDA:0,(anonymous_67)
FNDA:0,(anonymous_68)
FNDA:0,(anonymous_69)
FNDA:0,(anonymous_70)
FNDA:0,(anonymous_71)
FNDA:0,(anonymous_72)
FNDA:0,(anonymous_73)
FNDA:0,(anonymous_74)
FNDA:0,(anonymous_75)
FNDA:0,(anonymous_76)
FNDA:0,(anonymous_77)
FNDA:0,(anonymous_78)
FNDA:0,(anonymous_79)
DA:6,0
DA:15,0
DA:16,0
DA:17,0
DA:19,0
DA:20,0
DA:27,0
DA:28,0
DA:31,0
DA:32,0
DA:33,0
DA:34,0
DA:37,0
DA:38,0
DA:41,0
DA:42,0
DA:43,0
DA:49,0
DA:50,0
DA:56,0
DA:57,0
DA:66,0
DA:68,0
DA:72,0
DA:74,0
DA:75,0
DA:77,0
DA:78,0
DA:86,0
DA:87,0
DA:88,0
DA:89,0
DA:90,0
DA:91,0
DA:92,0
DA:93,0
DA:95,0
DA:96,0
DA:97,0
DA:98,0
DA:99,0
DA:100,0
DA:101,0
DA:102,0
DA:103,0
DA:104,0
DA:105,0
DA:106,0
DA:107,0
DA:108,0
DA:111,0
DA:129,0
DA:140,0
DA:146,0
DA:150,0
DA:155,0
DA:159,0
DA:163,0
DA:178,0
DA:179,0
DA:180,0
DA:181,0
DA:182,0
DA:183,0
DA:184,0
DA:186,0
DA:191,0
DA:205,0
DA:206,0
DA:211,0
DA:212,0
DA:213,0
DA:214,0
DA:215,0
DA:216,0
DA:217,0
DA:219,0
DA:229,0
DA:233,0
DA:236,0
DA:251,0
DA:252,0
DA:253,0
DA:254,0
DA:255,0
DA:256,0
DA:257,0
DA:259,0
DA:278,0
DA:300,0
DA:301,0
DA:302,0
DA:303,0
DA:305,0
DA:306,0
DA:307,0
DA:308,0
DA:309,0
DA:310,0
DA:313,0
DA:315,0
DA:327,0
DA:344,0
DA:345,0
DA:354,0
DA:355,0
DA:361,0
DA:362,0
DA:363,0
DA:387,0
DA:390,0
DA:394,0
DA:400,0
DA:401,0
DA:402,0
DA:403,0
DA:404,0
DA:405,0
DA:406,0
DA:407,0
DA:408,0
DA:409,0
DA:410,0
DA:412,0
DA:413,0
DA:414,0
DA:415,0
DA:422,0
DA:423,0
DA:424,0
DA:427,0
DA:428,0
DA:429,0
DA:430,0
DA:433,0
DA:435,0
DA:436,0
DA:437,0
DA:442,0
DA:444,0
DA:453,0
DA:463,0
DA:464,0
DA:468,0
DA:478,0
DA:497,0
DA:511,0
DA:524,0
DA:530,0
DA:542,0
LF:150
LH:0
BRDA:15,0,0,0
BRDA:15,0,1,0
BRDA:16,1,0,0
BRDA:16,1,1,0
BRDA:17,2,0,0
BRDA:17,2,1,0
BRDA:27,3,0,0
BRDA:27,3,1,0
BRDA:32,4,0,0
BRDA:32,4,1,0
BRDA:33,5,0,0
BRDA:33,5,1,0
BRDA:33,6,0,0
BRDA:33,6,1,0
BRDA:33,7,0,0
BRDA:33,7,1,0
BRDA:34,8,0,0
BRDA:34,8,1,0
BRDA:34,9,0,0
BRDA:34,9,1,0
BRDA:41,10,0,0
BRDA:49,11,0,0
BRDA:61,12,0,0
BRDA:61,12,1,0
BRDA:66,13,0,0
BRDA:66,13,1,0
BRDA:81,14,0,0
BRDA:81,14,1,0
BRDA:89,15,0,0
BRDA:89,15,1,0
BRDA:97,16,0,0
BRDA:97,16,1,0
BRDA:98,17,0,0
BRDA:98,17,1,0
BRDA:104,18,0,0
BRDA:104,18,1,0
BRDA:107,19,0,0
BRDA:107,19,1,0
BRDA:165,20,0,0
BRDA:165,20,1,0
BRDA:167,21,0,0
BRDA:167,21,1,0
BRDA:167,22,0,0
BRDA:167,22,1,0
BRDA:168,23,0,0
BRDA:168,23,1,0
BRDA:183,24,0,0
BRDA:183,24,1,0
BRDA:194,25,0,0
BRDA:194,25,1,0
BRDA:194,26,0,0
BRDA:194,26,1,0
BRDA:195,27,0,0
BRDA:195,27,1,0
BRDA:207,28,0,0
BRDA:207,28,1,0
BRDA:208,29,0,0
BRDA:208,29,1,0
BRDA:216,30,0,0
BRDA:216,30,1,0
BRDA:240,31,0,0
BRDA:240,31,1,0
BRDA:240,32,0,0
BRDA:240,32,1,0
BRDA:241,33,0,0
BRDA:241,33,1,0
BRDA:256,34,0,0
BRDA:256,34,1,0
BRDA:265,35,0,0
BRDA:265,35,1,0
BRDA:278,36,0,0
BRDA:278,36,1,0
BRDA:286,37,0,0
BRDA:286,37,1,0
BRDA:292,38,0,0
BRDA:292,38,1,0
BRDA:292,39,0,0
BRDA:292,39,1,0
BRDA:293,40,0,0
BRDA:293,40,1,0
BRDA:293,41,0,0
BRDA:293,41,1,0
BRDA:306,42,0,0
BRDA:306,42,1,0
BRDA:309,43,0,0
BRDA:309,43,1,0
BRDA:320,44,0,0
BRDA:320,44,1,0
BRDA:323,45,0,0
BRDA:323,45,1,0
BRDA:339,46,0,0
BRDA:339,46,1,0
BRDA:340,47,0,0
BRDA:340,47,1,0
BRDA:341,48,0,0
BRDA:341,48,1,0
BRDA:344,49,0,0
BRDA:344,49,1,0
BRDA:345,50,0,0
BRDA:345,50,1,0
BRDA:350,51,0,0
BRDA:350,51,1,0
BRDA:351,52,0,0
BRDA:351,52,1,0
BRDA:354,53,0,0
BRDA:354,53,1,0
BRDA:354,54,0,0
BRDA:354,54,1,0
BRDA:354,55,0,0
BRDA:354,55,1,0
BRDA:355,56,0,0
BRDA:355,56,1,0
BRDA:355,57,0,0
BRDA:355,57,1,0
BRDA:355,58,0,0
BRDA:355,58,1,0
BRDA:364,59,0,0
BRDA:364,59,1,0
BRDA:365,60,0,0
BRDA:365,60,1,0
BRDA:380,61,0,0
BRDA:380,61,1,0
BRDA:381,62,0,0
BRDA:381,62,1,0
BRDA:383,63,0,0
BRDA:383,63,1,0
BRDA:384,64,0,0
BRDA:384,64,1,0
BRDA:385,65,0,0
BRDA:385,65,1,0
BRDA:394,66,0,0
BRDA:394,66,1,0
BRDA:423,67,0,0
BRDA:423,67,1,0
BRDA:429,68,0,0
BRDA:429,68,1,0
BRDA:433,69,0,0
BRDA:433,69,1,0
BRDA:442,70,0,0
BRDA:442,70,1,0
BRDA:442,71,0,0
BRDA:442,71,1,0
BRDA:453,72,0,0
BRDA:453,72,1,0
BRDA:454,73,0,0
BRDA:454,73,1,0
BRDA:479,74,0,0
BRDA:479,74,1,0
BRDA:485,75,0,0
BRDA:485,75,1,0
BRDA:486,76,0,0
BRDA:486,76,1,0
BRDA:489,77,0,0
BRDA:489,77,1,0
BRDA:489,77,2,0
BRDA:495,78,0,0
BRDA:495,78,1,0
BRDA:503,79,0,0
BRDA:503,79,1,0
BRDA:503,79,2,0
BRDA:509,80,0,0
BRDA:509,80,1,0
BRDA:517,81,0,0
BRDA:517,81,1,0
BRDA:517,81,2,0
BRDA:520,82,0,0
BRDA:520,82,1,0
BRDA:528,83,0,0
BRDA:528,83,1,0
BRDA:536,84,0,0
BRDA:536,84,1,0
BRDA:536,84,2,0
BRDA:539,85,0,0
BRDA:539,85,1,0
BRDA:551,86,0,0
BRDA:551,86,1,0
BRF:176
BRH:0
end_of_record
TN:
SF:src\pages\RetailerDashboard.jsx
FN:10,(anonymous_0)
FN:13,(anonymous_1)
FN:14,(anonymous_2)
FN:20,(anonymous_3)
FN:23,(anonymous_4)
FN:35,(anonymous_5)
FN:38,(anonymous_6)
FN:43,(anonymous_7)
FN:48,(anonymous_8)
FN:54,(anonymous_9)
FN:69,(anonymous_10)
FN:85,(anonymous_11)
FN:105,(anonymous_12)
FN:124,(anonymous_13)
FN:128,(anonymous_14)
FN:133,(anonymous_15)
FN:141,(anonymous_16)
FN:146,(anonymous_17)
FN:148,(anonymous_18)
FN:151,(anonymous_19)
FN:152,(anonymous_20)
FN:162,(anonymous_21)
FN:163,(anonymous_22)
FN:173,(anonymous_23)
FN:176,(anonymous_24)
FN:200,(anonymous_25)
FN:207,(anonymous_26)
FN:211,(anonymous_27)
FN:236,(anonymous_28)
FN:241,(anonymous_29)
FN:252,(anonymous_30)
FN:261,(anonymous_31)
FN:264,(anonymous_32)
FN:265,(anonymous_33)
FN:271,(anonymous_34)
FN:278,(anonymous_35)
FN:287,(anonymous_36)
FN:291,(anonymous_37)
FN:295,(anonymous_38)
FN:318,(anonymous_39)
FN:345,(anonymous_40)
FN:371,(anonymous_41)
FN:392,(anonymous_42)
FN:405,(anonymous_43)
FN:431,(anonymous_44)
FN:457,(anonymous_45)
FN:469,(anonymous_46)
FN:475,(anonymous_47)
FN:482,(anonymous_48)
FN:490,(anonymous_49)
FN:503,(anonymous_50)
FN:506,(anonymous_51)
FN:521,(anonymous_52)
FN:525,(anonymous_53)
FN:536,(anonymous_54)
FN:595,(anonymous_55)
FN:621,(anonymous_56)
FN:638,(anonymous_57)
FN:645,(anonymous_58)
FN:646,(anonymous_59)
FN:653,(anonymous_60)
FN:665,(anonymous_61)
FN:671,(anonymous_62)
FN:672,(anonymous_63)
FN:684,(anonymous_64)
FN:686,(anonymous_65)
FN:687,(anonymous_66)
FN:712,(anonymous_67)
FN:716,(anonymous_68)
FN:722,(anonymous_69)
FN:729,(anonymous_70)
FN:733,(anonymous_71)
FN:746,(anonymous_72)
FN:750,(anonymous_73)
FN:763,(anonymous_74)
FN:784,(anonymous_75)
FN:807,(anonymous_76)
FN:811,(anonymous_77)
FN:824,(anonymous_78)
FN:839,(anonymous_79)
FN:846,(anonymous_80)
FN:851,(anonymous_81)
FN:860,(anonymous_82)
FN:865,(anonymous_83)
FN:876,(anonymous_84)
FN:883,(anonymous_85)
FN:894,(anonymous_86)
FN:900,(anonymous_87)
FN:905,(anonymous_88)
FN:923,(anonymous_89)
FN:926,(anonymous_90)
FN:931,(anonymous_91)
FN:937,(anonymous_92)
FNF:93
FNH:0
FNDA:0,(anonymous_0)
FNDA:0,(anonymous_1)
FNDA:0,(anonymous_2)
FNDA:0,(anonymous_3)
FNDA:0,(anonymous_4)
FNDA:0,(anonymous_5)
FNDA:0,(anonymous_6)
FNDA:0,(anonymous_7)
FNDA:0,(anonymous_8)
FNDA:0,(anonymous_9)
FNDA:0,(anonymous_10)
FNDA:0,(anonymous_11)
FNDA:0,(anonymous_12)
FNDA:0,(anonymous_13)
FNDA:0,(anonymous_14)
FNDA:0,(anonymous_15)
FNDA:0,(anonymous_16)
FNDA:0,(anonymous_17)
FNDA:0,(anonymous_18)
FNDA:0,(anonymous_19)
FNDA:0,(anonymous_20)
FNDA:0,(anonymous_21)
FNDA:0,(anonymous_22)
FNDA:0,(anonymous_23)
FNDA:0,(anonymous_24)
FNDA:0,(anonymous_25)
FNDA:0,(anonymous_26)
FNDA:0,(anonymous_27)
FNDA:0,(anonymous_28)
FNDA:0,(anonymous_29)
FNDA:0,(anonymous_30)
FNDA:0,(anonymous_31)
FNDA:0,(anonymous_32)
FNDA:0,(anonymous_33)
FNDA:0,(anonymous_34)
FNDA:0,(anonymous_35)
FNDA:0,(anonymous_36)
FNDA:0,(anonymous_37)
FNDA:0,(anonymous_38)
FNDA:0,(anonymous_39)
FNDA:0,(anonymous_40)
FNDA:0,(anonymous_41)
FNDA:0,(anonymous_42)
FNDA:0,(anonymous_43)
FNDA:0,(anonymous_44)
FNDA:0,(anonymous_45)
FNDA:0,(anonymous_46)
FNDA:0,(anonymous_47)
FNDA:0,(anonymous_48)
FNDA:0,(anonymous_49)
FNDA:0,(anonymous_50)
FNDA:0,(anonymous_51)
FNDA:0,(anonymous_52)
FNDA:0,(anonymous_53)
FNDA:0,(anonymous_54)
FNDA:0,(anonymous_55)
FNDA:0,(anonymous_56)
FNDA:0,(anonymous_57)
FNDA:0,(anonymous_58)
FNDA:0,(anonymous_59)
FNDA:0,(anonymous_60)
FNDA:0,(anonymous_61)
FNDA:0,(anonymous_62)
FNDA:0,(anonymous_63)
FNDA:0,(anonymous_64)
FNDA:0,(anonymous_65)
FNDA:0,(anonymous_66)
FNDA:0,(anonymous_67)
FNDA:0,(anonymous_68)
FNDA:0,(anonymous_69)
FNDA:0,(anonymous_70)
FNDA:0,(anonymous_71)
FNDA:0,(anonymous_72)
FNDA:0,(anonymous_73)
FNDA:0,(anonymous_74)
FNDA:0,(anonymous_75)
FNDA:0,(anonymous_76)
FNDA:0,(anonymous_77)
FNDA:0,(anonymous_78)
FNDA:0,(anonymous_79)
FNDA:0,(anonymous_80)
FNDA:0,(anonymous_81)
FNDA:0,(anonymous_82)
FNDA:0,(anonymous_83)
FNDA:0,(anonymous_84)
FNDA:0,(anonymous_85)
FNDA:0,(anonymous_86)
FNDA:0,(anonymous_87)
FNDA:0,(anonymous_88)
FNDA:0,(anonymous_89)
FNDA:0,(anonymous_90)
FNDA:0,(anonymous_91)
FNDA:0,(anonymous_92)
DA:10,0
DA:11,0
DA:13,0
DA:14,0
DA:15,0
DA:16,0
DA:19,0
DA:20,0
DA:23,0
DA:24,0
DA:25,0
DA:28,0
DA:35,0
DA:38,0
DA:43,0
DA:48,0
DA:54,0
DA:69,0
DA:70,0
DA:71,0
DA:74,0
DA:77,0
DA:78,0
DA:79,0
DA:80,0
DA:81,0
DA:84,0
DA:85,0
DA:88,0
DA:89,0
DA:92,0
DA:99,0
DA:100,0
DA:101,0
DA:102,0
DA:105,0
DA:106,0
DA:107,0
DA:108,0
DA:109,0
DA:114,0
DA:115,0
DA:116,0
DA:118,0
DA:120,0
DA:124,0
DA:125,0
DA:128,0
DA:129,0
DA:133,0
DA:134,0
DA:135,0
DA:136,0
DA:137,0
DA:141,0
DA:142,0
DA:143,0
DA:146,0
DA:147,0
DA:148,0
DA:151,0
DA:152,0
DA:153,0
DA:154,0
DA:155,0
DA:156,0
DA:157,0
DA:162,0
DA:163,0
DA:164,0
DA:166,0
DA:167,0
DA:168,0
DA:169,0
DA:170,0
DA:171,0
DA:173,0
DA:176,0
DA:177,0
DA:180,0
DA:181,0
DA:182,0
DA:184,0
DA:185,0
DA:186,0
DA:190,0
DA:197,0
DA:200,0
DA:207,0
DA:208,0
DA:211,0
DA:212,0
DA:213,0
DA:215,0
DA:216,0
DA:217,0
DA:221,0
DA:224,0
DA:226,0
DA:227,0
DA:229,0
DA:231,0
DA:236,0
DA:237,0
DA:238,0
DA:239,0
DA:240,0
DA:241,0
DA:242,0
DA:244,0
DA:245,0
DA:247,0
DA:252,0
DA:253,0
DA:254,0
DA:255,0
DA:256,0
DA:257,0
DA:258,0
DA:259,0
DA:261,0
DA:264,0
DA:265,0
DA:266,0
DA:267,0
DA:271,0
DA:272,0
DA:273,0
DA:274,0
DA:275,0
DA:278,0
DA:279,0
DA:281,0
DA:282,0
DA:283,0
DA:286,0
DA:287,0
DA:288,0
DA:289,0
DA:291,0
DA:292,0
DA:295,0
DA:296,0
DA:297,0
DA:298,0
DA:305,0
DA:306,0
DA:308,0
DA:311,0
DA:312,0
DA:314,0
DA:318,0
DA:319,0
DA:320,0
DA:321,0
DA:326,0
DA:327,0
DA:328,0
DA:330,0
DA:332,0
DA:337,0
DA:338,0
DA:341,0
DA:342,0
DA:345,0
DA:346,0
DA:348,0
DA:372,0
DA:393,0
DA:406,0
DA:431,0
DA:457,0
DA:469,0
DA:475,0
DA:482,0
DA:490,0
DA:503,0
DA:504,0
DA:506,0
DA:507,0
DA:508,0
DA:519,0
DA:521,0
DA:522,0
DA:525,0
DA:526,0
DA:527,0
DA:528,0
DA:529,0
DA:531,0
DA:534,0
DA:536,0
DA:595,0
DA:596,0
DA:621,0
DA:622,0
DA:623,0
DA:638,0
DA:645,0
DA:646,0
DA:653,0
DA:654,0
DA:655,0
DA:665,0
DA:671,0
DA:672,0
DA:673,0
DA:684,0
DA:685,0
DA:686,0
DA:687,0
DA:688,0
DA:690,0
DA:712,0
DA:716,0
DA:722,0
DA:729,0
DA:730,0
DA:731,0
DA:733,0
DA:747,0
DA:750,0
DA:763,0
DA:784,0
DA:807,0
DA:808,0
DA:809,0
DA:811,0
DA:825,0
DA:839,0
DA:846,0
DA:847,0
DA:848,0
DA:849,0
DA:851,0
DA:852,0
DA:853,0
DA:854,0
DA:855,0
DA:857,0
DA:860,0
DA:861,0
DA:865,0
DA:866,0
DA:867,0
DA:868,0
DA:869,0
DA:873,0
DA:874,0
DA:876,0
DA:883,0
DA:894,0
DA:901,0
DA:905,0
DA:923,0
DA:924,0
DA:926,0
DA:927,0
DA:929,0
DA:931,0
DA:938,0
LF:261
LH:0
BRDA:15,0,0,0
BRDA:15,0,1,0
BRDA:15,1,0,0
BRDA:15,1,1,0
BRDA:35,2,0,0
BRDA:35,2,1,0
BRDA:38,3,0,0
BRDA:38,3,1,0
BRDA:43,4,0,0
BRDA:43,4,1,0
BRDA:45,5,0,0
BRDA:45,5,1,0
BRDA:53,6,0,0
BRDA:53,6,1,0
BRDA:106,7,0,0
BRDA:106,7,1,0
BRDA:118,8,0,0
BRDA:118,8,1,0
BRDA:134,9,0,0
BRDA:134,9,1,0
BRDA:154,10,0,0
BRDA:154,10,1,0
BRDA:155,11,0,0
BRDA:155,11,1,0
BRDA:155,11,2,0
BRDA:156,12,0,0
BRDA:156,12,1,0
BRDA:157,13,0,0
BRDA:157,13,1,0
BRDA:157,13,2,0
BRDA:164,14,0,0
BRDA:164,14,1,0
BRDA:167,15,0,0
BRDA:167,15,1,0
BRDA:168,16,0,0
BRDA:168,16,1,0
BRDA:169,17,0,0
BRDA:169,17,1,0
BRDA:177,18,0,0
BRDA:177,18,1,0
BRDA:180,19,0,0
BRDA:180,19,1,0
BRDA:180,20,0,0
BRDA:180,20,1,0
BRDA:184,21,0,0
BRDA:184,21,1,0
BRDA:212,22,0,0
BRDA:212,22,1,0
BRDA:213,23,0,0
BRDA:213,23,1,0
BRDA:229,24,0,0
BRDA:229,24,1,0
BRDA:245,25,0,0
BRDA:245,25,1,0
BRDA:253,26,0,0
BRDA:253,26,1,0
BRDA:256,27,0,0
BRDA:256,27,1,0
BRDA:256,28,0,0
BRDA:256,28,1,0
BRDA:258,29,0,0
BRDA:258,29,1,0
BRDA:273,30,0,0
BRDA:273,30,1,0
BRDA:273,31,0,0
BRDA:273,31,1,0
BRDA:279,32,0,0
BRDA:279,32,1,0
BRDA:281,33,0,0
BRDA:281,33,1,0
BRDA:288,34,0,0
BRDA:288,34,1,0
BRDA:305,35,0,0
BRDA:305,35,1,0
BRDA:312,36,0,0
BRDA:312,36,1,0
BRDA:312,36,2,0
BRDA:312,36,3,0
BRDA:330,37,0,0
BRDA:330,37,1,0
BRDA:337,38,0,0
BRDA:337,38,1,0
BRDA:337,39,0,0
BRDA:337,39,1,0
BRDA:341,40,0,0
BRDA:341,40,1,0
BRDA:341,41,0,0
BRDA:341,41,1,0
BRDA:345,42,0,0
BRDA:345,42,1,0
BRDA:359,43,0,0
BRDA:359,43,1,0
BRDA:362,44,0,0
BRDA:362,44,1,0
BRDA:370,45,0,0
BRDA:370,45,1,0
BRDA:370,46,0,0
BRDA:370,46,1,0
BRDA:370,47,0,0
BRDA:370,47,1,0
BRDA:375,48,0,0
BRDA:375,48,1,0
BRDA:388,49,0,0
BRDA:388,49,1,0
BRDA:391,50,0,0
BRDA:391,50,1,0
BRDA:396,51,0,0
BRDA:396,51,1,0
BRDA:401,52,0,0
BRDA:401,52,1,0
BRDA:404,53,0,0
BRDA:404,53,1,0
BRDA:419,54,0,0
BRDA:419,54,1,0
BRDA:440,55,0,0
BRDA:440,55,1,0
BRDA:441,56,0,0
BRDA:441,56,1,0
BRDA:442,57,0,0
BRDA:442,57,1,0
BRDA:507,58,0,0
BRDA:507,58,1,0
BRDA:507,59,0,0
BRDA:507,59,1,0
BRDA:509,60,0,0
BRDA:509,60,1,0
BRDA:510,61,0,0
BRDA:510,61,1,0
BRDA:511,62,0,0
BRDA:511,62,1,0
BRDA:512,63,0,0
BRDA:512,63,1,0
BRDA:513,64,0,0
BRDA:513,64,1,0
BRDA:514,65,0,0
BRDA:514,65,1,0
BRDA:519,66,0,0
BRDA:519,66,1,0
BRDA:527,67,0,0
BRDA:527,67,1,0
BRDA:527,68,0,0
BRDA:527,68,1,0
BRDA:622,69,0,0
BRDA:622,69,1,0
BRDA:633,70,0,0
BRDA:633,70,1,0
BRDA:633,70,2,0
BRDA:678,71,0,0
BRDA:678,71,1,0
BRDA:706,72,0,0
BRDA:706,72,1,0
BRDA:711,73,0,0
BRDA:711,73,1,0
BRDA:730,74,0,0
BRDA:730,74,1,0
BRDA:736,75,0,0
BRDA:736,75,1,0
BRDA:768,76,0,0
BRDA:768,76,1,0
BRDA:797,77,0,0
BRDA:797,77,1,0
BRDA:808,78,0,0
BRDA:808,78,1,0
BRDA:818,79,0,0
BRDA:818,79,1,0
BRDA:853,80,0,0
BRDA:853,80,1,0
BRDA:853,81,0,0
BRDA:853,81,1,0
BRDA:853,81,2,0
BRDA:866,82,0,0
BRDA:866,82,1,0
BRDA:873,83,0,0
BRDA:873,83,1,0
BRDA:903,84,0,0
BRDA:903,84,1,0
BRDA:906,85,0,0
BRDA:906,85,1,0
BRDA:915,86,0,0
BRDA:915,86,1,0
BRDA:924,87,0,0
BRDA:924,87,1,0
BRDA:927,88,0,0
BRDA:927,88,1,0
BRDA:937,89,0,0
BRDA:937,89,1,0
BRF:186
BRH:0
end_of_record
TN:
SF:src\pages\Signup.jsx
FN:11,(anonymous_0)
FN:28,(anonymous_1)
FN:30,(anonymous_2)
FN:33,(anonymous_3)
FN:34,(anonymous_4)
FN:37,(anonymous_5)
FN:49,(anonymous_6)
FN:55,(anonymous_7)
FN:65,(anonymous_8)
FN:78,(anonymous_9)
FN:91,(anonymous_10)
FN:94,(anonymous_11)
FN:97,(anonymous_12)
FN:100,(anonymous_13)
FN:107,(anonymous_14)
FN:126,(anonymous_15)
FN:190,(anonymous_16)
FN:212,(anonymous_17)
FN:221,(anonymous_18)
FN:222,(anonymous_19)
FN:230,(anonymous_20)
FN:236,(anonymous_21)
FN:242,(anonymous_22)
FN:251,(anonymous_23)
FN:252,(anonymous_24)
FN:297,(anonymous_25)
FNF:26
FNH:0
FNDA:0,(anonymous_0)
FNDA:0,(anonymous_1)
FNDA:0,(anonymous_2)
FNDA:0,(anonymous_3)
FNDA:0,(anonymous_4)
FNDA:0,(anonymous_5)
FNDA:0,(anonymous_6)
FNDA:0,(anonymous_7)
FNDA:0,(anonymous_8)
FNDA:0,(anonymous_9)
FNDA:0,(anonymous_10)
FNDA:0,(anonymous_11)
FNDA:0,(anonymous_12)
FNDA:0,(anonymous_13)
FNDA:0,(anonymous_14)
FNDA:0,(anonymous_15)
FNDA:0,(anonymous_16)
FNDA:0,(anonymous_17)
FNDA:0,(anonymous_18)
FNDA:0,(anonymous_19)
FNDA:0,(anonymous_20)
FNDA:0,(anonymous_21)
FNDA:0,(anonymous_22)
FNDA:0,(anonymous_23)
FNDA:0,(anonymous_24)
FNDA:0,(anonymous_25)
DA:11,0
DA:13,0
DA:14,0
DA:20,0
DA:21,0
DA:22,0
DA:23,0
DA:24,0
DA:25,0
DA:26,0
DA:28,0
DA:29,0
DA:30,0
DA:33,0
DA:34,0
DA:37,0
DA:38,0
DA:39,0
DA:40,0
DA:41,0
DA:42,0
DA:43,0
DA:44,0
DA:45,0
DA:46,0
DA:49,0
DA:50,0
DA:51,0
DA:52,0
DA:53,0
DA:54,0
DA:55,0
DA:56,0
DA:57,0
DA:58,0
DA:60,0
DA:62,0
DA:65,0
DA:66,0
DA:67,0
DA:68,0
DA:69,0
DA:70,0
DA:71,0
DA:73,0
DA:75,0
DA:78,0
DA:79,0
DA:80,0
DA:81,0
DA:82,0
DA:83,0
DA:84,0
DA:86,0
DA:88,0
DA:91,0
DA:92,0
DA:93,0
DA:95,0
DA:96,0
DA:97,0
DA:98,0
DA:100,0
DA:103,0
DA:107,0
DA:108,0
DA:109,0
DA:110,0
DA:112,0
DA:113,0
DA:115,0
DA:116,0
DA:117,0
DA:119,0
DA:120,0
DA:123,0
DA:124,0
DA:125,0
DA:126,0
DA:127,0
DA:130,0
DA:132,0
DA:136,0
DA:190,0
DA:212,0
DA:221,0
DA:222,0
DA:230,0
DA:236,0
DA:242,0
DA:251,0
DA:252,0
DA:297,0
LF:93
LH:0
BRDA:40,0,0,0
BRDA:40,0,1,0
BRDA:40,1,0,0
BRDA:40,1,1,0
BRDA:40,1,2,0
BRDA:41,2,0,0
BRDA:41,2,1,0
BRDA:42,3,0,0
BRDA:42,3,1,0
BRDA:42,4,0,0
BRDA:42,4,1,0
BRDA:43,5,0,0
BRDA:43,5,1,0
BRDA:44,6,0,0
BRDA:44,6,1,0
BRDA:60,7,0,0
BRDA:60,7,1,0
BRDA:73,8,0,0
BRDA:73,8,1,0
BRDA:86,9,0,0
BRDA:86,9,1,0
BRDA:92,10,0,0
BRDA:92,10,1,0
BRDA:115,11,0,0
BRDA:115,11,1,0
BRDA:130,12,0,0
BRDA:130,12,1,0
BRDA:143,13,0,0
BRDA:143,13,1,0
BRDA:144,14,0,0
BRDA:144,14,1,0
BRDA:145,15,0,0
BRDA:145,15,1,0
BRDA:146,16,0,0
BRDA:146,16,1,0
BRDA:149,17,0,0
BRDA:149,17,1,0
BRDA:152,18,0,0
BRDA:152,18,1,0
BRDA:152,19,0,0
BRDA:152,19,1,0
BRDA:152,19,2,0
BRDA:153,20,0,0
BRDA:153,20,1,0
BRDA:153,21,0,0
BRDA:153,21,1,0
BRDA:153,21,2,0
BRDA:161,22,0,0
BRDA:161,22,1,0
BRDA:181,23,0,0
BRDA:181,23,1,0
BRDA:186,24,0,0
BRDA:186,24,1,0
BRDA:201,25,0,0
BRDA:201,25,1,0
BRDA:205,26,0,0
BRDA:205,26,1,0
BRDA:206,27,0,0
BRDA:206,27,1,0
BRDA:209,28,0,0
BRDA:209,28,1,0
BRDA:213,29,0,0
BRDA:213,29,1,0
BRDA:214,30,0,0
BRDA:214,30,1,0
BRDA:227,31,0,0
BRDA:227,31,1,0
BRDA:230,32,0,0
BRDA:230,32,1,0
BRDA:236,33,0,0
BRDA:236,33,1,0
BRDA:242,34,0,0
BRDA:242,34,1,0
BRDA:257,35,0,0
BRDA:257,35,1,0
BRDA:258,36,0,0
BRDA:258,36,1,0
BRDA:274,37,0,0
BRDA:274,37,1,0
BRDA:285,38,0,0
BRDA:285,38,1,0
BRDA:298,39,0,0
BRDA:298,39,1,0
BRF:83
BRH:0
end_of_record
TN:
SF:src\redux\store.js
FN:12,(anonymous_0)
FNF:1
FNH:0
FNDA:0,(anonymous_0)
DA:6,0
DA:13,0
LF:2
LH:0
BRF:0
BRH:0
end_of_record
TN:
SF:src\redux\slices\authSlice.js
FN:4,(anonymous_0)
FN:31,(anonymous_1)
FN:35,(anonymous_2)
FN:44,(anonymous_3)
FN:48,(anonymous_4)
FN:55,(anonymous_5)
FNF:6
FNH:5
FNDA:5,(anonymous_0)
FNDA:1,(anonymous_1)
FNDA:1,(anonymous_2)
FNDA:0,(anonymous_3)
FNDA:1,(anonymous_4)
FNDA:1,(anonymous_5)
DA:4,5
DA:5,5
DA:7,5
DA:8,2
DA:11,3
DA:12,3
DA:14,1
DA:15,1
DA:19,5
DA:27,5
DA:32,1
DA:33,1
DA:36,1
DA:37,1
DA:38,1
DA:39,1
DA:40,1
DA:41,1
DA:42,1
DA:45,0
DA:46,0
DA:49,1
DA:50,1
DA:51,1
DA:52,1
DA:53,1
DA:56,1
DA:57,1
DA:62,5
LF:29
LH:27
BRDA:7,0,0,2
BRDA:7,0,1,3
BRDA:21,1,0,5
BRDA:21,1,1,2
BRF:4
BRH:4
end_of_record
TN:
SF:src\redux\slices\cartSlice.js
FN:4,(anonymous_0)
FN:19,(anonymous_1)
FN:34,(anonymous_2)
FN:37,(anonymous_3)
FN:38,(anonymous_4)
FN:40,(anonymous_5)
FN:42,(anonymous_6)
FN:50,(anonymous_7)
FN:51,(anonymous_8)
FN:55,(anonymous_9)
FN:57,(anonymous_10)
FN:59,(anonymous_11)
FN:60,(anonymous_12)
FN:64,(anonymous_13)
FN:66,(anonymous_14)
FN:72,(anonymous_15)
FN:73,(anonymous_16)
FN:77,(anonymous_17)
FNF:18
FNH:14
FNDA:2,(anonymous_0)
FNDA:2,(anonymous_1)
FNDA:2,(anonymous_2)
FNDA:2,(anonymous_3)
FNDA:2,(anonymous_4)
FNDA:1,(anonymous_5)
FNDA:1,(anonymous_6)
FNDA:1,(anonymous_7)
FNDA:1,(anonymous_8)
FNDA:0,(anonymous_9)
FNDA:0,(anonymous_10)
FNDA:0,(anonymous_11)
FNDA:0,(anonymous_12)
FNDA:1,(anonymous_13)
FNDA:2,(anonymous_14)
FNDA:2,(anonymous_15)
FNDA:2,(anonymous_16)
FNDA:1,(anonymous_17)
DA:4,1
DA:5,2
DA:7,2
DA:8,0
DA:11,2
DA:12,2
DA:14,1
DA:15,1
DA:19,1
DA:20,2
DA:21,2
DA:24,1
DA:30,1
DA:35,2
DA:36,2
DA:37,2
DA:38,2
DA:41,1
DA:42,1
DA:44,1
DA:45,1
DA:47,0
DA:50,1
DA:51,1
DA:53,1
DA:56,0
DA:57,0
DA:59,0
DA:60,0
DA:62,0
DA:65,1
DA:66,2
DA:68,1
DA:69,1
DA:72,2
DA:73,2
DA:75,1
DA:78,1
DA:79,1
DA:80,1
DA:81,1
DA:82,1
DA:87,1
LF:43
LH:36
BRDA:7,0,0,0
BRDA:7,0,1,2
BRDA:38,1,0,2
BRDA:38,1,1,1
BRDA:38,1,2,0
BRDA:44,2,0,1
BRDA:44,2,1,0
BRDA:51,3,0,1
BRDA:51,3,1,1
BRDA:51,3,2,0
BRDA:60,4,0,0
BRDA:60,4,1,0
BRDA:60,4,2,0
BRDA:68,5,0,1
BRDA:68,5,1,0
BRDA:73,6,0,2
BRDA:73,6,1,1
BRDA:73,6,2,0
BRF:18
BRH:9
end_of_record
TN:
SF:src\redux\slices\notificationSlice.js
FN:15,(anonymous_0)
FN:17,(anonymous_1)
FN:19,(anonymous_2)
FN:25,(anonymous_3)
FN:26,(anonymous_4)
FN:32,(anonymous_5)
FN:33,(anonymous_6)
FN:36,(anonymous_7)
FNF:8
FNH:8
FNDA:1,(anonymous_0)
FNDA:3,(anonymous_1)
FNDA:1,(anonymous_2)
FNDA:2,(anonymous_3)
FNDA:2,(anonymous_4)
FNDA:1,(anonymous_5)
FNDA:2,(anonymous_6)
FNDA:1,(anonymous_7)
DA:4,1
DA:11,1
DA:16,1
DA:17,3
DA:20,1
DA:21,1
DA:22,1
DA:26,2
DA:27,2
DA:28,1
DA:29,1
DA:33,2
DA:34,1
DA:37,1
DA:38,1
DA:43,1
LF:16
LH:16
BRDA:21,0,0,1
BRDA:21,0,1,0
BRDA:27,1,0,1
BRDA:27,1,1,1
BRDA:27,2,0,2
BRDA:27,2,1,2
BRF:6
BRH:5
end_of_record
TN:
SF:src\services\api.jsx
FN:12,(anonymous_0)
FN:19,(anonymous_1)
FN:26,(anonymous_2)
FN:27,(anonymous_3)
FNF:4
FNH:0
FNDA:0,(anonymous_0)
FNDA:0,(anonymous_1)
FNDA:0,(anonymous_2)
FNDA:0,(anonymous_3)
DA:3,0
DA:11,0
DA:13,0
DA:14,0
DA:15,0
DA:17,0
DA:20,0
DA:25,0
DA:26,0
DA:28,0
DA:29,0
DA:30,0
DA:32,0
LF:13
LH:0
BRDA:14,0,0,0
BRDA:14,0,1,0
BRDA:28,1,0,0
BRDA:28,1,1,0
BRDA:28,2,0,0
BRDA:28,2,1,0
BRF:6
BRH:0
end_of_record
