TN:
SF:src\App.js
FN:20,App
FNF:1
FNH:0
FNDA:0,App
DA:21,0
LF:1
LH:0
BRF:0
BRH:0
end_of_record
TN:
SF:src\index.js
FNF:0
FNH:0
DA:10,0
DA:13,0
DA:14,0
LF:3
LH:0
BRDA:10,0,0,0
BRDA:10,0,1,0
BRF:2
BRH:0
end_of_record
TN:
SF:src\components\Footer.jsx
FN:8,(anonymous_0)
FNF:1
FNH:0
FNDA:0,(anonymous_0)
DA:8,0
DA:9,0
LF:2
LH:0
BRF:0
BRH:0
end_of_record
TN:
SF:src\components\Navbar.jsx
FN:5,(anonymous_0)
FN:8,(anonymous_1)
FN:23,(anonymous_2)
FNF:3
FNH:0
FNDA:0,(anonymous_0)
FNDA:0,(anonymous_1)
FNDA:0,(anonymous_2)
DA:5,0
DA:6,0
DA:8,0
DA:9,0
DA:12,0
DA:23,0
LF:6
LH:0
BRDA:25,0,0,0
BRDA:25,0,1,0
BRDA:29,1,0,0
BRDA:29,1,1,0
BRF:4
BRH:0
end_of_record
TN:
SF:src\components\ProtectedRoute.jsx
FN:5,(anonymous_0)
FNF:1
FNH:0
FNDA:0,(anonymous_0)
DA:5,0
DA:6,0
DA:8,0
DA:9,0
DA:12,0
DA:13,0
DA:17,0
DA:18,0
DA:22,0
DA:24,0
DA:30,0
DA:33,0
LF:12
LH:0
BRDA:8,0,0,0
BRDA:8,0,1,0
BRDA:12,1,0,0
BRDA:12,1,1,0
BRDA:12,2,0,0
BRDA:12,2,1,0
BRDA:17,3,0,0
BRDA:17,3,1,0
BRDA:18,4,0,0
BRDA:18,4,1,0
BRDA:22,5,0,0
BRDA:22,5,1,0
BRDA:22,6,0,0
BRDA:22,6,1,0
BRDA:30,7,0,0
BRDA:30,7,1,0
BRF:16
BRH:0
end_of_record
TN:
SF:src\components\PublicNavbar.jsx
FN:5,(anonymous_0)
FNF:1
FNH:0
FNDA:0,(anonymous_0)
DA:5,0
DA:8,0
LF:2
LH:0
BRF:0
BRH:0
end_of_record
TN:
SF:src\components\ReviewModal.jsx
FNF:0
FNH:0
LF:0
LH:0
BRF:0
BRH:0
end_of_record
TN:
SF:src\context\AuthContext.jsx
FN:9,(anonymous_0)
FN:12,(anonymous_1)
FN:18,(anonymous_2)
FN:42,(anonymous_3)
FN:60,(anonymous_4)
FN:73,(anonymous_5)
FNF:6
FNH:0
FNDA:0,(anonymous_0)
FNDA:0,(anonymous_1)
FNDA:0,(anonymous_2)
FNDA:0,(anonymous_3)
FNDA:0,(anonymous_4)
FNDA:0,(anonymous_5)
DA:6,0
DA:9,0
DA:11,0
DA:12,0
DA:15,0
DA:18,0
DA:19,0
DA:20,0
DA:21,0
DA:23,0
DA:25,0
DA:26,0
DA:33,0
DA:34,0
DA:35,0
DA:37,0
DA:42,0
DA:44,0
DA:46,0
DA:47,0
DA:48,0
DA:52,0
DA:53,0
DA:56,0
DA:60,0
DA:62,0
DA:63,0
DA:64,0
DA:65,0
DA:66,0
DA:69,0
DA:73,0
DA:75,0
DA:78,0
DA:81,0
DA:86,0
DA:97,0
LF:37
LH:0
BRDA:23,0,0,0
BRDA:23,0,1,0
BRDA:23,1,0,0
BRDA:23,1,1,0
BRDA:25,2,0,0
BRDA:25,2,1,0
BRDA:42,3,0,0
BRDA:44,4,0,0
BRDA:44,4,1,0
BRDA:46,5,0,0
BRDA:46,5,1,0
BRDA:99,6,0,0
BRDA:99,6,1,0
BRF:13
BRH:0
end_of_record
TN:
SF:src\hooks\useAuth.jsx
FN:4,(anonymous_0)
FNF:1
FNH:0
FNDA:0,(anonymous_0)
DA:4,0
DA:5,0
LF:2
LH:0
BRF:0
BRH:0
end_of_record
TN:
SF:src\pages\About.jsx
FN:7,(anonymous_0)
FNF:1
FNH:0
FNDA:0,(anonymous_0)
DA:7,0
DA:8,0
LF:2
LH:0
BRF:0
BRH:0
end_of_record
TN:
SF:src\pages\AdminDashboard.jsx
FN:8,(anonymous_0)
FN:14,(anonymous_1)
FN:20,(anonymous_2)
FN:21,(anonymous_3)
FN:37,(anonymous_4)
FN:40,(anonymous_5)
FN:43,(anonymous_6)
FN:46,(anonymous_7)
FN:61,(anonymous_8)
FN:93,(anonymous_9)
FN:115,(anonymous_10)
FN:118,(anonymous_11)
FN:122,(anonymous_12)
FN:125,(anonymous_13)
FN:126,(anonymous_14)
FN:137,(anonymous_15)
FN:138,(anonymous_16)
FN:149,(anonymous_17)
FN:155,(anonymous_18)
FN:161,(anonymous_19)
FN:166,(anonymous_20)
FN:196,(anonymous_21)
FN:209,(anonymous_22)
FN:209,(anonymous_23)
FN:215,(anonymous_24)
FN:222,(anonymous_25)
FN:226,(anonymous_26)
FN:226,(anonymous_27)
FN:232,(anonymous_28)
FN:235,(anonymous_29)
FN:236,(anonymous_30)
FN:243,(anonymous_31)
FN:253,(anonymous_32)
FN:267,(anonymous_33)
FN:271,(anonymous_34)
FN:271,(anonymous_35)
FN:293,(anonymous_36)
FN:418,(anonymous_37)
FN:453,(anonymous_38)
FN:455,(anonymous_39)
FN:462,(anonymous_40)
FN:484,(anonymous_41)
FN:495,(anonymous_42)
FN:498,(anonymous_43)
FN:521,(anonymous_44)
FN:538,(anonymous_45)
FN:542,(anonymous_46)
FN:557,(anonymous_47)
FN:562,(anonymous_48)
FN:614,(anonymous_49)
FN:618,(anonymous_50)
FN:621,(anonymous_51)
FN:627,(anonymous_52)
FN:628,(anonymous_53)
FN:640,(anonymous_54)
FN:680,(anonymous_55)
FN:682,(anonymous_56)
FN:692,(anonymous_57)
FN:694,(anonymous_58)
FN:738,(anonymous_59)
FN:762,(anonymous_60)
FN:770,(anonymous_61)
FNF:62
FNH:0
FNDA:0,(anonymous_0)
FNDA:0,(anonymous_1)
FNDA:0,(anonymous_2)
FNDA:0,(anonymous_3)
FNDA:0,(anonymous_4)
FNDA:0,(anonymous_5)
FNDA:0,(anonymous_6)
FNDA:0,(anonymous_7)
FNDA:0,(anonymous_8)
FNDA:0,(anonymous_9)
FNDA:0,(anonymous_10)
FNDA:0,(anonymous_11)
FNDA:0,(anonymous_12)
FNDA:0,(anonymous_13)
FNDA:0,(anonymous_14)
FNDA:0,(anonymous_15)
FNDA:0,(anonymous_16)
FNDA:0,(anonymous_17)
FNDA:0,(anonymous_18)
FNDA:0,(anonymous_19)
FNDA:0,(anonymous_20)
FNDA:0,(anonymous_21)
FNDA:0,(anonymous_22)
FNDA:0,(anonymous_23)
FNDA:0,(anonymous_24)
FNDA:0,(anonymous_25)
FNDA:0,(anonymous_26)
FNDA:0,(anonymous_27)
FNDA:0,(anonymous_28)
FNDA:0,(anonymous_29)
FNDA:0,(anonymous_30)
FNDA:0,(anonymous_31)
FNDA:0,(anonymous_32)
FNDA:0,(anonymous_33)
FNDA:0,(anonymous_34)
FNDA:0,(anonymous_35)
FNDA:0,(anonymous_36)
FNDA:0,(anonymous_37)
FNDA:0,(anonymous_38)
FNDA:0,(anonymous_39)
FNDA:0,(anonymous_40)
FNDA:0,(anonymous_41)
FNDA:0,(anonymous_42)
FNDA:0,(anonymous_43)
FNDA:0,(anonymous_44)
FNDA:0,(anonymous_45)
FNDA:0,(anonymous_46)
FNDA:0,(anonymous_47)
FNDA:0,(anonymous_48)
FNDA:0,(anonymous_49)
FNDA:0,(anonymous_50)
FNDA:0,(anonymous_51)
FNDA:0,(anonymous_52)
FNDA:0,(anonymous_53)
FNDA:0,(anonymous_54)
FNDA:0,(anonymous_55)
FNDA:0,(anonymous_56)
FNDA:0,(anonymous_57)
FNDA:0,(anonymous_58)
FNDA:0,(anonymous_59)
FNDA:0,(anonymous_60)
FNDA:0,(anonymous_61)
DA:8,0
DA:9,0
DA:10,0
DA:11,0
DA:14,0
DA:15,0
DA:16,0
DA:17,0
DA:20,0
DA:21,0
DA:23,0
DA:37,0
DA:40,0
DA:43,0
DA:46,0
DA:61,0
DA:62,0
DA:63,0
DA:65,0
DA:66,0
DA:67,0
DA:68,0
DA:70,0
DA:71,0
DA:73,0
DA:74,0
DA:75,0
DA:76,0
DA:78,0
DA:79,0
DA:81,0
DA:82,0
DA:83,0
DA:84,0
DA:85,0
DA:86,0
DA:87,0
DA:88,0
DA:89,0
DA:90,0
DA:91,0
DA:93,0
DA:94,0
DA:95,0
DA:96,0
DA:102,0
DA:103,0
DA:104,0
DA:105,0
DA:107,0
DA:108,0
DA:111,0
DA:115,0
DA:116,0
DA:118,0
DA:119,0
DA:122,0
DA:125,0
DA:126,0
DA:127,0
DA:129,0
DA:132,0
DA:133,0
DA:137,0
DA:138,0
DA:139,0
DA:141,0
DA:144,0
DA:145,0
DA:149,0
DA:150,0
DA:151,0
DA:152,0
DA:155,0
DA:156,0
DA:157,0
DA:161,0
DA:162,0
DA:164,0
DA:166,0
DA:167,0
DA:168,0
DA:169,0
DA:170,0
DA:179,0
DA:180,0
DA:181,0
DA:184,0
DA:185,0
DA:186,0
DA:187,0
DA:190,0
DA:194,0
DA:196,0
DA:197,0
DA:208,0
DA:209,0
DA:213,0
DA:215,0
DA:216,0
DA:217,0
DA:218,0
DA:222,0
DA:223,0
DA:224,0
DA:225,0
DA:226,0
DA:228,0
DA:232,0
DA:233,0
DA:234,0
DA:235,0
DA:236,0
DA:239,0
DA:243,0
DA:244,0
DA:246,0
DA:247,0
DA:248,0
DA:249,0
DA:253,0
DA:254,0
DA:255,0
DA:256,0
DA:258,0
DA:263,0
DA:267,0
DA:268,0
DA:269,0
DA:270,0
DA:271,0
DA:273,0
DA:277,0
DA:293,0
DA:419,0
DA:453,0
DA:455,0
DA:462,0
DA:485,0
DA:495,0
DA:498,0
DA:521,0
DA:538,0
DA:542,0
DA:558,0
DA:562,0
DA:614,0
DA:618,0
DA:622,0
DA:627,0
DA:628,0
DA:641,0
DA:680,0
DA:682,0
DA:692,0
DA:694,0
DA:738,0
DA:763,0
DA:770,0
LF:159
LH:0
BRDA:9,0,0,0
BRDA:9,0,1,0
BRDA:11,1,0,0
BRDA:11,1,1,0
BRDA:15,2,0,0
BRDA:15,2,1,0
BRDA:17,3,0,0
BRDA:17,3,1,0
BRDA:21,4,0,0
BRDA:21,4,1,0
BRDA:93,5,0,0
BRDA:94,6,0,0
BRDA:94,6,1,0
BRDA:102,7,0,0
BRDA:102,7,1,0
BRDA:103,8,0,0
BRDA:103,8,1,0
BRDA:104,9,0,0
BRDA:104,9,1,0
BRDA:107,10,0,0
BRDA:107,10,1,0
BRDA:108,11,0,0
BRDA:108,11,1,0
BRDA:108,11,2,0
BRDA:111,12,0,0
BRDA:111,12,1,0
BRDA:129,13,0,0
BRDA:129,13,1,0
BRDA:129,13,2,0
BRDA:130,14,0,0
BRDA:130,14,1,0
BRDA:130,15,0,0
BRDA:130,15,1,0
BRDA:132,16,0,0
BRDA:132,16,1,0
BRDA:133,17,0,0
BRDA:133,17,1,0
BRDA:141,18,0,0
BRDA:141,18,1,0
BRDA:141,18,2,0
BRDA:142,19,0,0
BRDA:142,19,1,0
BRDA:142,20,0,0
BRDA:142,20,1,0
BRDA:144,21,0,0
BRDA:144,21,1,0
BRDA:145,22,0,0
BRDA:145,22,1,0
BRDA:150,23,0,0
BRDA:150,23,1,0
BRDA:156,24,0,0
BRDA:156,24,1,0
BRDA:156,25,0,0
BRDA:156,25,1,0
BRDA:162,26,0,0
BRDA:162,26,1,0
BRDA:162,27,0,0
BRDA:162,27,1,0
BRDA:179,28,0,0
BRDA:179,28,1,0
BRDA:180,29,0,0
BRDA:180,29,1,0
BRDA:181,30,0,0
BRDA:181,30,1,0
BRDA:184,31,0,0
BRDA:184,31,1,0
BRDA:187,32,0,0
BRDA:187,32,1,0
BRDA:190,33,0,0
BRDA:190,33,1,0
BRDA:209,34,0,0
BRDA:209,34,1,0
BRDA:213,35,0,0
BRDA:213,35,1,0
BRDA:216,36,0,0
BRDA:216,36,1,0
BRDA:223,37,0,0
BRDA:223,37,1,0
BRDA:228,38,0,0
BRDA:228,38,1,0
BRDA:236,39,0,0
BRDA:236,39,1,0
BRDA:239,40,0,0
BRDA:239,40,1,0
BRDA:244,41,0,0
BRDA:244,41,1,0
BRDA:259,42,0,0
BRDA:259,42,1,0
BRDA:268,43,0,0
BRDA:268,43,1,0
BRDA:273,44,0,0
BRDA:273,44,1,0
BRDA:286,45,0,0
BRDA:286,45,1,0
BRDA:287,46,0,0
BRDA:287,46,1,0
BRDA:289,47,0,0
BRDA:289,47,1,0
BRDA:289,47,2,0
BRDA:299,48,0,0
BRDA:299,48,1,0
BRDA:305,49,0,0
BRDA:305,49,1,0
BRDA:307,50,0,0
BRDA:307,50,1,0
BRDA:308,51,0,0
BRDA:308,51,1,0
BRDA:314,52,0,0
BRDA:314,52,1,0
BRDA:316,53,0,0
BRDA:316,53,1,0
BRDA:317,54,0,0
BRDA:317,54,1,0
BRDA:318,55,0,0
BRDA:318,55,1,0
BRDA:324,56,0,0
BRDA:324,56,1,0
BRDA:336,57,0,0
BRDA:336,57,1,0
BRDA:342,58,0,0
BRDA:342,58,1,0
BRDA:344,59,0,0
BRDA:344,59,1,0
BRDA:346,60,0,0
BRDA:346,60,1,0
BRDA:346,61,0,0
BRDA:346,61,1,0
BRDA:351,62,0,0
BRDA:351,62,1,0
BRDA:357,63,0,0
BRDA:357,63,1,0
BRDA:363,64,0,0
BRDA:363,64,1,0
BRDA:365,65,0,0
BRDA:365,65,1,0
BRDA:367,66,0,0
BRDA:367,66,1,0
BRDA:379,67,0,0
BRDA:379,67,1,0
BRDA:385,68,0,0
BRDA:385,68,1,0
BRDA:391,69,0,0
BRDA:391,69,1,0
BRDA:397,70,0,0
BRDA:397,70,1,0
BRDA:399,71,0,0
BRDA:399,71,1,0
BRDA:401,72,0,0
BRDA:401,72,1,0
BRDA:401,73,0,0
BRDA:401,73,1,0
BRDA:406,74,0,0
BRDA:406,74,1,0
BRDA:415,75,0,0
BRDA:415,75,1,0
BRDA:415,76,0,0
BRDA:415,76,1,0
BRDA:418,77,0,0
BRDA:418,77,1,0
BRDA:443,78,0,0
BRDA:443,78,1,0
BRDA:479,79,0,0
BRDA:479,79,1,0
BRDA:486,80,0,0
BRDA:486,80,1,0
BRDA:488,81,0,0
BRDA:488,81,1,0
BRDA:490,82,0,0
BRDA:490,82,1,0
BRDA:491,83,0,0
BRDA:491,83,1,0
BRDA:496,84,0,0
BRDA:496,84,1,0
BRDA:511,85,0,0
BRDA:511,85,1,0
BRDA:553,86,0,0
BRDA:553,86,1,0
BRDA:561,87,0,0
BRDA:561,87,1,0
BRDA:565,88,0,0
BRDA:565,88,1,0
BRDA:566,89,0,0
BRDA:566,89,1,0
BRDA:570,90,0,0
BRDA:570,90,1,0
BRDA:579,91,0,0
BRDA:579,91,1,0
BRDA:583,92,0,0
BRDA:583,92,1,0
BRDA:587,93,0,0
BRDA:587,93,1,0
BRDA:591,94,0,0
BRDA:591,94,1,0
BRDA:592,95,0,0
BRDA:592,95,1,0
BRDA:593,96,0,0
BRDA:593,96,1,0
BRDA:601,97,0,0
BRDA:601,97,1,0
BRDA:631,98,0,0
BRDA:631,98,1,0
BRDA:632,99,0,0
BRDA:632,99,1,0
BRDA:634,100,0,0
BRDA:634,100,1,0
BRDA:634,100,2,0
BRDA:634,100,3,0
BRDA:638,101,0,0
BRDA:638,101,1,0
BRDA:638,101,2,0
BRDA:638,101,3,0
BRDA:663,102,0,0
BRDA:663,102,1,0
BRDA:682,103,0,0
BRDA:682,103,1,0
BRDA:694,104,0,0
BRDA:694,104,1,0
BRDA:700,105,0,0
BRDA:700,105,1,0
BRDA:704,106,0,0
BRDA:704,106,1,0
BRDA:704,107,0,0
BRDA:704,107,1,0
BRDA:709,108,0,0
BRDA:709,108,1,0
BRDA:709,109,0,0
BRDA:709,109,1,0
BRDA:714,110,0,0
BRDA:714,110,1,0
BRDA:718,111,0,0
BRDA:718,111,1,0
BRDA:724,112,0,0
BRDA:724,112,1,0
BRDA:725,113,0,0
BRDA:725,113,1,0
BRDA:754,114,0,0
BRDA:754,114,1,0
BRDA:766,115,0,0
BRDA:766,115,1,0
BRDA:766,116,0,0
BRDA:766,116,1,0
BRF:241
BRH:0
end_of_record
TN:
SF:src\pages\DealerDashboard.jsx
FN:10,(anonymous_0)
FN:14,(anonymous_1)
FN:20,(anonymous_2)
FN:21,(anonymous_3)
FN:27,(anonymous_4)
FN:33,(anonymous_5)
FN:41,(anonymous_6)
FN:44,(anonymous_7)
FN:47,(anonymous_8)
FN:50,(anonymous_9)
FN:53,(anonymous_10)
FN:58,(anonymous_11)
FN:62,(anonymous_12)
FN:68,(anonymous_13)
FN:69,(anonymous_14)
FN:77,(anonymous_15)
FN:82,(anonymous_16)
FN:84,(anonymous_17)
FN:87,(anonymous_18)
FN:90,(anonymous_19)
FN:93,(anonymous_20)
FN:96,(anonymous_21)
FN:99,(anonymous_22)
FN:103,(anonymous_23)
FN:106,(anonymous_24)
FN:118,(anonymous_25)
FN:135,(anonymous_26)
FN:136,(anonymous_27)
FN:158,(anonymous_28)
FN:181,(anonymous_29)
FN:184,(anonymous_30)
FN:185,(anonymous_31)
FN:188,(anonymous_32)
FN:191,(anonymous_33)
FN:197,(anonymous_34)
FN:201,(anonymous_35)
FN:202,(anonymous_36)
FN:281,(anonymous_37)
FN:285,(anonymous_38)
FN:291,(anonymous_39)
FN:297,(anonymous_40)
FN:312,(anonymous_41)
FN:313,(anonymous_42)
FN:327,(anonymous_43)
FN:340,(anonymous_44)
FN:346,(anonymous_45)
FN:366,(anonymous_46)
FN:371,(anonymous_47)
FN:380,(anonymous_48)
FN:383,(anonymous_49)
FN:385,(anonymous_50)
FN:386,(anonymous_51)
FN:394,(anonymous_52)
FN:396,(anonymous_53)
FN:409,(anonymous_54)
FN:413,(anonymous_55)
FN:414,(anonymous_56)
FN:419,(anonymous_57)
FN:432,(anonymous_58)
FN:433,(anonymous_59)
FN:441,(anonymous_60)
FN:447,(anonymous_61)
FN:451,(anonymous_62)
FN:451,(anonymous_63)
FN:456,(anonymous_64)
FN:461,(anonymous_65)
FN:463,(anonymous_66)
FN:474,(anonymous_67)
FN:474,(anonymous_68)
FN:486,(anonymous_69)
FN:490,(anonymous_70)
FN:490,(anonymous_71)
FN:496,(anonymous_72)
FN:513,(anonymous_73)
FN:524,(anonymous_74)
FN:533,(anonymous_75)
FN:549,(anonymous_76)
FN:559,(anonymous_77)
FN:560,(anonymous_78)
FN:581,(anonymous_79)
FN:602,(anonymous_80)
FN:621,(anonymous_81)
FN:630,(anonymous_82)
FN:631,(anonymous_83)
FN:644,(anonymous_84)
FN:665,(anonymous_85)
FN:706,(anonymous_86)
FN:718,(anonymous_87)
FN:802,(anonymous_88)
FN:803,(anonymous_89)
FN:803,(anonymous_90)
FN:833,(anonymous_91)
FN:856,(anonymous_92)
FN:857,(anonymous_93)
FN:857,(anonymous_94)
FN:858,(anonymous_95)
FN:859,(anonymous_96)
FN:860,(anonymous_97)
FN:861,(anonymous_98)
FN:862,(anonymous_99)
FN:863,(anonymous_100)
FN:932,(anonymous_101)
FN:944,(anonymous_102)
FN:948,(anonymous_103)
FN:958,(anonymous_104)
FN:962,(anonymous_105)
FN:970,(anonymous_106)
FN:1004,(anonymous_107)
FN:1008,(anonymous_108)
FN:1017,(anonymous_109)
FN:1052,(anonymous_110)
FN:1053,(anonymous_111)
FN:1054,(anonymous_112)
FN:1058,(anonymous_113)
FN:1067,(anonymous_114)
FN:1072,(anonymous_115)
FN:1103,(anonymous_116)
FN:1121,(anonymous_117)
FN:1129,(anonymous_118)
FN:1136,(anonymous_119)
FN:1146,(anonymous_120)
FN:1150,(anonymous_121)
FN:1162,(anonymous_122)
FN:1169,(anonymous_123)
FN:1238,(anonymous_124)
FN:1239,(anonymous_125)
FN:1266,(anonymous_126)
FN:1283,(anonymous_127)
FN:1291,(anonymous_128)
FN:1293,(anonymous_129)
FN:1297,(anonymous_130)
FN:1298,(anonymous_131)
FN:1305,(anonymous_132)
FN:1321,(anonymous_133)
FN:1325,(anonymous_134)
FN:1332,(anonymous_135)
FN:1343,(anonymous_136)
FN:1347,(anonymous_137)
FN:1351,(anonymous_138)
FN:1358,(anonymous_139)
FN:1364,(anonymous_140)
FN:1371,(anonymous_141)
FN:1392,(anonymous_142)
FN:1400,(anonymous_143)
FN:1449,(anonymous_144)
FN:1455,(anonymous_145)
FN:1472,(anonymous_146)
FN:1479,(anonymous_147)
FN:1508,(anonymous_148)
FN:1516,(anonymous_149)
FN:1523,(anonymous_150)
FN:1579,(anonymous_151)
FN:1584,(anonymous_152)
FN:1635,(anonymous_153)
FNF:154
FNH:0
FNDA:0,(anonymous_0)
FNDA:0,(anonymous_1)
FNDA:0,(anonymous_2)
FNDA:0,(anonymous_3)
FNDA:0,(anonymous_4)
FNDA:0,(anonymous_5)
FNDA:0,(anonymous_6)
FNDA:0,(anonymous_7)
FNDA:0,(anonymous_8)
FNDA:0,(anonymous_9)
FNDA:0,(anonymous_10)
FNDA:0,(anonymous_11)
FNDA:0,(anonymous_12)
FNDA:0,(anonymous_13)
FNDA:0,(anonymous_14)
FNDA:0,(anonymous_15)
FNDA:0,(anonymous_16)
FNDA:0,(anonymous_17)
FNDA:0,(anonymous_18)
FNDA:0,(anonymous_19)
FNDA:0,(anonymous_20)
FNDA:0,(anonymous_21)
FNDA:0,(anonymous_22)
FNDA:0,(anonymous_23)
FNDA:0,(anonymous_24)
FNDA:0,(anonymous_25)
FNDA:0,(anonymous_26)
FNDA:0,(anonymous_27)
FNDA:0,(anonymous_28)
FNDA:0,(anonymous_29)
FNDA:0,(anonymous_30)
FNDA:0,(anonymous_31)
FNDA:0,(anonymous_32)
FNDA:0,(anonymous_33)
FNDA:0,(anonymous_34)
FNDA:0,(anonymous_35)
FNDA:0,(anonymous_36)
FNDA:0,(anonymous_37)
FNDA:0,(anonymous_38)
FNDA:0,(anonymous_39)
FNDA:0,(anonymous_40)
FNDA:0,(anonymous_41)
FNDA:0,(anonymous_42)
FNDA:0,(anonymous_43)
FNDA:0,(anonymous_44)
FNDA:0,(anonymous_45)
FNDA:0,(anonymous_46)
FNDA:0,(anonymous_47)
FNDA:0,(anonymous_48)
FNDA:0,(anonymous_49)
FNDA:0,(anonymous_50)
FNDA:0,(anonymous_51)
FNDA:0,(anonymous_52)
FNDA:0,(anonymous_53)
FNDA:0,(anonymous_54)
FNDA:0,(anonymous_55)
FNDA:0,(anonymous_56)
FNDA:0,(anonymous_57)
FNDA:0,(anonymous_58)
FNDA:0,(anonymous_59)
FNDA:0,(anonymous_60)
FNDA:0,(anonymous_61)
FNDA:0,(anonymous_62)
FNDA:0,(anonymous_63)
FNDA:0,(anonymous_64)
FNDA:0,(anonymous_65)
FNDA:0,(anonymous_66)
FNDA:0,(anonymous_67)
FNDA:0,(anonymous_68)
FNDA:0,(anonymous_69)
FNDA:0,(anonymous_70)
FNDA:0,(anonymous_71)
FNDA:0,(anonymous_72)
FNDA:0,(anonymous_73)
FNDA:0,(anonymous_74)
FNDA:0,(anonymous_75)
FNDA:0,(anonymous_76)
FNDA:0,(anonymous_77)
FNDA:0,(anonymous_78)
FNDA:0,(anonymous_79)
FNDA:0,(anonymous_80)
FNDA:0,(anonymous_81)
FNDA:0,(anonymous_82)
FNDA:0,(anonymous_83)
FNDA:0,(anonymous_84)
FNDA:0,(anonymous_85)
FNDA:0,(anonymous_86)
FNDA:0,(anonymous_87)
FNDA:0,(anonymous_88)
FNDA:0,(anonymous_89)
FNDA:0,(anonymous_90)
FNDA:0,(anonymous_91)
FNDA:0,(anonymous_92)
FNDA:0,(anonymous_93)
FNDA:0,(anonymous_94)
FNDA:0,(anonymous_95)
FNDA:0,(anonymous_96)
FNDA:0,(anonymous_97)
FNDA:0,(anonymous_98)
FNDA:0,(anonymous_99)
FNDA:0,(anonymous_100)
FNDA:0,(anonymous_101)
FNDA:0,(anonymous_102)
FNDA:0,(anonymous_103)
FNDA:0,(anonymous_104)
FNDA:0,(anonymous_105)
FNDA:0,(anonymous_106)
FNDA:0,(anonymous_107)
FNDA:0,(anonymous_108)
FNDA:0,(anonymous_109)
FNDA:0,(anonymous_110)
FNDA:0,(anonymous_111)
FNDA:0,(anonymous_112)
FNDA:0,(anonymous_113)
FNDA:0,(anonymous_114)
FNDA:0,(anonymous_115)
FNDA:0,(anonymous_116)
FNDA:0,(anonymous_117)
FNDA:0,(anonymous_118)
FNDA:0,(anonymous_119)
FNDA:0,(anonymous_120)
FNDA:0,(anonymous_121)
FNDA:0,(anonymous_122)
FNDA:0,(anonymous_123)
FNDA:0,(anonymous_124)
FNDA:0,(anonymous_125)
FNDA:0,(anonymous_126)
FNDA:0,(anonymous_127)
FNDA:0,(anonymous_128)
FNDA:0,(anonymous_129)
FNDA:0,(anonymous_130)
FNDA:0,(anonymous_131)
FNDA:0,(anonymous_132)
FNDA:0,(anonymous_133)
FNDA:0,(anonymous_134)
FNDA:0,(anonymous_135)
FNDA:0,(anonymous_136)
FNDA:0,(anonymous_137)
FNDA:0,(anonymous_138)
FNDA:0,(anonymous_139)
FNDA:0,(anonymous_140)
FNDA:0,(anonymous_141)
FNDA:0,(anonymous_142)
FNDA:0,(anonymous_143)
FNDA:0,(anonymous_144)
FNDA:0,(anonymous_145)
FNDA:0,(anonymous_146)
FNDA:0,(anonymous_147)
FNDA:0,(anonymous_148)
FNDA:0,(anonymous_149)
FNDA:0,(anonymous_150)
FNDA:0,(anonymous_151)
FNDA:0,(anonymous_152)
FNDA:0,(anonymous_153)
DA:10,0
DA:11,0
DA:12,0
DA:14,0
DA:15,0
DA:16,0
DA:17,0
DA:20,0
DA:21,0
DA:22,0
DA:23,0
DA:26,0
DA:27,0
DA:30,0
DA:33,0
DA:41,0
DA:44,0
DA:47,0
DA:50,0
DA:53,0
DA:58,0
DA:62,0
DA:68,0
DA:69,0
DA:77,0
DA:82,0
DA:84,0
DA:87,0
DA:90,0
DA:93,0
DA:96,0
DA:99,0
DA:103,0
DA:106,0
DA:118,0
DA:119,0
DA:120,0
DA:123,0
DA:126,0
DA:127,0
DA:128,0
DA:129,0
DA:130,0
DA:131,0
DA:134,0
DA:135,0
DA:136,0
DA:139,0
DA:140,0
DA:141,0
DA:151,0
DA:154,0
DA:155,0
DA:158,0
DA:159,0
DA:160,0
DA:161,0
DA:162,0
DA:168,0
DA:169,0
DA:170,0
DA:171,0
DA:172,0
DA:174,0
DA:176,0
DA:181,0
DA:184,0
DA:185,0
DA:188,0
DA:189,0
DA:191,0
DA:192,0
DA:194,0
DA:195,0
DA:197,0
DA:198,0
DA:199,0
DA:201,0
DA:202,0
DA:204,0
DA:205,0
DA:206,0
DA:209,0
DA:210,0
DA:224,0
DA:225,0
DA:252,0
DA:256,0
DA:263,0
DA:266,0
DA:267,0
DA:271,0
DA:272,0
DA:275,0
DA:278,0
DA:279,0
DA:281,0
DA:285,0
DA:286,0
DA:287,0
DA:289,0
DA:291,0
DA:292,0
DA:293,0
DA:297,0
DA:298,0
DA:299,0
DA:300,0
DA:302,0
DA:304,0
DA:306,0
DA:307,0
DA:312,0
DA:313,0
DA:314,0
DA:315,0
DA:317,0
DA:319,0
DA:321,0
DA:322,0
DA:327,0
DA:328,0
DA:329,0
DA:330,0
DA:331,0
DA:333,0
DA:340,0
DA:343,0
DA:344,0
DA:346,0
DA:347,0
DA:348,0
DA:351,0
DA:363,0
DA:366,0
DA:367,0
DA:368,0
DA:371,0
DA:372,0
DA:373,0
DA:374,0
DA:375,0
DA:376,0
DA:380,0
DA:383,0
DA:385,0
DA:386,0
DA:387,0
DA:388,0
DA:394,0
DA:396,0
DA:397,0
DA:398,0
DA:399,0
DA:401,0
DA:405,0
DA:406,0
DA:409,0
DA:410,0
DA:413,0
DA:414,0
DA:415,0
DA:416,0
DA:417,0
DA:419,0
DA:426,0
DA:427,0
DA:428,0
DA:432,0
DA:433,0
DA:434,0
DA:435,0
DA:436,0
DA:437,0
DA:438,0
DA:439,0
DA:441,0
DA:442,0
DA:443,0
DA:444,0
DA:447,0
DA:448,0
DA:449,0
DA:450,0
DA:451,0
DA:456,0
DA:457,0
DA:458,0
DA:459,0
DA:461,0
DA:463,0
DA:464,0
DA:465,0
DA:466,0
DA:474,0
DA:480,0
DA:481,0
DA:482,0
DA:483,0
DA:486,0
DA:487,0
DA:488,0
DA:489,0
DA:490,0
DA:491,0
DA:492,0
DA:493,0
DA:496,0
DA:497,0
DA:498,0
DA:502,0
DA:503,0
DA:505,0
DA:508,0
DA:509,0
DA:513,0
DA:514,0
DA:515,0
DA:516,0
DA:517,0
DA:518,0
DA:520,0
DA:524,0
DA:525,0
DA:526,0
DA:527,0
DA:528,0
DA:533,0
DA:534,0
DA:535,0
DA:536,0
DA:537,0
DA:538,0
DA:539,0
DA:541,0
DA:542,0
DA:543,0
DA:545,0
DA:549,0
DA:550,0
DA:551,0
DA:552,0
DA:556,0
DA:557,0
DA:559,0
DA:560,0
DA:562,0
DA:582,0
DA:603,0
DA:622,0
DA:630,0
DA:631,0
DA:645,0
DA:666,0
DA:707,0
DA:719,0
DA:803,0
DA:833,0
DA:856,0
DA:857,0
DA:858,0
DA:859,0
DA:860,0
DA:861,0
DA:862,0
DA:863,0
DA:869,0
DA:879,0
DA:889,0
DA:894,0
DA:902,0
DA:911,0
DA:916,0
DA:924,0
DA:932,0
DA:933,0
DA:944,0
DA:948,0
DA:958,0
DA:962,0
DA:970,0
DA:971,0
DA:973,0
DA:1004,0
DA:1008,0
DA:1017,0
DA:1018,0
DA:1019,0
DA:1021,0
DA:1052,0
DA:1053,0
DA:1054,0
DA:1058,0
DA:1067,0
DA:1068,0
DA:1070,0
DA:1072,0
DA:1104,0
DA:1121,0
DA:1129,0
DA:1130,0
DA:1131,0
DA:1133,0
DA:1134,0
DA:1135,0
DA:1136,0
DA:1140,0
DA:1141,0
DA:1142,0
DA:1146,0
DA:1150,0
DA:1155,0
DA:1156,0
DA:1157,0
DA:1158,0
DA:1159,0
DA:1160,0
DA:1161,0
DA:1162,0
DA:1167,0
DA:1168,0
DA:1169,0
DA:1175,0
DA:1179,0
DA:1238,0
DA:1239,0
DA:1240,0
DA:1241,0
DA:1242,0
DA:1243,0
DA:1244,0
DA:1247,0
DA:1249,0
DA:1267,0
DA:1283,0
DA:1291,0
DA:1292,0
DA:1293,0
DA:1294,0
DA:1295,0
DA:1296,0
DA:1297,0
DA:1298,0
DA:1302,0
DA:1303,0
DA:1305,0
DA:1321,0
DA:1322,0
DA:1323,0
DA:1325,0
DA:1332,0
DA:1343,0
DA:1344,0
DA:1345,0
DA:1347,0
DA:1351,0
DA:1358,0
DA:1359,0
DA:1360,0
DA:1362,0
DA:1364,0
DA:1372,0
DA:1392,0
DA:1393,0
DA:1394,0
DA:1396,0
DA:1398,0
DA:1400,0
DA:1449,0
DA:1450,0
DA:1451,0
DA:1453,0
DA:1455,0
DA:1456,0
DA:1457,0
DA:1466,0
DA:1470,0
DA:1472,0
DA:1473,0
DA:1474,0
DA:1475,0
DA:1479,0
DA:1480,0
DA:1481,0
DA:1482,0
DA:1484,0
DA:1485,0
DA:1486,0
DA:1488,0
DA:1489,0
DA:1490,0
DA:1492,0
DA:1493,0
DA:1494,0
DA:1495,0
DA:1496,0
DA:1497,0
DA:1499,0
DA:1500,0
DA:1501,0
DA:1504,0
DA:1505,0
DA:1508,0
DA:1509,0
DA:1510,0
DA:1511,0
DA:1512,0
DA:1514,0
DA:1516,0
DA:1518,0
DA:1521,0
DA:1523,0
DA:1579,0
DA:1580,0
DA:1582,0
DA:1584,0
DA:1635,0
LF:417
LH:0
BRDA:22,0,0,0
BRDA:22,0,1,0
BRDA:22,1,0,0
BRDA:22,1,1,0
BRDA:41,2,0,0
BRDA:41,2,1,0
BRDA:44,3,0,0
BRDA:44,3,1,0
BRDA:47,4,0,0
BRDA:47,4,1,0
BRDA:50,5,0,0
BRDA:50,5,1,0
BRDA:53,6,0,0
BRDA:53,6,1,0
BRDA:59,7,0,0
BRDA:59,7,1,0
BRDA:64,8,0,0
BRDA:64,8,1,0
BRDA:67,9,0,0
BRDA:67,9,1,0
BRDA:77,10,0,0
BRDA:77,10,1,0
BRDA:79,11,0,0
BRDA:79,11,1,0
BRDA:84,12,0,0
BRDA:84,12,1,0
BRDA:87,13,0,0
BRDA:87,13,1,0
BRDA:90,14,0,0
BRDA:90,14,1,0
BRDA:93,15,0,0
BRDA:93,15,1,0
BRDA:96,16,0,0
BRDA:96,16,1,0
BRDA:99,17,0,0
BRDA:99,17,1,0
BRDA:103,18,0,0
BRDA:103,18,1,0
BRDA:106,19,0,0
BRDA:106,19,1,0
BRDA:136,20,0,0
BRDA:136,20,1,0
BRDA:159,21,0,0
BRDA:159,21,1,0
BRDA:171,22,0,0
BRDA:171,22,1,0
BRDA:189,23,0,0
BRDA:189,23,1,0
BRDA:204,24,0,0
BRDA:204,24,1,0
BRDA:206,25,0,0
BRDA:206,25,1,0
BRDA:206,26,0,0
BRDA:206,26,1,0
BRDA:206,26,2,0
BRDA:216,27,0,0
BRDA:216,27,1,0
BRDA:234,28,0,0
BRDA:234,28,1,0
BRDA:234,29,0,0
BRDA:234,29,1,0
BRDA:239,30,0,0
BRDA:239,30,1,0
BRDA:241,31,0,0
BRDA:241,31,1,0
BRDA:242,32,0,0
BRDA:242,32,1,0
BRDA:243,33,0,0
BRDA:243,33,1,0
BRDA:244,34,0,0
BRDA:244,34,1,0
BRDA:252,35,0,0
BRDA:252,35,1,0
BRDA:266,36,0,0
BRDA:266,36,1,0
BRDA:266,37,0,0
BRDA:266,37,1,0
BRDA:267,38,0,0
BRDA:267,38,1,0
BRDA:271,39,0,0
BRDA:271,39,1,0
BRDA:292,40,0,0
BRDA:292,40,1,0
BRDA:298,41,0,0
BRDA:298,41,1,0
BRDA:298,42,0,0
BRDA:298,42,1,0
BRDA:298,42,2,0
BRDA:298,42,3,0
BRDA:299,43,0,0
BRDA:299,43,1,0
BRDA:299,44,0,0
BRDA:299,44,1,0
BRDA:299,44,2,0
BRDA:302,45,0,0
BRDA:302,45,1,0
BRDA:302,45,2,0
BRDA:304,46,0,0
BRDA:304,46,1,0
BRDA:306,47,0,0
BRDA:306,47,1,0
BRDA:314,48,0,0
BRDA:314,48,1,0
BRDA:314,49,0,0
BRDA:314,49,1,0
BRDA:317,50,0,0
BRDA:317,50,1,0
BRDA:319,51,0,0
BRDA:319,51,1,0
BRDA:321,52,0,0
BRDA:321,52,1,0
BRDA:330,53,0,0
BRDA:330,53,1,0
BRDA:331,54,0,0
BRDA:331,54,1,0
BRDA:347,55,0,0
BRDA:347,55,1,0
BRDA:348,56,0,0
BRDA:348,56,1,0
BRDA:372,57,0,0
BRDA:372,57,1,0
BRDA:387,58,0,0
BRDA:387,58,1,0
BRDA:388,59,0,0
BRDA:388,59,1,0
BRDA:388,59,2,0
BRDA:388,59,3,0
BRDA:388,59,4,0
BRDA:388,59,5,0
BRDA:398,60,0,0
BRDA:398,60,1,0
BRDA:398,61,0,0
BRDA:398,61,1,0
BRDA:399,62,0,0
BRDA:399,62,1,0
BRDA:415,63,0,0
BRDA:415,63,1,0
BRDA:415,64,0,0
BRDA:415,64,1,0
BRDA:442,65,0,0
BRDA:442,65,1,0
BRDA:448,66,0,0
BRDA:448,66,1,0
BRDA:451,67,0,0
BRDA:451,67,1,0
BRDA:458,68,0,0
BRDA:458,68,1,0
BRDA:474,69,0,0
BRDA:474,69,1,0
BRDA:483,70,0,0
BRDA:483,70,1,0
BRDA:490,71,0,0
BRDA:490,71,1,0
BRDA:500,72,0,0
BRDA:500,72,1,0
BRDA:502,73,0,0
BRDA:502,73,1,0
BRDA:509,74,0,0
BRDA:509,74,1,0
BRDA:509,74,2,0
BRDA:509,74,3,0
BRDA:520,75,0,0
BRDA:520,75,1,0
BRDA:526,76,0,0
BRDA:526,76,1,0
BRDA:535,77,0,0
BRDA:535,77,1,0
BRDA:537,78,0,0
BRDA:537,78,1,0
BRDA:537,79,0,0
BRDA:537,79,1,0
BRDA:538,80,0,0
BRDA:538,80,1,0
BRDA:539,81,0,0
BRDA:539,81,1,0
BRDA:545,82,0,0
BRDA:545,82,1,0
BRDA:550,83,0,0
BRDA:550,83,1,0
BRDA:556,84,0,0
BRDA:556,84,1,0
BRDA:556,85,0,0
BRDA:556,85,1,0
BRDA:557,86,0,0
BRDA:557,86,1,0
BRDA:559,87,0,0
BRDA:559,87,1,0
BRDA:560,88,0,0
BRDA:560,88,1,0
BRDA:560,88,2,0
BRDA:573,89,0,0
BRDA:573,89,1,0
BRDA:599,90,0,0
BRDA:599,90,1,0
BRDA:601,91,0,0
BRDA:601,91,1,0
BRDA:610,92,0,0
BRDA:610,92,1,0
BRDA:617,93,0,0
BRDA:617,93,1,0
BRDA:620,94,0,0
BRDA:620,94,1,0
BRDA:640,95,0,0
BRDA:640,95,1,0
BRDA:643,96,0,0
BRDA:643,96,1,0
BRDA:646,97,0,0
BRDA:646,97,1,0
BRDA:658,98,0,0
BRDA:658,98,1,0
BRDA:672,99,0,0
BRDA:672,99,1,0
BRDA:703,100,0,0
BRDA:703,100,1,0
BRDA:714,101,0,0
BRDA:714,101,1,0
BRDA:717,102,0,0
BRDA:717,102,1,0
BRDA:725,103,0,0
BRDA:725,103,1,0
BRDA:752,104,0,0
BRDA:752,104,1,0
BRDA:752,105,0,0
BRDA:752,105,1,0
BRDA:755,106,0,0
BRDA:755,106,1,0
BRDA:756,107,0,0
BRDA:756,107,1,0
BRDA:795,108,0,0
BRDA:795,108,1,0
BRDA:811,109,0,0
BRDA:811,109,1,0
BRDA:812,110,0,0
BRDA:812,110,1,0
BRDA:824,111,0,0
BRDA:824,111,1,0
BRDA:832,112,0,0
BRDA:832,112,1,0
BRDA:839,113,0,0
BRDA:839,113,1,0
BRDA:840,114,0,0
BRDA:840,114,1,0
BRDA:841,115,0,0
BRDA:841,115,1,0
BRDA:847,116,0,0
BRDA:847,116,1,0
BRDA:947,117,0,0
BRDA:947,117,1,0
BRDA:947,117,2,0
BRDA:993,118,0,0
BRDA:993,118,1,0
BRDA:1003,119,0,0
BRDA:1003,119,1,0
BRDA:1025,120,0,0
BRDA:1025,120,1,0
BRDA:1026,121,0,0
BRDA:1026,121,1,0
BRDA:1057,122,0,0
BRDA:1057,122,1,0
BRDA:1057,122,2,0
BRDA:1068,123,0,0
BRDA:1068,123,1,0
BRDA:1068,124,0,0
BRDA:1068,124,1,0
BRDA:1089,125,0,0
BRDA:1089,125,1,0
BRDA:1133,126,0,0
BRDA:1133,126,1,0
BRDA:1133,127,0,0
BRDA:1133,127,1,0
BRDA:1140,128,0,0
BRDA:1140,128,1,0
BRDA:1155,129,0,0
BRDA:1155,129,1,0
BRDA:1157,130,0,0
BRDA:1157,130,1,0
BRDA:1157,131,0,0
BRDA:1157,131,1,0
BRDA:1159,132,0,0
BRDA:1159,132,1,0
BRDA:1175,133,0,0
BRDA:1175,133,1,0
BRDA:1175,134,0,0
BRDA:1175,134,1,0
BRDA:1184,135,0,0
BRDA:1184,135,1,0
BRDA:1184,136,0,0
BRDA:1184,136,1,0
BRDA:1203,137,0,0
BRDA:1203,137,1,0
BRDA:1203,137,2,0
BRDA:1214,138,0,0
BRDA:1214,138,1,0
BRDA:1217,139,0,0
BRDA:1217,139,1,0
BRDA:1240,140,0,0
BRDA:1240,140,1,0
BRDA:1241,141,0,0
BRDA:1241,141,1,0
BRDA:1241,142,0,0
BRDA:1241,142,1,0
BRDA:1242,143,0,0
BRDA:1242,143,1,0
BRDA:1243,144,0,0
BRDA:1243,144,1,0
BRDA:1247,145,0,0
BRDA:1247,145,1,0
BRDA:1294,146,0,0
BRDA:1294,146,1,0
BRDA:1294,147,0,0
BRDA:1294,147,1,0
BRDA:1302,148,0,0
BRDA:1302,148,1,0
BRDA:1308,149,0,0
BRDA:1308,149,1,0
BRDA:1312,150,0,0
BRDA:1312,150,1,0
BRDA:1313,151,0,0
BRDA:1313,151,1,0
BRDA:1322,152,0,0
BRDA:1322,152,1,0
BRDA:1344,153,0,0
BRDA:1344,153,1,0
BRDA:1359,154,0,0
BRDA:1359,154,1,0
BRDA:1359,155,0,0
BRDA:1359,155,1,0
BRDA:1360,156,0,0
BRDA:1360,156,1,0
BRDA:1360,156,2,0
BRDA:1366,157,0,0
BRDA:1366,157,1,0
BRDA:1368,158,0,0
BRDA:1368,158,1,0
BRDA:1379,159,0,0
BRDA:1379,159,1,0
BRDA:1379,159,2,0
BRDA:1380,160,0,0
BRDA:1380,160,1,0
BRDA:1393,161,0,0
BRDA:1393,161,1,0
BRDA:1393,162,0,0
BRDA:1393,162,1,0
BRDA:1393,162,2,0
BRDA:1396,163,0,0
BRDA:1396,163,1,0
BRDA:1396,164,0,0
BRDA:1396,164,1,0
BRDA:1396,165,0,0
BRDA:1396,165,1,0
BRDA:1409,166,0,0
BRDA:1409,166,1,0
BRDA:1414,167,0,0
BRDA:1414,167,1,0
BRDA:1421,168,0,0
BRDA:1421,168,1,0
BRDA:1424,169,0,0
BRDA:1424,169,1,0
BRDA:1427,170,0,0
BRDA:1427,170,1,0
BRDA:1429,171,0,0
BRDA:1429,171,1,0
BRDA:1440,172,0,0
BRDA:1440,172,1,0
BRDA:1441,173,0,0
BRDA:1441,173,1,0
BRDA:1456,174,0,0
BRDA:1456,174,1,0
BRDA:1456,175,0,0
BRDA:1456,175,1,0
BRDA:1458,176,0,0
BRDA:1458,176,1,0
BRDA:1459,177,0,0
BRDA:1459,177,1,0
BRDA:1460,178,0,0
BRDA:1460,178,1,0
BRDA:1461,179,0,0
BRDA:1461,179,1,0
BRDA:1462,180,0,0
BRDA:1462,180,1,0
BRDA:1463,181,0,0
BRDA:1463,181,1,0
BRDA:1464,182,0,0
BRDA:1464,182,1,0
BRDA:1470,183,0,0
BRDA:1470,183,1,0
BRDA:1474,184,0,0
BRDA:1474,184,1,0
BRDA:1484,185,0,0
BRDA:1484,185,1,0
BRDA:1484,186,0,0
BRDA:1484,186,1,0
BRDA:1484,186,2,0
BRDA:1488,187,0,0
BRDA:1488,187,1,0
BRDA:1488,188,0,0
BRDA:1488,188,1,0
BRDA:1488,188,2,0
BRDA:1492,189,0,0
BRDA:1492,189,1,0
BRDA:1492,190,0,0
BRDA:1492,190,1,0
BRDA:1492,190,2,0
BRDA:1495,191,0,0
BRDA:1495,191,1,0
BRDA:1499,192,0,0
BRDA:1499,192,1,0
BRDA:1499,193,0,0
BRDA:1499,193,1,0
BRDA:1499,193,2,0
BRDA:1510,194,0,0
BRDA:1510,194,1,0
BRDA:1516,195,0,0
BRDA:1516,195,1,0
BRDA:1532,196,0,0
BRDA:1532,196,1,0
BRDA:1533,197,0,0
BRDA:1533,197,1,0
BRDA:1537,198,0,0
BRDA:1537,198,1,0
BRDA:1538,199,0,0
BRDA:1538,199,1,0
BRDA:1542,200,0,0
BRDA:1542,200,1,0
BRDA:1543,201,0,0
BRDA:1543,201,1,0
BRDA:1552,202,0,0
BRDA:1552,202,1,0
BRDA:1556,203,0,0
BRDA:1556,203,1,0
BRDA:1557,204,0,0
BRDA:1557,204,1,0
BRDA:1561,205,0,0
BRDA:1561,205,1,0
BRDA:1565,206,0,0
BRDA:1565,206,1,0
BRDA:1580,207,0,0
BRDA:1580,207,1,0
BRDA:1580,208,0,0
BRDA:1580,208,1,0
BRDA:1593,209,0,0
BRDA:1593,209,1,0
BRDA:1602,210,0,0
BRDA:1602,210,1,0
BRDA:1626,211,0,0
BRDA:1626,211,1,0
BRF:446
BRH:0
end_of_record
TN:
SF:src\pages\Error.jsx
FN:8,(anonymous_0)
FN:25,(anonymous_1)
FNF:2
FNH:0
FNDA:0,(anonymous_0)
FNDA:0,(anonymous_1)
DA:8,0
DA:9,0
DA:11,0
DA:25,0
LF:4
LH:0
BRF:0
BRH:0
end_of_record
TN:
SF:src\pages\FarmerDashboard.jsx
FN:11,(anonymous_0)
FN:16,(anonymous_1)
FN:17,(anonymous_2)
FN:23,(anonymous_3)
FN:33,(anonymous_4)
FN:39,(anonymous_5)
FN:42,(anonymous_6)
FN:48,(anonymous_7)
FN:55,(anonymous_8)
FN:61,(anonymous_9)
FN:65,(anonymous_10)
FN:77,(anonymous_11)
FN:99,(anonymous_12)
FN:107,(anonymous_13)
FN:118,(anonymous_14)
FN:133,(anonymous_15)
FN:134,(anonymous_16)
FN:136,(anonymous_17)
FN:165,(anonymous_18)
FN:170,(anonymous_19)
FN:173,(anonymous_20)
FN:178,(anonymous_21)
FN:182,(anonymous_22)
FN:189,(anonymous_23)
FN:193,(anonymous_24)
FN:195,(anonymous_25)
FN:199,(anonymous_26)
FN:207,(anonymous_27)
FN:226,(anonymous_28)
FN:257,(anonymous_29)
FN:257,(anonymous_30)
FN:257,(anonymous_31)
FN:258,(anonymous_32)
FN:258,(anonymous_33)
FN:259,(anonymous_34)
FN:259,(anonymous_35)
FN:259,(anonymous_36)
FN:261,(anonymous_37)
FN:282,(anonymous_38)
FN:284,(anonymous_39)
FN:315,(anonymous_40)
FN:337,(anonymous_41)
FN:348,(anonymous_42)
FN:350,(anonymous_43)
FN:353,(anonymous_44)
FN:365,(anonymous_45)
FN:368,(anonymous_46)
FN:369,(anonymous_47)
FN:376,(anonymous_48)
FN:399,(anonymous_49)
FN:418,(anonymous_50)
FN:422,(anonymous_51)
FN:489,(anonymous_52)
FN:493,(anonymous_53)
FN:505,(anonymous_54)
FN:508,(anonymous_55)
FN:511,(anonymous_56)
FN:520,(anonymous_57)
FN:523,(anonymous_58)
FN:552,(anonymous_59)
FN:566,(anonymous_60)
FN:666,(anonymous_61)
FN:683,(anonymous_62)
FN:685,(anonymous_63)
FN:701,(anonymous_64)
FN:706,(anonymous_65)
FN:739,(anonymous_66)
FN:763,(anonymous_67)
FN:764,(anonymous_68)
FN:778,(anonymous_69)
FN:799,(anonymous_70)
FN:822,(anonymous_71)
FN:845,(anonymous_72)
FN:862,(anonymous_73)
FN:872,(anonymous_74)
FN:885,(anonymous_75)
FN:888,(anonymous_76)
FN:894,(anonymous_77)
FNF:78
FNH:0
FNDA:0,(anonymous_0)
FNDA:0,(anonymous_1)
FNDA:0,(anonymous_2)
FNDA:0,(anonymous_3)
FNDA:0,(anonymous_4)
FNDA:0,(anonymous_5)
FNDA:0,(anonymous_6)
FNDA:0,(anonymous_7)
FNDA:0,(anonymous_8)
FNDA:0,(anonymous_9)
FNDA:0,(anonymous_10)
FNDA:0,(anonymous_11)
FNDA:0,(anonymous_12)
FNDA:0,(anonymous_13)
FNDA:0,(anonymous_14)
FNDA:0,(anonymous_15)
FNDA:0,(anonymous_16)
FNDA:0,(anonymous_17)
FNDA:0,(anonymous_18)
FNDA:0,(anonymous_19)
FNDA:0,(anonymous_20)
FNDA:0,(anonymous_21)
FNDA:0,(anonymous_22)
FNDA:0,(anonymous_23)
FNDA:0,(anonymous_24)
FNDA:0,(anonymous_25)
FNDA:0,(anonymous_26)
FNDA:0,(anonymous_27)
FNDA:0,(anonymous_28)
FNDA:0,(anonymous_29)
FNDA:0,(anonymous_30)
FNDA:0,(anonymous_31)
FNDA:0,(anonymous_32)
FNDA:0,(anonymous_33)
FNDA:0,(anonymous_34)
FNDA:0,(anonymous_35)
FNDA:0,(anonymous_36)
FNDA:0,(anonymous_37)
FNDA:0,(anonymous_38)
FNDA:0,(anonymous_39)
FNDA:0,(anonymous_40)
FNDA:0,(anonymous_41)
FNDA:0,(anonymous_42)
FNDA:0,(anonymous_43)
FNDA:0,(anonymous_44)
FNDA:0,(anonymous_45)
FNDA:0,(anonymous_46)
FNDA:0,(anonymous_47)
FNDA:0,(anonymous_48)
FNDA:0,(anonymous_49)
FNDA:0,(anonymous_50)
FNDA:0,(anonymous_51)
FNDA:0,(anonymous_52)
FNDA:0,(anonymous_53)
FNDA:0,(anonymous_54)
FNDA:0,(anonymous_55)
FNDA:0,(anonymous_56)
FNDA:0,(anonymous_57)
FNDA:0,(anonymous_58)
FNDA:0,(anonymous_59)
FNDA:0,(anonymous_60)
FNDA:0,(anonymous_61)
FNDA:0,(anonymous_62)
FNDA:0,(anonymous_63)
FNDA:0,(anonymous_64)
FNDA:0,(anonymous_65)
FNDA:0,(anonymous_66)
FNDA:0,(anonymous_67)
FNDA:0,(anonymous_68)
FNDA:0,(anonymous_69)
FNDA:0,(anonymous_70)
FNDA:0,(anonymous_71)
FNDA:0,(anonymous_72)
FNDA:0,(anonymous_73)
FNDA:0,(anonymous_74)
FNDA:0,(anonymous_75)
FNDA:0,(anonymous_76)
FNDA:0,(anonymous_77)
DA:11,0
DA:12,0
DA:13,0
DA:16,0
DA:17,0
DA:18,0
DA:19,0
DA:22,0
DA:23,0
DA:26,0
DA:33,0
DA:39,0
DA:42,0
DA:48,0
DA:55,0
DA:61,0
DA:65,0
DA:77,0
DA:78,0
DA:79,0
DA:81,0
DA:82,0
DA:83,0
DA:85,0
DA:96,0
DA:98,0
DA:99,0
DA:100,0
DA:101,0
DA:102,0
DA:104,0
DA:105,0
DA:106,0
DA:107,0
DA:108,0
DA:109,0
DA:114,0
DA:115,0
DA:118,0
DA:119,0
DA:120,0
DA:121,0
DA:124,0
DA:132,0
DA:133,0
DA:135,0
DA:136,0
DA:140,0
DA:141,0
DA:142,0
DA:143,0
DA:145,0
DA:149,0
DA:150,0
DA:151,0
DA:152,0
DA:159,0
DA:161,0
DA:165,0
DA:166,0
DA:170,0
DA:171,0
DA:173,0
DA:174,0
DA:175,0
DA:178,0
DA:182,0
DA:183,0
DA:184,0
DA:185,0
DA:189,0
DA:190,0
DA:193,0
DA:194,0
DA:195,0
DA:199,0
DA:200,0
DA:201,0
DA:202,0
DA:203,0
DA:204,0
DA:207,0
DA:208,0
DA:209,0
DA:210,0
DA:211,0
DA:212,0
DA:214,0
DA:224,0
DA:225,0
DA:226,0
DA:227,0
DA:228,0
DA:234,0
DA:236,0
DA:246,0
DA:248,0
DA:249,0
DA:251,0
DA:253,0
DA:257,0
DA:258,0
DA:259,0
DA:261,0
DA:262,0
DA:263,0
DA:264,0
DA:265,0
DA:267,0
DA:268,0
DA:278,0
DA:279,0
DA:282,0
DA:284,0
DA:285,0
DA:286,0
DA:287,0
DA:288,0
DA:289,0
DA:292,0
DA:293,0
DA:294,0
DA:295,0
DA:298,0
DA:301,0
DA:302,0
DA:303,0
DA:304,0
DA:306,0
DA:309,0
DA:315,0
DA:316,0
DA:318,0
DA:319,0
DA:320,0
DA:322,0
DA:323,0
DA:326,0
DA:332,0
DA:333,0
DA:337,0
DA:338,0
DA:339,0
DA:340,0
DA:341,0
DA:342,0
DA:344,0
DA:348,0
DA:349,0
DA:350,0
DA:353,0
DA:354,0
DA:355,0
DA:356,0
DA:357,0
DA:358,0
DA:359,0
DA:361,0
DA:365,0
DA:366,0
DA:367,0
DA:369,0
DA:374,0
DA:376,0
DA:382,0
DA:399,0
DA:418,0
DA:422,0
DA:490,0
DA:493,0
DA:505,0
DA:508,0
DA:511,0
DA:520,0
DA:523,0
DA:552,0
DA:567,0
DA:568,0
DA:569,0
DA:570,0
DA:571,0
DA:572,0
DA:573,0
DA:574,0
DA:577,0
DA:584,0
DA:586,0
DA:667,0
DA:683,0
DA:686,0
DA:701,0
DA:706,0
DA:740,0
DA:763,0
DA:764,0
DA:779,0
DA:780,0
DA:800,0
DA:801,0
DA:823,0
DA:845,0
DA:862,0
DA:873,0
DA:874,0
DA:885,0
DA:886,0
DA:888,0
DA:889,0
DA:892,0
DA:894,0
LF:210
LH:0
BRDA:18,0,0,0
BRDA:18,0,1,0
BRDA:34,1,0,0
BRDA:34,1,1,0
BRDA:37,2,0,0
BRDA:37,2,1,0
BRDA:39,3,0,0
BRDA:39,3,1,0
BRDA:42,4,0,0
BRDA:42,4,1,0
BRDA:48,5,0,0
BRDA:48,5,1,0
BRDA:50,6,0,0
BRDA:50,6,1,0
BRDA:57,7,0,0
BRDA:57,7,1,0
BRDA:60,8,0,0
BRDA:60,8,1,0
BRDA:119,9,0,0
BRDA:119,9,1,0
BRDA:140,10,0,0
BRDA:140,10,1,0
BRDA:153,11,0,0
BRDA:153,11,1,0
BRDA:154,12,0,0
BRDA:154,12,1,0
BRDA:155,13,0,0
BRDA:155,13,1,0
BRDA:156,14,0,0
BRDA:156,14,1,0
BRDA:159,15,0,0
BRDA:159,15,1,0
BRDA:171,16,0,0
BRDA:171,16,1,0
BRDA:183,17,0,0
BRDA:183,17,1,0
BRDA:212,18,0,0
BRDA:212,18,1,0
BRDA:225,19,0,0
BRDA:225,19,1,0
BRDA:226,20,0,0
BRDA:226,20,1,0
BRDA:226,20,2,0
BRDA:226,20,3,0
BRDA:227,21,0,0
BRDA:227,21,1,0
BRDA:251,22,0,0
BRDA:251,22,1,0
BRDA:257,23,0,0
BRDA:257,23,1,0
BRDA:259,24,0,0
BRDA:259,24,1,0
BRDA:263,25,0,0
BRDA:263,25,1,0
BRDA:263,26,0,0
BRDA:263,26,1,0
BRDA:263,26,2,0
BRDA:274,27,0,0
BRDA:274,27,1,0
BRDA:275,28,0,0
BRDA:275,28,1,0
BRDA:276,29,0,0
BRDA:276,29,1,0
BRDA:285,30,0,0
BRDA:285,30,1,0
BRDA:287,31,0,0
BRDA:287,31,1,0
BRDA:287,32,0,0
BRDA:287,32,1,0
BRDA:287,32,2,0
BRDA:301,33,0,0
BRDA:301,33,1,0
BRDA:301,34,0,0
BRDA:301,34,1,0
BRDA:309,35,0,0
BRDA:309,35,1,0
BRDA:316,36,0,0
BRDA:316,36,1,0
BRDA:322,37,0,0
BRDA:322,37,1,0
BRDA:322,38,0,0
BRDA:322,38,1,0
BRDA:332,39,0,0
BRDA:332,39,1,0
BRDA:338,40,0,0
BRDA:338,40,1,0
BRDA:344,41,0,0
BRDA:344,41,1,0
BRDA:361,42,0,0
BRDA:361,42,1,0
BRDA:366,43,0,0
BRDA:366,43,1,0
BRDA:393,44,0,0
BRDA:393,44,1,0
BRDA:394,45,0,0
BRDA:394,45,1,0
BRDA:394,46,0,0
BRDA:394,46,1,0
BRDA:396,47,0,0
BRDA:396,47,1,0
BRDA:400,48,0,0
BRDA:400,48,1,0
BRDA:405,49,0,0
BRDA:405,49,1,0
BRDA:409,50,0,0
BRDA:409,50,1,0
BRDA:416,51,0,0
BRDA:416,51,1,0
BRDA:419,52,0,0
BRDA:419,52,1,0
BRDA:419,53,0,0
BRDA:419,53,1,0
BRDA:423,54,0,0
BRDA:423,54,1,0
BRDA:423,55,0,0
BRDA:423,55,1,0
BRDA:430,56,0,0
BRDA:430,56,1,0
BRDA:430,56,2,0
BRDA:474,57,0,0
BRDA:474,57,1,0
BRDA:474,57,2,0
BRDA:552,58,0,0
BRDA:552,58,1,0
BRDA:552,59,0,0
BRDA:552,59,1,0
BRDA:552,60,0,0
BRDA:552,60,1,0
BRDA:552,61,0,0
BRDA:552,61,1,0
BRDA:559,62,0,0
BRDA:559,62,1,0
BRDA:559,62,2,0
BRDA:567,63,0,0
BRDA:567,63,1,0
BRDA:567,63,2,0
BRDA:573,64,0,0
BRDA:573,64,1,0
BRDA:574,65,0,0
BRDA:574,65,1,0
BRDA:584,66,0,0
BRDA:584,66,1,0
BRDA:587,67,0,0
BRDA:587,67,1,0
BRDA:595,68,0,0
BRDA:595,68,1,0
BRDA:595,69,0,0
BRDA:595,69,1,0
BRDA:597,70,0,0
BRDA:597,70,1,0
BRDA:601,71,0,0
BRDA:601,71,1,0
BRDA:601,72,0,0
BRDA:601,72,1,0
BRDA:601,73,0,0
BRDA:601,73,1,0
BRDA:625,74,0,0
BRDA:625,74,1,0
BRDA:634,75,0,0
BRDA:634,75,1,0
BRDA:634,75,2,0
BRDA:634,75,3,0
BRDA:637,76,0,0
BRDA:637,76,1,0
BRDA:642,77,0,0
BRDA:642,77,1,0
BRDA:642,77,2,0
BRDA:649,78,0,0
BRDA:649,78,1,0
BRDA:650,79,0,0
BRDA:650,79,1,0
BRDA:651,80,0,0
BRDA:651,80,1,0
BRDA:652,81,0,0
BRDA:652,81,1,0
BRDA:653,82,0,0
BRDA:653,82,1,0
BRDA:655,83,0,0
BRDA:655,83,1,0
BRDA:657,84,0,0
BRDA:657,84,1,0
BRDA:664,85,0,0
BRDA:664,85,1,0
BRDA:664,85,2,0
BRDA:673,86,0,0
BRDA:673,86,1,0
BRDA:673,86,2,0
BRDA:680,87,0,0
BRDA:680,87,1,0
BRDA:680,87,2,0
BRDA:680,87,3,0
BRDA:694,88,0,0
BRDA:694,88,1,0
BRDA:700,89,0,0
BRDA:700,89,1,0
BRDA:705,90,0,0
BRDA:705,90,1,0
BRDA:710,91,0,0
BRDA:710,91,1,0
BRDA:710,91,2,0
BRDA:712,92,0,0
BRDA:712,92,1,0
BRDA:712,93,0,0
BRDA:712,93,1,0
BRDA:715,94,0,0
BRDA:715,94,1,0
BRDA:729,95,0,0
BRDA:729,95,1,0
BRDA:733,96,0,0
BRDA:733,96,1,0
BRDA:733,96,2,0
BRDA:753,97,0,0
BRDA:753,97,1,0
BRDA:757,98,0,0
BRDA:757,98,1,0
BRDA:757,98,2,0
BRDA:768,99,0,0
BRDA:768,99,1,0
BRDA:768,99,2,0
BRDA:789,100,0,0
BRDA:789,100,1,0
BRDA:789,100,2,0
BRDA:815,101,0,0
BRDA:815,101,1,0
BRDA:819,102,0,0
BRDA:819,102,1,0
BRDA:819,102,2,0
BRDA:823,103,0,0
BRDA:823,103,1,0
BRDA:823,104,0,0
BRDA:823,104,1,0
BRDA:833,105,0,0
BRDA:833,105,1,0
BRDA:837,106,0,0
BRDA:837,106,1,0
BRDA:837,107,0,0
BRDA:837,107,1,0
BRDA:839,108,0,0
BRDA:839,108,1,0
BRDA:842,109,0,0
BRDA:842,109,1,0
BRDA:843,110,0,0
BRDA:843,110,1,0
BRDA:844,111,0,0
BRDA:844,111,1,0
BRDA:848,112,0,0
BRDA:848,112,1,0
BRDA:886,113,0,0
BRDA:886,113,1,0
BRDA:886,114,0,0
BRDA:886,114,1,0
BRDA:911,115,0,0
BRDA:911,115,1,0
BRDA:919,116,0,0
BRDA:919,116,1,0
BRDA:932,117,0,0
BRDA:932,117,1,0
BRDA:947,118,0,0
BRDA:947,118,1,0
BRF:259
BRH:0
end_of_record
TN:
SF:src\pages\Home.jsx
FN:7,(anonymous_0)
FNF:1
FNH:0
FNDA:0,(anonymous_0)
DA:7,0
DA:8,0
LF:2
LH:0
BRF:0
BRH:0
end_of_record
TN:
SF:src\pages\Login.jsx
FN:17,(anonymous_0)
FN:32,(anonymous_1)
FN:35,(anonymous_2)
FN:36,(anonymous_3)
FN:42,(anonymous_4)
FN:46,(anonymous_5)
FN:76,(anonymous_6)
FN:98,(anonymous_7)
FN:112,(anonymous_8)
FN:128,(anonymous_9)
FN:181,(anonymous_10)
FN:202,(anonymous_11)
FN:208,(anonymous_12)
FN:223,(anonymous_13)
FN:245,(anonymous_14)
FNF:15
FNH:0
FNDA:0,(anonymous_0)
FNDA:0,(anonymous_1)
FNDA:0,(anonymous_2)
FNDA:0,(anonymous_3)
FNDA:0,(anonymous_4)
FNDA:0,(anonymous_5)
FNDA:0,(anonymous_6)
FNDA:0,(anonymous_7)
FNDA:0,(anonymous_8)
FNDA:0,(anonymous_9)
FNDA:0,(anonymous_10)
FNDA:0,(anonymous_11)
FNDA:0,(anonymous_12)
FNDA:0,(anonymous_13)
FNDA:0,(anonymous_14)
DA:17,0
DA:19,0
DA:21,0
DA:22,0
DA:23,0
DA:24,0
DA:25,0
DA:26,0
DA:28,0
DA:29,0
DA:32,0
DA:34,0
DA:35,0
DA:36,0
DA:38,0
DA:39,0
DA:40,0
DA:42,0
DA:46,0
DA:48,0
DA:49,0
DA:50,0
DA:54,0
DA:55,0
DA:56,0
DA:57,0
DA:58,0
DA:62,0
DA:66,0
DA:67,0
DA:68,0
DA:69,0
DA:70,0
DA:71,0
DA:76,0
DA:77,0
DA:78,0
DA:79,0
DA:81,0
DA:83,0
DA:84,0
DA:85,0
DA:88,0
DA:89,0
DA:92,0
DA:93,0
DA:95,0
DA:98,0
DA:99,0
DA:102,0
DA:105,0
DA:106,0
DA:108,0
DA:112,0
DA:113,0
DA:114,0
DA:116,0
DA:117,0
DA:118,0
DA:119,0
DA:120,0
DA:122,0
DA:124,0
DA:128,0
DA:129,0
DA:130,0
DA:131,0
DA:133,0
DA:134,0
DA:135,0
DA:138,0
DA:142,0
DA:144,0
DA:145,0
DA:147,0
DA:150,0
DA:151,0
DA:153,0
DA:156,0
DA:182,0
DA:183,0
DA:202,0
DA:208,0
DA:223,0
DA:245,0
LF:85
LH:0
BRDA:34,0,0,0
BRDA:34,0,1,0
BRDA:34,1,0,0
BRDA:34,1,1,0
BRDA:38,2,0,0
BRDA:38,2,1,0
BRDA:48,3,0,0
BRDA:48,3,1,0
BRDA:56,4,0,0
BRDA:56,4,1,0
BRDA:66,5,0,0
BRDA:66,5,1,0
BRDA:68,6,0,0
BRDA:68,6,1,0
BRDA:70,7,0,0
BRDA:70,7,1,0
BRDA:102,8,0,0
BRDA:102,8,1,0
BRDA:112,9,0,0
BRDA:122,10,0,0
BRDA:122,10,1,0
BRDA:147,11,0,0
BRDA:147,11,1,0
BRDA:163,12,0,0
BRDA:163,12,1,0
BRDA:169,13,0,0
BRDA:169,13,1,0
BRDA:169,14,0,0
BRDA:169,14,1,0
BRDA:169,14,2,0
BRDA:170,15,0,0
BRDA:170,15,1,0
BRDA:170,16,0,0
BRDA:170,16,1,0
BRDA:170,16,2,0
BRDA:203,17,0,0
BRDA:203,17,1,0
BRDA:209,18,0,0
BRDA:209,18,1,0
BRDA:211,19,0,0
BRDA:211,19,1,0
BRDA:214,20,0,0
BRDA:214,20,1,0
BRDA:230,21,0,0
BRDA:230,21,1,0
BRDA:232,22,0,0
BRDA:232,22,1,0
BRDA:236,23,0,0
BRDA:236,23,1,0
BRDA:241,24,0,0
BRDA:241,24,1,0
BRF:51
BRH:0
end_of_record
TN:
SF:src\pages\PaymentCancel.jsx
FN:5,(anonymous_0)
FN:12,(anonymous_1)
FN:18,(anonymous_2)
FN:59,(anonymous_3)
FN:65,(anonymous_4)
FNF:5
FNH:0
FNDA:0,(anonymous_0)
FNDA:0,(anonymous_1)
FNDA:0,(anonymous_2)
FNDA:0,(anonymous_3)
FNDA:0,(anonymous_4)
DA:5,0
DA:6,0
DA:7,0
DA:9,0
DA:10,0
DA:12,0
DA:13,0
DA:14,0
DA:15,0
DA:18,0
DA:19,0
DA:20,0
DA:21,0
DA:24,0
DA:59,0
DA:65,0
LF:16
LH:0
BRDA:13,0,0,0
BRDA:13,0,1,0
BRDA:14,1,0,0
BRDA:14,1,1,0
BRDA:19,2,0,0
BRDA:19,2,1,0
BRDA:20,3,0,0
BRDA:20,3,1,0
BRDA:39,4,0,0
BRDA:39,4,1,0
BRF:10
BRH:0
end_of_record
TN:
SF:src\pages\PaymentSuccess.jsx
FN:6,(anonymous_0)
FN:15,(anonymous_1)
FN:16,(anonymous_2)
FN:51,(anonymous_3)
FN:58,(anonymous_4)
FN:83,(anonymous_5)
FN:135,(anonymous_6)
FNF:7
FNH:0
FNDA:0,(anonymous_0)
FNDA:0,(anonymous_1)
FNDA:0,(anonymous_2)
FNDA:0,(anonymous_3)
FNDA:0,(anonymous_4)
FNDA:0,(anonymous_5)
FNDA:0,(anonymous_6)
DA:6,0
DA:7,0
DA:8,0
DA:9,0
DA:10,0
DA:11,0
DA:13,0
DA:15,0
DA:16,0
DA:17,0
DA:18,0
DA:19,0
DA:20,0
DA:23,0
DA:25,0
DA:26,0
DA:30,0
DA:31,0
DA:32,0
DA:34,0
DA:35,0
DA:37,0
DA:41,0
DA:42,0
DA:44,0
DA:48,0
DA:51,0
DA:52,0
DA:53,0
DA:54,0
DA:55,0
DA:58,0
DA:59,0
DA:60,0
DA:61,0
DA:62,0
DA:65,0
DA:83,0
DA:135,0
LF:39
LH:0
BRDA:17,0,0,0
BRDA:17,0,1,0
BRDA:30,1,0,0
BRDA:30,1,1,0
BRDA:30,2,0,0
BRDA:30,2,1,0
BRDA:52,3,0,0
BRDA:52,3,1,0
BRDA:53,4,0,0
BRDA:53,4,1,0
BRDA:54,5,0,0
BRDA:54,5,1,0
BRDA:59,6,0,0
BRDA:59,6,1,0
BRDA:60,7,0,0
BRDA:60,7,1,0
BRDA:61,8,0,0
BRDA:61,8,1,0
BRDA:68,9,0,0
BRDA:68,9,1,0
BRDA:73,10,0,0
BRDA:73,10,1,0
BRDA:101,11,0,0
BRDA:101,11,1,0
BRDA:112,12,0,0
BRDA:112,12,1,0
BRDA:118,13,0,0
BRDA:118,13,1,0
BRF:28
BRH:0
end_of_record
TN:
SF:src\pages\RepresentativeDashboard.jsx
FN:15,(anonymous_0)
FN:16,(anonymous_1)
FN:17,(anonymous_2)
FN:19,(anonymous_3)
FN:31,(anonymous_4)
FN:37,(anonymous_5)
FN:41,(anonymous_6)
FN:43,(anonymous_7)
FN:49,(anonymous_8)
FN:56,(anonymous_9)
FN:66,(anonymous_10)
FN:68,(anonymous_11)
FN:72,(anonymous_12)
FN:77,(anonymous_13)
FN:86,(anonymous_14)
FN:91,(anonymous_15)
FN:91,(anonymous_16)
FN:92,(anonymous_17)
FN:92,(anonymous_18)
FN:93,(anonymous_19)
FN:93,(anonymous_20)
FN:95,(anonymous_21)
FN:102,(anonymous_22)
FN:103,(anonymous_23)
FN:104,(anonymous_24)
FN:129,(anonymous_25)
FN:140,(anonymous_26)
FN:146,(anonymous_27)
FN:150,(anonymous_28)
FN:155,(anonymous_29)
FN:159,(anonymous_30)
FN:163,(anonymous_31)
FN:178,(anonymous_32)
FN:180,(anonymous_33)
FN:191,(anonymous_34)
FN:205,(anonymous_35)
FN:212,(anonymous_36)
FN:212,(anonymous_37)
FN:213,(anonymous_38)
FN:229,(anonymous_39)
FN:233,(anonymous_40)
FN:236,(anonymous_41)
FN:251,(anonymous_42)
FN:253,(anonymous_43)
FN:277,(anonymous_44)
FN:300,(anonymous_45)
FN:305,(anonymous_46)
FN:313,(anonymous_47)
FN:326,(anonymous_48)
FN:344,(anonymous_49)
FN:345,(anonymous_50)
FN:354,(anonymous_51)
FN:354,(anonymous_52)
FN:355,(anonymous_53)
FN:355,(anonymous_54)
FN:361,(anonymous_55)
FN:387,(anonymous_56)
FN:390,(anonymous_57)
FN:394,(anonymous_58)
FN:400,(anonymous_59)
FN:412,(anonymous_60)
FN:427,(anonymous_61)
FN:428,(anonymous_62)
FN:429,(anonymous_63)
FN:430,(anonymous_64)
FN:433,(anonymous_65)
FN:436,(anonymous_66)
FN:437,(anonymous_67)
FN:442,(anonymous_68)
FN:453,(anonymous_69)
FN:463,(anonymous_70)
FN:464,(anonymous_71)
FN:467,(anonymous_72)
FN:477,(anonymous_73)
FN:478,(anonymous_74)
FN:497,(anonymous_75)
FN:511,(anonymous_76)
FN:524,(anonymous_77)
FN:530,(anonymous_78)
FN:541,(anonymous_79)
FNF:80
FNH:0
FNDA:0,(anonymous_0)
FNDA:0,(anonymous_1)
FNDA:0,(anonymous_2)
FNDA:0,(anonymous_3)
FNDA:0,(anonymous_4)
FNDA:0,(anonymous_5)
FNDA:0,(anonymous_6)
FNDA:0,(anonymous_7)
FNDA:0,(anonymous_8)
FNDA:0,(anonymous_9)
FNDA:0,(anonymous_10)
FNDA:0,(anonymous_11)
FNDA:0,(anonymous_12)
FNDA:0,(anonymous_13)
FNDA:0,(anonymous_14)
FNDA:0,(anonymous_15)
FNDA:0,(anonymous_16)
FNDA:0,(anonymous_17)
FNDA:0,(anonymous_18)
FNDA:0,(anonymous_19)
FNDA:0,(anonymous_20)
FNDA:0,(anonymous_21)
FNDA:0,(anonymous_22)
FNDA:0,(anonymous_23)
FNDA:0,(anonymous_24)
FNDA:0,(anonymous_25)
FNDA:0,(anonymous_26)
FNDA:0,(anonymous_27)
FNDA:0,(anonymous_28)
FNDA:0,(anonymous_29)
FNDA:0,(anonymous_30)
FNDA:0,(anonymous_31)
FNDA:0,(anonymous_32)
FNDA:0,(anonymous_33)
FNDA:0,(anonymous_34)
FNDA:0,(anonymous_35)
FNDA:0,(anonymous_36)
FNDA:0,(anonymous_37)
FNDA:0,(anonymous_38)
FNDA:0,(anonymous_39)
FNDA:0,(anonymous_40)
FNDA:0,(anonymous_41)
FNDA:0,(anonymous_42)
FNDA:0,(anonymous_43)
FNDA:0,(anonymous_44)
FNDA:0,(anonymous_45)
FNDA:0,(anonymous_46)
FNDA:0,(anonymous_47)
FNDA:0,(anonymous_48)
FNDA:0,(anonymous_49)
FNDA:0,(anonymous_50)
FNDA:0,(anonymous_51)
FNDA:0,(anonymous_52)
FNDA:0,(anonymous_53)
FNDA:0,(anonymous_54)
FNDA:0,(anonymous_55)
FNDA:0,(anonymous_56)
FNDA:0,(anonymous_57)
FNDA:0,(anonymous_58)
FNDA:0,(anonymous_59)
FNDA:0,(anonymous_60)
FNDA:0,(anonymous_61)
FNDA:0,(anonymous_62)
FNDA:0,(anonymous_63)
FNDA:0,(anonymous_64)
FNDA:0,(anonymous_65)
FNDA:0,(anonymous_66)
FNDA:0,(anonymous_67)
FNDA:0,(anonymous_68)
FNDA:0,(anonymous_69)
FNDA:0,(anonymous_70)
FNDA:0,(anonymous_71)
FNDA:0,(anonymous_72)
FNDA:0,(anonymous_73)
FNDA:0,(anonymous_74)
FNDA:0,(anonymous_75)
FNDA:0,(anonymous_76)
FNDA:0,(anonymous_77)
FNDA:0,(anonymous_78)
FNDA:0,(anonymous_79)
DA:6,0
DA:15,0
DA:16,0
DA:17,0
DA:19,0
DA:20,0
DA:27,0
DA:28,0
DA:31,0
DA:32,0
DA:33,0
DA:34,0
DA:37,0
DA:38,0
DA:41,0
DA:42,0
DA:43,0
DA:49,0
DA:50,0
DA:56,0
DA:57,0
DA:66,0
DA:68,0
DA:72,0
DA:74,0
DA:75,0
DA:77,0
DA:78,0
DA:86,0
DA:87,0
DA:88,0
DA:89,0
DA:90,0
DA:91,0
DA:92,0
DA:93,0
DA:95,0
DA:96,0
DA:97,0
DA:98,0
DA:99,0
DA:100,0
DA:101,0
DA:102,0
DA:103,0
DA:104,0
DA:105,0
DA:106,0
DA:107,0
DA:108,0
DA:111,0
DA:129,0
DA:140,0
DA:146,0
DA:150,0
DA:155,0
DA:159,0
DA:163,0
DA:178,0
DA:179,0
DA:180,0
DA:181,0
DA:182,0
DA:183,0
DA:184,0
DA:186,0
DA:191,0
DA:205,0
DA:206,0
DA:211,0
DA:212,0
DA:213,0
DA:214,0
DA:215,0
DA:216,0
DA:217,0
DA:219,0
DA:229,0
DA:233,0
DA:236,0
DA:251,0
DA:252,0
DA:253,0
DA:254,0
DA:255,0
DA:256,0
DA:257,0
DA:259,0
DA:278,0
DA:300,0
DA:301,0
DA:302,0
DA:303,0
DA:305,0
DA:306,0
DA:307,0
DA:308,0
DA:309,0
DA:310,0
DA:313,0
DA:315,0
DA:327,0
DA:344,0
DA:345,0
DA:354,0
DA:355,0
DA:361,0
DA:362,0
DA:363,0
DA:387,0
DA:390,0
DA:394,0
DA:400,0
DA:401,0
DA:402,0
DA:403,0
DA:404,0
DA:405,0
DA:406,0
DA:407,0
DA:408,0
DA:409,0
DA:410,0
DA:412,0
DA:413,0
DA:414,0
DA:415,0
DA:422,0
DA:423,0
DA:424,0
DA:427,0
DA:428,0
DA:429,0
DA:430,0
DA:433,0
DA:435,0
DA:436,0
DA:437,0
DA:442,0
DA:444,0
DA:453,0
DA:463,0
DA:464,0
DA:468,0
DA:478,0
DA:497,0
DA:511,0
DA:524,0
DA:530,0
DA:542,0
LF:150
LH:0
BRDA:15,0,0,0
BRDA:15,0,1,0
BRDA:16,1,0,0
BRDA:16,1,1,0
BRDA:17,2,0,0
BRDA:17,2,1,0
BRDA:27,3,0,0
BRDA:27,3,1,0
BRDA:32,4,0,0
BRDA:32,4,1,0
BRDA:33,5,0,0
BRDA:33,5,1,0
BRDA:33,6,0,0
BRDA:33,6,1,0
BRDA:33,7,0,0
BRDA:33,7,1,0
BRDA:34,8,0,0
BRDA:34,8,1,0
BRDA:34,9,0,0
BRDA:34,9,1,0
BRDA:41,10,0,0
BRDA:49,11,0,0
BRDA:61,12,0,0
BRDA:61,12,1,0
BRDA:66,13,0,0
BRDA:66,13,1,0
BRDA:81,14,0,0
BRDA:81,14,1,0
BRDA:89,15,0,0
BRDA:89,15,1,0
BRDA:97,16,0,0
BRDA:97,16,1,0
BRDA:98,17,0,0
BRDA:98,17,1,0
BRDA:104,18,0,0
BRDA:104,18,1,0
BRDA:107,19,0,0
BRDA:107,19,1,0
BRDA:165,20,0,0
BRDA:165,20,1,0
BRDA:167,21,0,0
BRDA:167,21,1,0
BRDA:167,22,0,0
BRDA:167,22,1,0
BRDA:168,23,0,0
BRDA:168,23,1,0
BRDA:183,24,0,0
BRDA:183,24,1,0
BRDA:194,25,0,0
BRDA:194,25,1,0
BRDA:194,26,0,0
BRDA:194,26,1,0
BRDA:195,27,0,0
BRDA:195,27,1,0
BRDA:207,28,0,0
BRDA:207,28,1,0
BRDA:208,29,0,0
BRDA:208,29,1,0
BRDA:216,30,0,0
BRDA:216,30,1,0
BRDA:240,31,0,0
BRDA:240,31,1,0
BRDA:240,32,0,0
BRDA:240,32,1,0
BRDA:241,33,0,0
BRDA:241,33,1,0
BRDA:256,34,0,0
BRDA:256,34,1,0
BRDA:265,35,0,0
BRDA:265,35,1,0
BRDA:278,36,0,0
BRDA:278,36,1,0
BRDA:286,37,0,0
BRDA:286,37,1,0
BRDA:292,38,0,0
BRDA:292,38,1,0
BRDA:292,39,0,0
BRDA:292,39,1,0
BRDA:293,40,0,0
BRDA:293,40,1,0
BRDA:293,41,0,0
BRDA:293,41,1,0
BRDA:306,42,0,0
BRDA:306,42,1,0
BRDA:309,43,0,0
BRDA:309,43,1,0
BRDA:320,44,0,0
BRDA:320,44,1,0
BRDA:323,45,0,0
BRDA:323,45,1,0
BRDA:339,46,0,0
BRDA:339,46,1,0
BRDA:340,47,0,0
BRDA:340,47,1,0
BRDA:341,48,0,0
BRDA:341,48,1,0
BRDA:344,49,0,0
BRDA:344,49,1,0
BRDA:345,50,0,0
BRDA:345,50,1,0
BRDA:350,51,0,0
BRDA:350,51,1,0
BRDA:351,52,0,0
BRDA:351,52,1,0
BRDA:354,53,0,0
BRDA:354,53,1,0
BRDA:354,54,0,0
BRDA:354,54,1,0
BRDA:354,55,0,0
BRDA:354,55,1,0
BRDA:355,56,0,0
BRDA:355,56,1,0
BRDA:355,57,0,0
BRDA:355,57,1,0
BRDA:355,58,0,0
BRDA:355,58,1,0
BRDA:364,59,0,0
BRDA:364,59,1,0
BRDA:365,60,0,0
BRDA:365,60,1,0
BRDA:380,61,0,0
BRDA:380,61,1,0
BRDA:381,62,0,0
BRDA:381,62,1,0
BRDA:383,63,0,0
BRDA:383,63,1,0
BRDA:384,64,0,0
BRDA:384,64,1,0
BRDA:385,65,0,0
BRDA:385,65,1,0
BRDA:394,66,0,0
BRDA:394,66,1,0
BRDA:423,67,0,0
BRDA:423,67,1,0
BRDA:429,68,0,0
BRDA:429,68,1,0
BRDA:433,69,0,0
BRDA:433,69,1,0
BRDA:442,70,0,0
BRDA:442,70,1,0
BRDA:442,71,0,0
BRDA:442,71,1,0
BRDA:453,72,0,0
BRDA:453,72,1,0
BRDA:454,73,0,0
BRDA:454,73,1,0
BRDA:479,74,0,0
BRDA:479,74,1,0
BRDA:485,75,0,0
BRDA:485,75,1,0
BRDA:486,76,0,0
BRDA:486,76,1,0
BRDA:489,77,0,0
BRDA:489,77,1,0
BRDA:489,77,2,0
BRDA:495,78,0,0
BRDA:495,78,1,0
BRDA:503,79,0,0
BRDA:503,79,1,0
BRDA:503,79,2,0
BRDA:509,80,0,0
BRDA:509,80,1,0
BRDA:517,81,0,0
BRDA:517,81,1,0
BRDA:517,81,2,0
BRDA:520,82,0,0
BRDA:520,82,1,0
BRDA:528,83,0,0
BRDA:528,83,1,0
BRDA:536,84,0,0
BRDA:536,84,1,0
BRDA:536,84,2,0
BRDA:539,85,0,0
BRDA:539,85,1,0
BRDA:551,86,0,0
BRDA:551,86,1,0
BRF:176
BRH:0
end_of_record
TN:
SF:src\pages\RetailerDashboard.jsx
FN:10,(anonymous_0)
FN:13,(anonymous_1)
FN:14,(anonymous_2)
FN:20,(anonymous_3)
FN:23,(anonymous_4)
FN:35,(anonymous_5)
FN:38,(anonymous_6)
FN:43,(anonymous_7)
FN:48,(anonymous_8)
FN:54,(anonymous_9)
FN:58,(anonymous_10)
FN:69,(anonymous_11)
FN:85,(anonymous_12)
FN:105,(anonymous_13)
FN:124,(anonymous_14)
FN:128,(anonymous_15)
FN:133,(anonymous_16)
FN:141,(anonymous_17)
FN:146,(anonymous_18)
FN:148,(anonymous_19)
FN:151,(anonymous_20)
FN:152,(anonymous_21)
FN:162,(anonymous_22)
FN:163,(anonymous_23)
FN:173,(anonymous_24)
FN:176,(anonymous_25)
FN:200,(anonymous_26)
FN:207,(anonymous_27)
FN:211,(anonymous_28)
FN:236,(anonymous_29)
FN:241,(anonymous_30)
FN:252,(anonymous_31)
FN:261,(anonymous_32)
FN:264,(anonymous_33)
FN:265,(anonymous_34)
FN:271,(anonymous_35)
FN:278,(anonymous_36)
FN:287,(anonymous_37)
FN:291,(anonymous_38)
FN:295,(anonymous_39)
FN:318,(anonymous_40)
FN:370,(anonymous_41)
FN:391,(anonymous_42)
FN:404,(anonymous_43)
FN:430,(anonymous_44)
FN:456,(anonymous_45)
FN:468,(anonymous_46)
FN:474,(anonymous_47)
FN:481,(anonymous_48)
FN:489,(anonymous_49)
FN:502,(anonymous_50)
FN:505,(anonymous_51)
FN:520,(anonymous_52)
FN:524,(anonymous_53)
FN:535,(anonymous_54)
FN:594,(anonymous_55)
FN:620,(anonymous_56)
FN:637,(anonymous_57)
FN:644,(anonymous_58)
FN:645,(anonymous_59)
FN:652,(anonymous_60)
FN:664,(anonymous_61)
FN:670,(anonymous_62)
FN:671,(anonymous_63)
FN:683,(anonymous_64)
FN:685,(anonymous_65)
FN:686,(anonymous_66)
FN:711,(anonymous_67)
FN:715,(anonymous_68)
FN:721,(anonymous_69)
FN:728,(anonymous_70)
FN:732,(anonymous_71)
FN:745,(anonymous_72)
FN:749,(anonymous_73)
FN:762,(anonymous_74)
FN:783,(anonymous_75)
FN:806,(anonymous_76)
FN:810,(anonymous_77)
FN:823,(anonymous_78)
FN:838,(anonymous_79)
FN:845,(anonymous_80)
FN:850,(anonymous_81)
FN:859,(anonymous_82)
FN:864,(anonymous_83)
FN:875,(anonymous_84)
FN:882,(anonymous_85)
FN:893,(anonymous_86)
FN:899,(anonymous_87)
FN:904,(anonymous_88)
FN:922,(anonymous_89)
FN:925,(anonymous_90)
FN:930,(anonymous_91)
FN:936,(anonymous_92)
FNF:93
FNH:0
FNDA:0,(anonymous_0)
FNDA:0,(anonymous_1)
FNDA:0,(anonymous_2)
FNDA:0,(anonymous_3)
FNDA:0,(anonymous_4)
FNDA:0,(anonymous_5)
FNDA:0,(anonymous_6)
FNDA:0,(anonymous_7)
FNDA:0,(anonymous_8)
FNDA:0,(anonymous_9)
FNDA:0,(anonymous_10)
FNDA:0,(anonymous_11)
FNDA:0,(anonymous_12)
FNDA:0,(anonymous_13)
FNDA:0,(anonymous_14)
FNDA:0,(anonymous_15)
FNDA:0,(anonymous_16)
FNDA:0,(anonymous_17)
FNDA:0,(anonymous_18)
FNDA:0,(anonymous_19)
FNDA:0,(anonymous_20)
FNDA:0,(anonymous_21)
FNDA:0,(anonymous_22)
FNDA:0,(anonymous_23)
FNDA:0,(anonymous_24)
FNDA:0,(anonymous_25)
FNDA:0,(anonymous_26)
FNDA:0,(anonymous_27)
FNDA:0,(anonymous_28)
FNDA:0,(anonymous_29)
FNDA:0,(anonymous_30)
FNDA:0,(anonymous_31)
FNDA:0,(anonymous_32)
FNDA:0,(anonymous_33)
FNDA:0,(anonymous_34)
FNDA:0,(anonymous_35)
FNDA:0,(anonymous_36)
FNDA:0,(anonymous_37)
FNDA:0,(anonymous_38)
FNDA:0,(anonymous_39)
FNDA:0,(anonymous_40)
FNDA:0,(anonymous_41)
FNDA:0,(anonymous_42)
FNDA:0,(anonymous_43)
FNDA:0,(anonymous_44)
FNDA:0,(anonymous_45)
FNDA:0,(anonymous_46)
FNDA:0,(anonymous_47)
FNDA:0,(anonymous_48)
FNDA:0,(anonymous_49)
FNDA:0,(anonymous_50)
FNDA:0,(anonymous_51)
FNDA:0,(anonymous_52)
FNDA:0,(anonymous_53)
FNDA:0,(anonymous_54)
FNDA:0,(anonymous_55)
FNDA:0,(anonymous_56)
FNDA:0,(anonymous_57)
FNDA:0,(anonymous_58)
FNDA:0,(anonymous_59)
FNDA:0,(anonymous_60)
FNDA:0,(anonymous_61)
FNDA:0,(anonymous_62)
FNDA:0,(anonymous_63)
FNDA:0,(anonymous_64)
FNDA:0,(anonymous_65)
FNDA:0,(anonymous_66)
FNDA:0,(anonymous_67)
FNDA:0,(anonymous_68)
FNDA:0,(anonymous_69)
FNDA:0,(anonymous_70)
FNDA:0,(anonymous_71)
FNDA:0,(anonymous_72)
FNDA:0,(anonymous_73)
FNDA:0,(anonymous_74)
FNDA:0,(anonymous_75)
FNDA:0,(anonymous_76)
FNDA:0,(anonymous_77)
FNDA:0,(anonymous_78)
FNDA:0,(anonymous_79)
FNDA:0,(anonymous_80)
FNDA:0,(anonymous_81)
FNDA:0,(anonymous_82)
FNDA:0,(anonymous_83)
FNDA:0,(anonymous_84)
FNDA:0,(anonymous_85)
FNDA:0,(anonymous_86)
FNDA:0,(anonymous_87)
FNDA:0,(anonymous_88)
FNDA:0,(anonymous_89)
FNDA:0,(anonymous_90)
FNDA:0,(anonymous_91)
FNDA:0,(anonymous_92)
DA:10,0
DA:11,0
DA:13,0
DA:14,0
DA:15,0
DA:16,0
DA:19,0
DA:20,0
DA:23,0
DA:24,0
DA:25,0
DA:28,0
DA:35,0
DA:38,0
DA:43,0
DA:48,0
DA:54,0
DA:58,0
DA:69,0
DA:70,0
DA:71,0
DA:74,0
DA:77,0
DA:78,0
DA:79,0
DA:80,0
DA:81,0
DA:84,0
DA:85,0
DA:88,0
DA:89,0
DA:92,0
DA:99,0
DA:100,0
DA:101,0
DA:102,0
DA:105,0
DA:106,0
DA:107,0
DA:108,0
DA:109,0
DA:114,0
DA:115,0
DA:116,0
DA:118,0
DA:120,0
DA:124,0
DA:125,0
DA:128,0
DA:129,0
DA:133,0
DA:134,0
DA:135,0
DA:136,0
DA:137,0
DA:141,0
DA:142,0
DA:143,0
DA:146,0
DA:147,0
DA:148,0
DA:151,0
DA:152,0
DA:153,0
DA:154,0
DA:155,0
DA:156,0
DA:157,0
DA:162,0
DA:163,0
DA:164,0
DA:166,0
DA:167,0
DA:168,0
DA:169,0
DA:170,0
DA:171,0
DA:173,0
DA:176,0
DA:177,0
DA:180,0
DA:181,0
DA:182,0
DA:184,0
DA:185,0
DA:186,0
DA:190,0
DA:197,0
DA:200,0
DA:207,0
DA:208,0
DA:211,0
DA:212,0
DA:213,0
DA:215,0
DA:216,0
DA:217,0
DA:221,0
DA:224,0
DA:226,0
DA:227,0
DA:229,0
DA:231,0
DA:236,0
DA:237,0
DA:238,0
DA:239,0
DA:240,0
DA:241,0
DA:242,0
DA:244,0
DA:245,0
DA:247,0
DA:252,0
DA:253,0
DA:254,0
DA:255,0
DA:256,0
DA:257,0
DA:258,0
DA:259,0
DA:261,0
DA:264,0
DA:265,0
DA:266,0
DA:267,0
DA:271,0
DA:272,0
DA:273,0
DA:274,0
DA:275,0
DA:278,0
DA:279,0
DA:281,0
DA:282,0
DA:283,0
DA:286,0
DA:287,0
DA:288,0
DA:289,0
DA:291,0
DA:292,0
DA:295,0
DA:296,0
DA:297,0
DA:298,0
DA:305,0
DA:306,0
DA:308,0
DA:311,0
DA:312,0
DA:314,0
DA:318,0
DA:319,0
DA:320,0
DA:321,0
DA:326,0
DA:327,0
DA:328,0
DA:330,0
DA:332,0
DA:337,0
DA:338,0
DA:341,0
DA:342,0
DA:345,0
DA:347,0
DA:371,0
DA:392,0
DA:405,0
DA:430,0
DA:456,0
DA:468,0
DA:474,0
DA:481,0
DA:489,0
DA:502,0
DA:503,0
DA:505,0
DA:506,0
DA:507,0
DA:518,0
DA:520,0
DA:521,0
DA:524,0
DA:525,0
DA:526,0
DA:527,0
DA:528,0
DA:530,0
DA:533,0
DA:535,0
DA:594,0
DA:595,0
DA:620,0
DA:621,0
DA:622,0
DA:637,0
DA:644,0
DA:645,0
DA:652,0
DA:653,0
DA:654,0
DA:664,0
DA:670,0
DA:671,0
DA:672,0
DA:683,0
DA:684,0
DA:685,0
DA:686,0
DA:687,0
DA:689,0
DA:711,0
DA:715,0
DA:721,0
DA:728,0
DA:729,0
DA:730,0
DA:732,0
DA:746,0
DA:749,0
DA:762,0
DA:783,0
DA:806,0
DA:807,0
DA:808,0
DA:810,0
DA:824,0
DA:838,0
DA:845,0
DA:846,0
DA:847,0
DA:848,0
DA:850,0
DA:851,0
DA:852,0
DA:853,0
DA:854,0
DA:856,0
DA:859,0
DA:860,0
DA:864,0
DA:865,0
DA:866,0
DA:867,0
DA:868,0
DA:872,0
DA:873,0
DA:875,0
DA:882,0
DA:893,0
DA:900,0
DA:904,0
DA:922,0
DA:923,0
DA:925,0
DA:926,0
DA:928,0
DA:930,0
DA:937,0
LF:261
LH:0
BRDA:15,0,0,0
BRDA:15,0,1,0
BRDA:15,1,0,0
BRDA:15,1,1,0
BRDA:35,2,0,0
BRDA:35,2,1,0
BRDA:38,3,0,0
BRDA:38,3,1,0
BRDA:43,4,0,0
BRDA:43,4,1,0
BRDA:45,5,0,0
BRDA:45,5,1,0
BRDA:53,6,0,0
BRDA:53,6,1,0
BRDA:106,7,0,0
BRDA:106,7,1,0
BRDA:118,8,0,0
BRDA:118,8,1,0
BRDA:134,9,0,0
BRDA:134,9,1,0
BRDA:154,10,0,0
BRDA:154,10,1,0
BRDA:155,11,0,0
BRDA:155,11,1,0
BRDA:155,11,2,0
BRDA:156,12,0,0
BRDA:156,12,1,0
BRDA:157,13,0,0
BRDA:157,13,1,0
BRDA:157,13,2,0
BRDA:164,14,0,0
BRDA:164,14,1,0
BRDA:167,15,0,0
BRDA:167,15,1,0
BRDA:168,16,0,0
BRDA:168,16,1,0
BRDA:169,17,0,0
BRDA:169,17,1,0
BRDA:177,18,0,0
BRDA:177,18,1,0
BRDA:180,19,0,0
BRDA:180,19,1,0
BRDA:180,20,0,0
BRDA:180,20,1,0
BRDA:184,21,0,0
BRDA:184,21,1,0
BRDA:212,22,0,0
BRDA:212,22,1,0
BRDA:213,23,0,0
BRDA:213,23,1,0
BRDA:229,24,0,0
BRDA:229,24,1,0
BRDA:245,25,0,0
BRDA:245,25,1,0
BRDA:253,26,0,0
BRDA:253,26,1,0
BRDA:256,27,0,0
BRDA:256,27,1,0
BRDA:256,28,0,0
BRDA:256,28,1,0
BRDA:258,29,0,0
BRDA:258,29,1,0
BRDA:273,30,0,0
BRDA:273,30,1,0
BRDA:273,31,0,0
BRDA:273,31,1,0
BRDA:279,32,0,0
BRDA:279,32,1,0
BRDA:281,33,0,0
BRDA:281,33,1,0
BRDA:288,34,0,0
BRDA:288,34,1,0
BRDA:305,35,0,0
BRDA:305,35,1,0
BRDA:312,36,0,0
BRDA:312,36,1,0
BRDA:312,36,2,0
BRDA:312,36,3,0
BRDA:330,37,0,0
BRDA:330,37,1,0
BRDA:337,38,0,0
BRDA:337,38,1,0
BRDA:337,39,0,0
BRDA:337,39,1,0
BRDA:341,40,0,0
BRDA:341,40,1,0
BRDA:341,41,0,0
BRDA:341,41,1,0
BRDA:358,42,0,0
BRDA:358,42,1,0
BRDA:361,43,0,0
BRDA:361,43,1,0
BRDA:369,44,0,0
BRDA:369,44,1,0
BRDA:369,45,0,0
BRDA:369,45,1,0
BRDA:369,46,0,0
BRDA:369,46,1,0
BRDA:374,47,0,0
BRDA:374,47,1,0
BRDA:387,48,0,0
BRDA:387,48,1,0
BRDA:390,49,0,0
BRDA:390,49,1,0
BRDA:395,50,0,0
BRDA:395,50,1,0
BRDA:400,51,0,0
BRDA:400,51,1,0
BRDA:403,52,0,0
BRDA:403,52,1,0
BRDA:418,53,0,0
BRDA:418,53,1,0
BRDA:439,54,0,0
BRDA:439,54,1,0
BRDA:440,55,0,0
BRDA:440,55,1,0
BRDA:441,56,0,0
BRDA:441,56,1,0
BRDA:506,57,0,0
BRDA:506,57,1,0
BRDA:506,58,0,0
BRDA:506,58,1,0
BRDA:508,59,0,0
BRDA:508,59,1,0
BRDA:509,60,0,0
BRDA:509,60,1,0
BRDA:510,61,0,0
BRDA:510,61,1,0
BRDA:511,62,0,0
BRDA:511,62,1,0
BRDA:512,63,0,0
BRDA:512,63,1,0
BRDA:513,64,0,0
BRDA:513,64,1,0
BRDA:518,65,0,0
BRDA:518,65,1,0
BRDA:526,66,0,0
BRDA:526,66,1,0
BRDA:526,67,0,0
BRDA:526,67,1,0
BRDA:621,68,0,0
BRDA:621,68,1,0
BRDA:632,69,0,0
BRDA:632,69,1,0
BRDA:632,69,2,0
BRDA:677,70,0,0
BRDA:677,70,1,0
BRDA:705,71,0,0
BRDA:705,71,1,0
BRDA:710,72,0,0
BRDA:710,72,1,0
BRDA:729,73,0,0
BRDA:729,73,1,0
BRDA:735,74,0,0
BRDA:735,74,1,0
BRDA:767,75,0,0
BRDA:767,75,1,0
BRDA:796,76,0,0
BRDA:796,76,1,0
BRDA:807,77,0,0
BRDA:807,77,1,0
BRDA:817,78,0,0
BRDA:817,78,1,0
BRDA:852,79,0,0
BRDA:852,79,1,0
BRDA:852,80,0,0
BRDA:852,80,1,0
BRDA:852,80,2,0
BRDA:865,81,0,0
BRDA:865,81,1,0
BRDA:872,82,0,0
BRDA:872,82,1,0
BRDA:902,83,0,0
BRDA:902,83,1,0
BRDA:905,84,0,0
BRDA:905,84,1,0
BRDA:914,85,0,0
BRDA:914,85,1,0
BRDA:923,86,0,0
BRDA:923,86,1,0
BRDA:926,87,0,0
BRDA:926,87,1,0
BRDA:936,88,0,0
BRDA:936,88,1,0
BRF:184
BRH:0
end_of_record
TN:
SF:src\pages\Signup.jsx
FN:11,(anonymous_0)
FN:28,(anonymous_1)
FN:30,(anonymous_2)
FN:33,(anonymous_3)
FN:34,(anonymous_4)
FN:37,(anonymous_5)
FN:49,(anonymous_6)
FN:55,(anonymous_7)
FN:65,(anonymous_8)
FN:78,(anonymous_9)
FN:91,(anonymous_10)
FN:94,(anonymous_11)
FN:97,(anonymous_12)
FN:100,(anonymous_13)
FN:107,(anonymous_14)
FN:126,(anonymous_15)
FN:190,(anonymous_16)
FN:212,(anonymous_17)
FN:221,(anonymous_18)
FN:222,(anonymous_19)
FN:230,(anonymous_20)
FN:236,(anonymous_21)
FN:242,(anonymous_22)
FN:251,(anonymous_23)
FN:252,(anonymous_24)
FN:297,(anonymous_25)
FNF:26
FNH:0
FNDA:0,(anonymous_0)
FNDA:0,(anonymous_1)
FNDA:0,(anonymous_2)
FNDA:0,(anonymous_3)
FNDA:0,(anonymous_4)
FNDA:0,(anonymous_5)
FNDA:0,(anonymous_6)
FNDA:0,(anonymous_7)
FNDA:0,(anonymous_8)
FNDA:0,(anonymous_9)
FNDA:0,(anonymous_10)
FNDA:0,(anonymous_11)
FNDA:0,(anonymous_12)
FNDA:0,(anonymous_13)
FNDA:0,(anonymous_14)
FNDA:0,(anonymous_15)
FNDA:0,(anonymous_16)
FNDA:0,(anonymous_17)
FNDA:0,(anonymous_18)
FNDA:0,(anonymous_19)
FNDA:0,(anonymous_20)
FNDA:0,(anonymous_21)
FNDA:0,(anonymous_22)
FNDA:0,(anonymous_23)
FNDA:0,(anonymous_24)
FNDA:0,(anonymous_25)
DA:11,0
DA:13,0
DA:14,0
DA:20,0
DA:21,0
DA:22,0
DA:23,0
DA:24,0
DA:25,0
DA:26,0
DA:28,0
DA:29,0
DA:30,0
DA:33,0
DA:34,0
DA:37,0
DA:38,0
DA:39,0
DA:40,0
DA:41,0
DA:42,0
DA:43,0
DA:44,0
DA:45,0
DA:46,0
DA:49,0
DA:50,0
DA:51,0
DA:52,0
DA:53,0
DA:54,0
DA:55,0
DA:56,0
DA:57,0
DA:58,0
DA:60,0
DA:62,0
DA:65,0
DA:66,0
DA:67,0
DA:68,0
DA:69,0
DA:70,0
DA:71,0
DA:73,0
DA:75,0
DA:78,0
DA:79,0
DA:80,0
DA:81,0
DA:82,0
DA:83,0
DA:84,0
DA:86,0
DA:88,0
DA:91,0
DA:92,0
DA:93,0
DA:95,0
DA:96,0
DA:97,0
DA:98,0
DA:100,0
DA:103,0
DA:107,0
DA:108,0
DA:109,0
DA:110,0
DA:112,0
DA:113,0
DA:115,0
DA:116,0
DA:117,0
DA:119,0
DA:120,0
DA:123,0
DA:124,0
DA:125,0
DA:126,0
DA:127,0
DA:130,0
DA:132,0
DA:136,0
DA:190,0
DA:212,0
DA:221,0
DA:222,0
DA:230,0
DA:236,0
DA:242,0
DA:251,0
DA:252,0
DA:297,0
LF:93
LH:0
BRDA:40,0,0,0
BRDA:40,0,1,0
BRDA:40,1,0,0
BRDA:40,1,1,0
BRDA:40,1,2,0
BRDA:41,2,0,0
BRDA:41,2,1,0
BRDA:42,3,0,0
BRDA:42,3,1,0
BRDA:42,4,0,0
BRDA:42,4,1,0
BRDA:43,5,0,0
BRDA:43,5,1,0
BRDA:44,6,0,0
BRDA:44,6,1,0
BRDA:60,7,0,0
BRDA:60,7,1,0
BRDA:73,8,0,0
BRDA:73,8,1,0
BRDA:86,9,0,0
BRDA:86,9,1,0
BRDA:92,10,0,0
BRDA:92,10,1,0
BRDA:115,11,0,0
BRDA:115,11,1,0
BRDA:130,12,0,0
BRDA:130,12,1,0
BRDA:143,13,0,0
BRDA:143,13,1,0
BRDA:144,14,0,0
BRDA:144,14,1,0
BRDA:145,15,0,0
BRDA:145,15,1,0
BRDA:146,16,0,0
BRDA:146,16,1,0
BRDA:149,17,0,0
BRDA:149,17,1,0
BRDA:152,18,0,0
BRDA:152,18,1,0
BRDA:152,19,0,0
BRDA:152,19,1,0
BRDA:152,19,2,0
BRDA:153,20,0,0
BRDA:153,20,1,0
BRDA:153,21,0,0
BRDA:153,21,1,0
BRDA:153,21,2,0
BRDA:161,22,0,0
BRDA:161,22,1,0
BRDA:181,23,0,0
BRDA:181,23,1,0
BRDA:186,24,0,0
BRDA:186,24,1,0
BRDA:201,25,0,0
BRDA:201,25,1,0
BRDA:205,26,0,0
BRDA:205,26,1,0
BRDA:206,27,0,0
BRDA:206,27,1,0
BRDA:209,28,0,0
BRDA:209,28,1,0
BRDA:213,29,0,0
BRDA:213,29,1,0
BRDA:214,30,0,0
BRDA:214,30,1,0
BRDA:227,31,0,0
BRDA:227,31,1,0
BRDA:230,32,0,0
BRDA:230,32,1,0
BRDA:236,33,0,0
BRDA:236,33,1,0
BRDA:242,34,0,0
BRDA:242,34,1,0
BRDA:257,35,0,0
BRDA:257,35,1,0
BRDA:258,36,0,0
BRDA:258,36,1,0
BRDA:274,37,0,0
BRDA:274,37,1,0
BRDA:285,38,0,0
BRDA:285,38,1,0
BRDA:298,39,0,0
BRDA:298,39,1,0
BRF:83
BRH:0
end_of_record
TN:
SF:src\redux\store.js
FN:12,(anonymous_0)
FNF:1
FNH:0
FNDA:0,(anonymous_0)
DA:6,0
DA:13,0
LF:2
LH:0
BRF:0
BRH:0
end_of_record
TN:
SF:src\redux\slices\authSlice.js
FN:4,(anonymous_0)
FN:31,(anonymous_1)
FN:35,(anonymous_2)
FN:44,(anonymous_3)
FN:48,(anonymous_4)
FN:55,(anonymous_5)
FNF:6
FNH:5
FNDA:5,(anonymous_0)
FNDA:1,(anonymous_1)
FNDA:1,(anonymous_2)
FNDA:0,(anonymous_3)
FNDA:1,(anonymous_4)
FNDA:1,(anonymous_5)
DA:4,5
DA:5,5
DA:7,5
DA:8,2
DA:11,3
DA:12,3
DA:14,1
DA:15,1
DA:19,5
DA:27,5
DA:32,1
DA:33,1
DA:36,1
DA:37,1
DA:38,1
DA:39,1
DA:40,1
DA:41,1
DA:42,1
DA:45,0
DA:46,0
DA:49,1
DA:50,1
DA:51,1
DA:52,1
DA:53,1
DA:56,1
DA:57,1
DA:62,5
LF:29
LH:27
BRDA:7,0,0,2
BRDA:7,0,1,3
BRDA:21,1,0,5
BRDA:21,1,1,2
BRF:4
BRH:4
end_of_record
TN:
SF:src\redux\slices\cartSlice.js
FN:4,(anonymous_0)
FN:19,(anonymous_1)
FN:34,(anonymous_2)
FN:37,(anonymous_3)
FN:38,(anonymous_4)
FN:40,(anonymous_5)
FN:42,(anonymous_6)
FN:50,(anonymous_7)
FN:51,(anonymous_8)
FN:55,(anonymous_9)
FN:57,(anonymous_10)
FN:59,(anonymous_11)
FN:60,(anonymous_12)
FN:64,(anonymous_13)
FN:66,(anonymous_14)
FN:72,(anonymous_15)
FN:73,(anonymous_16)
FN:77,(anonymous_17)
FNF:18
FNH:14
FNDA:2,(anonymous_0)
FNDA:2,(anonymous_1)
FNDA:2,(anonymous_2)
FNDA:2,(anonymous_3)
FNDA:2,(anonymous_4)
FNDA:1,(anonymous_5)
FNDA:1,(anonymous_6)
FNDA:1,(anonymous_7)
FNDA:1,(anonymous_8)
FNDA:0,(anonymous_9)
FNDA:0,(anonymous_10)
FNDA:0,(anonymous_11)
FNDA:0,(anonymous_12)
FNDA:1,(anonymous_13)
FNDA:2,(anonymous_14)
FNDA:2,(anonymous_15)
FNDA:2,(anonymous_16)
FNDA:1,(anonymous_17)
DA:4,1
DA:5,2
DA:7,2
DA:8,0
DA:11,2
DA:12,2
DA:14,1
DA:15,1
DA:19,1
DA:20,2
DA:21,2
DA:24,1
DA:30,1
DA:35,2
DA:36,2
DA:37,2
DA:38,2
DA:41,1
DA:42,1
DA:44,1
DA:45,1
DA:47,0
DA:50,1
DA:51,1
DA:53,1
DA:56,0
DA:57,0
DA:59,0
DA:60,0
DA:62,0
DA:65,1
DA:66,2
DA:68,1
DA:69,1
DA:72,2
DA:73,2
DA:75,1
DA:78,1
DA:79,1
DA:80,1
DA:81,1
DA:82,1
DA:87,1
LF:43
LH:36
BRDA:7,0,0,0
BRDA:7,0,1,2
BRDA:38,1,0,2
BRDA:38,1,1,1
BRDA:38,1,2,0
BRDA:44,2,0,1
BRDA:44,2,1,0
BRDA:51,3,0,1
BRDA:51,3,1,1
BRDA:51,3,2,0
BRDA:60,4,0,0
BRDA:60,4,1,0
BRDA:60,4,2,0
BRDA:68,5,0,1
BRDA:68,5,1,0
BRDA:73,6,0,2
BRDA:73,6,1,1
BRDA:73,6,2,0
BRF:18
BRH:9
end_of_record
TN:
SF:src\redux\slices\notificationSlice.js
FN:15,(anonymous_0)
FN:17,(anonymous_1)
FN:19,(anonymous_2)
FN:25,(anonymous_3)
FN:26,(anonymous_4)
FN:32,(anonymous_5)
FN:33,(anonymous_6)
FN:36,(anonymous_7)
FNF:8
FNH:8
FNDA:1,(anonymous_0)
FNDA:3,(anonymous_1)
FNDA:1,(anonymous_2)
FNDA:2,(anonymous_3)
FNDA:2,(anonymous_4)
FNDA:1,(anonymous_5)
FNDA:2,(anonymous_6)
FNDA:1,(anonymous_7)
DA:4,1
DA:11,1
DA:16,1
DA:17,3
DA:20,1
DA:21,1
DA:22,1
DA:26,2
DA:27,2
DA:28,1
DA:29,1
DA:33,2
DA:34,1
DA:37,1
DA:38,1
DA:43,1
LF:16
LH:16
BRDA:21,0,0,1
BRDA:21,0,1,0
BRDA:27,1,0,1
BRDA:27,1,1,1
BRDA:27,2,0,2
BRDA:27,2,1,2
BRF:6
BRH:5
end_of_record
TN:
SF:src\services\api.jsx
FN:14,(anonymous_0)
FN:21,(anonymous_1)
FN:28,(anonymous_2)
FN:29,(anonymous_3)
FNF:4
FNH:0
FNDA:0,(anonymous_0)
FNDA:0,(anonymous_1)
FNDA:0,(anonymous_2)
FNDA:0,(anonymous_3)
DA:3,0
DA:5,0
DA:13,0
DA:15,0
DA:16,0
DA:17,0
DA:19,0
DA:22,0
DA:27,0
DA:28,0
DA:30,0
DA:31,0
DA:32,0
DA:34,0
LF:14
LH:0
BRDA:3,0,0,0
BRDA:3,0,1,0
BRDA:16,1,0,0
BRDA:16,1,1,0
BRDA:30,2,0,0
BRDA:30,2,1,0
BRDA:30,3,0,0
BRDA:30,3,1,0
BRF:8
BRH:0
end_of_record
